-- The C compiler identification is Clang 17.0.0
-- The CXX compiler identification is Clang 17.0.0
-- Check for working C compiler: /opt/rocm/llvm/bin/clang
-- Check for working C compiler: /opt/rocm/llvm/bin/clang -- works
-- Detecting C compiler ABI info
-- Detecting C compiler ABI info - done
-- Detecting C compile features
-- Detecting C compile features - done
-- Check for working CXX compiler: /opt/rocm/llvm/bin/clang
-- Check for working CXX compiler: /opt/rocm/llvm/bin/clang -- works
-- Detecting CXX compiler ABI info
-- Detecting CXX compiler ABI info - done
-- Detecting CXX compile features
-- Detecting CXX compile features - done
-- Performing Test HIP_CLANG_SUPPORTS_PARALLEL_JOBS
-- Performing Test HIP_CLANG_SUPPORTS_PARALLEL_JOBS - Success
-- Found HIP: 6.0.23421
CMake Error at CMakeLists.txt:57 (hip_add_executable):
  Unknown CMake command "hip_add_executable".


-- Configuring incomplete, errors occurred!
See also "/home/taccuser/asan/samples/2_Cookbook/12_cmake_hip_add_executable/build/CMakeFiles/CMakeOutput.log".
See also "/home/taccuser/asan/samples/2_Cookbook/12_cmake_hip_add_executable/build/CMakeFiles/CMakeError.log".
make: *** No targets specified and no makefile found.  Stop.
./run_samples.sh: line 214: ./cmake_hip_add_executable: No such file or directory
ldd: ./cmake_hip_add_executable: No such file or directory
