-- The C compiler identification is Clang 17.0.0
-- The CXX compiler identification is Clang 17.0.0
-- Check for working C compiler: /opt/rocm/llvm/bin/clang
-- Check for working C compiler: /opt/rocm/llvm/bin/clang -- works
-- Detecting C compiler ABI info
-- Detecting C compiler ABI info - done
-- Detecting C compile features
-- Detecting C compile features - done
-- Check for working CXX compiler: /opt/rocm/llvm/bin/clang
-- Check for working CXX compiler: /opt/rocm/llvm/bin/clang -- works
-- Detecting CXX compiler ABI info
-- Detecting CXX compiler ABI info - done
-- Detecting CXX compile features
-- Detecting CXX compile features - done
-- Looking for pthread.h
-- Looking for pthread.h - found
-- Performing Test CMAKE_HAVE_LIBC_PTHREAD
-- Performing Test CMAKE_HAVE_LIBC_PTHREAD - Failed
-- Looking for pthread_create in pthreads
-- Looking for pthread_create in pthreads - not found
-- Looking for pthread_create in pthread
-- Looking for pthread_create in pthread - found
-- Found Threads: TRUE  
-- Performing Test HIP_CLANG_SUPPORTS_PARALLEL_JOBS
-- Performing Test HIP_CLANG_SUPPORTS_PARALLEL_JOBS - Success
-- Configuring done
-- Generating done
-- Build files have been written to: /home/taccuser/asan/samples/2_Cookbook/8_peer2peer/build
Scanning dependencies of target peer2peer
[ 50%] Building CXX object CMakeFiles/peer2peer.dir/peer2peer.cpp.o
/home/taccuser/asan/samples/2_Cookbook/8_peer2peer/peer2peer.cpp:85:5: warning: ignoring return value of function declared with 'nodiscard' attribute [-Wunused-result]
    hipDeviceCanAccessPeer(&canAccessPeer, currentGpu, peerGpu);
    ^~~~~~~~~~~~~~~~~~~~~~ ~~~~~~~~~~~~~~~~~~~~~~~~~~~~~~~~~~~
/home/taccuser/asan/samples/2_Cookbook/8_peer2peer/peer2peer.cpp:100:5: warning: ignoring return value of function declared with 'nodiscard' attribute [-Wunused-result]
    hipDeviceCanAccessPeer(&canAccessPeer, currentGpu, peerGpu);
    ^~~~~~~~~~~~~~~~~~~~~~ ~~~~~~~~~~~~~~~~~~~~~~~~~~~~~~~~~~~
/home/taccuser/asan/samples/2_Cookbook/8_peer2peer/peer2peer.cpp:169:5: warning: ignoring return value of function declared with 'nodiscard' attribute [-Wunused-result]
    hipMalloc((void**)&gpuTransposeMatrix[0], NUM * sizeof(float));
    ^~~~~~~~~ ~~~~~~~~~~~~~~~~~~~~~~~~~~~~~~~~~~~~~~~~~~~~~~~~~~~
/home/taccuser/asan/samples/2_Cookbook/8_peer2peer/peer2peer.cpp:170:5: warning: ignoring return value of function declared with 'nodiscard' attribute [-Wunused-result]
    hipMalloc((void**)&data[0], NUM * sizeof(float));
    ^~~~~~~~~ ~~~~~~~~~~~~~~~~~~~~~~~~~~~~~~~~~~~~~
/home/taccuser/asan/samples/2_Cookbook/8_peer2peer/peer2peer.cpp:171:5: warning: ignoring return value of function declared with 'nodiscard' attribute [-Wunused-result]
    hipMemcpy(data[0], randArray, NUM * sizeof(float), hipMemcpyHostToDevice);
    ^~~~~~~~~ ~~~~~~~~~~~~~~~~~~~~~~~~~~~~~~~~~~~~~~~~~~~~~~~~~~~~~~~~~~~~~~
/home/taccuser/asan/samples/2_Cookbook/8_peer2peer/peer2peer.cpp:181:5: warning: ignoring return value of function declared with 'nodiscard' attribute [-Wunused-result]
    hipMalloc((void**)&gpuTransposeMatrix[1], NUM * sizeof(float));
    ^~~~~~~~~ ~~~~~~~~~~~~~~~~~~~~~~~~~~~~~~~~~~~~~~~~~~~~~~~~~~~
/home/taccuser/asan/samples/2_Cookbook/8_peer2peer/peer2peer.cpp:182:5: warning: ignoring return value of function declared with 'nodiscard' attribute [-Wunused-result]
    hipMalloc((void**)&data[1], NUM * sizeof(float));
    ^~~~~~~~~ ~~~~~~~~~~~~~~~~~~~~~~~~~~~~~~~~~~~~~
/home/taccuser/asan/samples/2_Cookbook/8_peer2peer/peer2peer.cpp:183:5: warning: ignoring return value of function declared with 'nodiscard' attribute [-Wunused-result]
    hipMemcpy(data[1], gpuTransposeMatrix[0], NUM * sizeof(float), hipMemcpyDeviceToDevice);
    ^~~~~~~~~ ~~~~~~~~~~~~~~~~~~~~~~~~~~~~~~~~~~~~~~~~~~~~~~~~~~~~~~~~~~~~~~~~~~~~~~~~~~~~
/home/taccuser/asan/samples/2_Cookbook/8_peer2peer/peer2peer.cpp:190:5: warning: ignoring return value of function declared with 'nodiscard' attribute [-Wunused-result]
    hipMemcpy(TransposeMatrix[1], gpuTransposeMatrix[1], NUM * sizeof(float),
    ^~~~~~~~~ ~~~~~~~~~~~~~~~~~~~~~~~~~~~~~~~~~~~~~~~~~~~~~~~~~~~~~~~~~~~~~~~
/home/taccuser/asan/samples/2_Cookbook/8_peer2peer/peer2peer.cpp:193:5: warning: ignoring return value of function declared with 'nodiscard' attribute [-Wunused-result]
    hipDeviceSynchronize();
    ^~~~~~~~~~~~~~~~~~~~
/home/taccuser/asan/samples/2_Cookbook/8_peer2peer/peer2peer.cpp:214:9: warning: ignoring return value of function declared with 'nodiscard' attribute [-Wunused-result]
        hipFree(data[i]);
        ^~~~~~~ ~~~~~~~
/home/taccuser/asan/samples/2_Cookbook/8_peer2peer/peer2peer.cpp:215:9: warning: ignoring return value of function declared with 'nodiscard' attribute [-Wunused-result]
        hipFree(gpuTransposeMatrix[i]);
        ^~~~~~~ ~~~~~~~~~~~~~~~~~~~~~
12 warnings generated when compiling for gfx90a.
/home/taccuser/asan/samples/2_Cookbook/8_peer2peer/peer2peer.cpp:85:5: warning: ignoring return value of function declared with 'nodiscard' attribute [-Wunused-result]
    hipDeviceCanAccessPeer(&canAccessPeer, currentGpu, peerGpu);
    ^~~~~~~~~~~~~~~~~~~~~~ ~~~~~~~~~~~~~~~~~~~~~~~~~~~~~~~~~~~
/home/taccuser/asan/samples/2_Cookbook/8_peer2peer/peer2peer.cpp:100:5: warning: ignoring return value of function declared with 'nodiscard' attribute [-Wunused-result]
    hipDeviceCanAccessPeer(&canAccessPeer, currentGpu, peerGpu);
    ^~~~~~~~~~~~~~~~~~~~~~ ~~~~~~~~~~~~~~~~~~~~~~~~~~~~~~~~~~~
/home/taccuser/asan/samples/2_Cookbook/8_peer2peer/peer2peer.cpp:169:5: warning: ignoring return value of function declared with 'nodiscard' attribute [-Wunused-result]
    hipMalloc((void**)&gpuTransposeMatrix[0], NUM * sizeof(float));
    ^~~~~~~~~ ~~~~~~~~~~~~~~~~~~~~~~~~~~~~~~~~~~~~~~~~~~~~~~~~~~~
/home/taccuser/asan/samples/2_Cookbook/8_peer2peer/peer2peer.cpp:170:5: warning: ignoring return value of function declared with 'nodiscard' attribute [-Wunused-result]
    hipMalloc((void**)&data[0], NUM * sizeof(float));
    ^~~~~~~~~ ~~~~~~~~~~~~~~~~~~~~~~~~~~~~~~~~~~~~~
/home/taccuser/asan/samples/2_Cookbook/8_peer2peer/peer2peer.cpp:171:5: warning: ignoring return value of function declared with 'nodiscard' attribute [-Wunused-result]
    hipMemcpy(data[0], randArray, NUM * sizeof(float), hipMemcpyHostToDevice);
    ^~~~~~~~~ ~~~~~~~~~~~~~~~~~~~~~~~~~~~~~~~~~~~~~~~~~~~~~~~~~~~~~~~~~~~~~~
/home/taccuser/asan/samples/2_Cookbook/8_peer2peer/peer2peer.cpp:181:5: warning: ignoring return value of function declared with 'nodiscard' attribute [-Wunused-result]
    hipMalloc((void**)&gpuTransposeMatrix[1], NUM * sizeof(float));
    ^~~~~~~~~ ~~~~~~~~~~~~~~~~~~~~~~~~~~~~~~~~~~~~~~~~~~~~~~~~~~~
/home/taccuser/asan/samples/2_Cookbook/8_peer2peer/peer2peer.cpp:182:5: warning: ignoring return value of function declared with 'nodiscard' attribute [-Wunused-result]
    hipMalloc((void**)&data[1], NUM * sizeof(float));
    ^~~~~~~~~ ~~~~~~~~~~~~~~~~~~~~~~~~~~~~~~~~~~~~~
/home/taccuser/asan/samples/2_Cookbook/8_peer2peer/peer2peer.cpp:183:5: warning: ignoring return value of function declared with 'nodiscard' attribute [-Wunused-result]
    hipMemcpy(data[1], gpuTransposeMatrix[0], NUM * sizeof(float), hipMemcpyDeviceToDevice);
    ^~~~~~~~~ ~~~~~~~~~~~~~~~~~~~~~~~~~~~~~~~~~~~~~~~~~~~~~~~~~~~~~~~~~~~~~~~~~~~~~~~~~~~~
/home/taccuser/asan/samples/2_Cookbook/8_peer2peer/peer2peer.cpp:190:5: warning: ignoring return value of function declared with 'nodiscard' attribute [-Wunused-result]
    hipMemcpy(TransposeMatrix[1], gpuTransposeMatrix[1], NUM * sizeof(float),
    ^~~~~~~~~ ~~~~~~~~~~~~~~~~~~~~~~~~~~~~~~~~~~~~~~~~~~~~~~~~~~~~~~~~~~~~~~~
/home/taccuser/asan/samples/2_Cookbook/8_peer2peer/peer2peer.cpp:193:5: warning: ignoring return value of function declared with 'nodiscard' attribute [-Wunused-result]
    hipDeviceSynchronize();
    ^~~~~~~~~~~~~~~~~~~~
/home/taccuser/asan/samples/2_Cookbook/8_peer2peer/peer2peer.cpp:214:9: warning: ignoring return value of function declared with 'nodiscard' attribute [-Wunused-result]
        hipFree(data[i]);
        ^~~~~~~ ~~~~~~~
/home/taccuser/asan/samples/2_Cookbook/8_peer2peer/peer2peer.cpp:215:9: warning: ignoring return value of function declared with 'nodiscard' attribute [-Wunused-result]
        hipFree(gpuTransposeMatrix[i]);
        ^~~~~~~ ~~~~~~~~~~~~~~~~~~~~~
12 warnings generated when compiling for host.
[100%] Linking CXX executable peer2peer
[100%] Built target peer2peer
currentGpu#1 canAccessPeer: peerGpu#0=1
currentGpu#2 canAccessPeer: peerGpu#0=1
currentGpu#2 canAccessPeer: peerGpu#1=1
currentGpu=0 peerGpu=1 (Total no. of gpu = 3)
Peer2Peer PASSED!

=================================================================
==92087==ERROR: LeakSanitizer: detected memory leaks

Direct leak of 2304 byte(s) in 32 object(s) allocated from:
    #0 0x7f27d3935bf7 in operator new(unsigned long) /long_pathname_so_that_rpms_can_package_the_debug_info/src/external/llvm-project/compiler-rt/lib/asan/asan_new_delete.cpp:95:3
    #1 0x7f27c64f447e  (/opt/rocm/lib/asan/libhsa-runtime64.so.1+0x17c47e) (BuildId: 43667e531140fcd7a8f8e300f20ebfe335d9271f)
    #2 0x7f27d1ff4f26  (/opt/rocm/lib/asan/libamdhip64.so.6+0xcdaf26) (BuildId: 28bb193e97f94af7bf5f4ef84d3f5f691ccd0b57)
    #3 0x7f27d1fff0a8  (/opt/rocm/lib/asan/libamdhip64.so.6+0xce50a8) (BuildId: 28bb193e97f94af7bf5f4ef84d3f5f691ccd0b57)
    #4 0x7f27d1f65da9  (/opt/rocm/lib/asan/libamdhip64.so.6+0xc4bda9) (BuildId: 28bb193e97f94af7bf5f4ef84d3f5f691ccd0b57)
    #5 0x7f27d1ec1612  (/opt/rocm/lib/asan/libamdhip64.so.6+0xba7612) (BuildId: 28bb193e97f94af7bf5f4ef84d3f5f691ccd0b57)
    #6 0x7f27d1bb6096  (/opt/rocm/lib/asan/libamdhip64.so.6+0x89c096) (BuildId: 28bb193e97f94af7bf5f4ef84d3f5f691ccd0b57)
    #7 0x7f27d16d7c89  (/opt/rocm/lib/asan/libamdhip64.so.6+0x3bdc89) (BuildId: 28bb193e97f94af7bf5f4ef84d3f5f691ccd0b57)
    #8 0x7f27d191b3e3 in hipMemcpy (/opt/rocm/lib/asan/libamdhip64.so.6+0x6013e3) (BuildId: 28bb193e97f94af7bf5f4ef84d3f5f691ccd0b57)
    #9 0x22135d in main (/home/taccuser/asan/samples/2_Cookbook/8_peer2peer/build/peer2peer+0x22135d)
    #10 0x7f27d0de9082 in __libc_start_main /build/glibc-BHL3KM/glibc-2.31/csu/../csu/libc-start.c:308:16

Direct leak of 2304 byte(s) in 32 object(s) allocated from:
    #0 0x7f27d3935bf7 in operator new(unsigned long) /long_pathname_so_that_rpms_can_package_the_debug_info/src/external/llvm-project/compiler-rt/lib/asan/asan_new_delete.cpp:95:3
    #1 0x7f27c64f447e  (/opt/rocm/lib/asan/libhsa-runtime64.so.1+0x17c47e) (BuildId: 43667e531140fcd7a8f8e300f20ebfe335d9271f)
    #2 0x7f27d1ff4f26  (/opt/rocm/lib/asan/libamdhip64.so.6+0xcdaf26) (BuildId: 28bb193e97f94af7bf5f4ef84d3f5f691ccd0b57)
    #3 0x7f27d1fff0a8  (/opt/rocm/lib/asan/libamdhip64.so.6+0xce50a8) (BuildId: 28bb193e97f94af7bf5f4ef84d3f5f691ccd0b57)
    #4 0x7f27d1f65da9  (/opt/rocm/lib/asan/libamdhip64.so.6+0xc4bda9) (BuildId: 28bb193e97f94af7bf5f4ef84d3f5f691ccd0b57)
    #5 0x7f27d1ec1612  (/opt/rocm/lib/asan/libamdhip64.so.6+0xba7612) (BuildId: 28bb193e97f94af7bf5f4ef84d3f5f691ccd0b57)
    #6 0x7f27d1bb6096  (/opt/rocm/lib/asan/libamdhip64.so.6+0x89c096) (BuildId: 28bb193e97f94af7bf5f4ef84d3f5f691ccd0b57)
    #7 0x7f27d16d7c89  (/opt/rocm/lib/asan/libamdhip64.so.6+0x3bdc89) (BuildId: 28bb193e97f94af7bf5f4ef84d3f5f691ccd0b57)
    #8 0x7f27d191b3e3 in hipMemcpy (/opt/rocm/lib/asan/libamdhip64.so.6+0x6013e3) (BuildId: 28bb193e97f94af7bf5f4ef84d3f5f691ccd0b57)
    #9 0x221663 in main (/home/taccuser/asan/samples/2_Cookbook/8_peer2peer/build/peer2peer+0x221663)
    #10 0x7f27d0de9082 in __libc_start_main /build/glibc-BHL3KM/glibc-2.31/csu/../csu/libc-start.c:308:16

Direct leak of 832 byte(s) in 2 object(s) allocated from:
    #0 0x7f27d3935bf7 in operator new(unsigned long) /long_pathname_so_that_rpms_can_package_the_debug_info/src/external/llvm-project/compiler-rt/lib/asan/asan_new_delete.cpp:95:3
    #1 0x7f27d1ec1b06  (/opt/rocm/lib/asan/libamdhip64.so.6+0xba7b06) (BuildId: 28bb193e97f94af7bf5f4ef84d3f5f691ccd0b57)
    #2 0x7f27d1f2c956  (/opt/rocm/lib/asan/libamdhip64.so.6+0xc12956) (BuildId: 28bb193e97f94af7bf5f4ef84d3f5f691ccd0b57)

Direct leak of 400 byte(s) in 2 object(s) allocated from:
    #0 0x7f27d3935bf7 in operator new(unsigned long) /long_pathname_so_that_rpms_can_package_the_debug_info/src/external/llvm-project/compiler-rt/lib/asan/asan_new_delete.cpp:95:3
    #1 0x7f27d1fffde2  (/opt/rocm/lib/asan/libamdhip64.so.6+0xce5de2) (BuildId: 28bb193e97f94af7bf5f4ef84d3f5f691ccd0b57)

Direct leak of 224 byte(s) in 4 object(s) allocated from:
    #0 0x7f27d3935bf7 in operator new(unsigned long) /long_pathname_so_that_rpms_can_package_the_debug_info/src/external/llvm-project/compiler-rt/lib/asan/asan_new_delete.cpp:95:3
    #1 0x7f27c64f3dfb  (/opt/rocm/lib/asan/libhsa-runtime64.so.1+0x17bdfb) (BuildId: 43667e531140fcd7a8f8e300f20ebfe335d9271f)
    #2 0x7f27d1ffee11  (/opt/rocm/lib/asan/libamdhip64.so.6+0xce4e11) (BuildId: 28bb193e97f94af7bf5f4ef84d3f5f691ccd0b57)
    #3 0x7f27d1f65da9  (/opt/rocm/lib/asan/libamdhip64.so.6+0xc4bda9) (BuildId: 28bb193e97f94af7bf5f4ef84d3f5f691ccd0b57)
    #4 0x7f27d1ec1612  (/opt/rocm/lib/asan/libamdhip64.so.6+0xba7612) (BuildId: 28bb193e97f94af7bf5f4ef84d3f5f691ccd0b57)
    #5 0x7f27d1bb6096  (/opt/rocm/lib/asan/libamdhip64.so.6+0x89c096) (BuildId: 28bb193e97f94af7bf5f4ef84d3f5f691ccd0b57)
    #6 0x7f27d16d7c89  (/opt/rocm/lib/asan/libamdhip64.so.6+0x3bdc89) (BuildId: 28bb193e97f94af7bf5f4ef84d3f5f691ccd0b57)
    #7 0x7f27d191b3e3 in hipMemcpy (/opt/rocm/lib/asan/libamdhip64.so.6+0x6013e3) (BuildId: 28bb193e97f94af7bf5f4ef84d3f5f691ccd0b57)
    #8 0x221663 in main (/home/taccuser/asan/samples/2_Cookbook/8_peer2peer/build/peer2peer+0x221663)
    #9 0x7f27d0de9082 in __libc_start_main /build/glibc-BHL3KM/glibc-2.31/csu/../csu/libc-start.c:308:16

Direct leak of 224 byte(s) in 4 object(s) allocated from:
    #0 0x7f27d3935bf7 in operator new(unsigned long) /long_pathname_so_that_rpms_can_package_the_debug_info/src/external/llvm-project/compiler-rt/lib/asan/asan_new_delete.cpp:95:3
    #1 0x7f27c64f3dfb  (/opt/rocm/lib/asan/libhsa-runtime64.so.1+0x17bdfb) (BuildId: 43667e531140fcd7a8f8e300f20ebfe335d9271f)
    #2 0x7f27d1ffee11  (/opt/rocm/lib/asan/libamdhip64.so.6+0xce4e11) (BuildId: 28bb193e97f94af7bf5f4ef84d3f5f691ccd0b57)
    #3 0x7f27d1f65da9  (/opt/rocm/lib/asan/libamdhip64.so.6+0xc4bda9) (BuildId: 28bb193e97f94af7bf5f4ef84d3f5f691ccd0b57)
    #4 0x7f27d1ec1612  (/opt/rocm/lib/asan/libamdhip64.so.6+0xba7612) (BuildId: 28bb193e97f94af7bf5f4ef84d3f5f691ccd0b57)
    #5 0x7f27d1bb6096  (/opt/rocm/lib/asan/libamdhip64.so.6+0x89c096) (BuildId: 28bb193e97f94af7bf5f4ef84d3f5f691ccd0b57)
    #6 0x7f27d16d7c89  (/opt/rocm/lib/asan/libamdhip64.so.6+0x3bdc89) (BuildId: 28bb193e97f94af7bf5f4ef84d3f5f691ccd0b57)
    #7 0x7f27d191b3e3 in hipMemcpy (/opt/rocm/lib/asan/libamdhip64.so.6+0x6013e3) (BuildId: 28bb193e97f94af7bf5f4ef84d3f5f691ccd0b57)
    #8 0x22135d in main (/home/taccuser/asan/samples/2_Cookbook/8_peer2peer/build/peer2peer+0x22135d)
    #9 0x7f27d0de9082 in __libc_start_main /build/glibc-BHL3KM/glibc-2.31/csu/../csu/libc-start.c:308:16

Direct leak of 216 byte(s) in 3 object(s) allocated from:
    #0 0x7f27d3935bf7 in operator new(unsigned long) /long_pathname_so_that_rpms_can_package_the_debug_info/src/external/llvm-project/compiler-rt/lib/asan/asan_new_delete.cpp:95:3
    #1 0x7f27c64f447e  (/opt/rocm/lib/asan/libhsa-runtime64.so.1+0x17c47e) (BuildId: 43667e531140fcd7a8f8e300f20ebfe335d9271f)
    #2 0x7f27d1f5bcd5  (/opt/rocm/lib/asan/libamdhip64.so.6+0xc41cd5) (BuildId: 28bb193e97f94af7bf5f4ef84d3f5f691ccd0b57)
    #3 0x7f27d1f5940b  (/opt/rocm/lib/asan/libamdhip64.so.6+0xc3f40b) (BuildId: 28bb193e97f94af7bf5f4ef84d3f5f691ccd0b57)
    #4 0x7f27d1d82fe8  (/opt/rocm/lib/asan/libamdhip64.so.6+0xa68fe8) (BuildId: 28bb193e97f94af7bf5f4ef84d3f5f691ccd0b57)
    #5 0x7f27d0dad4de in __pthread_once_slow /build/glibc-BHL3KM/glibc-2.31/nptl/pthread_once.c:116:7

Direct leak of 144 byte(s) in 2 object(s) allocated from:
    #0 0x7f27d3935bf7 in operator new(unsigned long) /long_pathname_so_that_rpms_can_package_the_debug_info/src/external/llvm-project/compiler-rt/lib/asan/asan_new_delete.cpp:95:3
    #1 0x7f27c64b9355  (/opt/rocm/lib/asan/libhsa-runtime64.so.1+0x141355) (BuildId: 43667e531140fcd7a8f8e300f20ebfe335d9271f)
    #2 0x7f27c64a8166  (/opt/rocm/lib/asan/libhsa-runtime64.so.1+0x130166) (BuildId: 43667e531140fcd7a8f8e300f20ebfe335d9271f)
    #3 0x7f27c64ac529  (/opt/rocm/lib/asan/libhsa-runtime64.so.1+0x134529) (BuildId: 43667e531140fcd7a8f8e300f20ebfe335d9271f)
    #4 0x7f27c64b10f5  (/opt/rocm/lib/asan/libhsa-runtime64.so.1+0x1390f5) (BuildId: 43667e531140fcd7a8f8e300f20ebfe335d9271f)

Direct leak of 144 byte(s) in 2 object(s) allocated from:
    #0 0x7f27d3935bf7 in operator new(unsigned long) /long_pathname_so_that_rpms_can_package_the_debug_info/src/external/llvm-project/compiler-rt/lib/asan/asan_new_delete.cpp:95:3
    #1 0x7f27c64f447e  (/opt/rocm/lib/asan/libhsa-runtime64.so.1+0x17c47e) (BuildId: 43667e531140fcd7a8f8e300f20ebfe335d9271f)
    #2 0x7f27c6470754  (/opt/rocm/lib/asan/libhsa-runtime64.so.1+0xf8754) (BuildId: 43667e531140fcd7a8f8e300f20ebfe335d9271f)
    #3 0x7f27c64ac7ea  (/opt/rocm/lib/asan/libhsa-runtime64.so.1+0x1347ea) (BuildId: 43667e531140fcd7a8f8e300f20ebfe335d9271f)

Direct leak of 120 byte(s) in 3 object(s) allocated from:
    #0 0x7f27d3935eaf in operator new(unsigned long, std::nothrow_t const&) /long_pathname_so_that_rpms_can_package_the_debug_info/src/external/llvm-project/compiler-rt/lib/asan/asan_new_delete.cpp:101:3
    #1 0x7f27ca91da48 in amd_comgr_metadata_lookup (/opt/rocm/lib/asan/libamd_comgr.so.2+0x404ba48) (BuildId: 8b5fd780bc803bcb3cfa6978d03b2c4e81704d73)
    #2 0x7f27d1f65968  (/opt/rocm/lib/asan/libamdhip64.so.6+0xc4b968) (BuildId: 28bb193e97f94af7bf5f4ef84d3f5f691ccd0b57)
    #3 0x7f27d1f61602  (/opt/rocm/lib/asan/libamdhip64.so.6+0xc47602) (BuildId: 28bb193e97f94af7bf5f4ef84d3f5f691ccd0b57)
    #4 0x7f27d1f5b953  (/opt/rocm/lib/asan/libamdhip64.so.6+0xc41953) (BuildId: 28bb193e97f94af7bf5f4ef84d3f5f691ccd0b57)
    #5 0x7f27d1f5940b  (/opt/rocm/lib/asan/libamdhip64.so.6+0xc3f40b) (BuildId: 28bb193e97f94af7bf5f4ef84d3f5f691ccd0b57)
    #6 0x7f27d1d82fe8  (/opt/rocm/lib/asan/libamdhip64.so.6+0xa68fe8) (BuildId: 28bb193e97f94af7bf5f4ef84d3f5f691ccd0b57)
    #7 0x7f27d0dad4de in __pthread_once_slow /build/glibc-BHL3KM/glibc-2.31/nptl/pthread_once.c:116:7

Direct leak of 120 byte(s) in 3 object(s) allocated from:
    #0 0x7f27d3935eaf in operator new(unsigned long, std::nothrow_t const&) /long_pathname_so_that_rpms_can_package_the_debug_info/src/external/llvm-project/compiler-rt/lib/asan/asan_new_delete.cpp:101:3
    #1 0x7f27ca9141f6 in amd_comgr_get_isa_metadata (/opt/rocm/lib/asan/libamd_comgr.so.2+0x40421f6) (BuildId: 8b5fd780bc803bcb3cfa6978d03b2c4e81704d73)
    #2 0x7f27d1f613f1  (/opt/rocm/lib/asan/libamdhip64.so.6+0xc473f1) (BuildId: 28bb193e97f94af7bf5f4ef84d3f5f691ccd0b57)
    #3 0x7f27d1f5b953  (/opt/rocm/lib/asan/libamdhip64.so.6+0xc41953) (BuildId: 28bb193e97f94af7bf5f4ef84d3f5f691ccd0b57)
    #4 0x7f27d1f5940b  (/opt/rocm/lib/asan/libamdhip64.so.6+0xc3f40b) (BuildId: 28bb193e97f94af7bf5f4ef84d3f5f691ccd0b57)
    #5 0x7f27d1d82fe8  (/opt/rocm/lib/asan/libamdhip64.so.6+0xa68fe8) (BuildId: 28bb193e97f94af7bf5f4ef84d3f5f691ccd0b57)
    #6 0x7f27d0dad4de in __pthread_once_slow /build/glibc-BHL3KM/glibc-2.31/nptl/pthread_once.c:116:7

Direct leak of 120 byte(s) in 3 object(s) allocated from:
    #0 0x7f27d3935eaf in operator new(unsigned long, std::nothrow_t const&) /long_pathname_so_that_rpms_can_package_the_debug_info/src/external/llvm-project/compiler-rt/lib/asan/asan_new_delete.cpp:101:3
    #1 0x7f27ca91da48 in amd_comgr_metadata_lookup (/opt/rocm/lib/asan/libamd_comgr.so.2+0x404ba48) (BuildId: 8b5fd780bc803bcb3cfa6978d03b2c4e81704d73)
    #2 0x7f27d1f65968  (/opt/rocm/lib/asan/libamdhip64.so.6+0xc4b968) (BuildId: 28bb193e97f94af7bf5f4ef84d3f5f691ccd0b57)
    #3 0x7f27d1f614df  (/opt/rocm/lib/asan/libamdhip64.so.6+0xc474df) (BuildId: 28bb193e97f94af7bf5f4ef84d3f5f691ccd0b57)
    #4 0x7f27d1f5b953  (/opt/rocm/lib/asan/libamdhip64.so.6+0xc41953) (BuildId: 28bb193e97f94af7bf5f4ef84d3f5f691ccd0b57)
    #5 0x7f27d1f5940b  (/opt/rocm/lib/asan/libamdhip64.so.6+0xc3f40b) (BuildId: 28bb193e97f94af7bf5f4ef84d3f5f691ccd0b57)
    #6 0x7f27d1d82fe8  (/opt/rocm/lib/asan/libamdhip64.so.6+0xa68fe8) (BuildId: 28bb193e97f94af7bf5f4ef84d3f5f691ccd0b57)
    #7 0x7f27d0dad4de in __pthread_once_slow /build/glibc-BHL3KM/glibc-2.31/nptl/pthread_once.c:116:7

Direct leak of 72 byte(s) in 1 object(s) allocated from:
    #0 0x7f27d3935bf7 in operator new(unsigned long) /long_pathname_so_that_rpms_can_package_the_debug_info/src/external/llvm-project/compiler-rt/lib/asan/asan_new_delete.cpp:95:3
    #1 0x7f27c64b9355  (/opt/rocm/lib/asan/libhsa-runtime64.so.1+0x141355) (BuildId: 43667e531140fcd7a8f8e300f20ebfe335d9271f)
    #2 0x7f27c64a8166  (/opt/rocm/lib/asan/libhsa-runtime64.so.1+0x130166) (BuildId: 43667e531140fcd7a8f8e300f20ebfe335d9271f)
    #3 0x7f27c64dfab9  (/opt/rocm/lib/asan/libhsa-runtime64.so.1+0x167ab9) (BuildId: 43667e531140fcd7a8f8e300f20ebfe335d9271f)
    #4 0x7f27d1f6f111  (/opt/rocm/lib/asan/libamdhip64.so.6+0xc55111) (BuildId: 28bb193e97f94af7bf5f4ef84d3f5f691ccd0b57)
    #5 0x7f27d1ffeba1  (/opt/rocm/lib/asan/libamdhip64.so.6+0xce4ba1) (BuildId: 28bb193e97f94af7bf5f4ef84d3f5f691ccd0b57)
    #6 0x7f27d1f65da9  (/opt/rocm/lib/asan/libamdhip64.so.6+0xc4bda9) (BuildId: 28bb193e97f94af7bf5f4ef84d3f5f691ccd0b57)
    #7 0x7f27d1ec1612  (/opt/rocm/lib/asan/libamdhip64.so.6+0xba7612) (BuildId: 28bb193e97f94af7bf5f4ef84d3f5f691ccd0b57)
    #8 0x7f27d1dc9a44  (/opt/rocm/lib/asan/libamdhip64.so.6+0xaafa44) (BuildId: 28bb193e97f94af7bf5f4ef84d3f5f691ccd0b57)
    #9 0x7f27d1f1ac91  (/opt/rocm/lib/asan/libamdhip64.so.6+0xc00c91) (BuildId: 28bb193e97f94af7bf5f4ef84d3f5f691ccd0b57)
    #10 0x7f27d174a8a3  (/opt/rocm/lib/asan/libamdhip64.so.6+0x4308a3) (BuildId: 28bb193e97f94af7bf5f4ef84d3f5f691ccd0b57)
    #11 0x7f27d175d3ad  (/opt/rocm/lib/asan/libamdhip64.so.6+0x4433ad) (BuildId: 28bb193e97f94af7bf5f4ef84d3f5f691ccd0b57)
    #12 0x7f27d164dc5a  (/opt/rocm/lib/asan/libamdhip64.so.6+0x333c5a) (BuildId: 28bb193e97f94af7bf5f4ef84d3f5f691ccd0b57)
    #13 0x7f27d1b6b546  (/opt/rocm/lib/asan/libamdhip64.so.6+0x851546) (BuildId: 28bb193e97f94af7bf5f4ef84d3f5f691ccd0b57)
    #14 0x7f27d1ad688d  (/opt/rocm/lib/asan/libamdhip64.so.6+0x7bc88d) (BuildId: 28bb193e97f94af7bf5f4ef84d3f5f691ccd0b57)
    #15 0x7f27d1ad74a3 in hipLaunchKernel (/opt/rocm/lib/asan/libamdhip64.so.6+0x7bd4a3) (BuildId: 28bb193e97f94af7bf5f4ef84d3f5f691ccd0b57)
    #16 0x221886 in main (/home/taccuser/asan/samples/2_Cookbook/8_peer2peer/build/peer2peer+0x221886)
    #17 0x7f27d0de9082 in __libc_start_main /build/glibc-BHL3KM/glibc-2.31/csu/../csu/libc-start.c:308:16

Direct leak of 72 byte(s) in 1 object(s) allocated from:
    #0 0x7f27d3935bf7 in operator new(unsigned long) /long_pathname_so_that_rpms_can_package_the_debug_info/src/external/llvm-project/compiler-rt/lib/asan/asan_new_delete.cpp:95:3
    #1 0x7f27c64b9355  (/opt/rocm/lib/asan/libhsa-runtime64.so.1+0x141355) (BuildId: 43667e531140fcd7a8f8e300f20ebfe335d9271f)
    #2 0x7f27c64a8166  (/opt/rocm/lib/asan/libhsa-runtime64.so.1+0x130166) (BuildId: 43667e531140fcd7a8f8e300f20ebfe335d9271f)
    #3 0x7f27c64dfab9  (/opt/rocm/lib/asan/libhsa-runtime64.so.1+0x167ab9) (BuildId: 43667e531140fcd7a8f8e300f20ebfe335d9271f)
    #4 0x7f27d1f6f111  (/opt/rocm/lib/asan/libamdhip64.so.6+0xc55111) (BuildId: 28bb193e97f94af7bf5f4ef84d3f5f691ccd0b57)
    #5 0x7f27d1ffeba1  (/opt/rocm/lib/asan/libamdhip64.so.6+0xce4ba1) (BuildId: 28bb193e97f94af7bf5f4ef84d3f5f691ccd0b57)
    #6 0x7f27d1f65da9  (/opt/rocm/lib/asan/libamdhip64.so.6+0xc4bda9) (BuildId: 28bb193e97f94af7bf5f4ef84d3f5f691ccd0b57)
    #7 0x7f27d1ec1612  (/opt/rocm/lib/asan/libamdhip64.so.6+0xba7612) (BuildId: 28bb193e97f94af7bf5f4ef84d3f5f691ccd0b57)
    #8 0x7f27d1bb6096  (/opt/rocm/lib/asan/libamdhip64.so.6+0x89c096) (BuildId: 28bb193e97f94af7bf5f4ef84d3f5f691ccd0b57)
    #9 0x7f27d16d7c89  (/opt/rocm/lib/asan/libamdhip64.so.6+0x3bdc89) (BuildId: 28bb193e97f94af7bf5f4ef84d3f5f691ccd0b57)
    #10 0x7f27d191b3e3 in hipMemcpy (/opt/rocm/lib/asan/libamdhip64.so.6+0x6013e3) (BuildId: 28bb193e97f94af7bf5f4ef84d3f5f691ccd0b57)
    #11 0x221663 in main (/home/taccuser/asan/samples/2_Cookbook/8_peer2peer/build/peer2peer+0x221663)
    #12 0x7f27d0de9082 in __libc_start_main /build/glibc-BHL3KM/glibc-2.31/csu/../csu/libc-start.c:308:16

Direct leak of 72 byte(s) in 1 object(s) allocated from:
    #0 0x7f27d3935bf7 in operator new(unsigned long) /long_pathname_so_that_rpms_can_package_the_debug_info/src/external/llvm-project/compiler-rt/lib/asan/asan_new_delete.cpp:95:3
    #1 0x7f27c64b9355  (/opt/rocm/lib/asan/libhsa-runtime64.so.1+0x141355) (BuildId: 43667e531140fcd7a8f8e300f20ebfe335d9271f)
    #2 0x7f27c64a8166  (/opt/rocm/lib/asan/libhsa-runtime64.so.1+0x130166) (BuildId: 43667e531140fcd7a8f8e300f20ebfe335d9271f)
    #3 0x7f27c64dfab9  (/opt/rocm/lib/asan/libhsa-runtime64.so.1+0x167ab9) (BuildId: 43667e531140fcd7a8f8e300f20ebfe335d9271f)
    #4 0x7f27d1f6f111  (/opt/rocm/lib/asan/libamdhip64.so.6+0xc55111) (BuildId: 28bb193e97f94af7bf5f4ef84d3f5f691ccd0b57)
    #5 0x7f27d1ffeba1  (/opt/rocm/lib/asan/libamdhip64.so.6+0xce4ba1) (BuildId: 28bb193e97f94af7bf5f4ef84d3f5f691ccd0b57)
    #6 0x7f27d1f65da9  (/opt/rocm/lib/asan/libamdhip64.so.6+0xc4bda9) (BuildId: 28bb193e97f94af7bf5f4ef84d3f5f691ccd0b57)
    #7 0x7f27d1ec1612  (/opt/rocm/lib/asan/libamdhip64.so.6+0xba7612) (BuildId: 28bb193e97f94af7bf5f4ef84d3f5f691ccd0b57)
    #8 0x7f27d1bb6096  (/opt/rocm/lib/asan/libamdhip64.so.6+0x89c096) (BuildId: 28bb193e97f94af7bf5f4ef84d3f5f691ccd0b57)
    #9 0x7f27d16d7c89  (/opt/rocm/lib/asan/libamdhip64.so.6+0x3bdc89) (BuildId: 28bb193e97f94af7bf5f4ef84d3f5f691ccd0b57)
    #10 0x7f27d191b3e3 in hipMemcpy (/opt/rocm/lib/asan/libamdhip64.so.6+0x6013e3) (BuildId: 28bb193e97f94af7bf5f4ef84d3f5f691ccd0b57)
    #11 0x22135d in main (/home/taccuser/asan/samples/2_Cookbook/8_peer2peer/build/peer2peer+0x22135d)
    #12 0x7f27d0de9082 in __libc_start_main /build/glibc-BHL3KM/glibc-2.31/csu/../csu/libc-start.c:308:16

Direct leak of 72 byte(s) in 1 object(s) allocated from:
    #0 0x7f27d3935bf7 in operator new(unsigned long) /long_pathname_so_that_rpms_can_package_the_debug_info/src/external/llvm-project/compiler-rt/lib/asan/asan_new_delete.cpp:95:3
    #1 0x7f27c64f447e  (/opt/rocm/lib/asan/libhsa-runtime64.so.1+0x17c47e) (BuildId: 43667e531140fcd7a8f8e300f20ebfe335d9271f)
    #2 0x7f27c6537f73  (/opt/rocm/lib/asan/libhsa-runtime64.so.1+0x1bff73) (BuildId: 43667e531140fcd7a8f8e300f20ebfe335d9271f)
    #3 0x7f27c652ec9b  (/opt/rocm/lib/asan/libhsa-runtime64.so.1+0x1b6c9b) (BuildId: 43667e531140fcd7a8f8e300f20ebfe335d9271f)
    #4 0x7f27c652e8c5  (/opt/rocm/lib/asan/libhsa-runtime64.so.1+0x1b68c5) (BuildId: 43667e531140fcd7a8f8e300f20ebfe335d9271f)
    #5 0x7f27c64dc1c5  (/opt/rocm/lib/asan/libhsa-runtime64.so.1+0x1641c5) (BuildId: 43667e531140fcd7a8f8e300f20ebfe335d9271f)
    #6 0x7f27d1d82fe8  (/opt/rocm/lib/asan/libamdhip64.so.6+0xa68fe8) (BuildId: 28bb193e97f94af7bf5f4ef84d3f5f691ccd0b57)
    #7 0x7f27d0dad4de in __pthread_once_slow /build/glibc-BHL3KM/glibc-2.31/nptl/pthread_once.c:116:7

Direct leak of 72 byte(s) in 1 object(s) allocated from:
    #0 0x7f27d3935bf7 in operator new(unsigned long) /long_pathname_so_that_rpms_can_package_the_debug_info/src/external/llvm-project/compiler-rt/lib/asan/asan_new_delete.cpp:95:3
    #1 0x7f27c64f447e  (/opt/rocm/lib/asan/libhsa-runtime64.so.1+0x17c47e) (BuildId: 43667e531140fcd7a8f8e300f20ebfe335d9271f)
    #2 0x7f27d1ff4f26  (/opt/rocm/lib/asan/libamdhip64.so.6+0xcdaf26) (BuildId: 28bb193e97f94af7bf5f4ef84d3f5f691ccd0b57)
    #3 0x7f27d1fff0a8  (/opt/rocm/lib/asan/libamdhip64.so.6+0xce50a8) (BuildId: 28bb193e97f94af7bf5f4ef84d3f5f691ccd0b57)
    #4 0x7f27d1f65da9  (/opt/rocm/lib/asan/libamdhip64.so.6+0xc4bda9) (BuildId: 28bb193e97f94af7bf5f4ef84d3f5f691ccd0b57)
    #5 0x7f27d1ec1612  (/opt/rocm/lib/asan/libamdhip64.so.6+0xba7612) (BuildId: 28bb193e97f94af7bf5f4ef84d3f5f691ccd0b57)
    #6 0x7f27d1dc9a44  (/opt/rocm/lib/asan/libamdhip64.so.6+0xaafa44) (BuildId: 28bb193e97f94af7bf5f4ef84d3f5f691ccd0b57)
    #7 0x7f27d1f1ac91  (/opt/rocm/lib/asan/libamdhip64.so.6+0xc00c91) (BuildId: 28bb193e97f94af7bf5f4ef84d3f5f691ccd0b57)
    #8 0x7f27d174a8a3  (/opt/rocm/lib/asan/libamdhip64.so.6+0x4308a3) (BuildId: 28bb193e97f94af7bf5f4ef84d3f5f691ccd0b57)
    #9 0x7f27d175d3ad  (/opt/rocm/lib/asan/libamdhip64.so.6+0x4433ad) (BuildId: 28bb193e97f94af7bf5f4ef84d3f5f691ccd0b57)
    #10 0x7f27d164dc5a  (/opt/rocm/lib/asan/libamdhip64.so.6+0x333c5a) (BuildId: 28bb193e97f94af7bf5f4ef84d3f5f691ccd0b57)
    #11 0x7f27d1b6b546  (/opt/rocm/lib/asan/libamdhip64.so.6+0x851546) (BuildId: 28bb193e97f94af7bf5f4ef84d3f5f691ccd0b57)
    #12 0x7f27d1ad688d  (/opt/rocm/lib/asan/libamdhip64.so.6+0x7bc88d) (BuildId: 28bb193e97f94af7bf5f4ef84d3f5f691ccd0b57)
    #13 0x7f27d1ad74a3 in hipLaunchKernel (/opt/rocm/lib/asan/libamdhip64.so.6+0x7bd4a3) (BuildId: 28bb193e97f94af7bf5f4ef84d3f5f691ccd0b57)
    #14 0x221565 in main (/home/taccuser/asan/samples/2_Cookbook/8_peer2peer/build/peer2peer+0x221565)
    #15 0x7f27d0de9082 in __libc_start_main /build/glibc-BHL3KM/glibc-2.31/csu/../csu/libc-start.c:308:16

Direct leak of 72 byte(s) in 1 object(s) allocated from:
    #0 0x7f27d3935bf7 in operator new(unsigned long) /long_pathname_so_that_rpms_can_package_the_debug_info/src/external/llvm-project/compiler-rt/lib/asan/asan_new_delete.cpp:95:3
    #1 0x7f27c64b9355  (/opt/rocm/lib/asan/libhsa-runtime64.so.1+0x141355) (BuildId: 43667e531140fcd7a8f8e300f20ebfe335d9271f)
    #2 0x7f27c64a8166  (/opt/rocm/lib/asan/libhsa-runtime64.so.1+0x130166) (BuildId: 43667e531140fcd7a8f8e300f20ebfe335d9271f)
    #3 0x7f27c64dfab9  (/opt/rocm/lib/asan/libhsa-runtime64.so.1+0x167ab9) (BuildId: 43667e531140fcd7a8f8e300f20ebfe335d9271f)
    #4 0x7f27d1f6f111  (/opt/rocm/lib/asan/libamdhip64.so.6+0xc55111) (BuildId: 28bb193e97f94af7bf5f4ef84d3f5f691ccd0b57)
    #5 0x7f27d1ffeba1  (/opt/rocm/lib/asan/libamdhip64.so.6+0xce4ba1) (BuildId: 28bb193e97f94af7bf5f4ef84d3f5f691ccd0b57)
    #6 0x7f27d1f65da9  (/opt/rocm/lib/asan/libamdhip64.so.6+0xc4bda9) (BuildId: 28bb193e97f94af7bf5f4ef84d3f5f691ccd0b57)
    #7 0x7f27d1ec1612  (/opt/rocm/lib/asan/libamdhip64.so.6+0xba7612) (BuildId: 28bb193e97f94af7bf5f4ef84d3f5f691ccd0b57)
    #8 0x7f27d1dc9a44  (/opt/rocm/lib/asan/libamdhip64.so.6+0xaafa44) (BuildId: 28bb193e97f94af7bf5f4ef84d3f5f691ccd0b57)
    #9 0x7f27d1f1ac91  (/opt/rocm/lib/asan/libamdhip64.so.6+0xc00c91) (BuildId: 28bb193e97f94af7bf5f4ef84d3f5f691ccd0b57)
    #10 0x7f27d174a8a3  (/opt/rocm/lib/asan/libamdhip64.so.6+0x4308a3) (BuildId: 28bb193e97f94af7bf5f4ef84d3f5f691ccd0b57)
    #11 0x7f27d175d3ad  (/opt/rocm/lib/asan/libamdhip64.so.6+0x4433ad) (BuildId: 28bb193e97f94af7bf5f4ef84d3f5f691ccd0b57)
    #12 0x7f27d164dc5a  (/opt/rocm/lib/asan/libamdhip64.so.6+0x333c5a) (BuildId: 28bb193e97f94af7bf5f4ef84d3f5f691ccd0b57)
    #13 0x7f27d1b6b546  (/opt/rocm/lib/asan/libamdhip64.so.6+0x851546) (BuildId: 28bb193e97f94af7bf5f4ef84d3f5f691ccd0b57)
    #14 0x7f27d1ad688d  (/opt/rocm/lib/asan/libamdhip64.so.6+0x7bc88d) (BuildId: 28bb193e97f94af7bf5f4ef84d3f5f691ccd0b57)
    #15 0x7f27d1ad74a3 in hipLaunchKernel (/opt/rocm/lib/asan/libamdhip64.so.6+0x7bd4a3) (BuildId: 28bb193e97f94af7bf5f4ef84d3f5f691ccd0b57)
    #16 0x221565 in main (/home/taccuser/asan/samples/2_Cookbook/8_peer2peer/build/peer2peer+0x221565)
    #17 0x7f27d0de9082 in __libc_start_main /build/glibc-BHL3KM/glibc-2.31/csu/../csu/libc-start.c:308:16

Direct leak of 72 byte(s) in 1 object(s) allocated from:
    #0 0x7f27d3935bf7 in operator new(unsigned long) /long_pathname_so_that_rpms_can_package_the_debug_info/src/external/llvm-project/compiler-rt/lib/asan/asan_new_delete.cpp:95:3
    #1 0x7f27c64f447e  (/opt/rocm/lib/asan/libhsa-runtime64.so.1+0x17c47e) (BuildId: 43667e531140fcd7a8f8e300f20ebfe335d9271f)
    #2 0x7f27d1ff4f26  (/opt/rocm/lib/asan/libamdhip64.so.6+0xcdaf26) (BuildId: 28bb193e97f94af7bf5f4ef84d3f5f691ccd0b57)
    #3 0x7f27d1fff0a8  (/opt/rocm/lib/asan/libamdhip64.so.6+0xce50a8) (BuildId: 28bb193e97f94af7bf5f4ef84d3f5f691ccd0b57)
    #4 0x7f27d1f65da9  (/opt/rocm/lib/asan/libamdhip64.so.6+0xc4bda9) (BuildId: 28bb193e97f94af7bf5f4ef84d3f5f691ccd0b57)
    #5 0x7f27d1ec1612  (/opt/rocm/lib/asan/libamdhip64.so.6+0xba7612) (BuildId: 28bb193e97f94af7bf5f4ef84d3f5f691ccd0b57)
    #6 0x7f27d1dc9a44  (/opt/rocm/lib/asan/libamdhip64.so.6+0xaafa44) (BuildId: 28bb193e97f94af7bf5f4ef84d3f5f691ccd0b57)
    #7 0x7f27d1f1ac91  (/opt/rocm/lib/asan/libamdhip64.so.6+0xc00c91) (BuildId: 28bb193e97f94af7bf5f4ef84d3f5f691ccd0b57)
    #8 0x7f27d174a8a3  (/opt/rocm/lib/asan/libamdhip64.so.6+0x4308a3) (BuildId: 28bb193e97f94af7bf5f4ef84d3f5f691ccd0b57)
    #9 0x7f27d175d3ad  (/opt/rocm/lib/asan/libamdhip64.so.6+0x4433ad) (BuildId: 28bb193e97f94af7bf5f4ef84d3f5f691ccd0b57)
    #10 0x7f27d164dc5a  (/opt/rocm/lib/asan/libamdhip64.so.6+0x333c5a) (BuildId: 28bb193e97f94af7bf5f4ef84d3f5f691ccd0b57)
    #11 0x7f27d1b6b546  (/opt/rocm/lib/asan/libamdhip64.so.6+0x851546) (BuildId: 28bb193e97f94af7bf5f4ef84d3f5f691ccd0b57)
    #12 0x7f27d1ad688d  (/opt/rocm/lib/asan/libamdhip64.so.6+0x7bc88d) (BuildId: 28bb193e97f94af7bf5f4ef84d3f5f691ccd0b57)
    #13 0x7f27d1ad74a3 in hipLaunchKernel (/opt/rocm/lib/asan/libamdhip64.so.6+0x7bd4a3) (BuildId: 28bb193e97f94af7bf5f4ef84d3f5f691ccd0b57)
    #14 0x221886 in main (/home/taccuser/asan/samples/2_Cookbook/8_peer2peer/build/peer2peer+0x221886)
    #15 0x7f27d0de9082 in __libc_start_main /build/glibc-BHL3KM/glibc-2.31/csu/../csu/libc-start.c:308:16

Indirect leak of 5280 byte(s) in 66 object(s) allocated from:
    #0 0x7f27d3935bf7 in operator new(unsigned long) /long_pathname_so_that_rpms_can_package_the_debug_info/src/external/llvm-project/compiler-rt/lib/asan/asan_new_delete.cpp:95:3
    #1 0x7f27d04c2896  (/opt/rocm/lib/asan/libamd_comgr.so.2+0x9bf0896) (BuildId: 8b5fd780bc803bcb3cfa6978d03b2c4e81704d73)

Indirect leak of 1488 byte(s) in 31 object(s) allocated from:
    #0 0x7f27d392549f in malloc /long_pathname_so_that_rpms_can_package_the_debug_info/src/external/llvm-project/compiler-rt/lib/asan/asan_malloc_linux.cpp:69:3
    #1 0x7f27c66c7b78  (/opt/rocm/lib/asan/libhsa-runtime64.so.1+0x34fb78) (BuildId: 43667e531140fcd7a8f8e300f20ebfe335d9271f)
    #2 0x7f27c64fcddc  (/opt/rocm/lib/asan/libhsa-runtime64.so.1+0x184ddc) (BuildId: 43667e531140fcd7a8f8e300f20ebfe335d9271f)
    #3 0x7f27c64fd929  (/opt/rocm/lib/asan/libhsa-runtime64.so.1+0x185929) (BuildId: 43667e531140fcd7a8f8e300f20ebfe335d9271f)
    #4 0x7f27d1ff4f26  (/opt/rocm/lib/asan/libamdhip64.so.6+0xcdaf26) (BuildId: 28bb193e97f94af7bf5f4ef84d3f5f691ccd0b57)
    #5 0x7f27d1fff0a8  (/opt/rocm/lib/asan/libamdhip64.so.6+0xce50a8) (BuildId: 28bb193e97f94af7bf5f4ef84d3f5f691ccd0b57)
    #6 0x7f27d1f65da9  (/opt/rocm/lib/asan/libamdhip64.so.6+0xc4bda9) (BuildId: 28bb193e97f94af7bf5f4ef84d3f5f691ccd0b57)
    #7 0x7f27d1ec1612  (/opt/rocm/lib/asan/libamdhip64.so.6+0xba7612) (BuildId: 28bb193e97f94af7bf5f4ef84d3f5f691ccd0b57)
    #8 0x7f27d1bb6096  (/opt/rocm/lib/asan/libamdhip64.so.6+0x89c096) (BuildId: 28bb193e97f94af7bf5f4ef84d3f5f691ccd0b57)
    #9 0x7f27d16d7c89  (/opt/rocm/lib/asan/libamdhip64.so.6+0x3bdc89) (BuildId: 28bb193e97f94af7bf5f4ef84d3f5f691ccd0b57)
    #10 0x7f27d191b3e3 in hipMemcpy (/opt/rocm/lib/asan/libamdhip64.so.6+0x6013e3) (BuildId: 28bb193e97f94af7bf5f4ef84d3f5f691ccd0b57)
    #11 0x22135d in main (/home/taccuser/asan/samples/2_Cookbook/8_peer2peer/build/peer2peer+0x22135d)
    #12 0x7f27d0de9082 in __libc_start_main /build/glibc-BHL3KM/glibc-2.31/csu/../csu/libc-start.c:308:16

Indirect leak of 1440 byte(s) in 30 object(s) allocated from:
    #0 0x7f27d392549f in malloc /long_pathname_so_that_rpms_can_package_the_debug_info/src/external/llvm-project/compiler-rt/lib/asan/asan_malloc_linux.cpp:69:3
    #1 0x7f27c66c7b78  (/opt/rocm/lib/asan/libhsa-runtime64.so.1+0x34fb78) (BuildId: 43667e531140fcd7a8f8e300f20ebfe335d9271f)
    #2 0x7f27c64fcddc  (/opt/rocm/lib/asan/libhsa-runtime64.so.1+0x184ddc) (BuildId: 43667e531140fcd7a8f8e300f20ebfe335d9271f)
    #3 0x7f27c64fd929  (/opt/rocm/lib/asan/libhsa-runtime64.so.1+0x185929) (BuildId: 43667e531140fcd7a8f8e300f20ebfe335d9271f)
    #4 0x7f27d1ff4f26  (/opt/rocm/lib/asan/libamdhip64.so.6+0xcdaf26) (BuildId: 28bb193e97f94af7bf5f4ef84d3f5f691ccd0b57)
    #5 0x7f27d1fff0a8  (/opt/rocm/lib/asan/libamdhip64.so.6+0xce50a8) (BuildId: 28bb193e97f94af7bf5f4ef84d3f5f691ccd0b57)
    #6 0x7f27d1f65da9  (/opt/rocm/lib/asan/libamdhip64.so.6+0xc4bda9) (BuildId: 28bb193e97f94af7bf5f4ef84d3f5f691ccd0b57)
    #7 0x7f27d1ec1612  (/opt/rocm/lib/asan/libamdhip64.so.6+0xba7612) (BuildId: 28bb193e97f94af7bf5f4ef84d3f5f691ccd0b57)
    #8 0x7f27d1dc9a44  (/opt/rocm/lib/asan/libamdhip64.so.6+0xaafa44) (BuildId: 28bb193e97f94af7bf5f4ef84d3f5f691ccd0b57)
    #9 0x7f27d1f1ac91  (/opt/rocm/lib/asan/libamdhip64.so.6+0xc00c91) (BuildId: 28bb193e97f94af7bf5f4ef84d3f5f691ccd0b57)
    #10 0x7f27d174a8a3  (/opt/rocm/lib/asan/libamdhip64.so.6+0x4308a3) (BuildId: 28bb193e97f94af7bf5f4ef84d3f5f691ccd0b57)
    #11 0x7f27d175d3ad  (/opt/rocm/lib/asan/libamdhip64.so.6+0x4433ad) (BuildId: 28bb193e97f94af7bf5f4ef84d3f5f691ccd0b57)
    #12 0x7f27d164dc5a  (/opt/rocm/lib/asan/libamdhip64.so.6+0x333c5a) (BuildId: 28bb193e97f94af7bf5f4ef84d3f5f691ccd0b57)
    #13 0x7f27d1b6b546  (/opt/rocm/lib/asan/libamdhip64.so.6+0x851546) (BuildId: 28bb193e97f94af7bf5f4ef84d3f5f691ccd0b57)
    #14 0x7f27d1ad688d  (/opt/rocm/lib/asan/libamdhip64.so.6+0x7bc88d) (BuildId: 28bb193e97f94af7bf5f4ef84d3f5f691ccd0b57)
    #15 0x7f27d1ad74a3 in hipLaunchKernel (/opt/rocm/lib/asan/libamdhip64.so.6+0x7bd4a3) (BuildId: 28bb193e97f94af7bf5f4ef84d3f5f691ccd0b57)
    #16 0x221565 in main (/home/taccuser/asan/samples/2_Cookbook/8_peer2peer/build/peer2peer+0x221565)
    #17 0x7f27d0de9082 in __libc_start_main /build/glibc-BHL3KM/glibc-2.31/csu/../csu/libc-start.c:308:16

Indirect leak of 1032 byte(s) in 3 object(s) allocated from:
    #0 0x7f27d3935eaf in operator new(unsigned long, std::nothrow_t const&) /long_pathname_so_that_rpms_can_package_the_debug_info/src/external/llvm-project/compiler-rt/lib/asan/asan_new_delete.cpp:101:3
    #1 0x7f27ca91425f in amd_comgr_get_isa_metadata (/opt/rocm/lib/asan/libamd_comgr.so.2+0x404225f) (BuildId: 8b5fd780bc803bcb3cfa6978d03b2c4e81704d73)
    #2 0x7f27d1f613f1  (/opt/rocm/lib/asan/libamdhip64.so.6+0xc473f1) (BuildId: 28bb193e97f94af7bf5f4ef84d3f5f691ccd0b57)
    #3 0x7f27d1f5b953  (/opt/rocm/lib/asan/libamdhip64.so.6+0xc41953) (BuildId: 28bb193e97f94af7bf5f4ef84d3f5f691ccd0b57)
    #4 0x7f27d1f5940b  (/opt/rocm/lib/asan/libamdhip64.so.6+0xc3f40b) (BuildId: 28bb193e97f94af7bf5f4ef84d3f5f691ccd0b57)
    #5 0x7f27d1d82fe8  (/opt/rocm/lib/asan/libamdhip64.so.6+0xa68fe8) (BuildId: 28bb193e97f94af7bf5f4ef84d3f5f691ccd0b57)
    #6 0x7f27d0dad4de in __pthread_once_slow /build/glibc-BHL3KM/glibc-2.31/nptl/pthread_once.c:116:7

Indirect leak of 792 byte(s) in 1 object(s) allocated from:
    #0 0x7f27d3935bf7 in operator new(unsigned long) /long_pathname_so_that_rpms_can_package_the_debug_info/src/external/llvm-project/compiler-rt/lib/asan/asan_new_delete.cpp:95:3
    #1 0x7f27d16d7c44  (/opt/rocm/lib/asan/libamdhip64.so.6+0x3bdc44) (BuildId: 28bb193e97f94af7bf5f4ef84d3f5f691ccd0b57)
    #2 0x7f27d191b3e3 in hipMemcpy (/opt/rocm/lib/asan/libamdhip64.so.6+0x6013e3) (BuildId: 28bb193e97f94af7bf5f4ef84d3f5f691ccd0b57)
    #3 0x221663 in main (/home/taccuser/asan/samples/2_Cookbook/8_peer2peer/build/peer2peer+0x221663)
    #4 0x7f27d0de9082 in __libc_start_main /build/glibc-BHL3KM/glibc-2.31/csu/../csu/libc-start.c:308:16

Indirect leak of 768 byte(s) in 3 object(s) allocated from:
    #0 0x7f27d3935bf7 in operator new(unsigned long) /long_pathname_so_that_rpms_can_package_the_debug_info/src/external/llvm-project/compiler-rt/lib/asan/asan_new_delete.cpp:95:3
    #1 0x7f27ca990b92  (/opt/rocm/lib/asan/libamd_comgr.so.2+0x40beb92) (BuildId: 8b5fd780bc803bcb3cfa6978d03b2c4e81704d73)

Indirect leak of 504 byte(s) in 1 object(s) allocated from:
    #0 0x7f27d3935bf7 in operator new(unsigned long) /long_pathname_so_that_rpms_can_package_the_debug_info/src/external/llvm-project/compiler-rt/lib/asan/asan_new_delete.cpp:95:3
    #1 0x7f27d1f6a3ca  (/opt/rocm/lib/asan/libamdhip64.so.6+0xc503ca) (BuildId: 28bb193e97f94af7bf5f4ef84d3f5f691ccd0b57)
    #2 0x7f27d1f01e47  (/opt/rocm/lib/asan/libamdhip64.so.6+0xbe7e47) (BuildId: 28bb193e97f94af7bf5f4ef84d3f5f691ccd0b57)
    #3 0x7f27d1f5940b  (/opt/rocm/lib/asan/libamdhip64.so.6+0xc3f40b) (BuildId: 28bb193e97f94af7bf5f4ef84d3f5f691ccd0b57)
    #4 0x7f27d1d82fe8  (/opt/rocm/lib/asan/libamdhip64.so.6+0xa68fe8) (BuildId: 28bb193e97f94af7bf5f4ef84d3f5f691ccd0b57)
    #5 0x7f27d0dad4de in __pthread_once_slow /build/glibc-BHL3KM/glibc-2.31/nptl/pthread_once.c:116:7

Indirect leak of 480 byte(s) in 2 object(s) allocated from:
    #0 0x7f27d3935bf7 in operator new(unsigned long) /long_pathname_so_that_rpms_can_package_the_debug_info/src/external/llvm-project/compiler-rt/lib/asan/asan_new_delete.cpp:95:3
    #1 0x7f27d16643eb  (/opt/rocm/lib/asan/libamdhip64.so.6+0x34a3eb) (BuildId: 28bb193e97f94af7bf5f4ef84d3f5f691ccd0b57)
    #2 0x7f27d0dad4de in __pthread_once_slow /build/glibc-BHL3KM/glibc-2.31/nptl/pthread_once.c:116:7

Indirect leak of 368 byte(s) in 1 object(s) allocated from:
    #0 0x7f27d3935bf7 in operator new(unsigned long) /long_pathname_so_that_rpms_can_package_the_debug_info/src/external/llvm-project/compiler-rt/lib/asan/asan_new_delete.cpp:95:3
    #1 0x7f27d16d7e94  (/opt/rocm/lib/asan/libamdhip64.so.6+0x3bde94) (BuildId: 28bb193e97f94af7bf5f4ef84d3f5f691ccd0b57)
    #2 0x7f27d16d9613  (/opt/rocm/lib/asan/libamdhip64.so.6+0x3bf613) (BuildId: 28bb193e97f94af7bf5f4ef84d3f5f691ccd0b57)
    #3 0x7f27d16b1899 in hipDeviceReset (/opt/rocm/lib/asan/libamdhip64.so.6+0x397899) (BuildId: 28bb193e97f94af7bf5f4ef84d3f5f691ccd0b57)
    #4 0x221acb in main (/home/taccuser/asan/samples/2_Cookbook/8_peer2peer/build/peer2peer+0x221acb)
    #5 0x7f27d0de9082 in __libc_start_main /build/glibc-BHL3KM/glibc-2.31/csu/../csu/libc-start.c:308:16

Indirect leak of 368 byte(s) in 1 object(s) allocated from:
    #0 0x7f27d3935bf7 in operator new(unsigned long) /long_pathname_so_that_rpms_can_package_the_debug_info/src/external/llvm-project/compiler-rt/lib/asan/asan_new_delete.cpp:95:3
    #1 0x7f27d16d7e94  (/opt/rocm/lib/asan/libamdhip64.so.6+0x3bde94) (BuildId: 28bb193e97f94af7bf5f4ef84d3f5f691ccd0b57)
    #2 0x7f27d16d9613  (/opt/rocm/lib/asan/libamdhip64.so.6+0x3bf613) (BuildId: 28bb193e97f94af7bf5f4ef84d3f5f691ccd0b57)
    #3 0x7f27d16b1899 in hipDeviceReset (/opt/rocm/lib/asan/libamdhip64.so.6+0x397899) (BuildId: 28bb193e97f94af7bf5f4ef84d3f5f691ccd0b57)
    #4 0x21ff24 in checkPeer2PeerSupport() (/home/taccuser/asan/samples/2_Cookbook/8_peer2peer/build/peer2peer+0x21ff24)
    #5 0x220f2b in main (/home/taccuser/asan/samples/2_Cookbook/8_peer2peer/build/peer2peer+0x220f2b)
    #6 0x7f27d0de9082 in __libc_start_main /build/glibc-BHL3KM/glibc-2.31/csu/../csu/libc-start.c:308:16

Indirect leak of 368 byte(s) in 1 object(s) allocated from:
    #0 0x7f27d3935bf7 in operator new(unsigned long) /long_pathname_so_that_rpms_can_package_the_debug_info/src/external/llvm-project/compiler-rt/lib/asan/asan_new_delete.cpp:95:3
    #1 0x7f27d16d7ed2  (/opt/rocm/lib/asan/libamdhip64.so.6+0x3bded2) (BuildId: 28bb193e97f94af7bf5f4ef84d3f5f691ccd0b57)
    #2 0x7f27d16d9613  (/opt/rocm/lib/asan/libamdhip64.so.6+0x3bf613) (BuildId: 28bb193e97f94af7bf5f4ef84d3f5f691ccd0b57)
    #3 0x7f27d16b1899 in hipDeviceReset (/opt/rocm/lib/asan/libamdhip64.so.6+0x397899) (BuildId: 28bb193e97f94af7bf5f4ef84d3f5f691ccd0b57)
    #4 0x21ff24 in checkPeer2PeerSupport() (/home/taccuser/asan/samples/2_Cookbook/8_peer2peer/build/peer2peer+0x21ff24)
    #5 0x220f2b in main (/home/taccuser/asan/samples/2_Cookbook/8_peer2peer/build/peer2peer+0x220f2b)
    #6 0x7f27d0de9082 in __libc_start_main /build/glibc-BHL3KM/glibc-2.31/csu/../csu/libc-start.c:308:16

Indirect leak of 368 byte(s) in 1 object(s) allocated from:
    #0 0x7f27d3935bf7 in operator new(unsigned long) /long_pathname_so_that_rpms_can_package_the_debug_info/src/external/llvm-project/compiler-rt/lib/asan/asan_new_delete.cpp:95:3
    #1 0x7f27d16d7ed2  (/opt/rocm/lib/asan/libamdhip64.so.6+0x3bded2) (BuildId: 28bb193e97f94af7bf5f4ef84d3f5f691ccd0b57)
    #2 0x7f27d16d9613  (/opt/rocm/lib/asan/libamdhip64.so.6+0x3bf613) (BuildId: 28bb193e97f94af7bf5f4ef84d3f5f691ccd0b57)
    #3 0x7f27d16b1899 in hipDeviceReset (/opt/rocm/lib/asan/libamdhip64.so.6+0x397899) (BuildId: 28bb193e97f94af7bf5f4ef84d3f5f691ccd0b57)
    #4 0x221acb in main (/home/taccuser/asan/samples/2_Cookbook/8_peer2peer/build/peer2peer+0x221acb)
    #5 0x7f27d0de9082 in __libc_start_main /build/glibc-BHL3KM/glibc-2.31/csu/../csu/libc-start.c:308:16

Indirect leak of 176 byte(s) in 1 object(s) allocated from:
    #0 0x7f27d392549f in malloc /long_pathname_so_that_rpms_can_package_the_debug_info/src/external/llvm-project/compiler-rt/lib/asan/asan_malloc_linux.cpp:69:3
    #1 0x7f27d1f6735f  (/opt/rocm/lib/asan/libamdhip64.so.6+0xc4d35f) (BuildId: 28bb193e97f94af7bf5f4ef84d3f5f691ccd0b57)
    #2 0x7f27d1ef96aa  (/opt/rocm/lib/asan/libamdhip64.so.6+0xbdf6aa) (BuildId: 28bb193e97f94af7bf5f4ef84d3f5f691ccd0b57)
    #3 0x7f27d1ef9133  (/opt/rocm/lib/asan/libamdhip64.so.6+0xbdf133) (BuildId: 28bb193e97f94af7bf5f4ef84d3f5f691ccd0b57)
    #4 0x7f27d1f01e47  (/opt/rocm/lib/asan/libamdhip64.so.6+0xbe7e47) (BuildId: 28bb193e97f94af7bf5f4ef84d3f5f691ccd0b57)
    #5 0x7f27d1f5940b  (/opt/rocm/lib/asan/libamdhip64.so.6+0xc3f40b) (BuildId: 28bb193e97f94af7bf5f4ef84d3f5f691ccd0b57)
    #6 0x7f27d1d82fe8  (/opt/rocm/lib/asan/libamdhip64.so.6+0xa68fe8) (BuildId: 28bb193e97f94af7bf5f4ef84d3f5f691ccd0b57)
    #7 0x7f27d0dad4de in __pthread_once_slow /build/glibc-BHL3KM/glibc-2.31/nptl/pthread_once.c:116:7

Indirect leak of 160 byte(s) in 4 object(s) allocated from:
    #0 0x7f27d3935bf7 in operator new(unsigned long) /long_pathname_so_that_rpms_can_package_the_debug_info/src/external/llvm-project/compiler-rt/lib/asan/asan_new_delete.cpp:95:3
    #1 0x7f27d16d838a  (/opt/rocm/lib/asan/libamdhip64.so.6+0x3be38a) (BuildId: 28bb193e97f94af7bf5f4ef84d3f5f691ccd0b57)
    #2 0x7f27d16e71a3  (/opt/rocm/lib/asan/libamdhip64.so.6+0x3cd1a3) (BuildId: 28bb193e97f94af7bf5f4ef84d3f5f691ccd0b57)

Indirect leak of 152 byte(s) in 1 object(s) allocated from:
    #0 0x7f27d3935bf7 in operator new(unsigned long) /long_pathname_so_that_rpms_can_package_the_debug_info/src/external/llvm-project/compiler-rt/lib/asan/asan_new_delete.cpp:95:3
    #1 0x7f27d1ff4e3d  (/opt/rocm/lib/asan/libamdhip64.so.6+0xcdae3d) (BuildId: 28bb193e97f94af7bf5f4ef84d3f5f691ccd0b57)
    #2 0x7f27d1fff0a8  (/opt/rocm/lib/asan/libamdhip64.so.6+0xce50a8) (BuildId: 28bb193e97f94af7bf5f4ef84d3f5f691ccd0b57)
    #3 0x7f27d1f65da9  (/opt/rocm/lib/asan/libamdhip64.so.6+0xc4bda9) (BuildId: 28bb193e97f94af7bf5f4ef84d3f5f691ccd0b57)
    #4 0x7f27d1ec1612  (/opt/rocm/lib/asan/libamdhip64.so.6+0xba7612) (BuildId: 28bb193e97f94af7bf5f4ef84d3f5f691ccd0b57)
    #5 0x7f27d1dc9a44  (/opt/rocm/lib/asan/libamdhip64.so.6+0xaafa44) (BuildId: 28bb193e97f94af7bf5f4ef84d3f5f691ccd0b57)
    #6 0x7f27d1f1ac91  (/opt/rocm/lib/asan/libamdhip64.so.6+0xc00c91) (BuildId: 28bb193e97f94af7bf5f4ef84d3f5f691ccd0b57)
    #7 0x7f27d174a8a3  (/opt/rocm/lib/asan/libamdhip64.so.6+0x4308a3) (BuildId: 28bb193e97f94af7bf5f4ef84d3f5f691ccd0b57)
    #8 0x7f27d175d3ad  (/opt/rocm/lib/asan/libamdhip64.so.6+0x4433ad) (BuildId: 28bb193e97f94af7bf5f4ef84d3f5f691ccd0b57)
    #9 0x7f27d164dc5a  (/opt/rocm/lib/asan/libamdhip64.so.6+0x333c5a) (BuildId: 28bb193e97f94af7bf5f4ef84d3f5f691ccd0b57)
    #10 0x7f27d1b6b546  (/opt/rocm/lib/asan/libamdhip64.so.6+0x851546) (BuildId: 28bb193e97f94af7bf5f4ef84d3f5f691ccd0b57)
    #11 0x7f27d1ad688d  (/opt/rocm/lib/asan/libamdhip64.so.6+0x7bc88d) (BuildId: 28bb193e97f94af7bf5f4ef84d3f5f691ccd0b57)
    #12 0x7f27d1ad74a3 in hipLaunchKernel (/opt/rocm/lib/asan/libamdhip64.so.6+0x7bd4a3) (BuildId: 28bb193e97f94af7bf5f4ef84d3f5f691ccd0b57)
    #13 0x221886 in main (/home/taccuser/asan/samples/2_Cookbook/8_peer2peer/build/peer2peer+0x221886)
    #14 0x7f27d0de9082 in __libc_start_main /build/glibc-BHL3KM/glibc-2.31/csu/../csu/libc-start.c:308:16

Indirect leak of 152 byte(s) in 1 object(s) allocated from:
    #0 0x7f27d3935bf7 in operator new(unsigned long) /long_pathname_so_that_rpms_can_package_the_debug_info/src/external/llvm-project/compiler-rt/lib/asan/asan_new_delete.cpp:95:3
    #1 0x7f27d1ff4e3d  (/opt/rocm/lib/asan/libamdhip64.so.6+0xcdae3d) (BuildId: 28bb193e97f94af7bf5f4ef84d3f5f691ccd0b57)
    #2 0x7f27d1fff0a8  (/opt/rocm/lib/asan/libamdhip64.so.6+0xce50a8) (BuildId: 28bb193e97f94af7bf5f4ef84d3f5f691ccd0b57)
    #3 0x7f27d1f65da9  (/opt/rocm/lib/asan/libamdhip64.so.6+0xc4bda9) (BuildId: 28bb193e97f94af7bf5f4ef84d3f5f691ccd0b57)
    #4 0x7f27d1ec1612  (/opt/rocm/lib/asan/libamdhip64.so.6+0xba7612) (BuildId: 28bb193e97f94af7bf5f4ef84d3f5f691ccd0b57)
    #5 0x7f27d1dc9a44  (/opt/rocm/lib/asan/libamdhip64.so.6+0xaafa44) (BuildId: 28bb193e97f94af7bf5f4ef84d3f5f691ccd0b57)
    #6 0x7f27d1f1ac91  (/opt/rocm/lib/asan/libamdhip64.so.6+0xc00c91) (BuildId: 28bb193e97f94af7bf5f4ef84d3f5f691ccd0b57)
    #7 0x7f27d174a8a3  (/opt/rocm/lib/asan/libamdhip64.so.6+0x4308a3) (BuildId: 28bb193e97f94af7bf5f4ef84d3f5f691ccd0b57)
    #8 0x7f27d175d3ad  (/opt/rocm/lib/asan/libamdhip64.so.6+0x4433ad) (BuildId: 28bb193e97f94af7bf5f4ef84d3f5f691ccd0b57)
    #9 0x7f27d164dc5a  (/opt/rocm/lib/asan/libamdhip64.so.6+0x333c5a) (BuildId: 28bb193e97f94af7bf5f4ef84d3f5f691ccd0b57)
    #10 0x7f27d1b6b546  (/opt/rocm/lib/asan/libamdhip64.so.6+0x851546) (BuildId: 28bb193e97f94af7bf5f4ef84d3f5f691ccd0b57)
    #11 0x7f27d1ad688d  (/opt/rocm/lib/asan/libamdhip64.so.6+0x7bc88d) (BuildId: 28bb193e97f94af7bf5f4ef84d3f5f691ccd0b57)
    #12 0x7f27d1ad74a3 in hipLaunchKernel (/opt/rocm/lib/asan/libamdhip64.so.6+0x7bd4a3) (BuildId: 28bb193e97f94af7bf5f4ef84d3f5f691ccd0b57)
    #13 0x221565 in main (/home/taccuser/asan/samples/2_Cookbook/8_peer2peer/build/peer2peer+0x221565)
    #14 0x7f27d0de9082 in __libc_start_main /build/glibc-BHL3KM/glibc-2.31/csu/../csu/libc-start.c:308:16

Indirect leak of 144 byte(s) in 3 object(s) allocated from:
    #0 0x7f27d3935bf7 in operator new(unsigned long) /long_pathname_so_that_rpms_can_package_the_debug_info/src/external/llvm-project/compiler-rt/lib/asan/asan_new_delete.cpp:95:3
    #1 0x7f27d04bec70  (/opt/rocm/lib/asan/libamd_comgr.so.2+0x9becc70) (BuildId: 8b5fd780bc803bcb3cfa6978d03b2c4e81704d73)

Indirect leak of 144 byte(s) in 3 object(s) allocated from:
    #0 0x7f27d3935bf7 in operator new(unsigned long) /long_pathname_so_that_rpms_can_package_the_debug_info/src/external/llvm-project/compiler-rt/lib/asan/asan_new_delete.cpp:95:3
    #1 0x7f27ca98fcfd  (/opt/rocm/lib/asan/libamd_comgr.so.2+0x40bdcfd) (BuildId: 8b5fd780bc803bcb3cfa6978d03b2c4e81704d73)
    #2 0x7f27ca98344f  (/opt/rocm/lib/asan/libamd_comgr.so.2+0x40b144f) (BuildId: 8b5fd780bc803bcb3cfa6978d03b2c4e81704d73)
    #3 0x7f27ca914602 in amd_comgr_get_isa_metadata (/opt/rocm/lib/asan/libamd_comgr.so.2+0x4042602) (BuildId: 8b5fd780bc803bcb3cfa6978d03b2c4e81704d73)
    #4 0x7f27d1f613f1  (/opt/rocm/lib/asan/libamdhip64.so.6+0xc473f1) (BuildId: 28bb193e97f94af7bf5f4ef84d3f5f691ccd0b57)
    #5 0x7f27d1f5b953  (/opt/rocm/lib/asan/libamdhip64.so.6+0xc41953) (BuildId: 28bb193e97f94af7bf5f4ef84d3f5f691ccd0b57)
    #6 0x7f27d1f5940b  (/opt/rocm/lib/asan/libamdhip64.so.6+0xc3f40b) (BuildId: 28bb193e97f94af7bf5f4ef84d3f5f691ccd0b57)
    #7 0x7f27d1d82fe8  (/opt/rocm/lib/asan/libamdhip64.so.6+0xa68fe8) (BuildId: 28bb193e97f94af7bf5f4ef84d3f5f691ccd0b57)
    #8 0x7f27d0dad4de in __pthread_once_slow /build/glibc-BHL3KM/glibc-2.31/nptl/pthread_once.c:116:7

Indirect leak of 144 byte(s) in 3 object(s) allocated from:
    #0 0x7f27d392549f in malloc /long_pathname_so_that_rpms_can_package_the_debug_info/src/external/llvm-project/compiler-rt/lib/asan/asan_malloc_linux.cpp:69:3
    #1 0x7f27c66c7b78  (/opt/rocm/lib/asan/libhsa-runtime64.so.1+0x34fb78) (BuildId: 43667e531140fcd7a8f8e300f20ebfe335d9271f)
    #2 0x7f27c64fcddc  (/opt/rocm/lib/asan/libhsa-runtime64.so.1+0x184ddc) (BuildId: 43667e531140fcd7a8f8e300f20ebfe335d9271f)
    #3 0x7f27c64fd929  (/opt/rocm/lib/asan/libhsa-runtime64.so.1+0x185929) (BuildId: 43667e531140fcd7a8f8e300f20ebfe335d9271f)
    #4 0x7f27d1ff4f26  (/opt/rocm/lib/asan/libamdhip64.so.6+0xcdaf26) (BuildId: 28bb193e97f94af7bf5f4ef84d3f5f691ccd0b57)
    #5 0x7f27d1fff0a8  (/opt/rocm/lib/asan/libamdhip64.so.6+0xce50a8) (BuildId: 28bb193e97f94af7bf5f4ef84d3f5f691ccd0b57)
    #6 0x7f27d1f65da9  (/opt/rocm/lib/asan/libamdhip64.so.6+0xc4bda9) (BuildId: 28bb193e97f94af7bf5f4ef84d3f5f691ccd0b57)
    #7 0x7f27d1ec1612  (/opt/rocm/lib/asan/libamdhip64.so.6+0xba7612) (BuildId: 28bb193e97f94af7bf5f4ef84d3f5f691ccd0b57)
    #8 0x7f27d1bb6096  (/opt/rocm/lib/asan/libamdhip64.so.6+0x89c096) (BuildId: 28bb193e97f94af7bf5f4ef84d3f5f691ccd0b57)
    #9 0x7f27d16d7c89  (/opt/rocm/lib/asan/libamdhip64.so.6+0x3bdc89) (BuildId: 28bb193e97f94af7bf5f4ef84d3f5f691ccd0b57)
    #10 0x7f27d191b3e3 in hipMemcpy (/opt/rocm/lib/asan/libamdhip64.so.6+0x6013e3) (BuildId: 28bb193e97f94af7bf5f4ef84d3f5f691ccd0b57)
    #11 0x221663 in main (/home/taccuser/asan/samples/2_Cookbook/8_peer2peer/build/peer2peer+0x221663)
    #12 0x7f27d0de9082 in __libc_start_main /build/glibc-BHL3KM/glibc-2.31/csu/../csu/libc-start.c:308:16

Indirect leak of 144 byte(s) in 3 object(s) allocated from:
    #0 0x7f27d392549f in malloc /long_pathname_so_that_rpms_can_package_the_debug_info/src/external/llvm-project/compiler-rt/lib/asan/asan_malloc_linux.cpp:69:3
    #1 0x7f27c66c7b78  (/opt/rocm/lib/asan/libhsa-runtime64.so.1+0x34fb78) (BuildId: 43667e531140fcd7a8f8e300f20ebfe335d9271f)
    #2 0x7f27c64fcddc  (/opt/rocm/lib/asan/libhsa-runtime64.so.1+0x184ddc) (BuildId: 43667e531140fcd7a8f8e300f20ebfe335d9271f)
    #3 0x7f27c64fd929  (/opt/rocm/lib/asan/libhsa-runtime64.so.1+0x185929) (BuildId: 43667e531140fcd7a8f8e300f20ebfe335d9271f)
    #4 0x7f27d1f5bcd5  (/opt/rocm/lib/asan/libamdhip64.so.6+0xc41cd5) (BuildId: 28bb193e97f94af7bf5f4ef84d3f5f691ccd0b57)
    #5 0x7f27d1f5940b  (/opt/rocm/lib/asan/libamdhip64.so.6+0xc3f40b) (BuildId: 28bb193e97f94af7bf5f4ef84d3f5f691ccd0b57)
    #6 0x7f27d1d82fe8  (/opt/rocm/lib/asan/libamdhip64.so.6+0xa68fe8) (BuildId: 28bb193e97f94af7bf5f4ef84d3f5f691ccd0b57)
    #7 0x7f27d0dad4de in __pthread_once_slow /build/glibc-BHL3KM/glibc-2.31/nptl/pthread_once.c:116:7

Indirect leak of 123 byte(s) in 3 object(s) allocated from:
    #0 0x7f27d3935d57 in operator new[](unsigned long) /long_pathname_so_that_rpms_can_package_the_debug_info/src/external/llvm-project/compiler-rt/lib/asan/asan_new_delete.cpp:98:3
    #1 0x7f27ca990789  (/opt/rocm/lib/asan/libamd_comgr.so.2+0x40be789) (BuildId: 8b5fd780bc803bcb3cfa6978d03b2c4e81704d73)
    #2 0x7f27ca982fc8  (/opt/rocm/lib/asan/libamd_comgr.so.2+0x40b0fc8) (BuildId: 8b5fd780bc803bcb3cfa6978d03b2c4e81704d73)
    #3 0x7f27ca914602 in amd_comgr_get_isa_metadata (/opt/rocm/lib/asan/libamd_comgr.so.2+0x4042602) (BuildId: 8b5fd780bc803bcb3cfa6978d03b2c4e81704d73)
    #4 0x7f27d1f613f1  (/opt/rocm/lib/asan/libamdhip64.so.6+0xc473f1) (BuildId: 28bb193e97f94af7bf5f4ef84d3f5f691ccd0b57)
    #5 0x7f27d1f5b953  (/opt/rocm/lib/asan/libamdhip64.so.6+0xc41953) (BuildId: 28bb193e97f94af7bf5f4ef84d3f5f691ccd0b57)
    #6 0x7f27d1f5940b  (/opt/rocm/lib/asan/libamdhip64.so.6+0xc3f40b) (BuildId: 28bb193e97f94af7bf5f4ef84d3f5f691ccd0b57)
    #7 0x7f27d1d82fe8  (/opt/rocm/lib/asan/libamdhip64.so.6+0xa68fe8) (BuildId: 28bb193e97f94af7bf5f4ef84d3f5f691ccd0b57)
    #8 0x7f27d0dad4de in __pthread_once_slow /build/glibc-BHL3KM/glibc-2.31/nptl/pthread_once.c:116:7

Indirect leak of 104 byte(s) in 1 object(s) allocated from:
    #0 0x7f27d392549f in malloc /long_pathname_so_that_rpms_can_package_the_debug_info/src/external/llvm-project/compiler-rt/lib/asan/asan_malloc_linux.cpp:69:3
    #1 0x7f27d1f4dec0  (/opt/rocm/lib/asan/libamdhip64.so.6+0xc33ec0) (BuildId: 28bb193e97f94af7bf5f4ef84d3f5f691ccd0b57)
    #2 0x7f27d1ec5736  (/opt/rocm/lib/asan/libamdhip64.so.6+0xbab736) (BuildId: 28bb193e97f94af7bf5f4ef84d3f5f691ccd0b57)
    #3 0x7f27d1ec1481  (/opt/rocm/lib/asan/libamdhip64.so.6+0xba7481) (BuildId: 28bb193e97f94af7bf5f4ef84d3f5f691ccd0b57)
    #4 0x7f27d1bb6096  (/opt/rocm/lib/asan/libamdhip64.so.6+0x89c096) (BuildId: 28bb193e97f94af7bf5f4ef84d3f5f691ccd0b57)
    #5 0x7f27d16d7c89  (/opt/rocm/lib/asan/libamdhip64.so.6+0x3bdc89) (BuildId: 28bb193e97f94af7bf5f4ef84d3f5f691ccd0b57)
    #6 0x7f27d191b3e3 in hipMemcpy (/opt/rocm/lib/asan/libamdhip64.so.6+0x6013e3) (BuildId: 28bb193e97f94af7bf5f4ef84d3f5f691ccd0b57)
    #7 0x221663 in main (/home/taccuser/asan/samples/2_Cookbook/8_peer2peer/build/peer2peer+0x221663)
    #8 0x7f27d0de9082 in __libc_start_main /build/glibc-BHL3KM/glibc-2.31/csu/../csu/libc-start.c:308:16

Indirect leak of 104 byte(s) in 1 object(s) allocated from:
    #0 0x7f27d3935bf7 in operator new(unsigned long) /long_pathname_so_that_rpms_can_package_the_debug_info/src/external/llvm-project/compiler-rt/lib/asan/asan_new_delete.cpp:95:3
    #1 0x7f27d1f02e94  (/opt/rocm/lib/asan/libamdhip64.so.6+0xbe8e94) (BuildId: 28bb193e97f94af7bf5f4ef84d3f5f691ccd0b57)

Indirect leak of 96 byte(s) in 2 object(s) allocated from:
    #0 0x7f27d392549f in malloc /long_pathname_so_that_rpms_can_package_the_debug_info/src/external/llvm-project/compiler-rt/lib/asan/asan_malloc_linux.cpp:69:3
    #1 0x7f27c66c7b78  (/opt/rocm/lib/asan/libhsa-runtime64.so.1+0x34fb78) (BuildId: 43667e531140fcd7a8f8e300f20ebfe335d9271f)
    #2 0x7f27c64fcddc  (/opt/rocm/lib/asan/libhsa-runtime64.so.1+0x184ddc) (BuildId: 43667e531140fcd7a8f8e300f20ebfe335d9271f)
    #3 0x7f27c64fd929  (/opt/rocm/lib/asan/libhsa-runtime64.so.1+0x185929) (BuildId: 43667e531140fcd7a8f8e300f20ebfe335d9271f)
    #4 0x7f27c64bffb3  (/opt/rocm/lib/asan/libhsa-runtime64.so.1+0x147fb3) (BuildId: 43667e531140fcd7a8f8e300f20ebfe335d9271f)
    #5 0x7f27c64ab627  (/opt/rocm/lib/asan/libhsa-runtime64.so.1+0x133627) (BuildId: 43667e531140fcd7a8f8e300f20ebfe335d9271f)
    #6 0x7f27c64c5b0b  (/opt/rocm/lib/asan/libhsa-runtime64.so.1+0x14db0b) (BuildId: 43667e531140fcd7a8f8e300f20ebfe335d9271f)

Indirect leak of 72 byte(s) in 3 object(s) allocated from:
    #0 0x7f27d3935bf7 in operator new(unsigned long) /long_pathname_so_that_rpms_can_package_the_debug_info/src/external/llvm-project/compiler-rt/lib/asan/asan_new_delete.cpp:95:3
    #1 0x7f27d1ef89f9  (/opt/rocm/lib/asan/libamdhip64.so.6+0xbde9f9) (BuildId: 28bb193e97f94af7bf5f4ef84d3f5f691ccd0b57)

Indirect leak of 72 byte(s) in 3 object(s) allocated from:
    #0 0x7f27d3935bf7 in operator new(unsigned long) /long_pathname_so_that_rpms_can_package_the_debug_info/src/external/llvm-project/compiler-rt/lib/asan/asan_new_delete.cpp:95:3
    #1 0x7f27ca9335f0  (/opt/rocm/lib/asan/libamd_comgr.so.2+0x40615f0) (BuildId: 8b5fd780bc803bcb3cfa6978d03b2c4e81704d73)
    #2 0x7f27ca914659 in amd_comgr_get_isa_metadata (/opt/rocm/lib/asan/libamd_comgr.so.2+0x4042659) (BuildId: 8b5fd780bc803bcb3cfa6978d03b2c4e81704d73)
    #3 0x7f27d1f613f1  (/opt/rocm/lib/asan/libamdhip64.so.6+0xc473f1) (BuildId: 28bb193e97f94af7bf5f4ef84d3f5f691ccd0b57)
    #4 0x7f27d1f5b953  (/opt/rocm/lib/asan/libamdhip64.so.6+0xc41953) (BuildId: 28bb193e97f94af7bf5f4ef84d3f5f691ccd0b57)
    #5 0x7f27d1f5940b  (/opt/rocm/lib/asan/libamdhip64.so.6+0xc3f40b) (BuildId: 28bb193e97f94af7bf5f4ef84d3f5f691ccd0b57)
    #6 0x7f27d1d82fe8  (/opt/rocm/lib/asan/libamdhip64.so.6+0xa68fe8) (BuildId: 28bb193e97f94af7bf5f4ef84d3f5f691ccd0b57)
    #7 0x7f27d0dad4de in __pthread_once_slow /build/glibc-BHL3KM/glibc-2.31/nptl/pthread_once.c:116:7

Indirect leak of 64 byte(s) in 1 object(s) allocated from:
    #0 0x7f27d392549f in malloc /long_pathname_so_that_rpms_can_package_the_debug_info/src/external/llvm-project/compiler-rt/lib/asan/asan_malloc_linux.cpp:69:3
    #1 0x7f27d1f4de90  (/opt/rocm/lib/asan/libamdhip64.so.6+0xc33e90) (BuildId: 28bb193e97f94af7bf5f4ef84d3f5f691ccd0b57)
    #2 0x7f27d1ec5736  (/opt/rocm/lib/asan/libamdhip64.so.6+0xbab736) (BuildId: 28bb193e97f94af7bf5f4ef84d3f5f691ccd0b57)
    #3 0x7f27d1ec1481  (/opt/rocm/lib/asan/libamdhip64.so.6+0xba7481) (BuildId: 28bb193e97f94af7bf5f4ef84d3f5f691ccd0b57)
    #4 0x7f27d1bb6096  (/opt/rocm/lib/asan/libamdhip64.so.6+0x89c096) (BuildId: 28bb193e97f94af7bf5f4ef84d3f5f691ccd0b57)
    #5 0x7f27d16d7c89  (/opt/rocm/lib/asan/libamdhip64.so.6+0x3bdc89) (BuildId: 28bb193e97f94af7bf5f4ef84d3f5f691ccd0b57)
    #6 0x7f27d191b3e3 in hipMemcpy (/opt/rocm/lib/asan/libamdhip64.so.6+0x6013e3) (BuildId: 28bb193e97f94af7bf5f4ef84d3f5f691ccd0b57)
    #7 0x221663 in main (/home/taccuser/asan/samples/2_Cookbook/8_peer2peer/build/peer2peer+0x221663)
    #8 0x7f27d0de9082 in __libc_start_main /build/glibc-BHL3KM/glibc-2.31/csu/../csu/libc-start.c:308:16

Indirect leak of 64 byte(s) in 1 object(s) allocated from:
    #0 0x7f27d392549f in malloc /long_pathname_so_that_rpms_can_package_the_debug_info/src/external/llvm-project/compiler-rt/lib/asan/asan_malloc_linux.cpp:69:3
    #1 0x7f27d1f4de60  (/opt/rocm/lib/asan/libamdhip64.so.6+0xc33e60) (BuildId: 28bb193e97f94af7bf5f4ef84d3f5f691ccd0b57)
    #2 0x7f27d1ec5736  (/opt/rocm/lib/asan/libamdhip64.so.6+0xbab736) (BuildId: 28bb193e97f94af7bf5f4ef84d3f5f691ccd0b57)
    #3 0x7f27d1ec1481  (/opt/rocm/lib/asan/libamdhip64.so.6+0xba7481) (BuildId: 28bb193e97f94af7bf5f4ef84d3f5f691ccd0b57)
    #4 0x7f27d1bb6096  (/opt/rocm/lib/asan/libamdhip64.so.6+0x89c096) (BuildId: 28bb193e97f94af7bf5f4ef84d3f5f691ccd0b57)
    #5 0x7f27d16d7c89  (/opt/rocm/lib/asan/libamdhip64.so.6+0x3bdc89) (BuildId: 28bb193e97f94af7bf5f4ef84d3f5f691ccd0b57)
    #6 0x7f27d191b3e3 in hipMemcpy (/opt/rocm/lib/asan/libamdhip64.so.6+0x6013e3) (BuildId: 28bb193e97f94af7bf5f4ef84d3f5f691ccd0b57)
    #7 0x221663 in main (/home/taccuser/asan/samples/2_Cookbook/8_peer2peer/build/peer2peer+0x221663)
    #8 0x7f27d0de9082 in __libc_start_main /build/glibc-BHL3KM/glibc-2.31/csu/../csu/libc-start.c:308:16

Indirect leak of 64 byte(s) in 1 object(s) allocated from:
    #0 0x7f27d392549f in malloc /long_pathname_so_that_rpms_can_package_the_debug_info/src/external/llvm-project/compiler-rt/lib/asan/asan_malloc_linux.cpp:69:3
    #1 0x7f27d1f4de30  (/opt/rocm/lib/asan/libamdhip64.so.6+0xc33e30) (BuildId: 28bb193e97f94af7bf5f4ef84d3f5f691ccd0b57)
    #2 0x7f27d1ec5736  (/opt/rocm/lib/asan/libamdhip64.so.6+0xbab736) (BuildId: 28bb193e97f94af7bf5f4ef84d3f5f691ccd0b57)
    #3 0x7f27d1ec1481  (/opt/rocm/lib/asan/libamdhip64.so.6+0xba7481) (BuildId: 28bb193e97f94af7bf5f4ef84d3f5f691ccd0b57)
    #4 0x7f27d1bb6096  (/opt/rocm/lib/asan/libamdhip64.so.6+0x89c096) (BuildId: 28bb193e97f94af7bf5f4ef84d3f5f691ccd0b57)
    #5 0x7f27d16d7c89  (/opt/rocm/lib/asan/libamdhip64.so.6+0x3bdc89) (BuildId: 28bb193e97f94af7bf5f4ef84d3f5f691ccd0b57)
    #6 0x7f27d191b3e3 in hipMemcpy (/opt/rocm/lib/asan/libamdhip64.so.6+0x6013e3) (BuildId: 28bb193e97f94af7bf5f4ef84d3f5f691ccd0b57)
    #7 0x221663 in main (/home/taccuser/asan/samples/2_Cookbook/8_peer2peer/build/peer2peer+0x221663)
    #8 0x7f27d0de9082 in __libc_start_main /build/glibc-BHL3KM/glibc-2.31/csu/../csu/libc-start.c:308:16

Indirect leak of 48 byte(s) in 3 object(s) allocated from:
    #0 0x7f27d3935bf7 in operator new(unsigned long) /long_pathname_so_that_rpms_can_package_the_debug_info/src/external/llvm-project/compiler-rt/lib/asan/asan_new_delete.cpp:95:3
    #1 0x7f27ca99101f  (/opt/rocm/lib/asan/libamd_comgr.so.2+0x40bf01f) (BuildId: 8b5fd780bc803bcb3cfa6978d03b2c4e81704d73)

Indirect leak of 48 byte(s) in 1 object(s) allocated from:
    #0 0x7f27d392549f in malloc /long_pathname_so_that_rpms_can_package_the_debug_info/src/external/llvm-project/compiler-rt/lib/asan/asan_malloc_linux.cpp:69:3
    #1 0x7f27c66c7b78  (/opt/rocm/lib/asan/libhsa-runtime64.so.1+0x34fb78) (BuildId: 43667e531140fcd7a8f8e300f20ebfe335d9271f)
    #2 0x7f27c64fcddc  (/opt/rocm/lib/asan/libhsa-runtime64.so.1+0x184ddc) (BuildId: 43667e531140fcd7a8f8e300f20ebfe335d9271f)
    #3 0x7f27c64fd929  (/opt/rocm/lib/asan/libhsa-runtime64.so.1+0x185929) (BuildId: 43667e531140fcd7a8f8e300f20ebfe335d9271f)
    #4 0x7f27c6470754  (/opt/rocm/lib/asan/libhsa-runtime64.so.1+0xf8754) (BuildId: 43667e531140fcd7a8f8e300f20ebfe335d9271f)
    #5 0x7f27c64ac7ea  (/opt/rocm/lib/asan/libhsa-runtime64.so.1+0x1347ea) (BuildId: 43667e531140fcd7a8f8e300f20ebfe335d9271f)

Indirect leak of 48 byte(s) in 1 object(s) allocated from:
    #0 0x7f27d392549f in malloc /long_pathname_so_that_rpms_can_package_the_debug_info/src/external/llvm-project/compiler-rt/lib/asan/asan_malloc_linux.cpp:69:3
    #1 0x7f27c66c7b78  (/opt/rocm/lib/asan/libhsa-runtime64.so.1+0x34fb78) (BuildId: 43667e531140fcd7a8f8e300f20ebfe335d9271f)
    #2 0x7f27c64fcddc  (/opt/rocm/lib/asan/libhsa-runtime64.so.1+0x184ddc) (BuildId: 43667e531140fcd7a8f8e300f20ebfe335d9271f)
    #3 0x7f27c64fd929  (/opt/rocm/lib/asan/libhsa-runtime64.so.1+0x185929) (BuildId: 43667e531140fcd7a8f8e300f20ebfe335d9271f)
    #4 0x7f27d1ff4f26  (/opt/rocm/lib/asan/libamdhip64.so.6+0xcdaf26) (BuildId: 28bb193e97f94af7bf5f4ef84d3f5f691ccd0b57)
    #5 0x7f27d1fff0a8  (/opt/rocm/lib/asan/libamdhip64.so.6+0xce50a8) (BuildId: 28bb193e97f94af7bf5f4ef84d3f5f691ccd0b57)
    #6 0x7f27d1f65da9  (/opt/rocm/lib/asan/libamdhip64.so.6+0xc4bda9) (BuildId: 28bb193e97f94af7bf5f4ef84d3f5f691ccd0b57)
    #7 0x7f27d1ec1612  (/opt/rocm/lib/asan/libamdhip64.so.6+0xba7612) (BuildId: 28bb193e97f94af7bf5f4ef84d3f5f691ccd0b57)
    #8 0x7f27d1dc9a44  (/opt/rocm/lib/asan/libamdhip64.so.6+0xaafa44) (BuildId: 28bb193e97f94af7bf5f4ef84d3f5f691ccd0b57)
    #9 0x7f27d1f1ac91  (/opt/rocm/lib/asan/libamdhip64.so.6+0xc00c91) (BuildId: 28bb193e97f94af7bf5f4ef84d3f5f691ccd0b57)
    #10 0x7f27d174a8a3  (/opt/rocm/lib/asan/libamdhip64.so.6+0x4308a3) (BuildId: 28bb193e97f94af7bf5f4ef84d3f5f691ccd0b57)
    #11 0x7f27d175d3ad  (/opt/rocm/lib/asan/libamdhip64.so.6+0x4433ad) (BuildId: 28bb193e97f94af7bf5f4ef84d3f5f691ccd0b57)
    #12 0x7f27d164dc5a  (/opt/rocm/lib/asan/libamdhip64.so.6+0x333c5a) (BuildId: 28bb193e97f94af7bf5f4ef84d3f5f691ccd0b57)
    #13 0x7f27d1b6b546  (/opt/rocm/lib/asan/libamdhip64.so.6+0x851546) (BuildId: 28bb193e97f94af7bf5f4ef84d3f5f691ccd0b57)
    #14 0x7f27d1ad688d  (/opt/rocm/lib/asan/libamdhip64.so.6+0x7bc88d) (BuildId: 28bb193e97f94af7bf5f4ef84d3f5f691ccd0b57)
    #15 0x7f27d1ad74a3 in hipLaunchKernel (/opt/rocm/lib/asan/libamdhip64.so.6+0x7bd4a3) (BuildId: 28bb193e97f94af7bf5f4ef84d3f5f691ccd0b57)
    #16 0x221886 in main (/home/taccuser/asan/samples/2_Cookbook/8_peer2peer/build/peer2peer+0x221886)
    #17 0x7f27d0de9082 in __libc_start_main /build/glibc-BHL3KM/glibc-2.31/csu/../csu/libc-start.c:308:16

Indirect leak of 21 byte(s) in 1 object(s) allocated from:
    #0 0x7f27d3935bf7 in operator new(unsigned long) /long_pathname_so_that_rpms_can_package_the_debug_info/src/external/llvm-project/compiler-rt/lib/asan/asan_new_delete.cpp:95:3
    #1 0x7f27d1f4da8c  (/opt/rocm/lib/asan/libamdhip64.so.6+0xc33a8c) (BuildId: 28bb193e97f94af7bf5f4ef84d3f5f691ccd0b57)
    #2 0x7f27d1ec5736  (/opt/rocm/lib/asan/libamdhip64.so.6+0xbab736) (BuildId: 28bb193e97f94af7bf5f4ef84d3f5f691ccd0b57)
    #3 0x7f27d1ec1481  (/opt/rocm/lib/asan/libamdhip64.so.6+0xba7481) (BuildId: 28bb193e97f94af7bf5f4ef84d3f5f691ccd0b57)
    #4 0x7f27d1bb6096  (/opt/rocm/lib/asan/libamdhip64.so.6+0x89c096) (BuildId: 28bb193e97f94af7bf5f4ef84d3f5f691ccd0b57)
    #5 0x7f27d16d7c89  (/opt/rocm/lib/asan/libamdhip64.so.6+0x3bdc89) (BuildId: 28bb193e97f94af7bf5f4ef84d3f5f691ccd0b57)
    #6 0x7f27d191b3e3 in hipMemcpy (/opt/rocm/lib/asan/libamdhip64.so.6+0x6013e3) (BuildId: 28bb193e97f94af7bf5f4ef84d3f5f691ccd0b57)
    #7 0x221663 in main (/home/taccuser/asan/samples/2_Cookbook/8_peer2peer/build/peer2peer+0x221663)
    #8 0x7f27d0de9082 in __libc_start_main /build/glibc-BHL3KM/glibc-2.31/csu/../csu/libc-start.c:308:16

Indirect leak of 18 byte(s) in 3 object(s) allocated from:
    #0 0x7f27d3935d57 in operator new[](unsigned long) /long_pathname_so_that_rpms_can_package_the_debug_info/src/external/llvm-project/compiler-rt/lib/asan/asan_new_delete.cpp:98:3
    #1 0x7f27ca990789  (/opt/rocm/lib/asan/libamd_comgr.so.2+0x40be789) (BuildId: 8b5fd780bc803bcb3cfa6978d03b2c4e81704d73)
    #2 0x7f27ca9831dc  (/opt/rocm/lib/asan/libamd_comgr.so.2+0x40b11dc) (BuildId: 8b5fd780bc803bcb3cfa6978d03b2c4e81704d73)
    #3 0x7f27ca914602 in amd_comgr_get_isa_metadata (/opt/rocm/lib/asan/libamd_comgr.so.2+0x4042602) (BuildId: 8b5fd780bc803bcb3cfa6978d03b2c4e81704d73)
    #4 0x7f27d1f613f1  (/opt/rocm/lib/asan/libamdhip64.so.6+0xc473f1) (BuildId: 28bb193e97f94af7bf5f4ef84d3f5f691ccd0b57)
    #5 0x7f27d1f5b953  (/opt/rocm/lib/asan/libamdhip64.so.6+0xc41953) (BuildId: 28bb193e97f94af7bf5f4ef84d3f5f691ccd0b57)
    #6 0x7f27d1f5940b  (/opt/rocm/lib/asan/libamdhip64.so.6+0xc3f40b) (BuildId: 28bb193e97f94af7bf5f4ef84d3f5f691ccd0b57)
    #7 0x7f27d1d82fe8  (/opt/rocm/lib/asan/libamdhip64.so.6+0xa68fe8) (BuildId: 28bb193e97f94af7bf5f4ef84d3f5f691ccd0b57)
    #8 0x7f27d0dad4de in __pthread_once_slow /build/glibc-BHL3KM/glibc-2.31/nptl/pthread_once.c:116:7

Indirect leak of 18 byte(s) in 3 object(s) allocated from:
    #0 0x7f27d3935d57 in operator new[](unsigned long) /long_pathname_so_that_rpms_can_package_the_debug_info/src/external/llvm-project/compiler-rt/lib/asan/asan_new_delete.cpp:98:3
    #1 0x7f27ca990789  (/opt/rocm/lib/asan/libamd_comgr.so.2+0x40be789) (BuildId: 8b5fd780bc803bcb3cfa6978d03b2c4e81704d73)
    #2 0x7f27ca98333a  (/opt/rocm/lib/asan/libamd_comgr.so.2+0x40b133a) (BuildId: 8b5fd780bc803bcb3cfa6978d03b2c4e81704d73)
    #3 0x7f27ca914602 in amd_comgr_get_isa_metadata (/opt/rocm/lib/asan/libamd_comgr.so.2+0x4042602) (BuildId: 8b5fd780bc803bcb3cfa6978d03b2c4e81704d73)
    #4 0x7f27d1f613f1  (/opt/rocm/lib/asan/libamdhip64.so.6+0xc473f1) (BuildId: 28bb193e97f94af7bf5f4ef84d3f5f691ccd0b57)
    #5 0x7f27d1f5b953  (/opt/rocm/lib/asan/libamdhip64.so.6+0xc41953) (BuildId: 28bb193e97f94af7bf5f4ef84d3f5f691ccd0b57)
    #6 0x7f27d1f5940b  (/opt/rocm/lib/asan/libamdhip64.so.6+0xc3f40b) (BuildId: 28bb193e97f94af7bf5f4ef84d3f5f691ccd0b57)
    #7 0x7f27d1d82fe8  (/opt/rocm/lib/asan/libamdhip64.so.6+0xa68fe8) (BuildId: 28bb193e97f94af7bf5f4ef84d3f5f691ccd0b57)
    #8 0x7f27d0dad4de in __pthread_once_slow /build/glibc-BHL3KM/glibc-2.31/nptl/pthread_once.c:116:7

Indirect leak of 18 byte(s) in 3 object(s) allocated from:
    #0 0x7f27d3935d57 in operator new[](unsigned long) /long_pathname_so_that_rpms_can_package_the_debug_info/src/external/llvm-project/compiler-rt/lib/asan/asan_new_delete.cpp:98:3
    #1 0x7f27ca990789  (/opt/rocm/lib/asan/libamd_comgr.so.2+0x40be789) (BuildId: 8b5fd780bc803bcb3cfa6978d03b2c4e81704d73)
    #2 0x7f27ca98307e  (/opt/rocm/lib/asan/libamd_comgr.so.2+0x40b107e) (BuildId: 8b5fd780bc803bcb3cfa6978d03b2c4e81704d73)
    #3 0x7f27ca914602 in amd_comgr_get_isa_metadata (/opt/rocm/lib/asan/libamd_comgr.so.2+0x4042602) (BuildId: 8b5fd780bc803bcb3cfa6978d03b2c4e81704d73)
    #4 0x7f27d1f613f1  (/opt/rocm/lib/asan/libamdhip64.so.6+0xc473f1) (BuildId: 28bb193e97f94af7bf5f4ef84d3f5f691ccd0b57)
    #5 0x7f27d1f5b953  (/opt/rocm/lib/asan/libamdhip64.so.6+0xc41953) (BuildId: 28bb193e97f94af7bf5f4ef84d3f5f691ccd0b57)
    #6 0x7f27d1f5940b  (/opt/rocm/lib/asan/libamdhip64.so.6+0xc3f40b) (BuildId: 28bb193e97f94af7bf5f4ef84d3f5f691ccd0b57)
    #7 0x7f27d1d82fe8  (/opt/rocm/lib/asan/libamdhip64.so.6+0xa68fe8) (BuildId: 28bb193e97f94af7bf5f4ef84d3f5f691ccd0b57)
    #8 0x7f27d0dad4de in __pthread_once_slow /build/glibc-BHL3KM/glibc-2.31/nptl/pthread_once.c:116:7

Indirect leak of 16 byte(s) in 2 object(s) allocated from:
    #0 0x7f27d3935bf7 in operator new(unsigned long) /long_pathname_so_that_rpms_can_package_the_debug_info/src/external/llvm-project/compiler-rt/lib/asan/asan_new_delete.cpp:95:3
    #1 0x7f27d1ff5c73  (/opt/rocm/lib/asan/libamdhip64.so.6+0xcdbc73) (BuildId: 28bb193e97f94af7bf5f4ef84d3f5f691ccd0b57)
    #2 0x7f27d1ffb7e3  (/opt/rocm/lib/asan/libamdhip64.so.6+0xce17e3) (BuildId: 28bb193e97f94af7bf5f4ef84d3f5f691ccd0b57)

Indirect leak of 16 byte(s) in 1 object(s) allocated from:
    #0 0x7f27d3924c0c in __interceptor_posix_memalign /long_pathname_so_that_rpms_can_package_the_debug_info/src/external/llvm-project/compiler-rt/lib/asan/asan_malloc_linux.cpp:145:3
    #1 0x7f27d1e83490  (/opt/rocm/lib/asan/libamdhip64.so.6+0xb69490) (BuildId: 28bb193e97f94af7bf5f4ef84d3f5f691ccd0b57)
    #2 0x7f27d1ec1490  (/opt/rocm/lib/asan/libamdhip64.so.6+0xba7490) (BuildId: 28bb193e97f94af7bf5f4ef84d3f5f691ccd0b57)
    #3 0x7f27d1bb6096  (/opt/rocm/lib/asan/libamdhip64.so.6+0x89c096) (BuildId: 28bb193e97f94af7bf5f4ef84d3f5f691ccd0b57)
    #4 0x7f27d16d7c89  (/opt/rocm/lib/asan/libamdhip64.so.6+0x3bdc89) (BuildId: 28bb193e97f94af7bf5f4ef84d3f5f691ccd0b57)
    #5 0x7f27d191b3e3 in hipMemcpy (/opt/rocm/lib/asan/libamdhip64.so.6+0x6013e3) (BuildId: 28bb193e97f94af7bf5f4ef84d3f5f691ccd0b57)
    #6 0x221663 in main (/home/taccuser/asan/samples/2_Cookbook/8_peer2peer/build/peer2peer+0x221663)
    #7 0x7f27d0de9082 in __libc_start_main /build/glibc-BHL3KM/glibc-2.31/csu/../csu/libc-start.c:308:16

Indirect leak of 15 byte(s) in 3 object(s) allocated from:
    #0 0x7f27d3935d57 in operator new[](unsigned long) /long_pathname_so_that_rpms_can_package_the_debug_info/src/external/llvm-project/compiler-rt/lib/asan/asan_new_delete.cpp:98:3
    #1 0x7f27ca990789  (/opt/rocm/lib/asan/libamd_comgr.so.2+0x40be789) (BuildId: 8b5fd780bc803bcb3cfa6978d03b2c4e81704d73)
    #2 0x7f27ca983c77  (/opt/rocm/lib/asan/libamd_comgr.so.2+0x40b1c77) (BuildId: 8b5fd780bc803bcb3cfa6978d03b2c4e81704d73)
    #3 0x7f27ca914602 in amd_comgr_get_isa_metadata (/opt/rocm/lib/asan/libamd_comgr.so.2+0x4042602) (BuildId: 8b5fd780bc803bcb3cfa6978d03b2c4e81704d73)
    #4 0x7f27d1f613f1  (/opt/rocm/lib/asan/libamdhip64.so.6+0xc473f1) (BuildId: 28bb193e97f94af7bf5f4ef84d3f5f691ccd0b57)
    #5 0x7f27d1f5b953  (/opt/rocm/lib/asan/libamdhip64.so.6+0xc41953) (BuildId: 28bb193e97f94af7bf5f4ef84d3f5f691ccd0b57)
    #6 0x7f27d1f5940b  (/opt/rocm/lib/asan/libamdhip64.so.6+0xc3f40b) (BuildId: 28bb193e97f94af7bf5f4ef84d3f5f691ccd0b57)
    #7 0x7f27d1d82fe8  (/opt/rocm/lib/asan/libamdhip64.so.6+0xa68fe8) (BuildId: 28bb193e97f94af7bf5f4ef84d3f5f691ccd0b57)
    #8 0x7f27d0dad4de in __pthread_once_slow /build/glibc-BHL3KM/glibc-2.31/nptl/pthread_once.c:116:7

Indirect leak of 15 byte(s) in 3 object(s) allocated from:
    #0 0x7f27d3935d57 in operator new[](unsigned long) /long_pathname_so_that_rpms_can_package_the_debug_info/src/external/llvm-project/compiler-rt/lib/asan/asan_new_delete.cpp:98:3
    #1 0x7f27ca990789  (/opt/rocm/lib/asan/libamd_comgr.so.2+0x40be789) (BuildId: 8b5fd780bc803bcb3cfa6978d03b2c4e81704d73)
    #2 0x7f27ca9833be  (/opt/rocm/lib/asan/libamd_comgr.so.2+0x40b13be) (BuildId: 8b5fd780bc803bcb3cfa6978d03b2c4e81704d73)
    #3 0x7f27ca914602 in amd_comgr_get_isa_metadata (/opt/rocm/lib/asan/libamd_comgr.so.2+0x4042602) (BuildId: 8b5fd780bc803bcb3cfa6978d03b2c4e81704d73)
    #4 0x7f27d1f613f1  (/opt/rocm/lib/asan/libamdhip64.so.6+0xc473f1) (BuildId: 28bb193e97f94af7bf5f4ef84d3f5f691ccd0b57)
    #5 0x7f27d1f5b953  (/opt/rocm/lib/asan/libamdhip64.so.6+0xc41953) (BuildId: 28bb193e97f94af7bf5f4ef84d3f5f691ccd0b57)
    #6 0x7f27d1f5940b  (/opt/rocm/lib/asan/libamdhip64.so.6+0xc3f40b) (BuildId: 28bb193e97f94af7bf5f4ef84d3f5f691ccd0b57)
    #7 0x7f27d1d82fe8  (/opt/rocm/lib/asan/libamdhip64.so.6+0xa68fe8) (BuildId: 28bb193e97f94af7bf5f4ef84d3f5f691ccd0b57)
    #8 0x7f27d0dad4de in __pthread_once_slow /build/glibc-BHL3KM/glibc-2.31/nptl/pthread_once.c:116:7

Indirect leak of 12 byte(s) in 3 object(s) allocated from:
    #0 0x7f27d3935d57 in operator new[](unsigned long) /long_pathname_so_that_rpms_can_package_the_debug_info/src/external/llvm-project/compiler-rt/lib/asan/asan_new_delete.cpp:98:3
    #1 0x7f27ca990789  (/opt/rocm/lib/asan/libamd_comgr.so.2+0x40be789) (BuildId: 8b5fd780bc803bcb3cfa6978d03b2c4e81704d73)
    #2 0x7f27ca983f91  (/opt/rocm/lib/asan/libamd_comgr.so.2+0x40b1f91) (BuildId: 8b5fd780bc803bcb3cfa6978d03b2c4e81704d73)
    #3 0x7f27ca914602 in amd_comgr_get_isa_metadata (/opt/rocm/lib/asan/libamd_comgr.so.2+0x4042602) (BuildId: 8b5fd780bc803bcb3cfa6978d03b2c4e81704d73)
    #4 0x7f27d1f613f1  (/opt/rocm/lib/asan/libamdhip64.so.6+0xc473f1) (BuildId: 28bb193e97f94af7bf5f4ef84d3f5f691ccd0b57)
    #5 0x7f27d1f5b953  (/opt/rocm/lib/asan/libamdhip64.so.6+0xc41953) (BuildId: 28bb193e97f94af7bf5f4ef84d3f5f691ccd0b57)
    #6 0x7f27d1f5940b  (/opt/rocm/lib/asan/libamdhip64.so.6+0xc3f40b) (BuildId: 28bb193e97f94af7bf5f4ef84d3f5f691ccd0b57)
    #7 0x7f27d1d82fe8  (/opt/rocm/lib/asan/libamdhip64.so.6+0xa68fe8) (BuildId: 28bb193e97f94af7bf5f4ef84d3f5f691ccd0b57)
    #8 0x7f27d0dad4de in __pthread_once_slow /build/glibc-BHL3KM/glibc-2.31/nptl/pthread_once.c:116:7

Indirect leak of 12 byte(s) in 6 object(s) allocated from:
    #0 0x7f27d3935d57 in operator new[](unsigned long) /long_pathname_so_that_rpms_can_package_the_debug_info/src/external/llvm-project/compiler-rt/lib/asan/asan_new_delete.cpp:98:3
    #1 0x7f27ca990789  (/opt/rocm/lib/asan/libamd_comgr.so.2+0x40be789) (BuildId: 8b5fd780bc803bcb3cfa6978d03b2c4e81704d73)
    #2 0x7f27ca983768  (/opt/rocm/lib/asan/libamd_comgr.so.2+0x40b1768) (BuildId: 8b5fd780bc803bcb3cfa6978d03b2c4e81704d73)
    #3 0x7f27ca914602 in amd_comgr_get_isa_metadata (/opt/rocm/lib/asan/libamd_comgr.so.2+0x4042602) (BuildId: 8b5fd780bc803bcb3cfa6978d03b2c4e81704d73)
    #4 0x7f27d1f613f1  (/opt/rocm/lib/asan/libamdhip64.so.6+0xc473f1) (BuildId: 28bb193e97f94af7bf5f4ef84d3f5f691ccd0b57)
    #5 0x7f27d1f5b953  (/opt/rocm/lib/asan/libamdhip64.so.6+0xc41953) (BuildId: 28bb193e97f94af7bf5f4ef84d3f5f691ccd0b57)
    #6 0x7f27d1f5940b  (/opt/rocm/lib/asan/libamdhip64.so.6+0xc3f40b) (BuildId: 28bb193e97f94af7bf5f4ef84d3f5f691ccd0b57)
    #7 0x7f27d1d82fe8  (/opt/rocm/lib/asan/libamdhip64.so.6+0xa68fe8) (BuildId: 28bb193e97f94af7bf5f4ef84d3f5f691ccd0b57)
    #8 0x7f27d0dad4de in __pthread_once_slow /build/glibc-BHL3KM/glibc-2.31/nptl/pthread_once.c:116:7

Indirect leak of 9 byte(s) in 3 object(s) allocated from:
    #0 0x7f27d3935d57 in operator new[](unsigned long) /long_pathname_so_that_rpms_can_package_the_debug_info/src/external/llvm-project/compiler-rt/lib/asan/asan_new_delete.cpp:98:3
    #1 0x7f27ca990789  (/opt/rocm/lib/asan/libamd_comgr.so.2+0x40be789) (BuildId: 8b5fd780bc803bcb3cfa6978d03b2c4e81704d73)
    #2 0x7f27ca98312d  (/opt/rocm/lib/asan/libamd_comgr.so.2+0x40b112d) (BuildId: 8b5fd780bc803bcb3cfa6978d03b2c4e81704d73)
    #3 0x7f27ca914602 in amd_comgr_get_isa_metadata (/opt/rocm/lib/asan/libamd_comgr.so.2+0x4042602) (BuildId: 8b5fd780bc803bcb3cfa6978d03b2c4e81704d73)
    #4 0x7f27d1f613f1  (/opt/rocm/lib/asan/libamdhip64.so.6+0xc473f1) (BuildId: 28bb193e97f94af7bf5f4ef84d3f5f691ccd0b57)
    #5 0x7f27d1f5b953  (/opt/rocm/lib/asan/libamdhip64.so.6+0xc41953) (BuildId: 28bb193e97f94af7bf5f4ef84d3f5f691ccd0b57)
    #6 0x7f27d1f5940b  (/opt/rocm/lib/asan/libamdhip64.so.6+0xc3f40b) (BuildId: 28bb193e97f94af7bf5f4ef84d3f5f691ccd0b57)
    #7 0x7f27d1d82fe8  (/opt/rocm/lib/asan/libamdhip64.so.6+0xa68fe8) (BuildId: 28bb193e97f94af7bf5f4ef84d3f5f691ccd0b57)
    #8 0x7f27d0dad4de in __pthread_once_slow /build/glibc-BHL3KM/glibc-2.31/nptl/pthread_once.c:116:7

Indirect leak of 9 byte(s) in 3 object(s) allocated from:
    #0 0x7f27d3935d57 in operator new[](unsigned long) /long_pathname_so_that_rpms_can_package_the_debug_info/src/external/llvm-project/compiler-rt/lib/asan/asan_new_delete.cpp:98:3
    #1 0x7f27ca990789  (/opt/rocm/lib/asan/libamd_comgr.so.2+0x40be789) (BuildId: 8b5fd780bc803bcb3cfa6978d03b2c4e81704d73)
    #2 0x7f27ca9845ca  (/opt/rocm/lib/asan/libamd_comgr.so.2+0x40b25ca) (BuildId: 8b5fd780bc803bcb3cfa6978d03b2c4e81704d73)
    #3 0x7f27ca914602 in amd_comgr_get_isa_metadata (/opt/rocm/lib/asan/libamd_comgr.so.2+0x4042602) (BuildId: 8b5fd780bc803bcb3cfa6978d03b2c4e81704d73)
    #4 0x7f27d1f613f1  (/opt/rocm/lib/asan/libamdhip64.so.6+0xc473f1) (BuildId: 28bb193e97f94af7bf5f4ef84d3f5f691ccd0b57)
    #5 0x7f27d1f5b953  (/opt/rocm/lib/asan/libamdhip64.so.6+0xc41953) (BuildId: 28bb193e97f94af7bf5f4ef84d3f5f691ccd0b57)
    #6 0x7f27d1f5940b  (/opt/rocm/lib/asan/libamdhip64.so.6+0xc3f40b) (BuildId: 28bb193e97f94af7bf5f4ef84d3f5f691ccd0b57)
    #7 0x7f27d1d82fe8  (/opt/rocm/lib/asan/libamdhip64.so.6+0xa68fe8) (BuildId: 28bb193e97f94af7bf5f4ef84d3f5f691ccd0b57)
    #8 0x7f27d0dad4de in __pthread_once_slow /build/glibc-BHL3KM/glibc-2.31/nptl/pthread_once.c:116:7

Indirect leak of 9 byte(s) in 3 object(s) allocated from:
    #0 0x7f27d3935d57 in operator new[](unsigned long) /long_pathname_so_that_rpms_can_package_the_debug_info/src/external/llvm-project/compiler-rt/lib/asan/asan_new_delete.cpp:98:3
    #1 0x7f27ca990789  (/opt/rocm/lib/asan/libamd_comgr.so.2+0x40be789) (BuildId: 8b5fd780bc803bcb3cfa6978d03b2c4e81704d73)
    #2 0x7f27ca9844c1  (/opt/rocm/lib/asan/libamd_comgr.so.2+0x40b24c1) (BuildId: 8b5fd780bc803bcb3cfa6978d03b2c4e81704d73)
    #3 0x7f27ca914602 in amd_comgr_get_isa_metadata (/opt/rocm/lib/asan/libamd_comgr.so.2+0x4042602) (BuildId: 8b5fd780bc803bcb3cfa6978d03b2c4e81704d73)
    #4 0x7f27d1f613f1  (/opt/rocm/lib/asan/libamdhip64.so.6+0xc473f1) (BuildId: 28bb193e97f94af7bf5f4ef84d3f5f691ccd0b57)
    #5 0x7f27d1f5b953  (/opt/rocm/lib/asan/libamdhip64.so.6+0xc41953) (BuildId: 28bb193e97f94af7bf5f4ef84d3f5f691ccd0b57)
    #6 0x7f27d1f5940b  (/opt/rocm/lib/asan/libamdhip64.so.6+0xc3f40b) (BuildId: 28bb193e97f94af7bf5f4ef84d3f5f691ccd0b57)
    #7 0x7f27d1d82fe8  (/opt/rocm/lib/asan/libamdhip64.so.6+0xa68fe8) (BuildId: 28bb193e97f94af7bf5f4ef84d3f5f691ccd0b57)
    #8 0x7f27d0dad4de in __pthread_once_slow /build/glibc-BHL3KM/glibc-2.31/nptl/pthread_once.c:116:7

Indirect leak of 9 byte(s) in 3 object(s) allocated from:
    #0 0x7f27d3935d57 in operator new[](unsigned long) /long_pathname_so_that_rpms_can_package_the_debug_info/src/external/llvm-project/compiler-rt/lib/asan/asan_new_delete.cpp:98:3
    #1 0x7f27ca990789  (/opt/rocm/lib/asan/libamd_comgr.so.2+0x40be789) (BuildId: 8b5fd780bc803bcb3cfa6978d03b2c4e81704d73)
    #2 0x7f27ca98355f  (/opt/rocm/lib/asan/libamd_comgr.so.2+0x40b155f) (BuildId: 8b5fd780bc803bcb3cfa6978d03b2c4e81704d73)
    #3 0x7f27ca914602 in amd_comgr_get_isa_metadata (/opt/rocm/lib/asan/libamd_comgr.so.2+0x4042602) (BuildId: 8b5fd780bc803bcb3cfa6978d03b2c4e81704d73)
    #4 0x7f27d1f613f1  (/opt/rocm/lib/asan/libamdhip64.so.6+0xc473f1) (BuildId: 28bb193e97f94af7bf5f4ef84d3f5f691ccd0b57)
    #5 0x7f27d1f5b953  (/opt/rocm/lib/asan/libamdhip64.so.6+0xc41953) (BuildId: 28bb193e97f94af7bf5f4ef84d3f5f691ccd0b57)
    #6 0x7f27d1f5940b  (/opt/rocm/lib/asan/libamdhip64.so.6+0xc3f40b) (BuildId: 28bb193e97f94af7bf5f4ef84d3f5f691ccd0b57)
    #7 0x7f27d1d82fe8  (/opt/rocm/lib/asan/libamdhip64.so.6+0xa68fe8) (BuildId: 28bb193e97f94af7bf5f4ef84d3f5f691ccd0b57)
    #8 0x7f27d0dad4de in __pthread_once_slow /build/glibc-BHL3KM/glibc-2.31/nptl/pthread_once.c:116:7

Indirect leak of 9 byte(s) in 3 object(s) allocated from:
    #0 0x7f27d3935d57 in operator new[](unsigned long) /long_pathname_so_that_rpms_can_package_the_debug_info/src/external/llvm-project/compiler-rt/lib/asan/asan_new_delete.cpp:98:3
    #1 0x7f27ca990789  (/opt/rocm/lib/asan/libamd_comgr.so.2+0x40be789) (BuildId: 8b5fd780bc803bcb3cfa6978d03b2c4e81704d73)
    #2 0x7f27ca9842ad  (/opt/rocm/lib/asan/libamd_comgr.so.2+0x40b22ad) (BuildId: 8b5fd780bc803bcb3cfa6978d03b2c4e81704d73)
    #3 0x7f27ca914602 in amd_comgr_get_isa_metadata (/opt/rocm/lib/asan/libamd_comgr.so.2+0x4042602) (BuildId: 8b5fd780bc803bcb3cfa6978d03b2c4e81704d73)
    #4 0x7f27d1f613f1  (/opt/rocm/lib/asan/libamdhip64.so.6+0xc473f1) (BuildId: 28bb193e97f94af7bf5f4ef84d3f5f691ccd0b57)
    #5 0x7f27d1f5b953  (/opt/rocm/lib/asan/libamdhip64.so.6+0xc41953) (BuildId: 28bb193e97f94af7bf5f4ef84d3f5f691ccd0b57)
    #6 0x7f27d1f5940b  (/opt/rocm/lib/asan/libamdhip64.so.6+0xc3f40b) (BuildId: 28bb193e97f94af7bf5f4ef84d3f5f691ccd0b57)
    #7 0x7f27d1d82fe8  (/opt/rocm/lib/asan/libamdhip64.so.6+0xa68fe8) (BuildId: 28bb193e97f94af7bf5f4ef84d3f5f691ccd0b57)
    #8 0x7f27d0dad4de in __pthread_once_slow /build/glibc-BHL3KM/glibc-2.31/nptl/pthread_once.c:116:7

Indirect leak of 9 byte(s) in 3 object(s) allocated from:
    #0 0x7f27d3935d57 in operator new[](unsigned long) /long_pathname_so_that_rpms_can_package_the_debug_info/src/external/llvm-project/compiler-rt/lib/asan/asan_new_delete.cpp:98:3
    #1 0x7f27ca990789  (/opt/rocm/lib/asan/libamd_comgr.so.2+0x40be789) (BuildId: 8b5fd780bc803bcb3cfa6978d03b2c4e81704d73)
    #2 0x7f27ca9841a2  (/opt/rocm/lib/asan/libamd_comgr.so.2+0x40b21a2) (BuildId: 8b5fd780bc803bcb3cfa6978d03b2c4e81704d73)
    #3 0x7f27ca914602 in amd_comgr_get_isa_metadata (/opt/rocm/lib/asan/libamd_comgr.so.2+0x4042602) (BuildId: 8b5fd780bc803bcb3cfa6978d03b2c4e81704d73)
    #4 0x7f27d1f613f1  (/opt/rocm/lib/asan/libamdhip64.so.6+0xc473f1) (BuildId: 28bb193e97f94af7bf5f4ef84d3f5f691ccd0b57)
    #5 0x7f27d1f5b953  (/opt/rocm/lib/asan/libamdhip64.so.6+0xc41953) (BuildId: 28bb193e97f94af7bf5f4ef84d3f5f691ccd0b57)
    #6 0x7f27d1f5940b  (/opt/rocm/lib/asan/libamdhip64.so.6+0xc3f40b) (BuildId: 28bb193e97f94af7bf5f4ef84d3f5f691ccd0b57)
    #7 0x7f27d1d82fe8  (/opt/rocm/lib/asan/libamdhip64.so.6+0xa68fe8) (BuildId: 28bb193e97f94af7bf5f4ef84d3f5f691ccd0b57)
    #8 0x7f27d0dad4de in __pthread_once_slow /build/glibc-BHL3KM/glibc-2.31/nptl/pthread_once.c:116:7

Indirect leak of 9 byte(s) in 3 object(s) allocated from:
    #0 0x7f27d3935d57 in operator new[](unsigned long) /long_pathname_so_that_rpms_can_package_the_debug_info/src/external/llvm-project/compiler-rt/lib/asan/asan_new_delete.cpp:98:3
    #1 0x7f27ca990789  (/opt/rocm/lib/asan/libamd_comgr.so.2+0x40be789) (BuildId: 8b5fd780bc803bcb3cfa6978d03b2c4e81704d73)
    #2 0x7f27ca9834b0  (/opt/rocm/lib/asan/libamd_comgr.so.2+0x40b14b0) (BuildId: 8b5fd780bc803bcb3cfa6978d03b2c4e81704d73)
    #3 0x7f27ca914602 in amd_comgr_get_isa_metadata (/opt/rocm/lib/asan/libamd_comgr.so.2+0x4042602) (BuildId: 8b5fd780bc803bcb3cfa6978d03b2c4e81704d73)
    #4 0x7f27d1f613f1  (/opt/rocm/lib/asan/libamdhip64.so.6+0xc473f1) (BuildId: 28bb193e97f94af7bf5f4ef84d3f5f691ccd0b57)
    #5 0x7f27d1f5b953  (/opt/rocm/lib/asan/libamdhip64.so.6+0xc41953) (BuildId: 28bb193e97f94af7bf5f4ef84d3f5f691ccd0b57)
    #6 0x7f27d1f5940b  (/opt/rocm/lib/asan/libamdhip64.so.6+0xc3f40b) (BuildId: 28bb193e97f94af7bf5f4ef84d3f5f691ccd0b57)
    #7 0x7f27d1d82fe8  (/opt/rocm/lib/asan/libamdhip64.so.6+0xa68fe8) (BuildId: 28bb193e97f94af7bf5f4ef84d3f5f691ccd0b57)
    #8 0x7f27d0dad4de in __pthread_once_slow /build/glibc-BHL3KM/glibc-2.31/nptl/pthread_once.c:116:7

Indirect leak of 6 byte(s) in 3 object(s) allocated from:
    #0 0x7f27d3935d57 in operator new[](unsigned long) /long_pathname_so_that_rpms_can_package_the_debug_info/src/external/llvm-project/compiler-rt/lib/asan/asan_new_delete.cpp:98:3
    #1 0x7f27ca990789  (/opt/rocm/lib/asan/libamd_comgr.so.2+0x40be789) (BuildId: 8b5fd780bc803bcb3cfa6978d03b2c4e81704d73)
    #2 0x7f27ca983e88  (/opt/rocm/lib/asan/libamd_comgr.so.2+0x40b1e88) (BuildId: 8b5fd780bc803bcb3cfa6978d03b2c4e81704d73)
    #3 0x7f27ca914602 in amd_comgr_get_isa_metadata (/opt/rocm/lib/asan/libamd_comgr.so.2+0x4042602) (BuildId: 8b5fd780bc803bcb3cfa6978d03b2c4e81704d73)
    #4 0x7f27d1f613f1  (/opt/rocm/lib/asan/libamdhip64.so.6+0xc473f1) (BuildId: 28bb193e97f94af7bf5f4ef84d3f5f691ccd0b57)
    #5 0x7f27d1f5b953  (/opt/rocm/lib/asan/libamdhip64.so.6+0xc41953) (BuildId: 28bb193e97f94af7bf5f4ef84d3f5f691ccd0b57)
    #6 0x7f27d1f5940b  (/opt/rocm/lib/asan/libamdhip64.so.6+0xc3f40b) (BuildId: 28bb193e97f94af7bf5f4ef84d3f5f691ccd0b57)
    #7 0x7f27d1d82fe8  (/opt/rocm/lib/asan/libamdhip64.so.6+0xa68fe8) (BuildId: 28bb193e97f94af7bf5f4ef84d3f5f691ccd0b57)
    #8 0x7f27d0dad4de in __pthread_once_slow /build/glibc-BHL3KM/glibc-2.31/nptl/pthread_once.c:116:7

Indirect leak of 6 byte(s) in 3 object(s) allocated from:
    #0 0x7f27d3935d57 in operator new[](unsigned long) /long_pathname_so_that_rpms_can_package_the_debug_info/src/external/llvm-project/compiler-rt/lib/asan/asan_new_delete.cpp:98:3
    #1 0x7f27ca990789  (/opt/rocm/lib/asan/libamd_comgr.so.2+0x40be789) (BuildId: 8b5fd780bc803bcb3cfa6978d03b2c4e81704d73)
    #2 0x7f27ca9846d5  (/opt/rocm/lib/asan/libamd_comgr.so.2+0x40b26d5) (BuildId: 8b5fd780bc803bcb3cfa6978d03b2c4e81704d73)
    #3 0x7f27ca914602 in amd_comgr_get_isa_metadata (/opt/rocm/lib/asan/libamd_comgr.so.2+0x4042602) (BuildId: 8b5fd780bc803bcb3cfa6978d03b2c4e81704d73)
    #4 0x7f27d1f613f1  (/opt/rocm/lib/asan/libamdhip64.so.6+0xc473f1) (BuildId: 28bb193e97f94af7bf5f4ef84d3f5f691ccd0b57)
    #5 0x7f27d1f5b953  (/opt/rocm/lib/asan/libamdhip64.so.6+0xc41953) (BuildId: 28bb193e97f94af7bf5f4ef84d3f5f691ccd0b57)
    #6 0x7f27d1f5940b  (/opt/rocm/lib/asan/libamdhip64.so.6+0xc3f40b) (BuildId: 28bb193e97f94af7bf5f4ef84d3f5f691ccd0b57)
    #7 0x7f27d1d82fe8  (/opt/rocm/lib/asan/libamdhip64.so.6+0xa68fe8) (BuildId: 28bb193e97f94af7bf5f4ef84d3f5f691ccd0b57)
    #8 0x7f27d0dad4de in __pthread_once_slow /build/glibc-BHL3KM/glibc-2.31/nptl/pthread_once.c:116:7

Indirect leak of 6 byte(s) in 3 object(s) allocated from:
    #0 0x7f27d3935d57 in operator new[](unsigned long) /long_pathname_so_that_rpms_can_package_the_debug_info/src/external/llvm-project/compiler-rt/lib/asan/asan_new_delete.cpp:98:3
    #1 0x7f27ca990789  (/opt/rocm/lib/asan/libamd_comgr.so.2+0x40be789) (BuildId: 8b5fd780bc803bcb3cfa6978d03b2c4e81704d73)
    #2 0x7f27ca984099  (/opt/rocm/lib/asan/libamd_comgr.so.2+0x40b2099) (BuildId: 8b5fd780bc803bcb3cfa6978d03b2c4e81704d73)
    #3 0x7f27ca914602 in amd_comgr_get_isa_metadata (/opt/rocm/lib/asan/libamd_comgr.so.2+0x4042602) (BuildId: 8b5fd780bc803bcb3cfa6978d03b2c4e81704d73)
    #4 0x7f27d1f613f1  (/opt/rocm/lib/asan/libamdhip64.so.6+0xc473f1) (BuildId: 28bb193e97f94af7bf5f4ef84d3f5f691ccd0b57)
    #5 0x7f27d1f5b953  (/opt/rocm/lib/asan/libamdhip64.so.6+0xc41953) (BuildId: 28bb193e97f94af7bf5f4ef84d3f5f691ccd0b57)
    #6 0x7f27d1f5940b  (/opt/rocm/lib/asan/libamdhip64.so.6+0xc3f40b) (BuildId: 28bb193e97f94af7bf5f4ef84d3f5f691ccd0b57)
    #7 0x7f27d1d82fe8  (/opt/rocm/lib/asan/libamdhip64.so.6+0xa68fe8) (BuildId: 28bb193e97f94af7bf5f4ef84d3f5f691ccd0b57)
    #8 0x7f27d0dad4de in __pthread_once_slow /build/glibc-BHL3KM/glibc-2.31/nptl/pthread_once.c:116:7

Indirect leak of 3 byte(s) in 3 object(s) allocated from:
    #0 0x7f27d3935d57 in operator new[](unsigned long) /long_pathname_so_that_rpms_can_package_the_debug_info/src/external/llvm-project/compiler-rt/lib/asan/asan_new_delete.cpp:98:3
    #1 0x7f27ca990789  (/opt/rocm/lib/asan/libamd_comgr.so.2+0x40be789) (BuildId: 8b5fd780bc803bcb3cfa6978d03b2c4e81704d73)
    #2 0x7f27ca983d81  (/opt/rocm/lib/asan/libamd_comgr.so.2+0x40b1d81) (BuildId: 8b5fd780bc803bcb3cfa6978d03b2c4e81704d73)
    #3 0x7f27ca914602 in amd_comgr_get_isa_metadata (/opt/rocm/lib/asan/libamd_comgr.so.2+0x4042602) (BuildId: 8b5fd780bc803bcb3cfa6978d03b2c4e81704d73)
    #4 0x7f27d1f613f1  (/opt/rocm/lib/asan/libamdhip64.so.6+0xc473f1) (BuildId: 28bb193e97f94af7bf5f4ef84d3f5f691ccd0b57)
    #5 0x7f27d1f5b953  (/opt/rocm/lib/asan/libamdhip64.so.6+0xc41953) (BuildId: 28bb193e97f94af7bf5f4ef84d3f5f691ccd0b57)
    #6 0x7f27d1f5940b  (/opt/rocm/lib/asan/libamdhip64.so.6+0xc3f40b) (BuildId: 28bb193e97f94af7bf5f4ef84d3f5f691ccd0b57)
    #7 0x7f27d1d82fe8  (/opt/rocm/lib/asan/libamdhip64.so.6+0xa68fe8) (BuildId: 28bb193e97f94af7bf5f4ef84d3f5f691ccd0b57)
    #8 0x7f27d0dad4de in __pthread_once_slow /build/glibc-BHL3KM/glibc-2.31/nptl/pthread_once.c:116:7

Indirect leak of 3 byte(s) in 3 object(s) allocated from:
    #0 0x7f27d3935d57 in operator new[](unsigned long) /long_pathname_so_that_rpms_can_package_the_debug_info/src/external/llvm-project/compiler-rt/lib/asan/asan_new_delete.cpp:98:3
    #1 0x7f27ca990789  (/opt/rocm/lib/asan/libamd_comgr.so.2+0x40be789) (BuildId: 8b5fd780bc803bcb3cfa6978d03b2c4e81704d73)
    #2 0x7f27ca9843b9  (/opt/rocm/lib/asan/libamd_comgr.so.2+0x40b23b9) (BuildId: 8b5fd780bc803bcb3cfa6978d03b2c4e81704d73)
    #3 0x7f27ca914602 in amd_comgr_get_isa_metadata (/opt/rocm/lib/asan/libamd_comgr.so.2+0x4042602) (BuildId: 8b5fd780bc803bcb3cfa6978d03b2c4e81704d73)
    #4 0x7f27d1f613f1  (/opt/rocm/lib/asan/libamdhip64.so.6+0xc473f1) (BuildId: 28bb193e97f94af7bf5f4ef84d3f5f691ccd0b57)
    #5 0x7f27d1f5b953  (/opt/rocm/lib/asan/libamdhip64.so.6+0xc41953) (BuildId: 28bb193e97f94af7bf5f4ef84d3f5f691ccd0b57)
    #6 0x7f27d1f5940b  (/opt/rocm/lib/asan/libamdhip64.so.6+0xc3f40b) (BuildId: 28bb193e97f94af7bf5f4ef84d3f5f691ccd0b57)
    #7 0x7f27d1d82fe8  (/opt/rocm/lib/asan/libamdhip64.so.6+0xa68fe8) (BuildId: 28bb193e97f94af7bf5f4ef84d3f5f691ccd0b57)
    #8 0x7f27d0dad4de in __pthread_once_slow /build/glibc-BHL3KM/glibc-2.31/nptl/pthread_once.c:116:7

Indirect leak of 3 byte(s) in 3 object(s) allocated from:
    #0 0x7f27d3935d57 in operator new[](unsigned long) /long_pathname_so_that_rpms_can_package_the_debug_info/src/external/llvm-project/compiler-rt/lib/asan/asan_new_delete.cpp:98:3
    #1 0x7f27ca990789  (/opt/rocm/lib/asan/libamd_comgr.so.2+0x40be789) (BuildId: 8b5fd780bc803bcb3cfa6978d03b2c4e81704d73)
    #2 0x7f27ca983b6e  (/opt/rocm/lib/asan/libamd_comgr.so.2+0x40b1b6e) (BuildId: 8b5fd780bc803bcb3cfa6978d03b2c4e81704d73)
    #3 0x7f27ca914602 in amd_comgr_get_isa_metadata (/opt/rocm/lib/asan/libamd_comgr.so.2+0x4042602) (BuildId: 8b5fd780bc803bcb3cfa6978d03b2c4e81704d73)
    #4 0x7f27d1f613f1  (/opt/rocm/lib/asan/libamdhip64.so.6+0xc473f1) (BuildId: 28bb193e97f94af7bf5f4ef84d3f5f691ccd0b57)
    #5 0x7f27d1f5b953  (/opt/rocm/lib/asan/libamdhip64.so.6+0xc41953) (BuildId: 28bb193e97f94af7bf5f4ef84d3f5f691ccd0b57)
    #6 0x7f27d1f5940b  (/opt/rocm/lib/asan/libamdhip64.so.6+0xc3f40b) (BuildId: 28bb193e97f94af7bf5f4ef84d3f5f691ccd0b57)
    #7 0x7f27d1d82fe8  (/opt/rocm/lib/asan/libamdhip64.so.6+0xa68fe8) (BuildId: 28bb193e97f94af7bf5f4ef84d3f5f691ccd0b57)
    #8 0x7f27d0dad4de in __pthread_once_slow /build/glibc-BHL3KM/glibc-2.31/nptl/pthread_once.c:116:7

Indirect leak of 3 byte(s) in 3 object(s) allocated from:
    #0 0x7f27d3935d57 in operator new[](unsigned long) /long_pathname_so_that_rpms_can_package_the_debug_info/src/external/llvm-project/compiler-rt/lib/asan/asan_new_delete.cpp:98:3
    #1 0x7f27ca990789  (/opt/rocm/lib/asan/libamd_comgr.so.2+0x40be789) (BuildId: 8b5fd780bc803bcb3cfa6978d03b2c4e81704d73)
    #2 0x7f27ca98328b  (/opt/rocm/lib/asan/libamd_comgr.so.2+0x40b128b) (BuildId: 8b5fd780bc803bcb3cfa6978d03b2c4e81704d73)
    #3 0x7f27ca914602 in amd_comgr_get_isa_metadata (/opt/rocm/lib/asan/libamd_comgr.so.2+0x4042602) (BuildId: 8b5fd780bc803bcb3cfa6978d03b2c4e81704d73)
    #4 0x7f27d1f613f1  (/opt/rocm/lib/asan/libamdhip64.so.6+0xc473f1) (BuildId: 28bb193e97f94af7bf5f4ef84d3f5f691ccd0b57)
    #5 0x7f27d1f5b953  (/opt/rocm/lib/asan/libamdhip64.so.6+0xc41953) (BuildId: 28bb193e97f94af7bf5f4ef84d3f5f691ccd0b57)
    #6 0x7f27d1f5940b  (/opt/rocm/lib/asan/libamdhip64.so.6+0xc3f40b) (BuildId: 28bb193e97f94af7bf5f4ef84d3f5f691ccd0b57)
    #7 0x7f27d1d82fe8  (/opt/rocm/lib/asan/libamdhip64.so.6+0xa68fe8) (BuildId: 28bb193e97f94af7bf5f4ef84d3f5f691ccd0b57)
    #8 0x7f27d0dad4de in __pthread_once_slow /build/glibc-BHL3KM/glibc-2.31/nptl/pthread_once.c:116:7

SUMMARY: AddressSanitizer: 23289 byte(s) leaked in 350 allocation(s).
	linux-vdso.so.1 (0x00007ffc415cd000)
	libclang_rt.asan-x86_64.so => /opt/rocm/llvm/lib/clang/17.0.0/lib/linux/libclang_rt.asan-x86_64.so (0x00007fe757717000)
	libamdhip64.so.6 => /opt/rocm/lib/asan/libamdhip64.so.6 (0x00007fe755255000)
	libstdc++.so.6 => /lib/x86_64-linux-gnu/libstdc++.so.6 (0x00007fe75505e000)
	libm.so.6 => /lib/x86_64-linux-gnu/libm.so.6 (0x00007fe754f0f000)
	libgcc_s.so.1 => /lib/x86_64-linux-gnu/libgcc_s.so.1 (0x00007fe754ef4000)
	libc.so.6 => /lib/x86_64-linux-gnu/libc.so.6 (0x00007fe754d00000)
	libdl.so.2 => /lib/x86_64-linux-gnu/libdl.so.2 (0x00007fe754cfa000)
	libpthread.so.0 => /lib/x86_64-linux-gnu/libpthread.so.0 (0x00007fe754cd7000)
	librt.so.1 => /lib/x86_64-linux-gnu/librt.so.1 (0x00007fe754ccd000)
	libamd_comgr.so.2 => /opt/rocm/lib/asan/libamd_comgr.so.2 (0x00007fe74a80d000)
	libhsa-runtime64.so.1 => /opt/rocm/lib/asan/libhsa-runtime64.so.1 (0x00007fe74a2b3000)
	libnuma.so.1 => /lib/x86_64-linux-gnu/libnuma.so.1 (0x00007fe74a2a4000)
	/lib64/ld-linux-x86-64.so.2 (0x00007fe758288000)
	libz.so.1 => /lib/x86_64-linux-gnu/libz.so.1 (0x00007fe74a288000)
	libtinfo.so.6 => /lib/x86_64-linux-gnu/libtinfo.so.6 (0x00007fe74a258000)
	libelf.so.1 => /lib/x86_64-linux-gnu/libelf.so.1 (0x00007fe74a23c000)
	libdrm.so.2 => /opt/amdgpu/lib/x86_64-linux-gnu/libdrm.so.2 (0x00007fe74a223000)
	libdrm_amdgpu.so.1 => /opt/amdgpu/lib/x86_64-linux-gnu/libdrm_amdgpu.so.1 (0x00007fe74a213000)
