-- The C compiler identification is Clang 17.0.0
-- The CXX compiler identification is Clang 17.0.0
-- Detecting C compiler ABI info
-- Detecting C compiler ABI info - done
-- Detecting C compile features
-- Detecting C compile features - done
-- Detecting CXX compiler ABI info
-- Detecting CXX compiler ABI info - done
-- Detecting CXX compile features
-- Detecting CXX compile features - done
-- Looking for pthread.h
-- Looking for pthread.h - found
-- Performing Test CMAKE_HAVE_LIBC_PTHREAD
-- Performing Test CMAKE_HAVE_LIBC_PTHREAD - Failed
-- Looking for pthread_create in pthreads
-- Looking for pthread_create in pthreads - not found
-- Looking for pthread_create in pthread
-- Looking for pthread_create in pthread - found
-- Found Threads: TRUE  
-- Performing Test HIP_CLANG_SUPPORTS_PARALLEL_JOBS
-- Performing Test HIP_CLANG_SUPPORTS_PARALLEL_JOBS - Success
-- Could NOT find Vulkan (missing: Vulkan_LIBRARY Vulkan_INCLUDE_DIR) 
Error: Unable to locate Vulkan SDK. please specify VULKAN_PATH
-- Configuring done
-- Generating done
-- Build files have been written to: /home/taccuser/asan/samples/2_Cookbook/20_hip_vulkan/build
./run_samples.sh: line 309: ./hip_vulkan: No such file or directory
ldd: ./hip_vulkan: No such file or directory
