Performing C SOURCE FILE Test CMAKE_HAVE_LIBC_PTHREAD failed with the following output:
Change Dir: /home/taccuser/asan/samples/0_Intro/module_api/build/CMakeFiles/CMakeTmp

Run Build Command(s):/usr/bin/make cmTC_4db45/fast && /usr/bin/make -f CMakeFiles/cmTC_4db45.dir/build.make CMakeFiles/cmTC_4db45.dir/build
make[1]: Entering directory '/home/taccuser/asan/samples/0_Intro/module_api/build/CMakeFiles/CMakeTmp'
Building C object CMakeFiles/cmTC_4db45.dir/src.c.o
/opt/rocm/llvm/bin/clang   -DCMAKE_HAVE_LIBC_PTHREAD   -o CMakeFiles/cmTC_4db45.dir/src.c.o   -c /home/taccuser/asan/samples/0_Intro/module_api/build/CMakeFiles/CMakeTmp/src.c
Linking C executable cmTC_4db45
/usr/bin/cmake -E cmake_link_script CMakeFiles/cmTC_4db45.dir/link.txt --verbose=1
/opt/rocm/llvm/bin/clang  -DCMAKE_HAVE_LIBC_PTHREAD    CMakeFiles/cmTC_4db45.dir/src.c.o  -o cmTC_4db45 
ld.lld: error: undefined symbol: pthread_create
>>> referenced by src.c
>>>               CMakeFiles/cmTC_4db45.dir/src.c.o:(main)

ld.lld: error: undefined symbol: pthread_detach
>>> referenced by src.c
>>>               CMakeFiles/cmTC_4db45.dir/src.c.o:(main)

ld.lld: error: undefined symbol: pthread_join
>>> referenced by src.c
>>>               CMakeFiles/cmTC_4db45.dir/src.c.o:(main)
clang: error: linker command failed with exit code 1 (use -v to see invocation)
make[1]: *** [CMakeFiles/cmTC_4db45.dir/build.make:87: cmTC_4db45] Error 1
make[1]: Leaving directory '/home/taccuser/asan/samples/0_Intro/module_api/build/CMakeFiles/CMakeTmp'
make: *** [Makefile:121: cmTC_4db45/fast] Error 2


Source file was:
#include <pthread.h>

void* test_func(void* data)
{
  return data;
}

int main(void)
{
  pthread_t thread;
  pthread_create(&thread, NULL, test_func, NULL);
  pthread_detach(thread);
  pthread_join(thread, NULL);
  pthread_atfork(NULL, NULL, NULL);
  pthread_exit(NULL);

  return 0;
}

Determining if the function pthread_create exists in the pthreads failed with the following output:
Change Dir: /home/taccuser/asan/samples/0_Intro/module_api/build/CMakeFiles/CMakeTmp

Run Build Command(s):/usr/bin/make cmTC_f6d16/fast && /usr/bin/make -f CMakeFiles/cmTC_f6d16.dir/build.make CMakeFiles/cmTC_f6d16.dir/build
make[1]: Entering directory '/home/taccuser/asan/samples/0_Intro/module_api/build/CMakeFiles/CMakeTmp'
Building C object CMakeFiles/cmTC_f6d16.dir/CheckFunctionExists.c.o
/opt/rocm/llvm/bin/clang   -DCHECK_FUNCTION_EXISTS=pthread_create   -o CMakeFiles/cmTC_f6d16.dir/CheckFunctionExists.c.o   -c /usr/share/cmake-3.16/Modules/CheckFunctionExists.c
Linking C executable cmTC_f6d16
/usr/bin/cmake -E cmake_link_script CMakeFiles/cmTC_f6d16.dir/link.txt --verbose=1
/opt/rocm/llvm/bin/clang  -DCHECK_FUNCTION_EXISTS=pthread_create    CMakeFiles/cmTC_f6d16.dir/CheckFunctionExists.c.o  -o cmTC_f6d16  -lpthreads 
ld.lld: error: unable to find library -lpthreads
clang: error: linker command failed with exit code 1 (use -v to see invocation)
make[1]: *** [CMakeFiles/cmTC_f6d16.dir/build.make:87: cmTC_f6d16] Error 1
make[1]: Leaving directory '/home/taccuser/asan/samples/0_Intro/module_api/build/CMakeFiles/CMakeTmp'
make: *** [Makefile:121: cmTC_f6d16/fast] Error 2



