-- The C compiler identification is Clang 17.0.0
-- The CXX compiler identification is Clang 17.0.0
-- Check for working C compiler: /opt/rocm/llvm/bin/clang
-- Check for working C compiler: /opt/rocm/llvm/bin/clang -- works
-- Detecting C compiler ABI info
-- Detecting C compiler ABI info - done
-- Detecting C compile features
-- Detecting C compile features - done
-- Check for working CXX compiler: /opt/rocm/llvm/bin/clang
-- Check for working CXX compiler: /opt/rocm/llvm/bin/clang -- works
-- Detecting CXX compiler ABI info
-- Detecting CXX compiler ABI info - done
-- Detecting CXX compile features
-- Detecting CXX compile features - done
-- Looking for pthread.h
-- Looking for pthread.h - found
-- Performing Test CMAKE_HAVE_LIBC_PTHREAD
-- Performing Test CMAKE_HAVE_LIBC_PTHREAD - Failed
-- Looking for pthread_create in pthreads
-- Looking for pthread_create in pthreads - not found
-- Looking for pthread_create in pthread
-- Looking for pthread_create in pthread - found
-- Found Threads: TRUE  
-- Performing Test HIP_CLANG_SUPPORTS_PARALLEL_JOBS
-- Performing Test HIP_CLANG_SUPPORTS_PARALLEL_JOBS - Success
-- Configuring done
-- Generating done
-- Build files have been written to: /home/taccuser/asan/samples/2_Cookbook/0_MatrixTranspose/build
Scanning dependencies of target MatrixTranspose
[ 50%] Building CXX object CMakeFiles/MatrixTranspose.dir/MatrixTranspose.cpp.o
[100%] Linking CXX executable MatrixTranspose
[100%] Built target MatrixTranspose
	linux-vdso.so.1 (0x00007ffe3fd9b000)
	libclang_rt.asan-x86_64.so => /opt/rocm/llvm/lib/clang/17.0.0/lib/linux/libclang_rt.asan-x86_64.so (0x00007f2f6c8ef000)
	libamdhip64.so.6 => /opt/rocm/lib/asan/libamdhip64.so.6 (0x00007f2f6a42d000)
	libstdc++.so.6 => /lib/x86_64-linux-gnu/libstdc++.so.6 (0x00007f2f6a236000)
	libm.so.6 => /lib/x86_64-linux-gnu/libm.so.6 (0x00007f2f6a0e7000)
	libgcc_s.so.1 => /lib/x86_64-linux-gnu/libgcc_s.so.1 (0x00007f2f6a0cc000)
	libc.so.6 => /lib/x86_64-linux-gnu/libc.so.6 (0x00007f2f69ed8000)
	libdl.so.2 => /lib/x86_64-linux-gnu/libdl.so.2 (0x00007f2f69ed2000)
	libpthread.so.0 => /lib/x86_64-linux-gnu/libpthread.so.0 (0x00007f2f69eaf000)
	librt.so.1 => /lib/x86_64-linux-gnu/librt.so.1 (0x00007f2f69ea5000)
	libamd_comgr.so.2 => /opt/rocm/lib/asan/libamd_comgr.so.2 (0x00007f2f5f9e5000)
	libhsa-runtime64.so.1 => /opt/rocm/lib/asan/libhsa-runtime64.so.1 (0x00007f2f5f48b000)
	libnuma.so.1 => /lib/x86_64-linux-gnu/libnuma.so.1 (0x00007f2f5f47c000)
	/lib64/ld-linux-x86-64.so.2 (0x00007f2f6d460000)
	libz.so.1 => /lib/x86_64-linux-gnu/libz.so.1 (0x00007f2f5f460000)
	libtinfo.so.6 => /lib/x86_64-linux-gnu/libtinfo.so.6 (0x00007f2f5f430000)
	libelf.so.1 => /lib/x86_64-linux-gnu/libelf.so.1 (0x00007f2f5f414000)
	libdrm.so.2 => /opt/amdgpu/lib/x86_64-linux-gnu/libdrm.so.2 (0x00007f2f5f3fb000)
	libdrm_amdgpu.so.1 => /opt/amdgpu/lib/x86_64-linux-gnu/libdrm_amdgpu.so.1 (0x00007f2f5f3eb000)
