-- The C compiler identification is Clang 17.0.0
-- The CXX compiler identification is Clang 17.0.0
-- Check for working C compiler: /opt/rocm/llvm/bin/clang
-- Check for working C compiler: /opt/rocm/llvm/bin/clang -- works
-- Detecting C compiler ABI info
-- Detecting C compiler ABI info - done
-- Detecting C compile features
-- Detecting C compile features - done
-- Check for working CXX compiler: /opt/rocm/llvm/bin/clang
-- Check for working CXX compiler: /opt/rocm/llvm/bin/clang -- works
-- Detecting CXX compiler ABI info
-- Detecting CXX compiler ABI info - done
-- Detecting CXX compile features
-- Detecting CXX compile features - done
-- Looking for pthread.h
-- Looking for pthread.h - found
-- Performing Test CMAKE_HAVE_LIBC_PTHREAD
-- Performing Test CMAKE_HAVE_LIBC_PTHREAD - Failed
-- Looking for pthread_create in pthreads
-- Looking for pthread_create in pthreads - not found
-- Looking for pthread_create in pthread
-- Looking for pthread_create in pthread - found
-- Found Threads: TRUE  
-- Performing Test HIP_CLANG_SUPPORTS_PARALLEL_JOBS
-- Performing Test HIP_CLANG_SUPPORTS_PARALLEL_JOBS - Success
-- Configuring done
-- Generating done
-- Build files have been written to: /home/taccuser/asan/samples/2_Cookbook/4_shfl/build
Scanning dependencies of target shfl
[ 50%] Building CXX object CMakeFiles/shfl.dir/shfl.cpp.o
[100%] Linking CXX executable shfl
[100%] Built target shfl
Device name AMD Instinct MI210
PASSED!

=================================================================
==89843==ERROR: LeakSanitizer: detected memory leaks

Direct leak of 2304 byte(s) in 32 object(s) allocated from:
    #0 0x7fb54cdbabf7 in operator new(unsigned long) /long_pathname_so_that_rpms_can_package_the_debug_info/src/external/llvm-project/compiler-rt/lib/asan/asan_new_delete.cpp:95:3
    #1 0x7fb53f97947e  (/opt/rocm/lib/asan/libhsa-runtime64.so.1+0x17c47e) (BuildId: 43667e531140fcd7a8f8e300f20ebfe335d9271f)
    #2 0x7fb54b479f26  (/opt/rocm/lib/asan/libamdhip64.so.6+0xcdaf26) (BuildId: 28bb193e97f94af7bf5f4ef84d3f5f691ccd0b57)
    #3 0x7fb54b4840a8  (/opt/rocm/lib/asan/libamdhip64.so.6+0xce50a8) (BuildId: 28bb193e97f94af7bf5f4ef84d3f5f691ccd0b57)
    #4 0x7fb54b3eada9  (/opt/rocm/lib/asan/libamdhip64.so.6+0xc4bda9) (BuildId: 28bb193e97f94af7bf5f4ef84d3f5f691ccd0b57)
    #5 0x7fb54b346612  (/opt/rocm/lib/asan/libamdhip64.so.6+0xba7612) (BuildId: 28bb193e97f94af7bf5f4ef84d3f5f691ccd0b57)
    #6 0x7fb54b03b096  (/opt/rocm/lib/asan/libamdhip64.so.6+0x89c096) (BuildId: 28bb193e97f94af7bf5f4ef84d3f5f691ccd0b57)
    #7 0x7fb54ab5cc89  (/opt/rocm/lib/asan/libamdhip64.so.6+0x3bdc89) (BuildId: 28bb193e97f94af7bf5f4ef84d3f5f691ccd0b57)
    #8 0x7fb54ada03e3 in hipMemcpy (/opt/rocm/lib/asan/libamdhip64.so.6+0x6013e3) (BuildId: 28bb193e97f94af7bf5f4ef84d3f5f691ccd0b57)
    #9 0x21ea33 in main (/home/taccuser/asan/samples/2_Cookbook/4_shfl/build/shfl+0x21ea33)
    #10 0x7fb54a26e082 in __libc_start_main /build/glibc-BHL3KM/glibc-2.31/csu/../csu/libc-start.c:308:16

Direct leak of 224 byte(s) in 4 object(s) allocated from:
    #0 0x7fb54cdbabf7 in operator new(unsigned long) /long_pathname_so_that_rpms_can_package_the_debug_info/src/external/llvm-project/compiler-rt/lib/asan/asan_new_delete.cpp:95:3
    #1 0x7fb53f978dfb  (/opt/rocm/lib/asan/libhsa-runtime64.so.1+0x17bdfb) (BuildId: 43667e531140fcd7a8f8e300f20ebfe335d9271f)
    #2 0x7fb54b483e11  (/opt/rocm/lib/asan/libamdhip64.so.6+0xce4e11) (BuildId: 28bb193e97f94af7bf5f4ef84d3f5f691ccd0b57)
    #3 0x7fb54b3eada9  (/opt/rocm/lib/asan/libamdhip64.so.6+0xc4bda9) (BuildId: 28bb193e97f94af7bf5f4ef84d3f5f691ccd0b57)
    #4 0x7fb54b346612  (/opt/rocm/lib/asan/libamdhip64.so.6+0xba7612) (BuildId: 28bb193e97f94af7bf5f4ef84d3f5f691ccd0b57)
    #5 0x7fb54b03b096  (/opt/rocm/lib/asan/libamdhip64.so.6+0x89c096) (BuildId: 28bb193e97f94af7bf5f4ef84d3f5f691ccd0b57)
    #6 0x7fb54ab5cc89  (/opt/rocm/lib/asan/libamdhip64.so.6+0x3bdc89) (BuildId: 28bb193e97f94af7bf5f4ef84d3f5f691ccd0b57)
    #7 0x7fb54ada03e3 in hipMemcpy (/opt/rocm/lib/asan/libamdhip64.so.6+0x6013e3) (BuildId: 28bb193e97f94af7bf5f4ef84d3f5f691ccd0b57)
    #8 0x21ea33 in main (/home/taccuser/asan/samples/2_Cookbook/4_shfl/build/shfl+0x21ea33)
    #9 0x7fb54a26e082 in __libc_start_main /build/glibc-BHL3KM/glibc-2.31/csu/../csu/libc-start.c:308:16

Direct leak of 216 byte(s) in 3 object(s) allocated from:
    #0 0x7fb54cdbabf7 in operator new(unsigned long) /long_pathname_so_that_rpms_can_package_the_debug_info/src/external/llvm-project/compiler-rt/lib/asan/asan_new_delete.cpp:95:3
    #1 0x7fb53f97947e  (/opt/rocm/lib/asan/libhsa-runtime64.so.1+0x17c47e) (BuildId: 43667e531140fcd7a8f8e300f20ebfe335d9271f)
    #2 0x7fb54b3e0cd5  (/opt/rocm/lib/asan/libamdhip64.so.6+0xc41cd5) (BuildId: 28bb193e97f94af7bf5f4ef84d3f5f691ccd0b57)
    #3 0x7fb54b3de40b  (/opt/rocm/lib/asan/libamdhip64.so.6+0xc3f40b) (BuildId: 28bb193e97f94af7bf5f4ef84d3f5f691ccd0b57)
    #4 0x7fb54b207fe8  (/opt/rocm/lib/asan/libamdhip64.so.6+0xa68fe8) (BuildId: 28bb193e97f94af7bf5f4ef84d3f5f691ccd0b57)
    #5 0x7fb54a2324de in __pthread_once_slow /build/glibc-BHL3KM/glibc-2.31/nptl/pthread_once.c:116:7

Direct leak of 120 byte(s) in 3 object(s) allocated from:
    #0 0x7fb54cdbaeaf in operator new(unsigned long, std::nothrow_t const&) /long_pathname_so_that_rpms_can_package_the_debug_info/src/external/llvm-project/compiler-rt/lib/asan/asan_new_delete.cpp:101:3
    #1 0x7fb543da2a48 in amd_comgr_metadata_lookup (/opt/rocm/lib/asan/libamd_comgr.so.2+0x404ba48) (BuildId: 8b5fd780bc803bcb3cfa6978d03b2c4e81704d73)
    #2 0x7fb54b3ea968  (/opt/rocm/lib/asan/libamdhip64.so.6+0xc4b968) (BuildId: 28bb193e97f94af7bf5f4ef84d3f5f691ccd0b57)
    #3 0x7fb54b3e64df  (/opt/rocm/lib/asan/libamdhip64.so.6+0xc474df) (BuildId: 28bb193e97f94af7bf5f4ef84d3f5f691ccd0b57)
    #4 0x7fb54b3e0953  (/opt/rocm/lib/asan/libamdhip64.so.6+0xc41953) (BuildId: 28bb193e97f94af7bf5f4ef84d3f5f691ccd0b57)
    #5 0x7fb54b3de40b  (/opt/rocm/lib/asan/libamdhip64.so.6+0xc3f40b) (BuildId: 28bb193e97f94af7bf5f4ef84d3f5f691ccd0b57)
    #6 0x7fb54b207fe8  (/opt/rocm/lib/asan/libamdhip64.so.6+0xa68fe8) (BuildId: 28bb193e97f94af7bf5f4ef84d3f5f691ccd0b57)
    #7 0x7fb54a2324de in __pthread_once_slow /build/glibc-BHL3KM/glibc-2.31/nptl/pthread_once.c:116:7

Direct leak of 120 byte(s) in 3 object(s) allocated from:
    #0 0x7fb54cdbaeaf in operator new(unsigned long, std::nothrow_t const&) /long_pathname_so_that_rpms_can_package_the_debug_info/src/external/llvm-project/compiler-rt/lib/asan/asan_new_delete.cpp:101:3
    #1 0x7fb543da2a48 in amd_comgr_metadata_lookup (/opt/rocm/lib/asan/libamd_comgr.so.2+0x404ba48) (BuildId: 8b5fd780bc803bcb3cfa6978d03b2c4e81704d73)
    #2 0x7fb54b3ea968  (/opt/rocm/lib/asan/libamdhip64.so.6+0xc4b968) (BuildId: 28bb193e97f94af7bf5f4ef84d3f5f691ccd0b57)
    #3 0x7fb54b3e6602  (/opt/rocm/lib/asan/libamdhip64.so.6+0xc47602) (BuildId: 28bb193e97f94af7bf5f4ef84d3f5f691ccd0b57)
    #4 0x7fb54b3e0953  (/opt/rocm/lib/asan/libamdhip64.so.6+0xc41953) (BuildId: 28bb193e97f94af7bf5f4ef84d3f5f691ccd0b57)
    #5 0x7fb54b3de40b  (/opt/rocm/lib/asan/libamdhip64.so.6+0xc3f40b) (BuildId: 28bb193e97f94af7bf5f4ef84d3f5f691ccd0b57)
    #6 0x7fb54b207fe8  (/opt/rocm/lib/asan/libamdhip64.so.6+0xa68fe8) (BuildId: 28bb193e97f94af7bf5f4ef84d3f5f691ccd0b57)
    #7 0x7fb54a2324de in __pthread_once_slow /build/glibc-BHL3KM/glibc-2.31/nptl/pthread_once.c:116:7

Direct leak of 120 byte(s) in 3 object(s) allocated from:
    #0 0x7fb54cdbaeaf in operator new(unsigned long, std::nothrow_t const&) /long_pathname_so_that_rpms_can_package_the_debug_info/src/external/llvm-project/compiler-rt/lib/asan/asan_new_delete.cpp:101:3
    #1 0x7fb543d991f6 in amd_comgr_get_isa_metadata (/opt/rocm/lib/asan/libamd_comgr.so.2+0x40421f6) (BuildId: 8b5fd780bc803bcb3cfa6978d03b2c4e81704d73)
    #2 0x7fb54b3e63f1  (/opt/rocm/lib/asan/libamdhip64.so.6+0xc473f1) (BuildId: 28bb193e97f94af7bf5f4ef84d3f5f691ccd0b57)
    #3 0x7fb54b3e0953  (/opt/rocm/lib/asan/libamdhip64.so.6+0xc41953) (BuildId: 28bb193e97f94af7bf5f4ef84d3f5f691ccd0b57)
    #4 0x7fb54b3de40b  (/opt/rocm/lib/asan/libamdhip64.so.6+0xc3f40b) (BuildId: 28bb193e97f94af7bf5f4ef84d3f5f691ccd0b57)
    #5 0x7fb54b207fe8  (/opt/rocm/lib/asan/libamdhip64.so.6+0xa68fe8) (BuildId: 28bb193e97f94af7bf5f4ef84d3f5f691ccd0b57)
    #6 0x7fb54a2324de in __pthread_once_slow /build/glibc-BHL3KM/glibc-2.31/nptl/pthread_once.c:116:7

Direct leak of 72 byte(s) in 1 object(s) allocated from:
    #0 0x7fb54cdbabf7 in operator new(unsigned long) /long_pathname_so_that_rpms_can_package_the_debug_info/src/external/llvm-project/compiler-rt/lib/asan/asan_new_delete.cpp:95:3
    #1 0x7fb53f93e355  (/opt/rocm/lib/asan/libhsa-runtime64.so.1+0x141355) (BuildId: 43667e531140fcd7a8f8e300f20ebfe335d9271f)
    #2 0x7fb53f92d166  (/opt/rocm/lib/asan/libhsa-runtime64.so.1+0x130166) (BuildId: 43667e531140fcd7a8f8e300f20ebfe335d9271f)
    #3 0x7fb53f964ab9  (/opt/rocm/lib/asan/libhsa-runtime64.so.1+0x167ab9) (BuildId: 43667e531140fcd7a8f8e300f20ebfe335d9271f)
    #4 0x7fb54b3f4111  (/opt/rocm/lib/asan/libamdhip64.so.6+0xc55111) (BuildId: 28bb193e97f94af7bf5f4ef84d3f5f691ccd0b57)
    #5 0x7fb54b483ba1  (/opt/rocm/lib/asan/libamdhip64.so.6+0xce4ba1) (BuildId: 28bb193e97f94af7bf5f4ef84d3f5f691ccd0b57)
    #6 0x7fb54b3eada9  (/opt/rocm/lib/asan/libamdhip64.so.6+0xc4bda9) (BuildId: 28bb193e97f94af7bf5f4ef84d3f5f691ccd0b57)
    #7 0x7fb54b346612  (/opt/rocm/lib/asan/libamdhip64.so.6+0xba7612) (BuildId: 28bb193e97f94af7bf5f4ef84d3f5f691ccd0b57)
    #8 0x7fb54b03b096  (/opt/rocm/lib/asan/libamdhip64.so.6+0x89c096) (BuildId: 28bb193e97f94af7bf5f4ef84d3f5f691ccd0b57)
    #9 0x7fb54ab5cc89  (/opt/rocm/lib/asan/libamdhip64.so.6+0x3bdc89) (BuildId: 28bb193e97f94af7bf5f4ef84d3f5f691ccd0b57)
    #10 0x7fb54ada03e3 in hipMemcpy (/opt/rocm/lib/asan/libamdhip64.so.6+0x6013e3) (BuildId: 28bb193e97f94af7bf5f4ef84d3f5f691ccd0b57)
    #11 0x21ea33 in main (/home/taccuser/asan/samples/2_Cookbook/4_shfl/build/shfl+0x21ea33)
    #12 0x7fb54a26e082 in __libc_start_main /build/glibc-BHL3KM/glibc-2.31/csu/../csu/libc-start.c:308:16

Direct leak of 72 byte(s) in 1 object(s) allocated from:
    #0 0x7fb54cdbabf7 in operator new(unsigned long) /long_pathname_so_that_rpms_can_package_the_debug_info/src/external/llvm-project/compiler-rt/lib/asan/asan_new_delete.cpp:95:3
    #1 0x7fb53f97947e  (/opt/rocm/lib/asan/libhsa-runtime64.so.1+0x17c47e) (BuildId: 43667e531140fcd7a8f8e300f20ebfe335d9271f)
    #2 0x7fb53f9bcf73  (/opt/rocm/lib/asan/libhsa-runtime64.so.1+0x1bff73) (BuildId: 43667e531140fcd7a8f8e300f20ebfe335d9271f)
    #3 0x7fb53f9b3c9b  (/opt/rocm/lib/asan/libhsa-runtime64.so.1+0x1b6c9b) (BuildId: 43667e531140fcd7a8f8e300f20ebfe335d9271f)
    #4 0x7fb53f9b38c5  (/opt/rocm/lib/asan/libhsa-runtime64.so.1+0x1b68c5) (BuildId: 43667e531140fcd7a8f8e300f20ebfe335d9271f)
    #5 0x7fb53f9611c5  (/opt/rocm/lib/asan/libhsa-runtime64.so.1+0x1641c5) (BuildId: 43667e531140fcd7a8f8e300f20ebfe335d9271f)
    #6 0x7fb54b207fe8  (/opt/rocm/lib/asan/libamdhip64.so.6+0xa68fe8) (BuildId: 28bb193e97f94af7bf5f4ef84d3f5f691ccd0b57)
    #7 0x7fb54a2324de in __pthread_once_slow /build/glibc-BHL3KM/glibc-2.31/nptl/pthread_once.c:116:7

Direct leak of 72 byte(s) in 1 object(s) allocated from:
    #0 0x7fb54cdbabf7 in operator new(unsigned long) /long_pathname_so_that_rpms_can_package_the_debug_info/src/external/llvm-project/compiler-rt/lib/asan/asan_new_delete.cpp:95:3
    #1 0x7fb53f97947e  (/opt/rocm/lib/asan/libhsa-runtime64.so.1+0x17c47e) (BuildId: 43667e531140fcd7a8f8e300f20ebfe335d9271f)
    #2 0x7fb54b479f26  (/opt/rocm/lib/asan/libamdhip64.so.6+0xcdaf26) (BuildId: 28bb193e97f94af7bf5f4ef84d3f5f691ccd0b57)
    #3 0x7fb54b4840a8  (/opt/rocm/lib/asan/libamdhip64.so.6+0xce50a8) (BuildId: 28bb193e97f94af7bf5f4ef84d3f5f691ccd0b57)
    #4 0x7fb54b3eada9  (/opt/rocm/lib/asan/libamdhip64.so.6+0xc4bda9) (BuildId: 28bb193e97f94af7bf5f4ef84d3f5f691ccd0b57)
    #5 0x7fb54b346612  (/opt/rocm/lib/asan/libamdhip64.so.6+0xba7612) (BuildId: 28bb193e97f94af7bf5f4ef84d3f5f691ccd0b57)
    #6 0x7fb54b24ea44  (/opt/rocm/lib/asan/libamdhip64.so.6+0xaafa44) (BuildId: 28bb193e97f94af7bf5f4ef84d3f5f691ccd0b57)
    #7 0x7fb54b39fc91  (/opt/rocm/lib/asan/libamdhip64.so.6+0xc00c91) (BuildId: 28bb193e97f94af7bf5f4ef84d3f5f691ccd0b57)
    #8 0x7fb54abcf8a3  (/opt/rocm/lib/asan/libamdhip64.so.6+0x4308a3) (BuildId: 28bb193e97f94af7bf5f4ef84d3f5f691ccd0b57)
    #9 0x7fb54abe23ad  (/opt/rocm/lib/asan/libamdhip64.so.6+0x4433ad) (BuildId: 28bb193e97f94af7bf5f4ef84d3f5f691ccd0b57)
    #10 0x7fb54aad2c5a  (/opt/rocm/lib/asan/libamdhip64.so.6+0x333c5a) (BuildId: 28bb193e97f94af7bf5f4ef84d3f5f691ccd0b57)
    #11 0x7fb54aff0546  (/opt/rocm/lib/asan/libamdhip64.so.6+0x851546) (BuildId: 28bb193e97f94af7bf5f4ef84d3f5f691ccd0b57)
    #12 0x7fb54af5b88d  (/opt/rocm/lib/asan/libamdhip64.so.6+0x7bc88d) (BuildId: 28bb193e97f94af7bf5f4ef84d3f5f691ccd0b57)
    #13 0x7fb54af5c4a3 in hipLaunchKernel (/opt/rocm/lib/asan/libamdhip64.so.6+0x7bd4a3) (BuildId: 28bb193e97f94af7bf5f4ef84d3f5f691ccd0b57)
    #14 0x21ec79 in main (/home/taccuser/asan/samples/2_Cookbook/4_shfl/build/shfl+0x21ec79)
    #15 0x7fb54a26e082 in __libc_start_main /build/glibc-BHL3KM/glibc-2.31/csu/../csu/libc-start.c:308:16

Direct leak of 72 byte(s) in 1 object(s) allocated from:
    #0 0x7fb54cdbabf7 in operator new(unsigned long) /long_pathname_so_that_rpms_can_package_the_debug_info/src/external/llvm-project/compiler-rt/lib/asan/asan_new_delete.cpp:95:3
    #1 0x7fb53f93e355  (/opt/rocm/lib/asan/libhsa-runtime64.so.1+0x141355) (BuildId: 43667e531140fcd7a8f8e300f20ebfe335d9271f)
    #2 0x7fb53f92d166  (/opt/rocm/lib/asan/libhsa-runtime64.so.1+0x130166) (BuildId: 43667e531140fcd7a8f8e300f20ebfe335d9271f)
    #3 0x7fb53f931529  (/opt/rocm/lib/asan/libhsa-runtime64.so.1+0x134529) (BuildId: 43667e531140fcd7a8f8e300f20ebfe335d9271f)
    #4 0x7fb53f9360f5  (/opt/rocm/lib/asan/libhsa-runtime64.so.1+0x1390f5) (BuildId: 43667e531140fcd7a8f8e300f20ebfe335d9271f)

Direct leak of 72 byte(s) in 1 object(s) allocated from:
    #0 0x7fb54cdbabf7 in operator new(unsigned long) /long_pathname_so_that_rpms_can_package_the_debug_info/src/external/llvm-project/compiler-rt/lib/asan/asan_new_delete.cpp:95:3
    #1 0x7fb53f93e355  (/opt/rocm/lib/asan/libhsa-runtime64.so.1+0x141355) (BuildId: 43667e531140fcd7a8f8e300f20ebfe335d9271f)
    #2 0x7fb53f92d166  (/opt/rocm/lib/asan/libhsa-runtime64.so.1+0x130166) (BuildId: 43667e531140fcd7a8f8e300f20ebfe335d9271f)
    #3 0x7fb53f964ab9  (/opt/rocm/lib/asan/libhsa-runtime64.so.1+0x167ab9) (BuildId: 43667e531140fcd7a8f8e300f20ebfe335d9271f)
    #4 0x7fb54b3f4111  (/opt/rocm/lib/asan/libamdhip64.so.6+0xc55111) (BuildId: 28bb193e97f94af7bf5f4ef84d3f5f691ccd0b57)
    #5 0x7fb54b483ba1  (/opt/rocm/lib/asan/libamdhip64.so.6+0xce4ba1) (BuildId: 28bb193e97f94af7bf5f4ef84d3f5f691ccd0b57)
    #6 0x7fb54b3eada9  (/opt/rocm/lib/asan/libamdhip64.so.6+0xc4bda9) (BuildId: 28bb193e97f94af7bf5f4ef84d3f5f691ccd0b57)
    #7 0x7fb54b346612  (/opt/rocm/lib/asan/libamdhip64.so.6+0xba7612) (BuildId: 28bb193e97f94af7bf5f4ef84d3f5f691ccd0b57)
    #8 0x7fb54b24ea44  (/opt/rocm/lib/asan/libamdhip64.so.6+0xaafa44) (BuildId: 28bb193e97f94af7bf5f4ef84d3f5f691ccd0b57)
    #9 0x7fb54b39fc91  (/opt/rocm/lib/asan/libamdhip64.so.6+0xc00c91) (BuildId: 28bb193e97f94af7bf5f4ef84d3f5f691ccd0b57)
    #10 0x7fb54abcf8a3  (/opt/rocm/lib/asan/libamdhip64.so.6+0x4308a3) (BuildId: 28bb193e97f94af7bf5f4ef84d3f5f691ccd0b57)
    #11 0x7fb54abe23ad  (/opt/rocm/lib/asan/libamdhip64.so.6+0x4433ad) (BuildId: 28bb193e97f94af7bf5f4ef84d3f5f691ccd0b57)
    #12 0x7fb54aad2c5a  (/opt/rocm/lib/asan/libamdhip64.so.6+0x333c5a) (BuildId: 28bb193e97f94af7bf5f4ef84d3f5f691ccd0b57)
    #13 0x7fb54aff0546  (/opt/rocm/lib/asan/libamdhip64.so.6+0x851546) (BuildId: 28bb193e97f94af7bf5f4ef84d3f5f691ccd0b57)
    #14 0x7fb54af5b88d  (/opt/rocm/lib/asan/libamdhip64.so.6+0x7bc88d) (BuildId: 28bb193e97f94af7bf5f4ef84d3f5f691ccd0b57)
    #15 0x7fb54af5c4a3 in hipLaunchKernel (/opt/rocm/lib/asan/libamdhip64.so.6+0x7bd4a3) (BuildId: 28bb193e97f94af7bf5f4ef84d3f5f691ccd0b57)
    #16 0x21ec79 in main (/home/taccuser/asan/samples/2_Cookbook/4_shfl/build/shfl+0x21ec79)
    #17 0x7fb54a26e082 in __libc_start_main /build/glibc-BHL3KM/glibc-2.31/csu/../csu/libc-start.c:308:16

Direct leak of 72 byte(s) in 1 object(s) allocated from:
    #0 0x7fb54cdbabf7 in operator new(unsigned long) /long_pathname_so_that_rpms_can_package_the_debug_info/src/external/llvm-project/compiler-rt/lib/asan/asan_new_delete.cpp:95:3
    #1 0x7fb53f97947e  (/opt/rocm/lib/asan/libhsa-runtime64.so.1+0x17c47e) (BuildId: 43667e531140fcd7a8f8e300f20ebfe335d9271f)
    #2 0x7fb53f8f5754  (/opt/rocm/lib/asan/libhsa-runtime64.so.1+0xf8754) (BuildId: 43667e531140fcd7a8f8e300f20ebfe335d9271f)
    #3 0x7fb53f9317ea  (/opt/rocm/lib/asan/libhsa-runtime64.so.1+0x1347ea) (BuildId: 43667e531140fcd7a8f8e300f20ebfe335d9271f)

Indirect leak of 5280 byte(s) in 66 object(s) allocated from:
    #0 0x7fb54cdbabf7 in operator new(unsigned long) /long_pathname_so_that_rpms_can_package_the_debug_info/src/external/llvm-project/compiler-rt/lib/asan/asan_new_delete.cpp:95:3
    #1 0x7fb549947896  (/opt/rocm/lib/asan/libamd_comgr.so.2+0x9bf0896) (BuildId: 8b5fd780bc803bcb3cfa6978d03b2c4e81704d73)

Indirect leak of 1488 byte(s) in 31 object(s) allocated from:
    #0 0x7fb54cdaa49f in malloc /long_pathname_so_that_rpms_can_package_the_debug_info/src/external/llvm-project/compiler-rt/lib/asan/asan_malloc_linux.cpp:69:3
    #1 0x7fb53fb4cb78  (/opt/rocm/lib/asan/libhsa-runtime64.so.1+0x34fb78) (BuildId: 43667e531140fcd7a8f8e300f20ebfe335d9271f)
    #2 0x7fb53f981ddc  (/opt/rocm/lib/asan/libhsa-runtime64.so.1+0x184ddc) (BuildId: 43667e531140fcd7a8f8e300f20ebfe335d9271f)
    #3 0x7fb53f982929  (/opt/rocm/lib/asan/libhsa-runtime64.so.1+0x185929) (BuildId: 43667e531140fcd7a8f8e300f20ebfe335d9271f)
    #4 0x7fb54b479f26  (/opt/rocm/lib/asan/libamdhip64.so.6+0xcdaf26) (BuildId: 28bb193e97f94af7bf5f4ef84d3f5f691ccd0b57)
    #5 0x7fb54b4840a8  (/opt/rocm/lib/asan/libamdhip64.so.6+0xce50a8) (BuildId: 28bb193e97f94af7bf5f4ef84d3f5f691ccd0b57)
    #6 0x7fb54b3eada9  (/opt/rocm/lib/asan/libamdhip64.so.6+0xc4bda9) (BuildId: 28bb193e97f94af7bf5f4ef84d3f5f691ccd0b57)
    #7 0x7fb54b346612  (/opt/rocm/lib/asan/libamdhip64.so.6+0xba7612) (BuildId: 28bb193e97f94af7bf5f4ef84d3f5f691ccd0b57)
    #8 0x7fb54b03b096  (/opt/rocm/lib/asan/libamdhip64.so.6+0x89c096) (BuildId: 28bb193e97f94af7bf5f4ef84d3f5f691ccd0b57)
    #9 0x7fb54ab5cc89  (/opt/rocm/lib/asan/libamdhip64.so.6+0x3bdc89) (BuildId: 28bb193e97f94af7bf5f4ef84d3f5f691ccd0b57)
    #10 0x7fb54ada03e3 in hipMemcpy (/opt/rocm/lib/asan/libamdhip64.so.6+0x6013e3) (BuildId: 28bb193e97f94af7bf5f4ef84d3f5f691ccd0b57)
    #11 0x21ea33 in main (/home/taccuser/asan/samples/2_Cookbook/4_shfl/build/shfl+0x21ea33)
    #12 0x7fb54a26e082 in __libc_start_main /build/glibc-BHL3KM/glibc-2.31/csu/../csu/libc-start.c:308:16

Indirect leak of 1032 byte(s) in 3 object(s) allocated from:
    #0 0x7fb54cdbaeaf in operator new(unsigned long, std::nothrow_t const&) /long_pathname_so_that_rpms_can_package_the_debug_info/src/external/llvm-project/compiler-rt/lib/asan/asan_new_delete.cpp:101:3
    #1 0x7fb543d9925f in amd_comgr_get_isa_metadata (/opt/rocm/lib/asan/libamd_comgr.so.2+0x404225f) (BuildId: 8b5fd780bc803bcb3cfa6978d03b2c4e81704d73)
    #2 0x7fb54b3e63f1  (/opt/rocm/lib/asan/libamdhip64.so.6+0xc473f1) (BuildId: 28bb193e97f94af7bf5f4ef84d3f5f691ccd0b57)
    #3 0x7fb54b3e0953  (/opt/rocm/lib/asan/libamdhip64.so.6+0xc41953) (BuildId: 28bb193e97f94af7bf5f4ef84d3f5f691ccd0b57)
    #4 0x7fb54b3de40b  (/opt/rocm/lib/asan/libamdhip64.so.6+0xc3f40b) (BuildId: 28bb193e97f94af7bf5f4ef84d3f5f691ccd0b57)
    #5 0x7fb54b207fe8  (/opt/rocm/lib/asan/libamdhip64.so.6+0xa68fe8) (BuildId: 28bb193e97f94af7bf5f4ef84d3f5f691ccd0b57)
    #6 0x7fb54a2324de in __pthread_once_slow /build/glibc-BHL3KM/glibc-2.31/nptl/pthread_once.c:116:7

Indirect leak of 768 byte(s) in 3 object(s) allocated from:
    #0 0x7fb54cdbabf7 in operator new(unsigned long) /long_pathname_so_that_rpms_can_package_the_debug_info/src/external/llvm-project/compiler-rt/lib/asan/asan_new_delete.cpp:95:3
    #1 0x7fb543e15b92  (/opt/rocm/lib/asan/libamd_comgr.so.2+0x40beb92) (BuildId: 8b5fd780bc803bcb3cfa6978d03b2c4e81704d73)

Indirect leak of 736 byte(s) in 2 object(s) allocated from:
    #0 0x7fb54cdbabf7 in operator new(unsigned long) /long_pathname_so_that_rpms_can_package_the_debug_info/src/external/llvm-project/compiler-rt/lib/asan/asan_new_delete.cpp:95:3
    #1 0x7fb54ab5ced2  (/opt/rocm/lib/asan/libamdhip64.so.6+0x3bded2) (BuildId: 28bb193e97f94af7bf5f4ef84d3f5f691ccd0b57)
    #2 0x7fb54aae961a  (/opt/rocm/lib/asan/libamdhip64.so.6+0x34a61a) (BuildId: 28bb193e97f94af7bf5f4ef84d3f5f691ccd0b57)
    #3 0x7fb54a2324de in __pthread_once_slow /build/glibc-BHL3KM/glibc-2.31/nptl/pthread_once.c:116:7

Indirect leak of 736 byte(s) in 2 object(s) allocated from:
    #0 0x7fb54cdbabf7 in operator new(unsigned long) /long_pathname_so_that_rpms_can_package_the_debug_info/src/external/llvm-project/compiler-rt/lib/asan/asan_new_delete.cpp:95:3
    #1 0x7fb54ab5ce94  (/opt/rocm/lib/asan/libamdhip64.so.6+0x3bde94) (BuildId: 28bb193e97f94af7bf5f4ef84d3f5f691ccd0b57)
    #2 0x7fb54aae961a  (/opt/rocm/lib/asan/libamdhip64.so.6+0x34a61a) (BuildId: 28bb193e97f94af7bf5f4ef84d3f5f691ccd0b57)
    #3 0x7fb54a2324de in __pthread_once_slow /build/glibc-BHL3KM/glibc-2.31/nptl/pthread_once.c:116:7

Indirect leak of 504 byte(s) in 1 object(s) allocated from:
    #0 0x7fb54cdbabf7 in operator new(unsigned long) /long_pathname_so_that_rpms_can_package_the_debug_info/src/external/llvm-project/compiler-rt/lib/asan/asan_new_delete.cpp:95:3
    #1 0x7fb54b3ef3ca  (/opt/rocm/lib/asan/libamdhip64.so.6+0xc503ca) (BuildId: 28bb193e97f94af7bf5f4ef84d3f5f691ccd0b57)
    #2 0x7fb54b3f65fb  (/opt/rocm/lib/asan/libamdhip64.so.6+0xc575fb) (BuildId: 28bb193e97f94af7bf5f4ef84d3f5f691ccd0b57)
    #3 0x7fb54b496ac8  (/opt/rocm/lib/asan/libamdhip64.so.6+0xcf7ac8) (BuildId: 28bb193e97f94af7bf5f4ef84d3f5f691ccd0b57)
    #4 0x7fb54b331f6a  (/opt/rocm/lib/asan/libamdhip64.so.6+0xb92f6a) (BuildId: 28bb193e97f94af7bf5f4ef84d3f5f691ccd0b57)
    #5 0x7fb54af4f055  (/opt/rocm/lib/asan/libamdhip64.so.6+0x7b0055) (BuildId: 28bb193e97f94af7bf5f4ef84d3f5f691ccd0b57)
    #6 0x7fb54aff0645  (/opt/rocm/lib/asan/libamdhip64.so.6+0x851645) (BuildId: 28bb193e97f94af7bf5f4ef84d3f5f691ccd0b57)
    #7 0x7fb54af5b88d  (/opt/rocm/lib/asan/libamdhip64.so.6+0x7bc88d) (BuildId: 28bb193e97f94af7bf5f4ef84d3f5f691ccd0b57)
    #8 0x7fb54af5c4a3 in hipLaunchKernel (/opt/rocm/lib/asan/libamdhip64.so.6+0x7bd4a3) (BuildId: 28bb193e97f94af7bf5f4ef84d3f5f691ccd0b57)
    #9 0x21ec79 in main (/home/taccuser/asan/samples/2_Cookbook/4_shfl/build/shfl+0x21ec79)
    #10 0x7fb54a26e082 in __libc_start_main /build/glibc-BHL3KM/glibc-2.31/csu/../csu/libc-start.c:308:16

Indirect leak of 504 byte(s) in 1 object(s) allocated from:
    #0 0x7fb54cdbabf7 in operator new(unsigned long) /long_pathname_so_that_rpms_can_package_the_debug_info/src/external/llvm-project/compiler-rt/lib/asan/asan_new_delete.cpp:95:3
    #1 0x7fb54b3ef3ca  (/opt/rocm/lib/asan/libamdhip64.so.6+0xc503ca) (BuildId: 28bb193e97f94af7bf5f4ef84d3f5f691ccd0b57)
    #2 0x7fb54b386e47  (/opt/rocm/lib/asan/libamdhip64.so.6+0xbe7e47) (BuildId: 28bb193e97f94af7bf5f4ef84d3f5f691ccd0b57)
    #3 0x7fb54b3de40b  (/opt/rocm/lib/asan/libamdhip64.so.6+0xc3f40b) (BuildId: 28bb193e97f94af7bf5f4ef84d3f5f691ccd0b57)
    #4 0x7fb54b207fe8  (/opt/rocm/lib/asan/libamdhip64.so.6+0xa68fe8) (BuildId: 28bb193e97f94af7bf5f4ef84d3f5f691ccd0b57)
    #5 0x7fb54a2324de in __pthread_once_slow /build/glibc-BHL3KM/glibc-2.31/nptl/pthread_once.c:116:7

Indirect leak of 480 byte(s) in 2 object(s) allocated from:
    #0 0x7fb54cdbabf7 in operator new(unsigned long) /long_pathname_so_that_rpms_can_package_the_debug_info/src/external/llvm-project/compiler-rt/lib/asan/asan_new_delete.cpp:95:3
    #1 0x7fb54aae93eb  (/opt/rocm/lib/asan/libamdhip64.so.6+0x34a3eb) (BuildId: 28bb193e97f94af7bf5f4ef84d3f5f691ccd0b57)
    #2 0x7fb54a2324de in __pthread_once_slow /build/glibc-BHL3KM/glibc-2.31/nptl/pthread_once.c:116:7

Indirect leak of 208 byte(s) in 2 object(s) allocated from:
    #0 0x7fb54cdbabf7 in operator new(unsigned long) /long_pathname_so_that_rpms_can_package_the_debug_info/src/external/llvm-project/compiler-rt/lib/asan/asan_new_delete.cpp:95:3
    #1 0x7fb54b387e94  (/opt/rocm/lib/asan/libamdhip64.so.6+0xbe8e94) (BuildId: 28bb193e97f94af7bf5f4ef84d3f5f691ccd0b57)

Indirect leak of 176 byte(s) in 1 object(s) allocated from:
    #0 0x7fb54cdaa49f in malloc /long_pathname_so_that_rpms_can_package_the_debug_info/src/external/llvm-project/compiler-rt/lib/asan/asan_malloc_linux.cpp:69:3
    #1 0x7fb54b3ec35f  (/opt/rocm/lib/asan/libamdhip64.so.6+0xc4d35f) (BuildId: 28bb193e97f94af7bf5f4ef84d3f5f691ccd0b57)
    #2 0x7fb54b37e6aa  (/opt/rocm/lib/asan/libamdhip64.so.6+0xbdf6aa) (BuildId: 28bb193e97f94af7bf5f4ef84d3f5f691ccd0b57)
    #3 0x7fb54b37dc59  (/opt/rocm/lib/asan/libamdhip64.so.6+0xbdec59) (BuildId: 28bb193e97f94af7bf5f4ef84d3f5f691ccd0b57)

Indirect leak of 176 byte(s) in 1 object(s) allocated from:
    #0 0x7fb54cdaa49f in malloc /long_pathname_so_that_rpms_can_package_the_debug_info/src/external/llvm-project/compiler-rt/lib/asan/asan_malloc_linux.cpp:69:3
    #1 0x7fb54b3ec35f  (/opt/rocm/lib/asan/libamdhip64.so.6+0xc4d35f) (BuildId: 28bb193e97f94af7bf5f4ef84d3f5f691ccd0b57)
    #2 0x7fb54b37e6aa  (/opt/rocm/lib/asan/libamdhip64.so.6+0xbdf6aa) (BuildId: 28bb193e97f94af7bf5f4ef84d3f5f691ccd0b57)
    #3 0x7fb54b37e133  (/opt/rocm/lib/asan/libamdhip64.so.6+0xbdf133) (BuildId: 28bb193e97f94af7bf5f4ef84d3f5f691ccd0b57)
    #4 0x7fb54b386e47  (/opt/rocm/lib/asan/libamdhip64.so.6+0xbe7e47) (BuildId: 28bb193e97f94af7bf5f4ef84d3f5f691ccd0b57)
    #5 0x7fb54b3de40b  (/opt/rocm/lib/asan/libamdhip64.so.6+0xc3f40b) (BuildId: 28bb193e97f94af7bf5f4ef84d3f5f691ccd0b57)
    #6 0x7fb54b207fe8  (/opt/rocm/lib/asan/libamdhip64.so.6+0xa68fe8) (BuildId: 28bb193e97f94af7bf5f4ef84d3f5f691ccd0b57)
    #7 0x7fb54a2324de in __pthread_once_slow /build/glibc-BHL3KM/glibc-2.31/nptl/pthread_once.c:116:7

Indirect leak of 160 byte(s) in 4 object(s) allocated from:
    #0 0x7fb54cdbabf7 in operator new(unsigned long) /long_pathname_so_that_rpms_can_package_the_debug_info/src/external/llvm-project/compiler-rt/lib/asan/asan_new_delete.cpp:95:3
    #1 0x7fb54ab5d38a  (/opt/rocm/lib/asan/libamdhip64.so.6+0x3be38a) (BuildId: 28bb193e97f94af7bf5f4ef84d3f5f691ccd0b57)
    #2 0x7fb54ab6c1a3  (/opt/rocm/lib/asan/libamdhip64.so.6+0x3cd1a3) (BuildId: 28bb193e97f94af7bf5f4ef84d3f5f691ccd0b57)

Indirect leak of 144 byte(s) in 3 object(s) allocated from:
    #0 0x7fb54cdaa49f in malloc /long_pathname_so_that_rpms_can_package_the_debug_info/src/external/llvm-project/compiler-rt/lib/asan/asan_malloc_linux.cpp:69:3
    #1 0x7fb53fb4cb78  (/opt/rocm/lib/asan/libhsa-runtime64.so.1+0x34fb78) (BuildId: 43667e531140fcd7a8f8e300f20ebfe335d9271f)
    #2 0x7fb53f981ddc  (/opt/rocm/lib/asan/libhsa-runtime64.so.1+0x184ddc) (BuildId: 43667e531140fcd7a8f8e300f20ebfe335d9271f)
    #3 0x7fb53f982929  (/opt/rocm/lib/asan/libhsa-runtime64.so.1+0x185929) (BuildId: 43667e531140fcd7a8f8e300f20ebfe335d9271f)
    #4 0x7fb54b3e0cd5  (/opt/rocm/lib/asan/libamdhip64.so.6+0xc41cd5) (BuildId: 28bb193e97f94af7bf5f4ef84d3f5f691ccd0b57)
    #5 0x7fb54b3de40b  (/opt/rocm/lib/asan/libamdhip64.so.6+0xc3f40b) (BuildId: 28bb193e97f94af7bf5f4ef84d3f5f691ccd0b57)
    #6 0x7fb54b207fe8  (/opt/rocm/lib/asan/libamdhip64.so.6+0xa68fe8) (BuildId: 28bb193e97f94af7bf5f4ef84d3f5f691ccd0b57)
    #7 0x7fb54a2324de in __pthread_once_slow /build/glibc-BHL3KM/glibc-2.31/nptl/pthread_once.c:116:7

Indirect leak of 144 byte(s) in 3 object(s) allocated from:
    #0 0x7fb54cdbabf7 in operator new(unsigned long) /long_pathname_so_that_rpms_can_package_the_debug_info/src/external/llvm-project/compiler-rt/lib/asan/asan_new_delete.cpp:95:3
    #1 0x7fb543e14cfd  (/opt/rocm/lib/asan/libamd_comgr.so.2+0x40bdcfd) (BuildId: 8b5fd780bc803bcb3cfa6978d03b2c4e81704d73)
    #2 0x7fb543e0844f  (/opt/rocm/lib/asan/libamd_comgr.so.2+0x40b144f) (BuildId: 8b5fd780bc803bcb3cfa6978d03b2c4e81704d73)
    #3 0x7fb543d99602 in amd_comgr_get_isa_metadata (/opt/rocm/lib/asan/libamd_comgr.so.2+0x4042602) (BuildId: 8b5fd780bc803bcb3cfa6978d03b2c4e81704d73)
    #4 0x7fb54b3e63f1  (/opt/rocm/lib/asan/libamdhip64.so.6+0xc473f1) (BuildId: 28bb193e97f94af7bf5f4ef84d3f5f691ccd0b57)
    #5 0x7fb54b3e0953  (/opt/rocm/lib/asan/libamdhip64.so.6+0xc41953) (BuildId: 28bb193e97f94af7bf5f4ef84d3f5f691ccd0b57)
    #6 0x7fb54b3de40b  (/opt/rocm/lib/asan/libamdhip64.so.6+0xc3f40b) (BuildId: 28bb193e97f94af7bf5f4ef84d3f5f691ccd0b57)
    #7 0x7fb54b207fe8  (/opt/rocm/lib/asan/libamdhip64.so.6+0xa68fe8) (BuildId: 28bb193e97f94af7bf5f4ef84d3f5f691ccd0b57)
    #8 0x7fb54a2324de in __pthread_once_slow /build/glibc-BHL3KM/glibc-2.31/nptl/pthread_once.c:116:7

Indirect leak of 144 byte(s) in 3 object(s) allocated from:
    #0 0x7fb54cdbabf7 in operator new(unsigned long) /long_pathname_so_that_rpms_can_package_the_debug_info/src/external/llvm-project/compiler-rt/lib/asan/asan_new_delete.cpp:95:3
    #1 0x7fb549943c70  (/opt/rocm/lib/asan/libamd_comgr.so.2+0x9becc70) (BuildId: 8b5fd780bc803bcb3cfa6978d03b2c4e81704d73)

Indirect leak of 123 byte(s) in 3 object(s) allocated from:
    #0 0x7fb54cdbad57 in operator new[](unsigned long) /long_pathname_so_that_rpms_can_package_the_debug_info/src/external/llvm-project/compiler-rt/lib/asan/asan_new_delete.cpp:98:3
    #1 0x7fb543e15789  (/opt/rocm/lib/asan/libamd_comgr.so.2+0x40be789) (BuildId: 8b5fd780bc803bcb3cfa6978d03b2c4e81704d73)
    #2 0x7fb543e07fc8  (/opt/rocm/lib/asan/libamd_comgr.so.2+0x40b0fc8) (BuildId: 8b5fd780bc803bcb3cfa6978d03b2c4e81704d73)
    #3 0x7fb543d99602 in amd_comgr_get_isa_metadata (/opt/rocm/lib/asan/libamd_comgr.so.2+0x4042602) (BuildId: 8b5fd780bc803bcb3cfa6978d03b2c4e81704d73)
    #4 0x7fb54b3e63f1  (/opt/rocm/lib/asan/libamdhip64.so.6+0xc473f1) (BuildId: 28bb193e97f94af7bf5f4ef84d3f5f691ccd0b57)
    #5 0x7fb54b3e0953  (/opt/rocm/lib/asan/libamdhip64.so.6+0xc41953) (BuildId: 28bb193e97f94af7bf5f4ef84d3f5f691ccd0b57)
    #6 0x7fb54b3de40b  (/opt/rocm/lib/asan/libamdhip64.so.6+0xc3f40b) (BuildId: 28bb193e97f94af7bf5f4ef84d3f5f691ccd0b57)
    #7 0x7fb54b207fe8  (/opt/rocm/lib/asan/libamdhip64.so.6+0xa68fe8) (BuildId: 28bb193e97f94af7bf5f4ef84d3f5f691ccd0b57)
    #8 0x7fb54a2324de in __pthread_once_slow /build/glibc-BHL3KM/glibc-2.31/nptl/pthread_once.c:116:7

Indirect leak of 96 byte(s) in 4 object(s) allocated from:
    #0 0x7fb54cdbabf7 in operator new(unsigned long) /long_pathname_so_that_rpms_can_package_the_debug_info/src/external/llvm-project/compiler-rt/lib/asan/asan_new_delete.cpp:95:3
    #1 0x7fb54b37d9f9  (/opt/rocm/lib/asan/libamdhip64.so.6+0xbde9f9) (BuildId: 28bb193e97f94af7bf5f4ef84d3f5f691ccd0b57)

Indirect leak of 72 byte(s) in 3 object(s) allocated from:
    #0 0x7fb54cdbabf7 in operator new(unsigned long) /long_pathname_so_that_rpms_can_package_the_debug_info/src/external/llvm-project/compiler-rt/lib/asan/asan_new_delete.cpp:95:3
    #1 0x7fb543db85f0  (/opt/rocm/lib/asan/libamd_comgr.so.2+0x40615f0) (BuildId: 8b5fd780bc803bcb3cfa6978d03b2c4e81704d73)
    #2 0x7fb543d99659 in amd_comgr_get_isa_metadata (/opt/rocm/lib/asan/libamd_comgr.so.2+0x4042659) (BuildId: 8b5fd780bc803bcb3cfa6978d03b2c4e81704d73)
    #3 0x7fb54b3e63f1  (/opt/rocm/lib/asan/libamdhip64.so.6+0xc473f1) (BuildId: 28bb193e97f94af7bf5f4ef84d3f5f691ccd0b57)
    #4 0x7fb54b3e0953  (/opt/rocm/lib/asan/libamdhip64.so.6+0xc41953) (BuildId: 28bb193e97f94af7bf5f4ef84d3f5f691ccd0b57)
    #5 0x7fb54b3de40b  (/opt/rocm/lib/asan/libamdhip64.so.6+0xc3f40b) (BuildId: 28bb193e97f94af7bf5f4ef84d3f5f691ccd0b57)
    #6 0x7fb54b207fe8  (/opt/rocm/lib/asan/libamdhip64.so.6+0xa68fe8) (BuildId: 28bb193e97f94af7bf5f4ef84d3f5f691ccd0b57)
    #7 0x7fb54a2324de in __pthread_once_slow /build/glibc-BHL3KM/glibc-2.31/nptl/pthread_once.c:116:7

Indirect leak of 48 byte(s) in 3 object(s) allocated from:
    #0 0x7fb54cdbabf7 in operator new(unsigned long) /long_pathname_so_that_rpms_can_package_the_debug_info/src/external/llvm-project/compiler-rt/lib/asan/asan_new_delete.cpp:95:3
    #1 0x7fb543e1601f  (/opt/rocm/lib/asan/libamd_comgr.so.2+0x40bf01f) (BuildId: 8b5fd780bc803bcb3cfa6978d03b2c4e81704d73)

Indirect leak of 48 byte(s) in 1 object(s) allocated from:
    #0 0x7fb54cdaa49f in malloc /long_pathname_so_that_rpms_can_package_the_debug_info/src/external/llvm-project/compiler-rt/lib/asan/asan_malloc_linux.cpp:69:3
    #1 0x7fb53fb4cb78  (/opt/rocm/lib/asan/libhsa-runtime64.so.1+0x34fb78) (BuildId: 43667e531140fcd7a8f8e300f20ebfe335d9271f)
    #2 0x7fb53f981ddc  (/opt/rocm/lib/asan/libhsa-runtime64.so.1+0x184ddc) (BuildId: 43667e531140fcd7a8f8e300f20ebfe335d9271f)
    #3 0x7fb53f982929  (/opt/rocm/lib/asan/libhsa-runtime64.so.1+0x185929) (BuildId: 43667e531140fcd7a8f8e300f20ebfe335d9271f)
    #4 0x7fb54b479f26  (/opt/rocm/lib/asan/libamdhip64.so.6+0xcdaf26) (BuildId: 28bb193e97f94af7bf5f4ef84d3f5f691ccd0b57)
    #5 0x7fb54b4840a8  (/opt/rocm/lib/asan/libamdhip64.so.6+0xce50a8) (BuildId: 28bb193e97f94af7bf5f4ef84d3f5f691ccd0b57)
    #6 0x7fb54b3eada9  (/opt/rocm/lib/asan/libamdhip64.so.6+0xc4bda9) (BuildId: 28bb193e97f94af7bf5f4ef84d3f5f691ccd0b57)
    #7 0x7fb54b346612  (/opt/rocm/lib/asan/libamdhip64.so.6+0xba7612) (BuildId: 28bb193e97f94af7bf5f4ef84d3f5f691ccd0b57)
    #8 0x7fb54b24ea44  (/opt/rocm/lib/asan/libamdhip64.so.6+0xaafa44) (BuildId: 28bb193e97f94af7bf5f4ef84d3f5f691ccd0b57)
    #9 0x7fb54b39fc91  (/opt/rocm/lib/asan/libamdhip64.so.6+0xc00c91) (BuildId: 28bb193e97f94af7bf5f4ef84d3f5f691ccd0b57)
    #10 0x7fb54abcf8a3  (/opt/rocm/lib/asan/libamdhip64.so.6+0x4308a3) (BuildId: 28bb193e97f94af7bf5f4ef84d3f5f691ccd0b57)
    #11 0x7fb54abe23ad  (/opt/rocm/lib/asan/libamdhip64.so.6+0x4433ad) (BuildId: 28bb193e97f94af7bf5f4ef84d3f5f691ccd0b57)
    #12 0x7fb54aad2c5a  (/opt/rocm/lib/asan/libamdhip64.so.6+0x333c5a) (BuildId: 28bb193e97f94af7bf5f4ef84d3f5f691ccd0b57)
    #13 0x7fb54aff0546  (/opt/rocm/lib/asan/libamdhip64.so.6+0x851546) (BuildId: 28bb193e97f94af7bf5f4ef84d3f5f691ccd0b57)
    #14 0x7fb54af5b88d  (/opt/rocm/lib/asan/libamdhip64.so.6+0x7bc88d) (BuildId: 28bb193e97f94af7bf5f4ef84d3f5f691ccd0b57)
    #15 0x7fb54af5c4a3 in hipLaunchKernel (/opt/rocm/lib/asan/libamdhip64.so.6+0x7bd4a3) (BuildId: 28bb193e97f94af7bf5f4ef84d3f5f691ccd0b57)
    #16 0x21ec79 in main (/home/taccuser/asan/samples/2_Cookbook/4_shfl/build/shfl+0x21ec79)
    #17 0x7fb54a26e082 in __libc_start_main /build/glibc-BHL3KM/glibc-2.31/csu/../csu/libc-start.c:308:16

Indirect leak of 48 byte(s) in 1 object(s) allocated from:
    #0 0x7fb54cdaa49f in malloc /long_pathname_so_that_rpms_can_package_the_debug_info/src/external/llvm-project/compiler-rt/lib/asan/asan_malloc_linux.cpp:69:3
    #1 0x7fb53fb4cb78  (/opt/rocm/lib/asan/libhsa-runtime64.so.1+0x34fb78) (BuildId: 43667e531140fcd7a8f8e300f20ebfe335d9271f)
    #2 0x7fb53f981ddc  (/opt/rocm/lib/asan/libhsa-runtime64.so.1+0x184ddc) (BuildId: 43667e531140fcd7a8f8e300f20ebfe335d9271f)
    #3 0x7fb53f982929  (/opt/rocm/lib/asan/libhsa-runtime64.so.1+0x185929) (BuildId: 43667e531140fcd7a8f8e300f20ebfe335d9271f)
    #4 0x7fb53f944fb3  (/opt/rocm/lib/asan/libhsa-runtime64.so.1+0x147fb3) (BuildId: 43667e531140fcd7a8f8e300f20ebfe335d9271f)
    #5 0x7fb53f930627  (/opt/rocm/lib/asan/libhsa-runtime64.so.1+0x133627) (BuildId: 43667e531140fcd7a8f8e300f20ebfe335d9271f)
    #6 0x7fb53f94ab0b  (/opt/rocm/lib/asan/libhsa-runtime64.so.1+0x14db0b) (BuildId: 43667e531140fcd7a8f8e300f20ebfe335d9271f)

Indirect leak of 48 byte(s) in 1 object(s) allocated from:
    #0 0x7fb54cdaa49f in malloc /long_pathname_so_that_rpms_can_package_the_debug_info/src/external/llvm-project/compiler-rt/lib/asan/asan_malloc_linux.cpp:69:3
    #1 0x7fb53fb4cb78  (/opt/rocm/lib/asan/libhsa-runtime64.so.1+0x34fb78) (BuildId: 43667e531140fcd7a8f8e300f20ebfe335d9271f)
    #2 0x7fb53f981ddc  (/opt/rocm/lib/asan/libhsa-runtime64.so.1+0x184ddc) (BuildId: 43667e531140fcd7a8f8e300f20ebfe335d9271f)
    #3 0x7fb53f982929  (/opt/rocm/lib/asan/libhsa-runtime64.so.1+0x185929) (BuildId: 43667e531140fcd7a8f8e300f20ebfe335d9271f)
    #4 0x7fb53f8f5754  (/opt/rocm/lib/asan/libhsa-runtime64.so.1+0xf8754) (BuildId: 43667e531140fcd7a8f8e300f20ebfe335d9271f)
    #5 0x7fb53f9317ea  (/opt/rocm/lib/asan/libhsa-runtime64.so.1+0x1347ea) (BuildId: 43667e531140fcd7a8f8e300f20ebfe335d9271f)

Indirect leak of 18 byte(s) in 3 object(s) allocated from:
    #0 0x7fb54cdbad57 in operator new[](unsigned long) /long_pathname_so_that_rpms_can_package_the_debug_info/src/external/llvm-project/compiler-rt/lib/asan/asan_new_delete.cpp:98:3
    #1 0x7fb543e15789  (/opt/rocm/lib/asan/libamd_comgr.so.2+0x40be789) (BuildId: 8b5fd780bc803bcb3cfa6978d03b2c4e81704d73)
    #2 0x7fb543e081dc  (/opt/rocm/lib/asan/libamd_comgr.so.2+0x40b11dc) (BuildId: 8b5fd780bc803bcb3cfa6978d03b2c4e81704d73)
    #3 0x7fb543d99602 in amd_comgr_get_isa_metadata (/opt/rocm/lib/asan/libamd_comgr.so.2+0x4042602) (BuildId: 8b5fd780bc803bcb3cfa6978d03b2c4e81704d73)
    #4 0x7fb54b3e63f1  (/opt/rocm/lib/asan/libamdhip64.so.6+0xc473f1) (BuildId: 28bb193e97f94af7bf5f4ef84d3f5f691ccd0b57)
    #5 0x7fb54b3e0953  (/opt/rocm/lib/asan/libamdhip64.so.6+0xc41953) (BuildId: 28bb193e97f94af7bf5f4ef84d3f5f691ccd0b57)
    #6 0x7fb54b3de40b  (/opt/rocm/lib/asan/libamdhip64.so.6+0xc3f40b) (BuildId: 28bb193e97f94af7bf5f4ef84d3f5f691ccd0b57)
    #7 0x7fb54b207fe8  (/opt/rocm/lib/asan/libamdhip64.so.6+0xa68fe8) (BuildId: 28bb193e97f94af7bf5f4ef84d3f5f691ccd0b57)
    #8 0x7fb54a2324de in __pthread_once_slow /build/glibc-BHL3KM/glibc-2.31/nptl/pthread_once.c:116:7

Indirect leak of 18 byte(s) in 3 object(s) allocated from:
    #0 0x7fb54cdbad57 in operator new[](unsigned long) /long_pathname_so_that_rpms_can_package_the_debug_info/src/external/llvm-project/compiler-rt/lib/asan/asan_new_delete.cpp:98:3
    #1 0x7fb543e15789  (/opt/rocm/lib/asan/libamd_comgr.so.2+0x40be789) (BuildId: 8b5fd780bc803bcb3cfa6978d03b2c4e81704d73)
    #2 0x7fb543e0833a  (/opt/rocm/lib/asan/libamd_comgr.so.2+0x40b133a) (BuildId: 8b5fd780bc803bcb3cfa6978d03b2c4e81704d73)
    #3 0x7fb543d99602 in amd_comgr_get_isa_metadata (/opt/rocm/lib/asan/libamd_comgr.so.2+0x4042602) (BuildId: 8b5fd780bc803bcb3cfa6978d03b2c4e81704d73)
    #4 0x7fb54b3e63f1  (/opt/rocm/lib/asan/libamdhip64.so.6+0xc473f1) (BuildId: 28bb193e97f94af7bf5f4ef84d3f5f691ccd0b57)
    #5 0x7fb54b3e0953  (/opt/rocm/lib/asan/libamdhip64.so.6+0xc41953) (BuildId: 28bb193e97f94af7bf5f4ef84d3f5f691ccd0b57)
    #6 0x7fb54b3de40b  (/opt/rocm/lib/asan/libamdhip64.so.6+0xc3f40b) (BuildId: 28bb193e97f94af7bf5f4ef84d3f5f691ccd0b57)
    #7 0x7fb54b207fe8  (/opt/rocm/lib/asan/libamdhip64.so.6+0xa68fe8) (BuildId: 28bb193e97f94af7bf5f4ef84d3f5f691ccd0b57)
    #8 0x7fb54a2324de in __pthread_once_slow /build/glibc-BHL3KM/glibc-2.31/nptl/pthread_once.c:116:7

Indirect leak of 18 byte(s) in 3 object(s) allocated from:
    #0 0x7fb54cdbad57 in operator new[](unsigned long) /long_pathname_so_that_rpms_can_package_the_debug_info/src/external/llvm-project/compiler-rt/lib/asan/asan_new_delete.cpp:98:3
    #1 0x7fb543e15789  (/opt/rocm/lib/asan/libamd_comgr.so.2+0x40be789) (BuildId: 8b5fd780bc803bcb3cfa6978d03b2c4e81704d73)
    #2 0x7fb543e0807e  (/opt/rocm/lib/asan/libamd_comgr.so.2+0x40b107e) (BuildId: 8b5fd780bc803bcb3cfa6978d03b2c4e81704d73)
    #3 0x7fb543d99602 in amd_comgr_get_isa_metadata (/opt/rocm/lib/asan/libamd_comgr.so.2+0x4042602) (BuildId: 8b5fd780bc803bcb3cfa6978d03b2c4e81704d73)
    #4 0x7fb54b3e63f1  (/opt/rocm/lib/asan/libamdhip64.so.6+0xc473f1) (BuildId: 28bb193e97f94af7bf5f4ef84d3f5f691ccd0b57)
    #5 0x7fb54b3e0953  (/opt/rocm/lib/asan/libamdhip64.so.6+0xc41953) (BuildId: 28bb193e97f94af7bf5f4ef84d3f5f691ccd0b57)
    #6 0x7fb54b3de40b  (/opt/rocm/lib/asan/libamdhip64.so.6+0xc3f40b) (BuildId: 28bb193e97f94af7bf5f4ef84d3f5f691ccd0b57)
    #7 0x7fb54b207fe8  (/opt/rocm/lib/asan/libamdhip64.so.6+0xa68fe8) (BuildId: 28bb193e97f94af7bf5f4ef84d3f5f691ccd0b57)
    #8 0x7fb54a2324de in __pthread_once_slow /build/glibc-BHL3KM/glibc-2.31/nptl/pthread_once.c:116:7

Indirect leak of 15 byte(s) in 3 object(s) allocated from:
    #0 0x7fb54cdbad57 in operator new[](unsigned long) /long_pathname_so_that_rpms_can_package_the_debug_info/src/external/llvm-project/compiler-rt/lib/asan/asan_new_delete.cpp:98:3
    #1 0x7fb543e15789  (/opt/rocm/lib/asan/libamd_comgr.so.2+0x40be789) (BuildId: 8b5fd780bc803bcb3cfa6978d03b2c4e81704d73)
    #2 0x7fb543e08c77  (/opt/rocm/lib/asan/libamd_comgr.so.2+0x40b1c77) (BuildId: 8b5fd780bc803bcb3cfa6978d03b2c4e81704d73)
    #3 0x7fb543d99602 in amd_comgr_get_isa_metadata (/opt/rocm/lib/asan/libamd_comgr.so.2+0x4042602) (BuildId: 8b5fd780bc803bcb3cfa6978d03b2c4e81704d73)
    #4 0x7fb54b3e63f1  (/opt/rocm/lib/asan/libamdhip64.so.6+0xc473f1) (BuildId: 28bb193e97f94af7bf5f4ef84d3f5f691ccd0b57)
    #5 0x7fb54b3e0953  (/opt/rocm/lib/asan/libamdhip64.so.6+0xc41953) (BuildId: 28bb193e97f94af7bf5f4ef84d3f5f691ccd0b57)
    #6 0x7fb54b3de40b  (/opt/rocm/lib/asan/libamdhip64.so.6+0xc3f40b) (BuildId: 28bb193e97f94af7bf5f4ef84d3f5f691ccd0b57)
    #7 0x7fb54b207fe8  (/opt/rocm/lib/asan/libamdhip64.so.6+0xa68fe8) (BuildId: 28bb193e97f94af7bf5f4ef84d3f5f691ccd0b57)
    #8 0x7fb54a2324de in __pthread_once_slow /build/glibc-BHL3KM/glibc-2.31/nptl/pthread_once.c:116:7

Indirect leak of 15 byte(s) in 3 object(s) allocated from:
    #0 0x7fb54cdbad57 in operator new[](unsigned long) /long_pathname_so_that_rpms_can_package_the_debug_info/src/external/llvm-project/compiler-rt/lib/asan/asan_new_delete.cpp:98:3
    #1 0x7fb543e15789  (/opt/rocm/lib/asan/libamd_comgr.so.2+0x40be789) (BuildId: 8b5fd780bc803bcb3cfa6978d03b2c4e81704d73)
    #2 0x7fb543e083be  (/opt/rocm/lib/asan/libamd_comgr.so.2+0x40b13be) (BuildId: 8b5fd780bc803bcb3cfa6978d03b2c4e81704d73)
    #3 0x7fb543d99602 in amd_comgr_get_isa_metadata (/opt/rocm/lib/asan/libamd_comgr.so.2+0x4042602) (BuildId: 8b5fd780bc803bcb3cfa6978d03b2c4e81704d73)
    #4 0x7fb54b3e63f1  (/opt/rocm/lib/asan/libamdhip64.so.6+0xc473f1) (BuildId: 28bb193e97f94af7bf5f4ef84d3f5f691ccd0b57)
    #5 0x7fb54b3e0953  (/opt/rocm/lib/asan/libamdhip64.so.6+0xc41953) (BuildId: 28bb193e97f94af7bf5f4ef84d3f5f691ccd0b57)
    #6 0x7fb54b3de40b  (/opt/rocm/lib/asan/libamdhip64.so.6+0xc3f40b) (BuildId: 28bb193e97f94af7bf5f4ef84d3f5f691ccd0b57)
    #7 0x7fb54b207fe8  (/opt/rocm/lib/asan/libamdhip64.so.6+0xa68fe8) (BuildId: 28bb193e97f94af7bf5f4ef84d3f5f691ccd0b57)
    #8 0x7fb54a2324de in __pthread_once_slow /build/glibc-BHL3KM/glibc-2.31/nptl/pthread_once.c:116:7

Indirect leak of 12 byte(s) in 3 object(s) allocated from:
    #0 0x7fb54cdbad57 in operator new[](unsigned long) /long_pathname_so_that_rpms_can_package_the_debug_info/src/external/llvm-project/compiler-rt/lib/asan/asan_new_delete.cpp:98:3
    #1 0x7fb543e15789  (/opt/rocm/lib/asan/libamd_comgr.so.2+0x40be789) (BuildId: 8b5fd780bc803bcb3cfa6978d03b2c4e81704d73)
    #2 0x7fb543e08f91  (/opt/rocm/lib/asan/libamd_comgr.so.2+0x40b1f91) (BuildId: 8b5fd780bc803bcb3cfa6978d03b2c4e81704d73)
    #3 0x7fb543d99602 in amd_comgr_get_isa_metadata (/opt/rocm/lib/asan/libamd_comgr.so.2+0x4042602) (BuildId: 8b5fd780bc803bcb3cfa6978d03b2c4e81704d73)
    #4 0x7fb54b3e63f1  (/opt/rocm/lib/asan/libamdhip64.so.6+0xc473f1) (BuildId: 28bb193e97f94af7bf5f4ef84d3f5f691ccd0b57)
    #5 0x7fb54b3e0953  (/opt/rocm/lib/asan/libamdhip64.so.6+0xc41953) (BuildId: 28bb193e97f94af7bf5f4ef84d3f5f691ccd0b57)
    #6 0x7fb54b3de40b  (/opt/rocm/lib/asan/libamdhip64.so.6+0xc3f40b) (BuildId: 28bb193e97f94af7bf5f4ef84d3f5f691ccd0b57)
    #7 0x7fb54b207fe8  (/opt/rocm/lib/asan/libamdhip64.so.6+0xa68fe8) (BuildId: 28bb193e97f94af7bf5f4ef84d3f5f691ccd0b57)
    #8 0x7fb54a2324de in __pthread_once_slow /build/glibc-BHL3KM/glibc-2.31/nptl/pthread_once.c:116:7

Indirect leak of 12 byte(s) in 6 object(s) allocated from:
    #0 0x7fb54cdbad57 in operator new[](unsigned long) /long_pathname_so_that_rpms_can_package_the_debug_info/src/external/llvm-project/compiler-rt/lib/asan/asan_new_delete.cpp:98:3
    #1 0x7fb543e15789  (/opt/rocm/lib/asan/libamd_comgr.so.2+0x40be789) (BuildId: 8b5fd780bc803bcb3cfa6978d03b2c4e81704d73)
    #2 0x7fb543e08768  (/opt/rocm/lib/asan/libamd_comgr.so.2+0x40b1768) (BuildId: 8b5fd780bc803bcb3cfa6978d03b2c4e81704d73)
    #3 0x7fb543d99602 in amd_comgr_get_isa_metadata (/opt/rocm/lib/asan/libamd_comgr.so.2+0x4042602) (BuildId: 8b5fd780bc803bcb3cfa6978d03b2c4e81704d73)
    #4 0x7fb54b3e63f1  (/opt/rocm/lib/asan/libamdhip64.so.6+0xc473f1) (BuildId: 28bb193e97f94af7bf5f4ef84d3f5f691ccd0b57)
    #5 0x7fb54b3e0953  (/opt/rocm/lib/asan/libamdhip64.so.6+0xc41953) (BuildId: 28bb193e97f94af7bf5f4ef84d3f5f691ccd0b57)
    #6 0x7fb54b3de40b  (/opt/rocm/lib/asan/libamdhip64.so.6+0xc3f40b) (BuildId: 28bb193e97f94af7bf5f4ef84d3f5f691ccd0b57)
    #7 0x7fb54b207fe8  (/opt/rocm/lib/asan/libamdhip64.so.6+0xa68fe8) (BuildId: 28bb193e97f94af7bf5f4ef84d3f5f691ccd0b57)
    #8 0x7fb54a2324de in __pthread_once_slow /build/glibc-BHL3KM/glibc-2.31/nptl/pthread_once.c:116:7

Indirect leak of 9 byte(s) in 3 object(s) allocated from:
    #0 0x7fb54cdbad57 in operator new[](unsigned long) /long_pathname_so_that_rpms_can_package_the_debug_info/src/external/llvm-project/compiler-rt/lib/asan/asan_new_delete.cpp:98:3
    #1 0x7fb543e15789  (/opt/rocm/lib/asan/libamd_comgr.so.2+0x40be789) (BuildId: 8b5fd780bc803bcb3cfa6978d03b2c4e81704d73)
    #2 0x7fb543e0812d  (/opt/rocm/lib/asan/libamd_comgr.so.2+0x40b112d) (BuildId: 8b5fd780bc803bcb3cfa6978d03b2c4e81704d73)
    #3 0x7fb543d99602 in amd_comgr_get_isa_metadata (/opt/rocm/lib/asan/libamd_comgr.so.2+0x4042602) (BuildId: 8b5fd780bc803bcb3cfa6978d03b2c4e81704d73)
    #4 0x7fb54b3e63f1  (/opt/rocm/lib/asan/libamdhip64.so.6+0xc473f1) (BuildId: 28bb193e97f94af7bf5f4ef84d3f5f691ccd0b57)
    #5 0x7fb54b3e0953  (/opt/rocm/lib/asan/libamdhip64.so.6+0xc41953) (BuildId: 28bb193e97f94af7bf5f4ef84d3f5f691ccd0b57)
    #6 0x7fb54b3de40b  (/opt/rocm/lib/asan/libamdhip64.so.6+0xc3f40b) (BuildId: 28bb193e97f94af7bf5f4ef84d3f5f691ccd0b57)
    #7 0x7fb54b207fe8  (/opt/rocm/lib/asan/libamdhip64.so.6+0xa68fe8) (BuildId: 28bb193e97f94af7bf5f4ef84d3f5f691ccd0b57)
    #8 0x7fb54a2324de in __pthread_once_slow /build/glibc-BHL3KM/glibc-2.31/nptl/pthread_once.c:116:7

Indirect leak of 9 byte(s) in 3 object(s) allocated from:
    #0 0x7fb54cdbad57 in operator new[](unsigned long) /long_pathname_so_that_rpms_can_package_the_debug_info/src/external/llvm-project/compiler-rt/lib/asan/asan_new_delete.cpp:98:3
    #1 0x7fb543e15789  (/opt/rocm/lib/asan/libamd_comgr.so.2+0x40be789) (BuildId: 8b5fd780bc803bcb3cfa6978d03b2c4e81704d73)
    #2 0x7fb543e095ca  (/opt/rocm/lib/asan/libamd_comgr.so.2+0x40b25ca) (BuildId: 8b5fd780bc803bcb3cfa6978d03b2c4e81704d73)
    #3 0x7fb543d99602 in amd_comgr_get_isa_metadata (/opt/rocm/lib/asan/libamd_comgr.so.2+0x4042602) (BuildId: 8b5fd780bc803bcb3cfa6978d03b2c4e81704d73)
    #4 0x7fb54b3e63f1  (/opt/rocm/lib/asan/libamdhip64.so.6+0xc473f1) (BuildId: 28bb193e97f94af7bf5f4ef84d3f5f691ccd0b57)
    #5 0x7fb54b3e0953  (/opt/rocm/lib/asan/libamdhip64.so.6+0xc41953) (BuildId: 28bb193e97f94af7bf5f4ef84d3f5f691ccd0b57)
    #6 0x7fb54b3de40b  (/opt/rocm/lib/asan/libamdhip64.so.6+0xc3f40b) (BuildId: 28bb193e97f94af7bf5f4ef84d3f5f691ccd0b57)
    #7 0x7fb54b207fe8  (/opt/rocm/lib/asan/libamdhip64.so.6+0xa68fe8) (BuildId: 28bb193e97f94af7bf5f4ef84d3f5f691ccd0b57)
    #8 0x7fb54a2324de in __pthread_once_slow /build/glibc-BHL3KM/glibc-2.31/nptl/pthread_once.c:116:7

Indirect leak of 9 byte(s) in 3 object(s) allocated from:
    #0 0x7fb54cdbad57 in operator new[](unsigned long) /long_pathname_so_that_rpms_can_package_the_debug_info/src/external/llvm-project/compiler-rt/lib/asan/asan_new_delete.cpp:98:3
    #1 0x7fb543e15789  (/opt/rocm/lib/asan/libamd_comgr.so.2+0x40be789) (BuildId: 8b5fd780bc803bcb3cfa6978d03b2c4e81704d73)
    #2 0x7fb543e094c1  (/opt/rocm/lib/asan/libamd_comgr.so.2+0x40b24c1) (BuildId: 8b5fd780bc803bcb3cfa6978d03b2c4e81704d73)
    #3 0x7fb543d99602 in amd_comgr_get_isa_metadata (/opt/rocm/lib/asan/libamd_comgr.so.2+0x4042602) (BuildId: 8b5fd780bc803bcb3cfa6978d03b2c4e81704d73)
    #4 0x7fb54b3e63f1  (/opt/rocm/lib/asan/libamdhip64.so.6+0xc473f1) (BuildId: 28bb193e97f94af7bf5f4ef84d3f5f691ccd0b57)
    #5 0x7fb54b3e0953  (/opt/rocm/lib/asan/libamdhip64.so.6+0xc41953) (BuildId: 28bb193e97f94af7bf5f4ef84d3f5f691ccd0b57)
    #6 0x7fb54b3de40b  (/opt/rocm/lib/asan/libamdhip64.so.6+0xc3f40b) (BuildId: 28bb193e97f94af7bf5f4ef84d3f5f691ccd0b57)
    #7 0x7fb54b207fe8  (/opt/rocm/lib/asan/libamdhip64.so.6+0xa68fe8) (BuildId: 28bb193e97f94af7bf5f4ef84d3f5f691ccd0b57)
    #8 0x7fb54a2324de in __pthread_once_slow /build/glibc-BHL3KM/glibc-2.31/nptl/pthread_once.c:116:7

Indirect leak of 9 byte(s) in 3 object(s) allocated from:
    #0 0x7fb54cdbad57 in operator new[](unsigned long) /long_pathname_so_that_rpms_can_package_the_debug_info/src/external/llvm-project/compiler-rt/lib/asan/asan_new_delete.cpp:98:3
    #1 0x7fb543e15789  (/opt/rocm/lib/asan/libamd_comgr.so.2+0x40be789) (BuildId: 8b5fd780bc803bcb3cfa6978d03b2c4e81704d73)
    #2 0x7fb543e0855f  (/opt/rocm/lib/asan/libamd_comgr.so.2+0x40b155f) (BuildId: 8b5fd780bc803bcb3cfa6978d03b2c4e81704d73)
    #3 0x7fb543d99602 in amd_comgr_get_isa_metadata (/opt/rocm/lib/asan/libamd_comgr.so.2+0x4042602) (BuildId: 8b5fd780bc803bcb3cfa6978d03b2c4e81704d73)
    #4 0x7fb54b3e63f1  (/opt/rocm/lib/asan/libamdhip64.so.6+0xc473f1) (BuildId: 28bb193e97f94af7bf5f4ef84d3f5f691ccd0b57)
    #5 0x7fb54b3e0953  (/opt/rocm/lib/asan/libamdhip64.so.6+0xc41953) (BuildId: 28bb193e97f94af7bf5f4ef84d3f5f691ccd0b57)
    #6 0x7fb54b3de40b  (/opt/rocm/lib/asan/libamdhip64.so.6+0xc3f40b) (BuildId: 28bb193e97f94af7bf5f4ef84d3f5f691ccd0b57)
    #7 0x7fb54b207fe8  (/opt/rocm/lib/asan/libamdhip64.so.6+0xa68fe8) (BuildId: 28bb193e97f94af7bf5f4ef84d3f5f691ccd0b57)
    #8 0x7fb54a2324de in __pthread_once_slow /build/glibc-BHL3KM/glibc-2.31/nptl/pthread_once.c:116:7

Indirect leak of 9 byte(s) in 3 object(s) allocated from:
    #0 0x7fb54cdbad57 in operator new[](unsigned long) /long_pathname_so_that_rpms_can_package_the_debug_info/src/external/llvm-project/compiler-rt/lib/asan/asan_new_delete.cpp:98:3
    #1 0x7fb543e15789  (/opt/rocm/lib/asan/libamd_comgr.so.2+0x40be789) (BuildId: 8b5fd780bc803bcb3cfa6978d03b2c4e81704d73)
    #2 0x7fb543e092ad  (/opt/rocm/lib/asan/libamd_comgr.so.2+0x40b22ad) (BuildId: 8b5fd780bc803bcb3cfa6978d03b2c4e81704d73)
    #3 0x7fb543d99602 in amd_comgr_get_isa_metadata (/opt/rocm/lib/asan/libamd_comgr.so.2+0x4042602) (BuildId: 8b5fd780bc803bcb3cfa6978d03b2c4e81704d73)
    #4 0x7fb54b3e63f1  (/opt/rocm/lib/asan/libamdhip64.so.6+0xc473f1) (BuildId: 28bb193e97f94af7bf5f4ef84d3f5f691ccd0b57)
    #5 0x7fb54b3e0953  (/opt/rocm/lib/asan/libamdhip64.so.6+0xc41953) (BuildId: 28bb193e97f94af7bf5f4ef84d3f5f691ccd0b57)
    #6 0x7fb54b3de40b  (/opt/rocm/lib/asan/libamdhip64.so.6+0xc3f40b) (BuildId: 28bb193e97f94af7bf5f4ef84d3f5f691ccd0b57)
    #7 0x7fb54b207fe8  (/opt/rocm/lib/asan/libamdhip64.so.6+0xa68fe8) (BuildId: 28bb193e97f94af7bf5f4ef84d3f5f691ccd0b57)
    #8 0x7fb54a2324de in __pthread_once_slow /build/glibc-BHL3KM/glibc-2.31/nptl/pthread_once.c:116:7

Indirect leak of 9 byte(s) in 3 object(s) allocated from:
    #0 0x7fb54cdbad57 in operator new[](unsigned long) /long_pathname_so_that_rpms_can_package_the_debug_info/src/external/llvm-project/compiler-rt/lib/asan/asan_new_delete.cpp:98:3
    #1 0x7fb543e15789  (/opt/rocm/lib/asan/libamd_comgr.so.2+0x40be789) (BuildId: 8b5fd780bc803bcb3cfa6978d03b2c4e81704d73)
    #2 0x7fb543e091a2  (/opt/rocm/lib/asan/libamd_comgr.so.2+0x40b21a2) (BuildId: 8b5fd780bc803bcb3cfa6978d03b2c4e81704d73)
    #3 0x7fb543d99602 in amd_comgr_get_isa_metadata (/opt/rocm/lib/asan/libamd_comgr.so.2+0x4042602) (BuildId: 8b5fd780bc803bcb3cfa6978d03b2c4e81704d73)
    #4 0x7fb54b3e63f1  (/opt/rocm/lib/asan/libamdhip64.so.6+0xc473f1) (BuildId: 28bb193e97f94af7bf5f4ef84d3f5f691ccd0b57)
    #5 0x7fb54b3e0953  (/opt/rocm/lib/asan/libamdhip64.so.6+0xc41953) (BuildId: 28bb193e97f94af7bf5f4ef84d3f5f691ccd0b57)
    #6 0x7fb54b3de40b  (/opt/rocm/lib/asan/libamdhip64.so.6+0xc3f40b) (BuildId: 28bb193e97f94af7bf5f4ef84d3f5f691ccd0b57)
    #7 0x7fb54b207fe8  (/opt/rocm/lib/asan/libamdhip64.so.6+0xa68fe8) (BuildId: 28bb193e97f94af7bf5f4ef84d3f5f691ccd0b57)
    #8 0x7fb54a2324de in __pthread_once_slow /build/glibc-BHL3KM/glibc-2.31/nptl/pthread_once.c:116:7

Indirect leak of 9 byte(s) in 3 object(s) allocated from:
    #0 0x7fb54cdbad57 in operator new[](unsigned long) /long_pathname_so_that_rpms_can_package_the_debug_info/src/external/llvm-project/compiler-rt/lib/asan/asan_new_delete.cpp:98:3
    #1 0x7fb543e15789  (/opt/rocm/lib/asan/libamd_comgr.so.2+0x40be789) (BuildId: 8b5fd780bc803bcb3cfa6978d03b2c4e81704d73)
    #2 0x7fb543e084b0  (/opt/rocm/lib/asan/libamd_comgr.so.2+0x40b14b0) (BuildId: 8b5fd780bc803bcb3cfa6978d03b2c4e81704d73)
    #3 0x7fb543d99602 in amd_comgr_get_isa_metadata (/opt/rocm/lib/asan/libamd_comgr.so.2+0x4042602) (BuildId: 8b5fd780bc803bcb3cfa6978d03b2c4e81704d73)
    #4 0x7fb54b3e63f1  (/opt/rocm/lib/asan/libamdhip64.so.6+0xc473f1) (BuildId: 28bb193e97f94af7bf5f4ef84d3f5f691ccd0b57)
    #5 0x7fb54b3e0953  (/opt/rocm/lib/asan/libamdhip64.so.6+0xc41953) (BuildId: 28bb193e97f94af7bf5f4ef84d3f5f691ccd0b57)
    #6 0x7fb54b3de40b  (/opt/rocm/lib/asan/libamdhip64.so.6+0xc3f40b) (BuildId: 28bb193e97f94af7bf5f4ef84d3f5f691ccd0b57)
    #7 0x7fb54b207fe8  (/opt/rocm/lib/asan/libamdhip64.so.6+0xa68fe8) (BuildId: 28bb193e97f94af7bf5f4ef84d3f5f691ccd0b57)
    #8 0x7fb54a2324de in __pthread_once_slow /build/glibc-BHL3KM/glibc-2.31/nptl/pthread_once.c:116:7

Indirect leak of 6 byte(s) in 3 object(s) allocated from:
    #0 0x7fb54cdbad57 in operator new[](unsigned long) /long_pathname_so_that_rpms_can_package_the_debug_info/src/external/llvm-project/compiler-rt/lib/asan/asan_new_delete.cpp:98:3
    #1 0x7fb543e15789  (/opt/rocm/lib/asan/libamd_comgr.so.2+0x40be789) (BuildId: 8b5fd780bc803bcb3cfa6978d03b2c4e81704d73)
    #2 0x7fb543e08e88  (/opt/rocm/lib/asan/libamd_comgr.so.2+0x40b1e88) (BuildId: 8b5fd780bc803bcb3cfa6978d03b2c4e81704d73)
    #3 0x7fb543d99602 in amd_comgr_get_isa_metadata (/opt/rocm/lib/asan/libamd_comgr.so.2+0x4042602) (BuildId: 8b5fd780bc803bcb3cfa6978d03b2c4e81704d73)
    #4 0x7fb54b3e63f1  (/opt/rocm/lib/asan/libamdhip64.so.6+0xc473f1) (BuildId: 28bb193e97f94af7bf5f4ef84d3f5f691ccd0b57)
    #5 0x7fb54b3e0953  (/opt/rocm/lib/asan/libamdhip64.so.6+0xc41953) (BuildId: 28bb193e97f94af7bf5f4ef84d3f5f691ccd0b57)
    #6 0x7fb54b3de40b  (/opt/rocm/lib/asan/libamdhip64.so.6+0xc3f40b) (BuildId: 28bb193e97f94af7bf5f4ef84d3f5f691ccd0b57)
    #7 0x7fb54b207fe8  (/opt/rocm/lib/asan/libamdhip64.so.6+0xa68fe8) (BuildId: 28bb193e97f94af7bf5f4ef84d3f5f691ccd0b57)
    #8 0x7fb54a2324de in __pthread_once_slow /build/glibc-BHL3KM/glibc-2.31/nptl/pthread_once.c:116:7

Indirect leak of 6 byte(s) in 3 object(s) allocated from:
    #0 0x7fb54cdbad57 in operator new[](unsigned long) /long_pathname_so_that_rpms_can_package_the_debug_info/src/external/llvm-project/compiler-rt/lib/asan/asan_new_delete.cpp:98:3
    #1 0x7fb543e15789  (/opt/rocm/lib/asan/libamd_comgr.so.2+0x40be789) (BuildId: 8b5fd780bc803bcb3cfa6978d03b2c4e81704d73)
    #2 0x7fb543e096d5  (/opt/rocm/lib/asan/libamd_comgr.so.2+0x40b26d5) (BuildId: 8b5fd780bc803bcb3cfa6978d03b2c4e81704d73)
    #3 0x7fb543d99602 in amd_comgr_get_isa_metadata (/opt/rocm/lib/asan/libamd_comgr.so.2+0x4042602) (BuildId: 8b5fd780bc803bcb3cfa6978d03b2c4e81704d73)
    #4 0x7fb54b3e63f1  (/opt/rocm/lib/asan/libamdhip64.so.6+0xc473f1) (BuildId: 28bb193e97f94af7bf5f4ef84d3f5f691ccd0b57)
    #5 0x7fb54b3e0953  (/opt/rocm/lib/asan/libamdhip64.so.6+0xc41953) (BuildId: 28bb193e97f94af7bf5f4ef84d3f5f691ccd0b57)
    #6 0x7fb54b3de40b  (/opt/rocm/lib/asan/libamdhip64.so.6+0xc3f40b) (BuildId: 28bb193e97f94af7bf5f4ef84d3f5f691ccd0b57)
    #7 0x7fb54b207fe8  (/opt/rocm/lib/asan/libamdhip64.so.6+0xa68fe8) (BuildId: 28bb193e97f94af7bf5f4ef84d3f5f691ccd0b57)
    #8 0x7fb54a2324de in __pthread_once_slow /build/glibc-BHL3KM/glibc-2.31/nptl/pthread_once.c:116:7

Indirect leak of 6 byte(s) in 3 object(s) allocated from:
    #0 0x7fb54cdbad57 in operator new[](unsigned long) /long_pathname_so_that_rpms_can_package_the_debug_info/src/external/llvm-project/compiler-rt/lib/asan/asan_new_delete.cpp:98:3
    #1 0x7fb543e15789  (/opt/rocm/lib/asan/libamd_comgr.so.2+0x40be789) (BuildId: 8b5fd780bc803bcb3cfa6978d03b2c4e81704d73)
    #2 0x7fb543e09099  (/opt/rocm/lib/asan/libamd_comgr.so.2+0x40b2099) (BuildId: 8b5fd780bc803bcb3cfa6978d03b2c4e81704d73)
    #3 0x7fb543d99602 in amd_comgr_get_isa_metadata (/opt/rocm/lib/asan/libamd_comgr.so.2+0x4042602) (BuildId: 8b5fd780bc803bcb3cfa6978d03b2c4e81704d73)
    #4 0x7fb54b3e63f1  (/opt/rocm/lib/asan/libamdhip64.so.6+0xc473f1) (BuildId: 28bb193e97f94af7bf5f4ef84d3f5f691ccd0b57)
    #5 0x7fb54b3e0953  (/opt/rocm/lib/asan/libamdhip64.so.6+0xc41953) (BuildId: 28bb193e97f94af7bf5f4ef84d3f5f691ccd0b57)
    #6 0x7fb54b3de40b  (/opt/rocm/lib/asan/libamdhip64.so.6+0xc3f40b) (BuildId: 28bb193e97f94af7bf5f4ef84d3f5f691ccd0b57)
    #7 0x7fb54b207fe8  (/opt/rocm/lib/asan/libamdhip64.so.6+0xa68fe8) (BuildId: 28bb193e97f94af7bf5f4ef84d3f5f691ccd0b57)
    #8 0x7fb54a2324de in __pthread_once_slow /build/glibc-BHL3KM/glibc-2.31/nptl/pthread_once.c:116:7

Indirect leak of 3 byte(s) in 3 object(s) allocated from:
    #0 0x7fb54cdbad57 in operator new[](unsigned long) /long_pathname_so_that_rpms_can_package_the_debug_info/src/external/llvm-project/compiler-rt/lib/asan/asan_new_delete.cpp:98:3
    #1 0x7fb543e15789  (/opt/rocm/lib/asan/libamd_comgr.so.2+0x40be789) (BuildId: 8b5fd780bc803bcb3cfa6978d03b2c4e81704d73)
    #2 0x7fb543e08d81  (/opt/rocm/lib/asan/libamd_comgr.so.2+0x40b1d81) (BuildId: 8b5fd780bc803bcb3cfa6978d03b2c4e81704d73)
    #3 0x7fb543d99602 in amd_comgr_get_isa_metadata (/opt/rocm/lib/asan/libamd_comgr.so.2+0x4042602) (BuildId: 8b5fd780bc803bcb3cfa6978d03b2c4e81704d73)
    #4 0x7fb54b3e63f1  (/opt/rocm/lib/asan/libamdhip64.so.6+0xc473f1) (BuildId: 28bb193e97f94af7bf5f4ef84d3f5f691ccd0b57)
    #5 0x7fb54b3e0953  (/opt/rocm/lib/asan/libamdhip64.so.6+0xc41953) (BuildId: 28bb193e97f94af7bf5f4ef84d3f5f691ccd0b57)
    #6 0x7fb54b3de40b  (/opt/rocm/lib/asan/libamdhip64.so.6+0xc3f40b) (BuildId: 28bb193e97f94af7bf5f4ef84d3f5f691ccd0b57)
    #7 0x7fb54b207fe8  (/opt/rocm/lib/asan/libamdhip64.so.6+0xa68fe8) (BuildId: 28bb193e97f94af7bf5f4ef84d3f5f691ccd0b57)
    #8 0x7fb54a2324de in __pthread_once_slow /build/glibc-BHL3KM/glibc-2.31/nptl/pthread_once.c:116:7

Indirect leak of 3 byte(s) in 3 object(s) allocated from:
    #0 0x7fb54cdbad57 in operator new[](unsigned long) /long_pathname_so_that_rpms_can_package_the_debug_info/src/external/llvm-project/compiler-rt/lib/asan/asan_new_delete.cpp:98:3
    #1 0x7fb543e15789  (/opt/rocm/lib/asan/libamd_comgr.so.2+0x40be789) (BuildId: 8b5fd780bc803bcb3cfa6978d03b2c4e81704d73)
    #2 0x7fb543e093b9  (/opt/rocm/lib/asan/libamd_comgr.so.2+0x40b23b9) (BuildId: 8b5fd780bc803bcb3cfa6978d03b2c4e81704d73)
    #3 0x7fb543d99602 in amd_comgr_get_isa_metadata (/opt/rocm/lib/asan/libamd_comgr.so.2+0x4042602) (BuildId: 8b5fd780bc803bcb3cfa6978d03b2c4e81704d73)
    #4 0x7fb54b3e63f1  (/opt/rocm/lib/asan/libamdhip64.so.6+0xc473f1) (BuildId: 28bb193e97f94af7bf5f4ef84d3f5f691ccd0b57)
    #5 0x7fb54b3e0953  (/opt/rocm/lib/asan/libamdhip64.so.6+0xc41953) (BuildId: 28bb193e97f94af7bf5f4ef84d3f5f691ccd0b57)
    #6 0x7fb54b3de40b  (/opt/rocm/lib/asan/libamdhip64.so.6+0xc3f40b) (BuildId: 28bb193e97f94af7bf5f4ef84d3f5f691ccd0b57)
    #7 0x7fb54b207fe8  (/opt/rocm/lib/asan/libamdhip64.so.6+0xa68fe8) (BuildId: 28bb193e97f94af7bf5f4ef84d3f5f691ccd0b57)
    #8 0x7fb54a2324de in __pthread_once_slow /build/glibc-BHL3KM/glibc-2.31/nptl/pthread_once.c:116:7

Indirect leak of 3 byte(s) in 3 object(s) allocated from:
    #0 0x7fb54cdbad57 in operator new[](unsigned long) /long_pathname_so_that_rpms_can_package_the_debug_info/src/external/llvm-project/compiler-rt/lib/asan/asan_new_delete.cpp:98:3
    #1 0x7fb543e15789  (/opt/rocm/lib/asan/libamd_comgr.so.2+0x40be789) (BuildId: 8b5fd780bc803bcb3cfa6978d03b2c4e81704d73)
    #2 0x7fb543e08b6e  (/opt/rocm/lib/asan/libamd_comgr.so.2+0x40b1b6e) (BuildId: 8b5fd780bc803bcb3cfa6978d03b2c4e81704d73)
    #3 0x7fb543d99602 in amd_comgr_get_isa_metadata (/opt/rocm/lib/asan/libamd_comgr.so.2+0x4042602) (BuildId: 8b5fd780bc803bcb3cfa6978d03b2c4e81704d73)
    #4 0x7fb54b3e63f1  (/opt/rocm/lib/asan/libamdhip64.so.6+0xc473f1) (BuildId: 28bb193e97f94af7bf5f4ef84d3f5f691ccd0b57)
    #5 0x7fb54b3e0953  (/opt/rocm/lib/asan/libamdhip64.so.6+0xc41953) (BuildId: 28bb193e97f94af7bf5f4ef84d3f5f691ccd0b57)
    #6 0x7fb54b3de40b  (/opt/rocm/lib/asan/libamdhip64.so.6+0xc3f40b) (BuildId: 28bb193e97f94af7bf5f4ef84d3f5f691ccd0b57)
    #7 0x7fb54b207fe8  (/opt/rocm/lib/asan/libamdhip64.so.6+0xa68fe8) (BuildId: 28bb193e97f94af7bf5f4ef84d3f5f691ccd0b57)
    #8 0x7fb54a2324de in __pthread_once_slow /build/glibc-BHL3KM/glibc-2.31/nptl/pthread_once.c:116:7

Indirect leak of 3 byte(s) in 3 object(s) allocated from:
    #0 0x7fb54cdbad57 in operator new[](unsigned long) /long_pathname_so_that_rpms_can_package_the_debug_info/src/external/llvm-project/compiler-rt/lib/asan/asan_new_delete.cpp:98:3
    #1 0x7fb543e15789  (/opt/rocm/lib/asan/libamd_comgr.so.2+0x40be789) (BuildId: 8b5fd780bc803bcb3cfa6978d03b2c4e81704d73)
    #2 0x7fb543e0828b  (/opt/rocm/lib/asan/libamd_comgr.so.2+0x40b128b) (BuildId: 8b5fd780bc803bcb3cfa6978d03b2c4e81704d73)
    #3 0x7fb543d99602 in amd_comgr_get_isa_metadata (/opt/rocm/lib/asan/libamd_comgr.so.2+0x4042602) (BuildId: 8b5fd780bc803bcb3cfa6978d03b2c4e81704d73)
    #4 0x7fb54b3e63f1  (/opt/rocm/lib/asan/libamdhip64.so.6+0xc473f1) (BuildId: 28bb193e97f94af7bf5f4ef84d3f5f691ccd0b57)
    #5 0x7fb54b3e0953  (/opt/rocm/lib/asan/libamdhip64.so.6+0xc41953) (BuildId: 28bb193e97f94af7bf5f4ef84d3f5f691ccd0b57)
    #6 0x7fb54b3de40b  (/opt/rocm/lib/asan/libamdhip64.so.6+0xc3f40b) (BuildId: 28bb193e97f94af7bf5f4ef84d3f5f691ccd0b57)
    #7 0x7fb54b207fe8  (/opt/rocm/lib/asan/libamdhip64.so.6+0xa68fe8) (BuildId: 28bb193e97f94af7bf5f4ef84d3f5f691ccd0b57)
    #8 0x7fb54a2324de in __pthread_once_slow /build/glibc-BHL3KM/glibc-2.31/nptl/pthread_once.c:116:7

SUMMARY: AddressSanitizer: 16900 byte(s) leaked in 264 allocation(s).
	linux-vdso.so.1 (0x00007ffff7734000)
	libclang_rt.asan-x86_64.so => /opt/rocm/llvm/lib/clang/17.0.0/lib/linux/libclang_rt.asan-x86_64.so (0x00007f78f1e43000)
	libamdhip64.so.6 => /opt/rocm/lib/asan/libamdhip64.so.6 (0x00007f78ef981000)
	libstdc++.so.6 => /lib/x86_64-linux-gnu/libstdc++.so.6 (0x00007f78ef78a000)
	libm.so.6 => /lib/x86_64-linux-gnu/libm.so.6 (0x00007f78ef63b000)
	libgcc_s.so.1 => /lib/x86_64-linux-gnu/libgcc_s.so.1 (0x00007f78ef620000)
	libc.so.6 => /lib/x86_64-linux-gnu/libc.so.6 (0x00007f78ef42c000)
	libdl.so.2 => /lib/x86_64-linux-gnu/libdl.so.2 (0x00007f78ef426000)
	libpthread.so.0 => /lib/x86_64-linux-gnu/libpthread.so.0 (0x00007f78ef403000)
	librt.so.1 => /lib/x86_64-linux-gnu/librt.so.1 (0x00007f78ef3f9000)
	libamd_comgr.so.2 => /opt/rocm/lib/asan/libamd_comgr.so.2 (0x00007f78e4f39000)
	libhsa-runtime64.so.1 => /opt/rocm/lib/asan/libhsa-runtime64.so.1 (0x00007f78e49df000)
	libnuma.so.1 => /lib/x86_64-linux-gnu/libnuma.so.1 (0x00007f78e49d0000)
	/lib64/ld-linux-x86-64.so.2 (0x00007f78f29b4000)
	libz.so.1 => /lib/x86_64-linux-gnu/libz.so.1 (0x00007f78e49b4000)
	libtinfo.so.6 => /lib/x86_64-linux-gnu/libtinfo.so.6 (0x00007f78e4984000)
	libelf.so.1 => /lib/x86_64-linux-gnu/libelf.so.1 (0x00007f78e4968000)
	libdrm.so.2 => /opt/amdgpu/lib/x86_64-linux-gnu/libdrm.so.2 (0x00007f78e494f000)
	libdrm_amdgpu.so.1 => /opt/amdgpu/lib/x86_64-linux-gnu/libdrm_amdgpu.so.1 (0x00007f78e493f000)
