The system is: Linux - 5.15.0-88-generic - x86_64
Compiling the C compiler identification source file "CMakeCCompilerId.c" succeeded.
Compiler: /opt/rocm/llvm/bin/clang 
Build flags: 
Id flags:  

The output was:
0


Compilation of the C compiler identification source "CMakeCCompilerId.c" produced "a.out"

The C compiler identification is Clang, found in "/home/taccuser/asan/samples/2_Cookbook/20_hip_vulkan/build/CMakeFiles/3.16.3/CompilerIdC/a.out"

Compiling the CXX compiler identification source file "CMakeCXXCompilerId.cpp" succeeded.
Compiler: /opt/rocm/llvm/bin/clang 
Build flags: 
Id flags:  

The output was:
0


Compilation of the CXX compiler identification source "CMakeCXXCompilerId.cpp" produced "a.out"

The CXX compiler identification is Clang, found in "/home/taccuser/asan/samples/2_Cookbook/20_hip_vulkan/build/CMakeFiles/3.16.3/CompilerIdCXX/a.out"

Detecting C compiler ABI info compiled with the following output:
Change Dir: /home/taccuser/asan/samples/2_Cookbook/20_hip_vulkan/build/CMakeFiles/CMakeTmp

Run Build Command(s):/usr/bin/make cmTC_a7a49/fast && /usr/bin/make -f CMakeFiles/cmTC_a7a49.dir/build.make CMakeFiles/cmTC_a7a49.dir/build
make[1]: Entering directory '/home/taccuser/asan/samples/2_Cookbook/20_hip_vulkan/build/CMakeFiles/CMakeTmp'
Building C object CMakeFiles/cmTC_a7a49.dir/CMakeCCompilerABI.c.o
/opt/rocm/llvm/bin/clang   -v -o CMakeFiles/cmTC_a7a49.dir/CMakeCCompilerABI.c.o   -c /usr/share/cmake-3.16/Modules/CMakeCCompilerABI.c
AMD clang version 17.0.0 (ssh://gerritgit/lightning/ec/llvm-project amd-mainline-open 23442 bb485fb956dba03a73b186e06d61302b4cabc0a2)
Target: x86_64-unknown-linux-gnu
Thread model: posix
InstalledDir: /opt/rocm/llvm/bin
Configuration file: /opt/rocm-6.1.0-13031/lib/llvm/bin/clang.cfg
Found candidate GCC installation: /usr/lib/gcc/x86_64-linux-gnu/7
Found candidate GCC installation: /usr/lib/gcc/x86_64-linux-gnu/7.5.0
Found candidate GCC installation: /usr/lib/gcc/x86_64-linux-gnu/8
Found candidate GCC installation: /usr/lib/gcc/x86_64-linux-gnu/9
Selected GCC installation: /usr/lib/gcc/x86_64-linux-gnu/9
Candidate multilib: .;@m64
Candidate multilib: 32;@m32
Candidate multilib: x32;@mx32
Selected multilib: .;@m64
Found HIP installation: /opt/rocm-6.1.0-13031/lib/llvm/bin/../../.., version 6.0.32830
 (in-process)
 "/opt/rocm-6.1.0-13031/lib/llvm/bin/clang-17" -cc1 -triple x86_64-unknown-linux-gnu -emit-obj -mrelax-all -disable-free -clear-ast-before-backend -main-file-name CMakeCCompilerABI.c -mrelocation-model static -mframe-pointer=all -fmath-errno -ffp-contract=on -fno-rounding-math -mconstructor-aliases -funwind-tables=2 -target-cpu x86-64 -tune-cpu generic -debugger-tuning=gdb -v -fcoverage-compilation-dir=/home/taccuser/asan/samples/2_Cookbook/20_hip_vulkan/build/CMakeFiles/CMakeTmp -resource-dir /opt/rocm-6.1.0-13031/lib/llvm/lib/clang/17.0.0 -internal-isystem /opt/rocm-6.1.0-13031/lib/llvm/lib/clang/17.0.0/include -internal-isystem /usr/local/include -internal-isystem /usr/lib/gcc/x86_64-linux-gnu/9/../../../../x86_64-linux-gnu/include -internal-externc-isystem /usr/include/x86_64-linux-gnu -internal-externc-isystem /include -internal-externc-isystem /usr/include -fdebug-compilation-dir=/home/taccuser/asan/samples/2_Cookbook/20_hip_vulkan/build/CMakeFiles/CMakeTmp -ferror-limit 19 -fgnuc-version=4.2.1 -faddrsig -D__GCC_HAVE_DWARF2_CFI_ASM=1 -o CMakeFiles/cmTC_a7a49.dir/CMakeCCompilerABI.c.o -x c /usr/share/cmake-3.16/Modules/CMakeCCompilerABI.c
clang -cc1 version 17.0.0 based upon LLVM 17.0.0git default target x86_64-unknown-linux-gnu
ignoring nonexistent directory "/usr/lib/gcc/x86_64-linux-gnu/9/../../../../x86_64-linux-gnu/include"
ignoring nonexistent directory "/include"
#include "..." search starts here:
#include <...> search starts here:
 /opt/rocm-6.1.0-13031/lib/llvm/lib/clang/17.0.0/include
 /usr/local/include
 /usr/include/x86_64-linux-gnu
 /usr/include
End of search list.
Linking C executable cmTC_a7a49
/usr/bin/cmake -E cmake_link_script CMakeFiles/cmTC_a7a49.dir/link.txt --verbose=1
/opt/rocm/llvm/bin/clang     -v -rdynamic CMakeFiles/cmTC_a7a49.dir/CMakeCCompilerABI.c.o  -o cmTC_a7a49 
AMD clang version 17.0.0 (ssh://gerritgit/lightning/ec/llvm-project amd-mainline-open 23442 bb485fb956dba03a73b186e06d61302b4cabc0a2)
Target: x86_64-unknown-linux-gnu
Thread model: posix
InstalledDir: /opt/rocm/llvm/bin
Configuration file: /opt/rocm-6.1.0-13031/lib/llvm/bin/clang.cfg
Found candidate GCC installation: /usr/lib/gcc/x86_64-linux-gnu/7
Found candidate GCC installation: /usr/lib/gcc/x86_64-linux-gnu/7.5.0
Found candidate GCC installation: /usr/lib/gcc/x86_64-linux-gnu/8
Found candidate GCC installation: /usr/lib/gcc/x86_64-linux-gnu/9
Selected GCC installation: /usr/lib/gcc/x86_64-linux-gnu/9
Candidate multilib: .;@m64
Candidate multilib: 32;@m32
Candidate multilib: x32;@mx32
Selected multilib: .;@m64
Found HIP installation: /opt/rocm-6.1.0-13031/lib/llvm/bin/../../.., version 6.0.32830
 "/opt/rocm/llvm/bin/ld.lld" -export-dynamic -z relro --hash-style=gnu --eh-frame-hdr -m elf_x86_64 -export-dynamic -dynamic-linker /lib64/ld-linux-x86-64.so.2 -o cmTC_a7a49 /lib/x86_64-linux-gnu/crt1.o /lib/x86_64-linux-gnu/crti.o /opt/rocm-6.1.0-13031/lib/llvm/lib/clang/17.0.0/lib/linux/clang_rt.crtbegin-x86_64.o -L/usr/lib/gcc/x86_64-linux-gnu/9 -L/usr/lib/gcc/x86_64-linux-gnu/9/../../../../lib64 -L/lib/x86_64-linux-gnu -L/lib/../lib64 -L/usr/lib/x86_64-linux-gnu -L/usr/lib/../lib64 -L/lib -L/usr/lib --enable-new-dtags CMakeFiles/cmTC_a7a49.dir/CMakeCCompilerABI.c.o /opt/rocm-6.1.0-13031/lib/llvm/lib/clang/17.0.0/lib/linux/libclang_rt.builtins-x86_64.a --as-needed -lgcc_s --no-as-needed -lc /opt/rocm-6.1.0-13031/lib/llvm/lib/clang/17.0.0/lib/linux/libclang_rt.builtins-x86_64.a --as-needed -lgcc_s --no-as-needed /opt/rocm-6.1.0-13031/lib/llvm/lib/clang/17.0.0/lib/linux/clang_rt.crtend-x86_64.o /lib/x86_64-linux-gnu/crtn.o
make[1]: Leaving directory '/home/taccuser/asan/samples/2_Cookbook/20_hip_vulkan/build/CMakeFiles/CMakeTmp'



Parsed C implicit include dir info from above output: rv=done
  found start of include info
  found start of implicit include info
    add: [/opt/rocm-6.1.0-13031/lib/llvm/lib/clang/17.0.0/include]
    add: [/usr/local/include]
    add: [/usr/include/x86_64-linux-gnu]
    add: [/usr/include]
  end of search list found
  collapse include dir [/opt/rocm-6.1.0-13031/lib/llvm/lib/clang/17.0.0/include] ==> [/opt/rocm-6.1.0-13031/lib/llvm/lib/clang/17.0.0/include]
  collapse include dir [/usr/local/include] ==> [/usr/local/include]
  collapse include dir [/usr/include/x86_64-linux-gnu] ==> [/usr/include/x86_64-linux-gnu]
  collapse include dir [/usr/include] ==> [/usr/include]
  implicit include dirs: [/opt/rocm-6.1.0-13031/lib/llvm/lib/clang/17.0.0/include;/usr/local/include;/usr/include/x86_64-linux-gnu;/usr/include]


Parsed C implicit link information from above output:
  link line regex: [^( *|.*[/\])(ld|CMAKE_LINK_STARTFILE-NOTFOUND|([^/\]+-)?ld|collect2)[^/\]*( |$)]
  ignore line: [Change Dir: /home/taccuser/asan/samples/2_Cookbook/20_hip_vulkan/build/CMakeFiles/CMakeTmp]
  ignore line: []
  ignore line: [Run Build Command(s):/usr/bin/make cmTC_a7a49/fast && /usr/bin/make -f CMakeFiles/cmTC_a7a49.dir/build.make CMakeFiles/cmTC_a7a49.dir/build]
  ignore line: [make[1]: Entering directory '/home/taccuser/asan/samples/2_Cookbook/20_hip_vulkan/build/CMakeFiles/CMakeTmp']
  ignore line: [Building C object CMakeFiles/cmTC_a7a49.dir/CMakeCCompilerABI.c.o]
  ignore line: [/opt/rocm/llvm/bin/clang   -v -o CMakeFiles/cmTC_a7a49.dir/CMakeCCompilerABI.c.o   -c /usr/share/cmake-3.16/Modules/CMakeCCompilerABI.c]
  ignore line: [AMD clang version 17.0.0 (ssh://gerritgit/lightning/ec/llvm-project amd-mainline-open 23442 bb485fb956dba03a73b186e06d61302b4cabc0a2)]
  ignore line: [Target: x86_64-unknown-linux-gnu]
  ignore line: [Thread model: posix]
  ignore line: [InstalledDir: /opt/rocm/llvm/bin]
  ignore line: [Configuration file: /opt/rocm-6.1.0-13031/lib/llvm/bin/clang.cfg]
  ignore line: [Found candidate GCC installation: /usr/lib/gcc/x86_64-linux-gnu/7]
  ignore line: [Found candidate GCC installation: /usr/lib/gcc/x86_64-linux-gnu/7.5.0]
  ignore line: [Found candidate GCC installation: /usr/lib/gcc/x86_64-linux-gnu/8]
  ignore line: [Found candidate GCC installation: /usr/lib/gcc/x86_64-linux-gnu/9]
  ignore line: [Selected GCC installation: /usr/lib/gcc/x86_64-linux-gnu/9]
  ignore line: [Candidate multilib: .]
  ignore line: [@m64]
  ignore line: [Candidate multilib: 32]
  ignore line: [@m32]
  ignore line: [Candidate multilib: x32]
  ignore line: [@mx32]
  ignore line: [Selected multilib: .]
  ignore line: [@m64]
  ignore line: [Found HIP installation: /opt/rocm-6.1.0-13031/lib/llvm/bin/../../..  version 6.0.32830]
  ignore line: [ (in-process)]
  ignore line: [ "/opt/rocm-6.1.0-13031/lib/llvm/bin/clang-17" -cc1 -triple x86_64-unknown-linux-gnu -emit-obj -mrelax-all -disable-free -clear-ast-before-backend -main-file-name CMakeCCompilerABI.c -mrelocation-model static -mframe-pointer=all -fmath-errno -ffp-contract=on -fno-rounding-math -mconstructor-aliases -funwind-tables=2 -target-cpu x86-64 -tune-cpu generic -debugger-tuning=gdb -v -fcoverage-compilation-dir=/home/taccuser/asan/samples/2_Cookbook/20_hip_vulkan/build/CMakeFiles/CMakeTmp -resource-dir /opt/rocm-6.1.0-13031/lib/llvm/lib/clang/17.0.0 -internal-isystem /opt/rocm-6.1.0-13031/lib/llvm/lib/clang/17.0.0/include -internal-isystem /usr/local/include -internal-isystem /usr/lib/gcc/x86_64-linux-gnu/9/../../../../x86_64-linux-gnu/include -internal-externc-isystem /usr/include/x86_64-linux-gnu -internal-externc-isystem /include -internal-externc-isystem /usr/include -fdebug-compilation-dir=/home/taccuser/asan/samples/2_Cookbook/20_hip_vulkan/build/CMakeFiles/CMakeTmp -ferror-limit 19 -fgnuc-version=4.2.1 -faddrsig -D__GCC_HAVE_DWARF2_CFI_ASM=1 -o CMakeFiles/cmTC_a7a49.dir/CMakeCCompilerABI.c.o -x c /usr/share/cmake-3.16/Modules/CMakeCCompilerABI.c]
  ignore line: [clang -cc1 version 17.0.0 based upon LLVM 17.0.0git default target x86_64-unknown-linux-gnu]
  ignore line: [ignoring nonexistent directory "/usr/lib/gcc/x86_64-linux-gnu/9/../../../../x86_64-linux-gnu/include"]
  ignore line: [ignoring nonexistent directory "/include"]
  ignore line: [#include "..." search starts here:]
  ignore line: [#include <...> search starts here:]
  ignore line: [ /opt/rocm-6.1.0-13031/lib/llvm/lib/clang/17.0.0/include]
  ignore line: [ /usr/local/include]
  ignore line: [ /usr/include/x86_64-linux-gnu]
  ignore line: [ /usr/include]
  ignore line: [End of search list.]
  ignore line: [Linking C executable cmTC_a7a49]
  ignore line: [/usr/bin/cmake -E cmake_link_script CMakeFiles/cmTC_a7a49.dir/link.txt --verbose=1]
  ignore line: [/opt/rocm/llvm/bin/clang     -v -rdynamic CMakeFiles/cmTC_a7a49.dir/CMakeCCompilerABI.c.o  -o cmTC_a7a49 ]
  ignore line: [AMD clang version 17.0.0 (ssh://gerritgit/lightning/ec/llvm-project amd-mainline-open 23442 bb485fb956dba03a73b186e06d61302b4cabc0a2)]
  ignore line: [Target: x86_64-unknown-linux-gnu]
  ignore line: [Thread model: posix]
  ignore line: [InstalledDir: /opt/rocm/llvm/bin]
  ignore line: [Configuration file: /opt/rocm-6.1.0-13031/lib/llvm/bin/clang.cfg]
  ignore line: [Found candidate GCC installation: /usr/lib/gcc/x86_64-linux-gnu/7]
  ignore line: [Found candidate GCC installation: /usr/lib/gcc/x86_64-linux-gnu/7.5.0]
  ignore line: [Found candidate GCC installation: /usr/lib/gcc/x86_64-linux-gnu/8]
  ignore line: [Found candidate GCC installation: /usr/lib/gcc/x86_64-linux-gnu/9]
  ignore line: [Selected GCC installation: /usr/lib/gcc/x86_64-linux-gnu/9]
  ignore line: [Candidate multilib: .]
  ignore line: [@m64]
  ignore line: [Candidate multilib: 32]
  ignore line: [@m32]
  ignore line: [Candidate multilib: x32]
  ignore line: [@mx32]
  ignore line: [Selected multilib: .]
  ignore line: [@m64]
  ignore line: [Found HIP installation: /opt/rocm-6.1.0-13031/lib/llvm/bin/../../..  version 6.0.32830]
  link line: [ "/opt/rocm/llvm/bin/ld.lld" -export-dynamic -z relro --hash-style=gnu --eh-frame-hdr -m elf_x86_64 -export-dynamic -dynamic-linker /lib64/ld-linux-x86-64.so.2 -o cmTC_a7a49 /lib/x86_64-linux-gnu/crt1.o /lib/x86_64-linux-gnu/crti.o /opt/rocm-6.1.0-13031/lib/llvm/lib/clang/17.0.0/lib/linux/clang_rt.crtbegin-x86_64.o -L/usr/lib/gcc/x86_64-linux-gnu/9 -L/usr/lib/gcc/x86_64-linux-gnu/9/../../../../lib64 -L/lib/x86_64-linux-gnu -L/lib/../lib64 -L/usr/lib/x86_64-linux-gnu -L/usr/lib/../lib64 -L/lib -L/usr/lib --enable-new-dtags CMakeFiles/cmTC_a7a49.dir/CMakeCCompilerABI.c.o /opt/rocm-6.1.0-13031/lib/llvm/lib/clang/17.0.0/lib/linux/libclang_rt.builtins-x86_64.a --as-needed -lgcc_s --no-as-needed -lc /opt/rocm-6.1.0-13031/lib/llvm/lib/clang/17.0.0/lib/linux/libclang_rt.builtins-x86_64.a --as-needed -lgcc_s --no-as-needed /opt/rocm-6.1.0-13031/lib/llvm/lib/clang/17.0.0/lib/linux/clang_rt.crtend-x86_64.o /lib/x86_64-linux-gnu/crtn.o]
    arg [/opt/rocm/llvm/bin/ld.lld] ==> ignore
    arg [-export-dynamic] ==> ignore
    arg [-zrelro] ==> ignore
    arg [--hash-style=gnu] ==> ignore
    arg [--eh-frame-hdr] ==> ignore
    arg [-m] ==> ignore
    arg [elf_x86_64] ==> ignore
    arg [-export-dynamic] ==> ignore
    arg [-dynamic-linker] ==> ignore
    arg [/lib64/ld-linux-x86-64.so.2] ==> ignore
    arg [-o] ==> ignore
    arg [cmTC_a7a49] ==> ignore
    arg [/lib/x86_64-linux-gnu/crt1.o] ==> ignore
    arg [/lib/x86_64-linux-gnu/crti.o] ==> ignore
    arg [/opt/rocm-6.1.0-13031/lib/llvm/lib/clang/17.0.0/lib/linux/clang_rt.crtbegin-x86_64.o] ==> ignore
    arg [-L/usr/lib/gcc/x86_64-linux-gnu/9] ==> dir [/usr/lib/gcc/x86_64-linux-gnu/9]
    arg [-L/usr/lib/gcc/x86_64-linux-gnu/9/../../../../lib64] ==> dir [/usr/lib/gcc/x86_64-linux-gnu/9/../../../../lib64]
    arg [-L/lib/x86_64-linux-gnu] ==> dir [/lib/x86_64-linux-gnu]
    arg [-L/lib/../lib64] ==> dir [/lib/../lib64]
    arg [-L/usr/lib/x86_64-linux-gnu] ==> dir [/usr/lib/x86_64-linux-gnu]
    arg [-L/usr/lib/../lib64] ==> dir [/usr/lib/../lib64]
    arg [-L/lib] ==> dir [/lib]
    arg [-L/usr/lib] ==> dir [/usr/lib]
    arg [--enable-new-dtags] ==> ignore
    arg [CMakeFiles/cmTC_a7a49.dir/CMakeCCompilerABI.c.o] ==> ignore
    arg [/opt/rocm-6.1.0-13031/lib/llvm/lib/clang/17.0.0/lib/linux/libclang_rt.builtins-x86_64.a] ==> lib [/opt/rocm-6.1.0-13031/lib/llvm/lib/clang/17.0.0/lib/linux/libclang_rt.builtins-x86_64.a]
    arg [--as-needed] ==> ignore
    arg [-lgcc_s] ==> lib [gcc_s]
    arg [--no-as-needed] ==> ignore
    arg [-lc] ==> lib [c]
    arg [/opt/rocm-6.1.0-13031/lib/llvm/lib/clang/17.0.0/lib/linux/libclang_rt.builtins-x86_64.a] ==> lib [/opt/rocm-6.1.0-13031/lib/llvm/lib/clang/17.0.0/lib/linux/libclang_rt.builtins-x86_64.a]
    arg [--as-needed] ==> ignore
    arg [-lgcc_s] ==> lib [gcc_s]
    arg [--no-as-needed] ==> ignore
    arg [/opt/rocm-6.1.0-13031/lib/llvm/lib/clang/17.0.0/lib/linux/clang_rt.crtend-x86_64.o] ==> ignore
    arg [/lib/x86_64-linux-gnu/crtn.o] ==> ignore
  remove lib [/opt/rocm-6.1.0-13031/lib/llvm/lib/clang/17.0.0/lib/linux/libclang_rt.builtins-x86_64.a]
  remove lib [/opt/rocm-6.1.0-13031/lib/llvm/lib/clang/17.0.0/lib/linux/libclang_rt.builtins-x86_64.a]
  collapse library dir [/usr/lib/gcc/x86_64-linux-gnu/9] ==> [/usr/lib/gcc/x86_64-linux-gnu/9]
  collapse library dir [/usr/lib/gcc/x86_64-linux-gnu/9/../../../../lib64] ==> [/usr/lib64]
  collapse library dir [/lib/x86_64-linux-gnu] ==> [/lib/x86_64-linux-gnu]
  collapse library dir [/lib/../lib64] ==> [/lib64]
  collapse library dir [/usr/lib/x86_64-linux-gnu] ==> [/usr/lib/x86_64-linux-gnu]
  collapse library dir [/usr/lib/../lib64] ==> [/usr/lib64]
  collapse library dir [/lib] ==> [/lib]
  collapse library dir [/usr/lib] ==> [/usr/lib]
  implicit libs: [gcc_s;c;gcc_s]
  implicit dirs: [/usr/lib/gcc/x86_64-linux-gnu/9;/usr/lib64;/lib/x86_64-linux-gnu;/lib64;/usr/lib/x86_64-linux-gnu;/lib;/usr/lib]
  implicit fwks: []


Detecting CXX compiler ABI info compiled with the following output:
Change Dir: /home/taccuser/asan/samples/2_Cookbook/20_hip_vulkan/build/CMakeFiles/CMakeTmp

Run Build Command(s):/usr/bin/make cmTC_0efaf/fast && /usr/bin/make -f CMakeFiles/cmTC_0efaf.dir/build.make CMakeFiles/cmTC_0efaf.dir/build
make[1]: Entering directory '/home/taccuser/asan/samples/2_Cookbook/20_hip_vulkan/build/CMakeFiles/CMakeTmp'
Building CXX object CMakeFiles/cmTC_0efaf.dir/CMakeCXXCompilerABI.cpp.o
/opt/rocm/llvm/bin/clang    -v -o CMakeFiles/cmTC_0efaf.dir/CMakeCXXCompilerABI.cpp.o -c /usr/share/cmake-3.16/Modules/CMakeCXXCompilerABI.cpp
AMD clang version 17.0.0 (ssh://gerritgit/lightning/ec/llvm-project amd-mainline-open 23442 bb485fb956dba03a73b186e06d61302b4cabc0a2)
Target: x86_64-unknown-linux-gnu
Thread model: posix
InstalledDir: /opt/rocm/llvm/bin
Configuration file: /opt/rocm-6.1.0-13031/lib/llvm/bin/clang.cfg
Found candidate GCC installation: /usr/lib/gcc/x86_64-linux-gnu/7
Found candidate GCC installation: /usr/lib/gcc/x86_64-linux-gnu/7.5.0
Found candidate GCC installation: /usr/lib/gcc/x86_64-linux-gnu/8
Found candidate GCC installation: /usr/lib/gcc/x86_64-linux-gnu/9
Selected GCC installation: /usr/lib/gcc/x86_64-linux-gnu/9
Candidate multilib: .;@m64
Candidate multilib: 32;@m32
Candidate multilib: x32;@mx32
Selected multilib: .;@m64
Found HIP installation: /opt/rocm-6.1.0-13031/lib/llvm/bin/../../.., version 6.0.32830
 (in-process)
 "/opt/rocm-6.1.0-13031/lib/llvm/bin/clang-17" -cc1 -triple x86_64-unknown-linux-gnu -emit-obj -mrelax-all -disable-free -clear-ast-before-backend -main-file-name CMakeCXXCompilerABI.cpp -mrelocation-model static -mframe-pointer=all -fmath-errno -ffp-contract=on -fno-rounding-math -mconstructor-aliases -funwind-tables=2 -target-cpu x86-64 -tune-cpu generic -debugger-tuning=gdb -v -fcoverage-compilation-dir=/home/taccuser/asan/samples/2_Cookbook/20_hip_vulkan/build/CMakeFiles/CMakeTmp -resource-dir /opt/rocm-6.1.0-13031/lib/llvm/lib/clang/17.0.0 -internal-isystem /usr/lib/gcc/x86_64-linux-gnu/9/../../../../include/c++/9 -internal-isystem /usr/lib/gcc/x86_64-linux-gnu/9/../../../../include/x86_64-linux-gnu/c++/9 -internal-isystem /usr/lib/gcc/x86_64-linux-gnu/9/../../../../include/c++/9/backward -internal-isystem /opt/rocm-6.1.0-13031/lib/llvm/lib/clang/17.0.0/include -internal-isystem /usr/local/include -internal-isystem /usr/lib/gcc/x86_64-linux-gnu/9/../../../../x86_64-linux-gnu/include -internal-externc-isystem /usr/include/x86_64-linux-gnu -internal-externc-isystem /include -internal-externc-isystem /usr/include -fdeprecated-macro -fdebug-compilation-dir=/home/taccuser/asan/samples/2_Cookbook/20_hip_vulkan/build/CMakeFiles/CMakeTmp -ferror-limit 19 -fgnuc-version=4.2.1 -fcxx-exceptions -fexceptions -faddrsig -D__GCC_HAVE_DWARF2_CFI_ASM=1 -o CMakeFiles/cmTC_0efaf.dir/CMakeCXXCompilerABI.cpp.o -x c++ /usr/share/cmake-3.16/Modules/CMakeCXXCompilerABI.cpp
clang -cc1 version 17.0.0 based upon LLVM 17.0.0git default target x86_64-unknown-linux-gnu
ignoring nonexistent directory "/usr/lib/gcc/x86_64-linux-gnu/9/../../../../x86_64-linux-gnu/include"
ignoring nonexistent directory "/include"
#include "..." search starts here:
#include <...> search starts here:
 /usr/lib/gcc/x86_64-linux-gnu/9/../../../../include/c++/9
 /usr/lib/gcc/x86_64-linux-gnu/9/../../../../include/x86_64-linux-gnu/c++/9
 /usr/lib/gcc/x86_64-linux-gnu/9/../../../../include/c++/9/backward
 /opt/rocm-6.1.0-13031/lib/llvm/lib/clang/17.0.0/include
 /usr/local/include
 /usr/include/x86_64-linux-gnu
 /usr/include
End of search list.
Linking CXX executable cmTC_0efaf
/usr/bin/cmake -E cmake_link_script CMakeFiles/cmTC_0efaf.dir/link.txt --verbose=1
/opt/rocm/llvm/bin/clang      -v -rdynamic CMakeFiles/cmTC_0efaf.dir/CMakeCXXCompilerABI.cpp.o  -o cmTC_0efaf 
AMD clang version 17.0.0 (ssh://gerritgit/lightning/ec/llvm-project amd-mainline-open 23442 bb485fb956dba03a73b186e06d61302b4cabc0a2)
Target: x86_64-unknown-linux-gnu
Thread model: posix
InstalledDir: /opt/rocm/llvm/bin
Configuration file: /opt/rocm-6.1.0-13031/lib/llvm/bin/clang.cfg
Found candidate GCC installation: /usr/lib/gcc/x86_64-linux-gnu/7
Found candidate GCC installation: /usr/lib/gcc/x86_64-linux-gnu/7.5.0
Found candidate GCC installation: /usr/lib/gcc/x86_64-linux-gnu/8
Found candidate GCC installation: /usr/lib/gcc/x86_64-linux-gnu/9
Selected GCC installation: /usr/lib/gcc/x86_64-linux-gnu/9
Candidate multilib: .;@m64
Candidate multilib: 32;@m32
Candidate multilib: x32;@mx32
Selected multilib: .;@m64
Found HIP installation: /opt/rocm-6.1.0-13031/lib/llvm/bin/../../.., version 6.0.32830
 "/opt/rocm/llvm/bin/ld.lld" -export-dynamic -z relro --hash-style=gnu --eh-frame-hdr -m elf_x86_64 -export-dynamic -dynamic-linker /lib64/ld-linux-x86-64.so.2 -o cmTC_0efaf /lib/x86_64-linux-gnu/crt1.o /lib/x86_64-linux-gnu/crti.o /opt/rocm-6.1.0-13031/lib/llvm/lib/clang/17.0.0/lib/linux/clang_rt.crtbegin-x86_64.o -L/usr/lib/gcc/x86_64-linux-gnu/9 -L/usr/lib/gcc/x86_64-linux-gnu/9/../../../../lib64 -L/lib/x86_64-linux-gnu -L/lib/../lib64 -L/usr/lib/x86_64-linux-gnu -L/usr/lib/../lib64 -L/lib -L/usr/lib --enable-new-dtags CMakeFiles/cmTC_0efaf.dir/CMakeCXXCompilerABI.cpp.o /opt/rocm-6.1.0-13031/lib/llvm/lib/clang/17.0.0/lib/linux/libclang_rt.builtins-x86_64.a --as-needed -lgcc_s --no-as-needed -lc /opt/rocm-6.1.0-13031/lib/llvm/lib/clang/17.0.0/lib/linux/libclang_rt.builtins-x86_64.a --as-needed -lgcc_s --no-as-needed /opt/rocm-6.1.0-13031/lib/llvm/lib/clang/17.0.0/lib/linux/clang_rt.crtend-x86_64.o /lib/x86_64-linux-gnu/crtn.o
make[1]: Leaving directory '/home/taccuser/asan/samples/2_Cookbook/20_hip_vulkan/build/CMakeFiles/CMakeTmp'



Parsed CXX implicit include dir info from above output: rv=done
  found start of include info
  found start of implicit include info
    add: [/usr/lib/gcc/x86_64-linux-gnu/9/../../../../include/c++/9]
    add: [/usr/lib/gcc/x86_64-linux-gnu/9/../../../../include/x86_64-linux-gnu/c++/9]
    add: [/usr/lib/gcc/x86_64-linux-gnu/9/../../../../include/c++/9/backward]
    add: [/opt/rocm-6.1.0-13031/lib/llvm/lib/clang/17.0.0/include]
    add: [/usr/local/include]
    add: [/usr/include/x86_64-linux-gnu]
    add: [/usr/include]
  end of search list found
  collapse include dir [/usr/lib/gcc/x86_64-linux-gnu/9/../../../../include/c++/9] ==> [/usr/include/c++/9]
  collapse include dir [/usr/lib/gcc/x86_64-linux-gnu/9/../../../../include/x86_64-linux-gnu/c++/9] ==> [/usr/include/x86_64-linux-gnu/c++/9]
  collapse include dir [/usr/lib/gcc/x86_64-linux-gnu/9/../../../../include/c++/9/backward] ==> [/usr/include/c++/9/backward]
  collapse include dir [/opt/rocm-6.1.0-13031/lib/llvm/lib/clang/17.0.0/include] ==> [/opt/rocm-6.1.0-13031/lib/llvm/lib/clang/17.0.0/include]
  collapse include dir [/usr/local/include] ==> [/usr/local/include]
  collapse include dir [/usr/include/x86_64-linux-gnu] ==> [/usr/include/x86_64-linux-gnu]
  collapse include dir [/usr/include] ==> [/usr/include]
  implicit include dirs: [/usr/include/c++/9;/usr/include/x86_64-linux-gnu/c++/9;/usr/include/c++/9/backward;/opt/rocm-6.1.0-13031/lib/llvm/lib/clang/17.0.0/include;/usr/local/include;/usr/include/x86_64-linux-gnu;/usr/include]


Parsed CXX implicit link information from above output:
  link line regex: [^( *|.*[/\])(ld|CMAKE_LINK_STARTFILE-NOTFOUND|([^/\]+-)?ld|collect2)[^/\]*( |$)]
  ignore line: [Change Dir: /home/taccuser/asan/samples/2_Cookbook/20_hip_vulkan/build/CMakeFiles/CMakeTmp]
  ignore line: []
  ignore line: [Run Build Command(s):/usr/bin/make cmTC_0efaf/fast && /usr/bin/make -f CMakeFiles/cmTC_0efaf.dir/build.make CMakeFiles/cmTC_0efaf.dir/build]
  ignore line: [make[1]: Entering directory '/home/taccuser/asan/samples/2_Cookbook/20_hip_vulkan/build/CMakeFiles/CMakeTmp']
  ignore line: [Building CXX object CMakeFiles/cmTC_0efaf.dir/CMakeCXXCompilerABI.cpp.o]
  ignore line: [/opt/rocm/llvm/bin/clang    -v -o CMakeFiles/cmTC_0efaf.dir/CMakeCXXCompilerABI.cpp.o -c /usr/share/cmake-3.16/Modules/CMakeCXXCompilerABI.cpp]
  ignore line: [AMD clang version 17.0.0 (ssh://gerritgit/lightning/ec/llvm-project amd-mainline-open 23442 bb485fb956dba03a73b186e06d61302b4cabc0a2)]
  ignore line: [Target: x86_64-unknown-linux-gnu]
  ignore line: [Thread model: posix]
  ignore line: [InstalledDir: /opt/rocm/llvm/bin]
  ignore line: [Configuration file: /opt/rocm-6.1.0-13031/lib/llvm/bin/clang.cfg]
  ignore line: [Found candidate GCC installation: /usr/lib/gcc/x86_64-linux-gnu/7]
  ignore line: [Found candidate GCC installation: /usr/lib/gcc/x86_64-linux-gnu/7.5.0]
  ignore line: [Found candidate GCC installation: /usr/lib/gcc/x86_64-linux-gnu/8]
  ignore line: [Found candidate GCC installation: /usr/lib/gcc/x86_64-linux-gnu/9]
  ignore line: [Selected GCC installation: /usr/lib/gcc/x86_64-linux-gnu/9]
  ignore line: [Candidate multilib: .]
  ignore line: [@m64]
  ignore line: [Candidate multilib: 32]
  ignore line: [@m32]
  ignore line: [Candidate multilib: x32]
  ignore line: [@mx32]
  ignore line: [Selected multilib: .]
  ignore line: [@m64]
  ignore line: [Found HIP installation: /opt/rocm-6.1.0-13031/lib/llvm/bin/../../..  version 6.0.32830]
  ignore line: [ (in-process)]
  ignore line: [ "/opt/rocm-6.1.0-13031/lib/llvm/bin/clang-17" -cc1 -triple x86_64-unknown-linux-gnu -emit-obj -mrelax-all -disable-free -clear-ast-before-backend -main-file-name CMakeCXXCompilerABI.cpp -mrelocation-model static -mframe-pointer=all -fmath-errno -ffp-contract=on -fno-rounding-math -mconstructor-aliases -funwind-tables=2 -target-cpu x86-64 -tune-cpu generic -debugger-tuning=gdb -v -fcoverage-compilation-dir=/home/taccuser/asan/samples/2_Cookbook/20_hip_vulkan/build/CMakeFiles/CMakeTmp -resource-dir /opt/rocm-6.1.0-13031/lib/llvm/lib/clang/17.0.0 -internal-isystem /usr/lib/gcc/x86_64-linux-gnu/9/../../../../include/c++/9 -internal-isystem /usr/lib/gcc/x86_64-linux-gnu/9/../../../../include/x86_64-linux-gnu/c++/9 -internal-isystem /usr/lib/gcc/x86_64-linux-gnu/9/../../../../include/c++/9/backward -internal-isystem /opt/rocm-6.1.0-13031/lib/llvm/lib/clang/17.0.0/include -internal-isystem /usr/local/include -internal-isystem /usr/lib/gcc/x86_64-linux-gnu/9/../../../../x86_64-linux-gnu/include -internal-externc-isystem /usr/include/x86_64-linux-gnu -internal-externc-isystem /include -internal-externc-isystem /usr/include -fdeprecated-macro -fdebug-compilation-dir=/home/taccuser/asan/samples/2_Cookbook/20_hip_vulkan/build/CMakeFiles/CMakeTmp -ferror-limit 19 -fgnuc-version=4.2.1 -fcxx-exceptions -fexceptions -faddrsig -D__GCC_HAVE_DWARF2_CFI_ASM=1 -o CMakeFiles/cmTC_0efaf.dir/CMakeCXXCompilerABI.cpp.o -x c++ /usr/share/cmake-3.16/Modules/CMakeCXXCompilerABI.cpp]
  ignore line: [clang -cc1 version 17.0.0 based upon LLVM 17.0.0git default target x86_64-unknown-linux-gnu]
  ignore line: [ignoring nonexistent directory "/usr/lib/gcc/x86_64-linux-gnu/9/../../../../x86_64-linux-gnu/include"]
  ignore line: [ignoring nonexistent directory "/include"]
  ignore line: [#include "..." search starts here:]
  ignore line: [#include <...> search starts here:]
  ignore line: [ /usr/lib/gcc/x86_64-linux-gnu/9/../../../../include/c++/9]
  ignore line: [ /usr/lib/gcc/x86_64-linux-gnu/9/../../../../include/x86_64-linux-gnu/c++/9]
  ignore line: [ /usr/lib/gcc/x86_64-linux-gnu/9/../../../../include/c++/9/backward]
  ignore line: [ /opt/rocm-6.1.0-13031/lib/llvm/lib/clang/17.0.0/include]
  ignore line: [ /usr/local/include]
  ignore line: [ /usr/include/x86_64-linux-gnu]
  ignore line: [ /usr/include]
  ignore line: [End of search list.]
  ignore line: [Linking CXX executable cmTC_0efaf]
  ignore line: [/usr/bin/cmake -E cmake_link_script CMakeFiles/cmTC_0efaf.dir/link.txt --verbose=1]
  ignore line: [/opt/rocm/llvm/bin/clang      -v -rdynamic CMakeFiles/cmTC_0efaf.dir/CMakeCXXCompilerABI.cpp.o  -o cmTC_0efaf ]
  ignore line: [AMD clang version 17.0.0 (ssh://gerritgit/lightning/ec/llvm-project amd-mainline-open 23442 bb485fb956dba03a73b186e06d61302b4cabc0a2)]
  ignore line: [Target: x86_64-unknown-linux-gnu]
  ignore line: [Thread model: posix]
  ignore line: [InstalledDir: /opt/rocm/llvm/bin]
  ignore line: [Configuration file: /opt/rocm-6.1.0-13031/lib/llvm/bin/clang.cfg]
  ignore line: [Found candidate GCC installation: /usr/lib/gcc/x86_64-linux-gnu/7]
  ignore line: [Found candidate GCC installation: /usr/lib/gcc/x86_64-linux-gnu/7.5.0]
  ignore line: [Found candidate GCC installation: /usr/lib/gcc/x86_64-linux-gnu/8]
  ignore line: [Found candidate GCC installation: /usr/lib/gcc/x86_64-linux-gnu/9]
  ignore line: [Selected GCC installation: /usr/lib/gcc/x86_64-linux-gnu/9]
  ignore line: [Candidate multilib: .]
  ignore line: [@m64]
  ignore line: [Candidate multilib: 32]
  ignore line: [@m32]
  ignore line: [Candidate multilib: x32]
  ignore line: [@mx32]
  ignore line: [Selected multilib: .]
  ignore line: [@m64]
  ignore line: [Found HIP installation: /opt/rocm-6.1.0-13031/lib/llvm/bin/../../..  version 6.0.32830]
  link line: [ "/opt/rocm/llvm/bin/ld.lld" -export-dynamic -z relro --hash-style=gnu --eh-frame-hdr -m elf_x86_64 -export-dynamic -dynamic-linker /lib64/ld-linux-x86-64.so.2 -o cmTC_0efaf /lib/x86_64-linux-gnu/crt1.o /lib/x86_64-linux-gnu/crti.o /opt/rocm-6.1.0-13031/lib/llvm/lib/clang/17.0.0/lib/linux/clang_rt.crtbegin-x86_64.o -L/usr/lib/gcc/x86_64-linux-gnu/9 -L/usr/lib/gcc/x86_64-linux-gnu/9/../../../../lib64 -L/lib/x86_64-linux-gnu -L/lib/../lib64 -L/usr/lib/x86_64-linux-gnu -L/usr/lib/../lib64 -L/lib -L/usr/lib --enable-new-dtags CMakeFiles/cmTC_0efaf.dir/CMakeCXXCompilerABI.cpp.o /opt/rocm-6.1.0-13031/lib/llvm/lib/clang/17.0.0/lib/linux/libclang_rt.builtins-x86_64.a --as-needed -lgcc_s --no-as-needed -lc /opt/rocm-6.1.0-13031/lib/llvm/lib/clang/17.0.0/lib/linux/libclang_rt.builtins-x86_64.a --as-needed -lgcc_s --no-as-needed /opt/rocm-6.1.0-13031/lib/llvm/lib/clang/17.0.0/lib/linux/clang_rt.crtend-x86_64.o /lib/x86_64-linux-gnu/crtn.o]
    arg [/opt/rocm/llvm/bin/ld.lld] ==> ignore
    arg [-export-dynamic] ==> ignore
    arg [-zrelro] ==> ignore
    arg [--hash-style=gnu] ==> ignore
    arg [--eh-frame-hdr] ==> ignore
    arg [-m] ==> ignore
    arg [elf_x86_64] ==> ignore
    arg [-export-dynamic] ==> ignore
    arg [-dynamic-linker] ==> ignore
    arg [/lib64/ld-linux-x86-64.so.2] ==> ignore
    arg [-o] ==> ignore
    arg [cmTC_0efaf] ==> ignore
    arg [/lib/x86_64-linux-gnu/crt1.o] ==> ignore
    arg [/lib/x86_64-linux-gnu/crti.o] ==> ignore
    arg [/opt/rocm-6.1.0-13031/lib/llvm/lib/clang/17.0.0/lib/linux/clang_rt.crtbegin-x86_64.o] ==> ignore
    arg [-L/usr/lib/gcc/x86_64-linux-gnu/9] ==> dir [/usr/lib/gcc/x86_64-linux-gnu/9]
    arg [-L/usr/lib/gcc/x86_64-linux-gnu/9/../../../../lib64] ==> dir [/usr/lib/gcc/x86_64-linux-gnu/9/../../../../lib64]
    arg [-L/lib/x86_64-linux-gnu] ==> dir [/lib/x86_64-linux-gnu]
    arg [-L/lib/../lib64] ==> dir [/lib/../lib64]
    arg [-L/usr/lib/x86_64-linux-gnu] ==> dir [/usr/lib/x86_64-linux-gnu]
    arg [-L/usr/lib/../lib64] ==> dir [/usr/lib/../lib64]
    arg [-L/lib] ==> dir [/lib]
    arg [-L/usr/lib] ==> dir [/usr/lib]
    arg [--enable-new-dtags] ==> ignore
    arg [CMakeFiles/cmTC_0efaf.dir/CMakeCXXCompilerABI.cpp.o] ==> ignore
    arg [/opt/rocm-6.1.0-13031/lib/llvm/lib/clang/17.0.0/lib/linux/libclang_rt.builtins-x86_64.a] ==> lib [/opt/rocm-6.1.0-13031/lib/llvm/lib/clang/17.0.0/lib/linux/libclang_rt.builtins-x86_64.a]
    arg [--as-needed] ==> ignore
    arg [-lgcc_s] ==> lib [gcc_s]
    arg [--no-as-needed] ==> ignore
    arg [-lc] ==> lib [c]
    arg [/opt/rocm-6.1.0-13031/lib/llvm/lib/clang/17.0.0/lib/linux/libclang_rt.builtins-x86_64.a] ==> lib [/opt/rocm-6.1.0-13031/lib/llvm/lib/clang/17.0.0/lib/linux/libclang_rt.builtins-x86_64.a]
    arg [--as-needed] ==> ignore
    arg [-lgcc_s] ==> lib [gcc_s]
    arg [--no-as-needed] ==> ignore
    arg [/opt/rocm-6.1.0-13031/lib/llvm/lib/clang/17.0.0/lib/linux/clang_rt.crtend-x86_64.o] ==> ignore
    arg [/lib/x86_64-linux-gnu/crtn.o] ==> ignore
  remove lib [/opt/rocm-6.1.0-13031/lib/llvm/lib/clang/17.0.0/lib/linux/libclang_rt.builtins-x86_64.a]
  remove lib [/opt/rocm-6.1.0-13031/lib/llvm/lib/clang/17.0.0/lib/linux/libclang_rt.builtins-x86_64.a]
  collapse library dir [/usr/lib/gcc/x86_64-linux-gnu/9] ==> [/usr/lib/gcc/x86_64-linux-gnu/9]
  collapse library dir [/usr/lib/gcc/x86_64-linux-gnu/9/../../../../lib64] ==> [/usr/lib64]
  collapse library dir [/lib/x86_64-linux-gnu] ==> [/lib/x86_64-linux-gnu]
  collapse library dir [/lib/../lib64] ==> [/lib64]
  collapse library dir [/usr/lib/x86_64-linux-gnu] ==> [/usr/lib/x86_64-linux-gnu]
  collapse library dir [/usr/lib/../lib64] ==> [/usr/lib64]
  collapse library dir [/lib] ==> [/lib]
  collapse library dir [/usr/lib] ==> [/usr/lib]
  implicit libs: [gcc_s;c;gcc_s]
  implicit dirs: [/usr/lib/gcc/x86_64-linux-gnu/9;/usr/lib64;/lib/x86_64-linux-gnu;/lib64;/usr/lib/x86_64-linux-gnu;/lib;/usr/lib]
  implicit fwks: []


Determining if the include file pthread.h exists passed with the following output:
Change Dir: /home/taccuser/asan/samples/2_Cookbook/20_hip_vulkan/build/CMakeFiles/CMakeTmp

Run Build Command(s):/usr/bin/make cmTC_06996/fast && /usr/bin/make -f CMakeFiles/cmTC_06996.dir/build.make CMakeFiles/cmTC_06996.dir/build
make[1]: Entering directory '/home/taccuser/asan/samples/2_Cookbook/20_hip_vulkan/build/CMakeFiles/CMakeTmp'
Building C object CMakeFiles/cmTC_06996.dir/CheckIncludeFile.c.o
/opt/rocm/llvm/bin/clang    -o CMakeFiles/cmTC_06996.dir/CheckIncludeFile.c.o   -c /home/taccuser/asan/samples/2_Cookbook/20_hip_vulkan/build/CMakeFiles/CMakeTmp/CheckIncludeFile.c
Linking C executable cmTC_06996
/usr/bin/cmake -E cmake_link_script CMakeFiles/cmTC_06996.dir/link.txt --verbose=1
/opt/rocm/llvm/bin/clang      CMakeFiles/cmTC_06996.dir/CheckIncludeFile.c.o  -o cmTC_06996 
make[1]: Leaving directory '/home/taccuser/asan/samples/2_Cookbook/20_hip_vulkan/build/CMakeFiles/CMakeTmp'



Determining if the function pthread_create exists in the pthread passed with the following output:
Change Dir: /home/taccuser/asan/samples/2_Cookbook/20_hip_vulkan/build/CMakeFiles/CMakeTmp

Run Build Command(s):/usr/bin/make cmTC_73374/fast && /usr/bin/make -f CMakeFiles/cmTC_73374.dir/build.make CMakeFiles/cmTC_73374.dir/build
make[1]: Entering directory '/home/taccuser/asan/samples/2_Cookbook/20_hip_vulkan/build/CMakeFiles/CMakeTmp'
Building C object CMakeFiles/cmTC_73374.dir/CheckFunctionExists.c.o
/opt/rocm/llvm/bin/clang   -DCHECK_FUNCTION_EXISTS=pthread_create   -o CMakeFiles/cmTC_73374.dir/CheckFunctionExists.c.o   -c /usr/share/cmake-3.16/Modules/CheckFunctionExists.c
Linking C executable cmTC_73374
/usr/bin/cmake -E cmake_link_script CMakeFiles/cmTC_73374.dir/link.txt --verbose=1
/opt/rocm/llvm/bin/clang  -DCHECK_FUNCTION_EXISTS=pthread_create    CMakeFiles/cmTC_73374.dir/CheckFunctionExists.c.o  -o cmTC_73374  -lpthread 
make[1]: Leaving directory '/home/taccuser/asan/samples/2_Cookbook/20_hip_vulkan/build/CMakeFiles/CMakeTmp'



Performing C++ SOURCE FILE Test HIP_CLANG_SUPPORTS_PARALLEL_JOBS succeeded with the following output:
Change Dir: /home/taccuser/asan/samples/2_Cookbook/20_hip_vulkan/build/CMakeFiles/CMakeTmp

Run Build Command(s):/usr/bin/make cmTC_f3490/fast && /usr/bin/make -f CMakeFiles/cmTC_f3490.dir/build.make CMakeFiles/cmTC_f3490.dir/build
make[1]: Entering directory '/home/taccuser/asan/samples/2_Cookbook/20_hip_vulkan/build/CMakeFiles/CMakeTmp'
Building CXX object CMakeFiles/cmTC_f3490.dir/src.cxx.o
/opt/rocm/llvm/bin/clang    -DHIP_CLANG_SUPPORTS_PARALLEL_JOBS   -parallel-jobs=1 -std=gnu++14 -o CMakeFiles/cmTC_f3490.dir/src.cxx.o -c /home/taccuser/asan/samples/2_Cookbook/20_hip_vulkan/build/CMakeFiles/CMakeTmp/src.cxx
Linking CXX executable cmTC_f3490
/usr/bin/cmake -E cmake_link_script CMakeFiles/cmTC_f3490.dir/link.txt --verbose=1
/opt/rocm/llvm/bin/clang   -DHIP_CLANG_SUPPORTS_PARALLEL_JOBS    CMakeFiles/cmTC_f3490.dir/src.cxx.o  -o cmTC_f3490 
make[1]: Leaving directory '/home/taccuser/asan/samples/2_Cookbook/20_hip_vulkan/build/CMakeFiles/CMakeTmp'


Source file was:
int main() { return 0; }
