-- The C compiler identification is Clang 17.0.0
-- The CXX compiler identification is Clang 17.0.0
-- Check for working C compiler: /opt/rocm/llvm/bin/clang
-- Check for working C compiler: /opt/rocm/llvm/bin/clang -- works
-- Detecting C compiler ABI info
-- Detecting C compiler ABI info - done
-- Detecting C compile features
-- Detecting C compile features - done
-- Check for working CXX compiler: /opt/rocm/llvm/bin/clang
-- Check for working CXX compiler: /opt/rocm/llvm/bin/clang -- works
-- Detecting CXX compiler ABI info
-- Detecting CXX compiler ABI info - done
-- Detecting CXX compile features
-- Detecting CXX compile features - done
-- Looking for pthread.h
-- Looking for pthread.h - found
-- Performing Test CMAKE_HAVE_LIBC_PTHREAD
-- Performing Test CMAKE_HAVE_LIBC_PTHREAD - Failed
-- Looking for pthread_create in pthreads
-- Looking for pthread_create in pthreads - not found
-- Looking for pthread_create in pthread
-- Looking for pthread_create in pthread - found
-- Found Threads: TRUE  
-- Performing Test HIP_CLANG_SUPPORTS_PARALLEL_JOBS
-- Performing Test HIP_CLANG_SUPPORTS_PARALLEL_JOBS - Success
-- Configuring done
-- Generating done
-- Build files have been written to: /home/taccuser/asan/samples/2_Cookbook/5_2dshfl/build
Scanning dependencies of target 2dshfl
[ 50%] Building CXX object CMakeFiles/2dshfl.dir/2dshfl.cpp.o
[100%] Linking CXX executable 2dshfl
[100%] Built target 2dshfl
Device name AMD Instinct MI210
PASSED!

=================================================================
==90415==ERROR: LeakSanitizer: detected memory leaks

Direct leak of 2304 byte(s) in 32 object(s) allocated from:
    #0 0x7fbd02812bf7 in operator new(unsigned long) /long_pathname_so_that_rpms_can_package_the_debug_info/src/external/llvm-project/compiler-rt/lib/asan/asan_new_delete.cpp:95:3
    #1 0x7fbcf53d147e  (/opt/rocm/lib/asan/libhsa-runtime64.so.1+0x17c47e) (BuildId: 43667e531140fcd7a8f8e300f20ebfe335d9271f)
    #2 0x7fbd00ed1f26  (/opt/rocm/lib/asan/libamdhip64.so.6+0xcdaf26) (BuildId: 28bb193e97f94af7bf5f4ef84d3f5f691ccd0b57)
    #3 0x7fbd00edc0a8  (/opt/rocm/lib/asan/libamdhip64.so.6+0xce50a8) (BuildId: 28bb193e97f94af7bf5f4ef84d3f5f691ccd0b57)
    #4 0x7fbd00e42da9  (/opt/rocm/lib/asan/libamdhip64.so.6+0xc4bda9) (BuildId: 28bb193e97f94af7bf5f4ef84d3f5f691ccd0b57)
    #5 0x7fbd00d9e612  (/opt/rocm/lib/asan/libamdhip64.so.6+0xba7612) (BuildId: 28bb193e97f94af7bf5f4ef84d3f5f691ccd0b57)
    #6 0x7fbd00a93096  (/opt/rocm/lib/asan/libamdhip64.so.6+0x89c096) (BuildId: 28bb193e97f94af7bf5f4ef84d3f5f691ccd0b57)
    #7 0x7fbd005b4c89  (/opt/rocm/lib/asan/libamdhip64.so.6+0x3bdc89) (BuildId: 28bb193e97f94af7bf5f4ef84d3f5f691ccd0b57)
    #8 0x7fbd007f83e3 in hipMemcpy (/opt/rocm/lib/asan/libamdhip64.so.6+0x6013e3) (BuildId: 28bb193e97f94af7bf5f4ef84d3f5f691ccd0b57)
    #9 0x21e9f3 in main (/home/taccuser/asan/samples/2_Cookbook/5_2dshfl/build/2dshfl+0x21e9f3)
    #10 0x7fbcffcc6082 in __libc_start_main /build/glibc-BHL3KM/glibc-2.31/csu/../csu/libc-start.c:308:16

Direct leak of 224 byte(s) in 4 object(s) allocated from:
    #0 0x7fbd02812bf7 in operator new(unsigned long) /long_pathname_so_that_rpms_can_package_the_debug_info/src/external/llvm-project/compiler-rt/lib/asan/asan_new_delete.cpp:95:3
    #1 0x7fbcf53d0dfb  (/opt/rocm/lib/asan/libhsa-runtime64.so.1+0x17bdfb) (BuildId: 43667e531140fcd7a8f8e300f20ebfe335d9271f)
    #2 0x7fbd00edbe11  (/opt/rocm/lib/asan/libamdhip64.so.6+0xce4e11) (BuildId: 28bb193e97f94af7bf5f4ef84d3f5f691ccd0b57)
    #3 0x7fbd00e42da9  (/opt/rocm/lib/asan/libamdhip64.so.6+0xc4bda9) (BuildId: 28bb193e97f94af7bf5f4ef84d3f5f691ccd0b57)
    #4 0x7fbd00d9e612  (/opt/rocm/lib/asan/libamdhip64.so.6+0xba7612) (BuildId: 28bb193e97f94af7bf5f4ef84d3f5f691ccd0b57)
    #5 0x7fbd00a93096  (/opt/rocm/lib/asan/libamdhip64.so.6+0x89c096) (BuildId: 28bb193e97f94af7bf5f4ef84d3f5f691ccd0b57)
    #6 0x7fbd005b4c89  (/opt/rocm/lib/asan/libamdhip64.so.6+0x3bdc89) (BuildId: 28bb193e97f94af7bf5f4ef84d3f5f691ccd0b57)
    #7 0x7fbd007f83e3 in hipMemcpy (/opt/rocm/lib/asan/libamdhip64.so.6+0x6013e3) (BuildId: 28bb193e97f94af7bf5f4ef84d3f5f691ccd0b57)
    #8 0x21e9f3 in main (/home/taccuser/asan/samples/2_Cookbook/5_2dshfl/build/2dshfl+0x21e9f3)
    #9 0x7fbcffcc6082 in __libc_start_main /build/glibc-BHL3KM/glibc-2.31/csu/../csu/libc-start.c:308:16

Direct leak of 216 byte(s) in 3 object(s) allocated from:
    #0 0x7fbd02812bf7 in operator new(unsigned long) /long_pathname_so_that_rpms_can_package_the_debug_info/src/external/llvm-project/compiler-rt/lib/asan/asan_new_delete.cpp:95:3
    #1 0x7fbcf53d147e  (/opt/rocm/lib/asan/libhsa-runtime64.so.1+0x17c47e) (BuildId: 43667e531140fcd7a8f8e300f20ebfe335d9271f)
    #2 0x7fbd00e38cd5  (/opt/rocm/lib/asan/libamdhip64.so.6+0xc41cd5) (BuildId: 28bb193e97f94af7bf5f4ef84d3f5f691ccd0b57)
    #3 0x7fbd00e3640b  (/opt/rocm/lib/asan/libamdhip64.so.6+0xc3f40b) (BuildId: 28bb193e97f94af7bf5f4ef84d3f5f691ccd0b57)
    #4 0x7fbd00c5ffe8  (/opt/rocm/lib/asan/libamdhip64.so.6+0xa68fe8) (BuildId: 28bb193e97f94af7bf5f4ef84d3f5f691ccd0b57)
    #5 0x7fbcffc8a4de in __pthread_once_slow /build/glibc-BHL3KM/glibc-2.31/nptl/pthread_once.c:116:7

Direct leak of 120 byte(s) in 3 object(s) allocated from:
    #0 0x7fbd02812eaf in operator new(unsigned long, std::nothrow_t const&) /long_pathname_so_that_rpms_can_package_the_debug_info/src/external/llvm-project/compiler-rt/lib/asan/asan_new_delete.cpp:101:3
    #1 0x7fbcf97faa48 in amd_comgr_metadata_lookup (/opt/rocm/lib/asan/libamd_comgr.so.2+0x404ba48) (BuildId: 8b5fd780bc803bcb3cfa6978d03b2c4e81704d73)
    #2 0x7fbd00e42968  (/opt/rocm/lib/asan/libamdhip64.so.6+0xc4b968) (BuildId: 28bb193e97f94af7bf5f4ef84d3f5f691ccd0b57)
    #3 0x7fbd00e3e4df  (/opt/rocm/lib/asan/libamdhip64.so.6+0xc474df) (BuildId: 28bb193e97f94af7bf5f4ef84d3f5f691ccd0b57)
    #4 0x7fbd00e38953  (/opt/rocm/lib/asan/libamdhip64.so.6+0xc41953) (BuildId: 28bb193e97f94af7bf5f4ef84d3f5f691ccd0b57)
    #5 0x7fbd00e3640b  (/opt/rocm/lib/asan/libamdhip64.so.6+0xc3f40b) (BuildId: 28bb193e97f94af7bf5f4ef84d3f5f691ccd0b57)
    #6 0x7fbd00c5ffe8  (/opt/rocm/lib/asan/libamdhip64.so.6+0xa68fe8) (BuildId: 28bb193e97f94af7bf5f4ef84d3f5f691ccd0b57)
    #7 0x7fbcffc8a4de in __pthread_once_slow /build/glibc-BHL3KM/glibc-2.31/nptl/pthread_once.c:116:7

Direct leak of 120 byte(s) in 3 object(s) allocated from:
    #0 0x7fbd02812eaf in operator new(unsigned long, std::nothrow_t const&) /long_pathname_so_that_rpms_can_package_the_debug_info/src/external/llvm-project/compiler-rt/lib/asan/asan_new_delete.cpp:101:3
    #1 0x7fbcf97faa48 in amd_comgr_metadata_lookup (/opt/rocm/lib/asan/libamd_comgr.so.2+0x404ba48) (BuildId: 8b5fd780bc803bcb3cfa6978d03b2c4e81704d73)
    #2 0x7fbd00e42968  (/opt/rocm/lib/asan/libamdhip64.so.6+0xc4b968) (BuildId: 28bb193e97f94af7bf5f4ef84d3f5f691ccd0b57)
    #3 0x7fbd00e3e602  (/opt/rocm/lib/asan/libamdhip64.so.6+0xc47602) (BuildId: 28bb193e97f94af7bf5f4ef84d3f5f691ccd0b57)
    #4 0x7fbd00e38953  (/opt/rocm/lib/asan/libamdhip64.so.6+0xc41953) (BuildId: 28bb193e97f94af7bf5f4ef84d3f5f691ccd0b57)
    #5 0x7fbd00e3640b  (/opt/rocm/lib/asan/libamdhip64.so.6+0xc3f40b) (BuildId: 28bb193e97f94af7bf5f4ef84d3f5f691ccd0b57)
    #6 0x7fbd00c5ffe8  (/opt/rocm/lib/asan/libamdhip64.so.6+0xa68fe8) (BuildId: 28bb193e97f94af7bf5f4ef84d3f5f691ccd0b57)
    #7 0x7fbcffc8a4de in __pthread_once_slow /build/glibc-BHL3KM/glibc-2.31/nptl/pthread_once.c:116:7

Direct leak of 120 byte(s) in 3 object(s) allocated from:
    #0 0x7fbd02812eaf in operator new(unsigned long, std::nothrow_t const&) /long_pathname_so_that_rpms_can_package_the_debug_info/src/external/llvm-project/compiler-rt/lib/asan/asan_new_delete.cpp:101:3
    #1 0x7fbcf97f11f6 in amd_comgr_get_isa_metadata (/opt/rocm/lib/asan/libamd_comgr.so.2+0x40421f6) (BuildId: 8b5fd780bc803bcb3cfa6978d03b2c4e81704d73)
    #2 0x7fbd00e3e3f1  (/opt/rocm/lib/asan/libamdhip64.so.6+0xc473f1) (BuildId: 28bb193e97f94af7bf5f4ef84d3f5f691ccd0b57)
    #3 0x7fbd00e38953  (/opt/rocm/lib/asan/libamdhip64.so.6+0xc41953) (BuildId: 28bb193e97f94af7bf5f4ef84d3f5f691ccd0b57)
    #4 0x7fbd00e3640b  (/opt/rocm/lib/asan/libamdhip64.so.6+0xc3f40b) (BuildId: 28bb193e97f94af7bf5f4ef84d3f5f691ccd0b57)
    #5 0x7fbd00c5ffe8  (/opt/rocm/lib/asan/libamdhip64.so.6+0xa68fe8) (BuildId: 28bb193e97f94af7bf5f4ef84d3f5f691ccd0b57)
    #6 0x7fbcffc8a4de in __pthread_once_slow /build/glibc-BHL3KM/glibc-2.31/nptl/pthread_once.c:116:7

Direct leak of 72 byte(s) in 1 object(s) allocated from:
    #0 0x7fbd02812bf7 in operator new(unsigned long) /long_pathname_so_that_rpms_can_package_the_debug_info/src/external/llvm-project/compiler-rt/lib/asan/asan_new_delete.cpp:95:3
    #1 0x7fbcf5396355  (/opt/rocm/lib/asan/libhsa-runtime64.so.1+0x141355) (BuildId: 43667e531140fcd7a8f8e300f20ebfe335d9271f)
    #2 0x7fbcf5385166  (/opt/rocm/lib/asan/libhsa-runtime64.so.1+0x130166) (BuildId: 43667e531140fcd7a8f8e300f20ebfe335d9271f)
    #3 0x7fbcf53bcab9  (/opt/rocm/lib/asan/libhsa-runtime64.so.1+0x167ab9) (BuildId: 43667e531140fcd7a8f8e300f20ebfe335d9271f)
    #4 0x7fbd00e4c111  (/opt/rocm/lib/asan/libamdhip64.so.6+0xc55111) (BuildId: 28bb193e97f94af7bf5f4ef84d3f5f691ccd0b57)
    #5 0x7fbd00edbba1  (/opt/rocm/lib/asan/libamdhip64.so.6+0xce4ba1) (BuildId: 28bb193e97f94af7bf5f4ef84d3f5f691ccd0b57)
    #6 0x7fbd00e42da9  (/opt/rocm/lib/asan/libamdhip64.so.6+0xc4bda9) (BuildId: 28bb193e97f94af7bf5f4ef84d3f5f691ccd0b57)
    #7 0x7fbd00d9e612  (/opt/rocm/lib/asan/libamdhip64.so.6+0xba7612) (BuildId: 28bb193e97f94af7bf5f4ef84d3f5f691ccd0b57)
    #8 0x7fbd00a93096  (/opt/rocm/lib/asan/libamdhip64.so.6+0x89c096) (BuildId: 28bb193e97f94af7bf5f4ef84d3f5f691ccd0b57)
    #9 0x7fbd005b4c89  (/opt/rocm/lib/asan/libamdhip64.so.6+0x3bdc89) (BuildId: 28bb193e97f94af7bf5f4ef84d3f5f691ccd0b57)
    #10 0x7fbd007f83e3 in hipMemcpy (/opt/rocm/lib/asan/libamdhip64.so.6+0x6013e3) (BuildId: 28bb193e97f94af7bf5f4ef84d3f5f691ccd0b57)
    #11 0x21e9f3 in main (/home/taccuser/asan/samples/2_Cookbook/5_2dshfl/build/2dshfl+0x21e9f3)
    #12 0x7fbcffcc6082 in __libc_start_main /build/glibc-BHL3KM/glibc-2.31/csu/../csu/libc-start.c:308:16

Direct leak of 72 byte(s) in 1 object(s) allocated from:
    #0 0x7fbd02812bf7 in operator new(unsigned long) /long_pathname_so_that_rpms_can_package_the_debug_info/src/external/llvm-project/compiler-rt/lib/asan/asan_new_delete.cpp:95:3
    #1 0x7fbcf53d147e  (/opt/rocm/lib/asan/libhsa-runtime64.so.1+0x17c47e) (BuildId: 43667e531140fcd7a8f8e300f20ebfe335d9271f)
    #2 0x7fbcf5414f73  (/opt/rocm/lib/asan/libhsa-runtime64.so.1+0x1bff73) (BuildId: 43667e531140fcd7a8f8e300f20ebfe335d9271f)
    #3 0x7fbcf540bc9b  (/opt/rocm/lib/asan/libhsa-runtime64.so.1+0x1b6c9b) (BuildId: 43667e531140fcd7a8f8e300f20ebfe335d9271f)
    #4 0x7fbcf540b8c5  (/opt/rocm/lib/asan/libhsa-runtime64.so.1+0x1b68c5) (BuildId: 43667e531140fcd7a8f8e300f20ebfe335d9271f)
    #5 0x7fbcf53b91c5  (/opt/rocm/lib/asan/libhsa-runtime64.so.1+0x1641c5) (BuildId: 43667e531140fcd7a8f8e300f20ebfe335d9271f)
    #6 0x7fbd00c5ffe8  (/opt/rocm/lib/asan/libamdhip64.so.6+0xa68fe8) (BuildId: 28bb193e97f94af7bf5f4ef84d3f5f691ccd0b57)
    #7 0x7fbcffc8a4de in __pthread_once_slow /build/glibc-BHL3KM/glibc-2.31/nptl/pthread_once.c:116:7

Direct leak of 72 byte(s) in 1 object(s) allocated from:
    #0 0x7fbd02812bf7 in operator new(unsigned long) /long_pathname_so_that_rpms_can_package_the_debug_info/src/external/llvm-project/compiler-rt/lib/asan/asan_new_delete.cpp:95:3
    #1 0x7fbcf53d147e  (/opt/rocm/lib/asan/libhsa-runtime64.so.1+0x17c47e) (BuildId: 43667e531140fcd7a8f8e300f20ebfe335d9271f)
    #2 0x7fbd00ed1f26  (/opt/rocm/lib/asan/libamdhip64.so.6+0xcdaf26) (BuildId: 28bb193e97f94af7bf5f4ef84d3f5f691ccd0b57)
    #3 0x7fbd00edc0a8  (/opt/rocm/lib/asan/libamdhip64.so.6+0xce50a8) (BuildId: 28bb193e97f94af7bf5f4ef84d3f5f691ccd0b57)
    #4 0x7fbd00e42da9  (/opt/rocm/lib/asan/libamdhip64.so.6+0xc4bda9) (BuildId: 28bb193e97f94af7bf5f4ef84d3f5f691ccd0b57)
    #5 0x7fbd00d9e612  (/opt/rocm/lib/asan/libamdhip64.so.6+0xba7612) (BuildId: 28bb193e97f94af7bf5f4ef84d3f5f691ccd0b57)
    #6 0x7fbd00ca6a44  (/opt/rocm/lib/asan/libamdhip64.so.6+0xaafa44) (BuildId: 28bb193e97f94af7bf5f4ef84d3f5f691ccd0b57)
    #7 0x7fbd00df7c91  (/opt/rocm/lib/asan/libamdhip64.so.6+0xc00c91) (BuildId: 28bb193e97f94af7bf5f4ef84d3f5f691ccd0b57)
    #8 0x7fbd006278a3  (/opt/rocm/lib/asan/libamdhip64.so.6+0x4308a3) (BuildId: 28bb193e97f94af7bf5f4ef84d3f5f691ccd0b57)
    #9 0x7fbd0063a3ad  (/opt/rocm/lib/asan/libamdhip64.so.6+0x4433ad) (BuildId: 28bb193e97f94af7bf5f4ef84d3f5f691ccd0b57)
    #10 0x7fbd0052ac5a  (/opt/rocm/lib/asan/libamdhip64.so.6+0x333c5a) (BuildId: 28bb193e97f94af7bf5f4ef84d3f5f691ccd0b57)
    #11 0x7fbd00a48546  (/opt/rocm/lib/asan/libamdhip64.so.6+0x851546) (BuildId: 28bb193e97f94af7bf5f4ef84d3f5f691ccd0b57)
    #12 0x7fbd009b388d  (/opt/rocm/lib/asan/libamdhip64.so.6+0x7bc88d) (BuildId: 28bb193e97f94af7bf5f4ef84d3f5f691ccd0b57)
    #13 0x7fbd009b44a3 in hipLaunchKernel (/opt/rocm/lib/asan/libamdhip64.so.6+0x7bd4a3) (BuildId: 28bb193e97f94af7bf5f4ef84d3f5f691ccd0b57)
    #14 0x21ec3f in main (/home/taccuser/asan/samples/2_Cookbook/5_2dshfl/build/2dshfl+0x21ec3f)
    #15 0x7fbcffcc6082 in __libc_start_main /build/glibc-BHL3KM/glibc-2.31/csu/../csu/libc-start.c:308:16

Direct leak of 72 byte(s) in 1 object(s) allocated from:
    #0 0x7fbd02812bf7 in operator new(unsigned long) /long_pathname_so_that_rpms_can_package_the_debug_info/src/external/llvm-project/compiler-rt/lib/asan/asan_new_delete.cpp:95:3
    #1 0x7fbcf5396355  (/opt/rocm/lib/asan/libhsa-runtime64.so.1+0x141355) (BuildId: 43667e531140fcd7a8f8e300f20ebfe335d9271f)
    #2 0x7fbcf5385166  (/opt/rocm/lib/asan/libhsa-runtime64.so.1+0x130166) (BuildId: 43667e531140fcd7a8f8e300f20ebfe335d9271f)
    #3 0x7fbcf5389529  (/opt/rocm/lib/asan/libhsa-runtime64.so.1+0x134529) (BuildId: 43667e531140fcd7a8f8e300f20ebfe335d9271f)
    #4 0x7fbcf538e0f5  (/opt/rocm/lib/asan/libhsa-runtime64.so.1+0x1390f5) (BuildId: 43667e531140fcd7a8f8e300f20ebfe335d9271f)

Direct leak of 72 byte(s) in 1 object(s) allocated from:
    #0 0x7fbd02812bf7 in operator new(unsigned long) /long_pathname_so_that_rpms_can_package_the_debug_info/src/external/llvm-project/compiler-rt/lib/asan/asan_new_delete.cpp:95:3
    #1 0x7fbcf5396355  (/opt/rocm/lib/asan/libhsa-runtime64.so.1+0x141355) (BuildId: 43667e531140fcd7a8f8e300f20ebfe335d9271f)
    #2 0x7fbcf5385166  (/opt/rocm/lib/asan/libhsa-runtime64.so.1+0x130166) (BuildId: 43667e531140fcd7a8f8e300f20ebfe335d9271f)
    #3 0x7fbcf53bcab9  (/opt/rocm/lib/asan/libhsa-runtime64.so.1+0x167ab9) (BuildId: 43667e531140fcd7a8f8e300f20ebfe335d9271f)
    #4 0x7fbd00e4c111  (/opt/rocm/lib/asan/libamdhip64.so.6+0xc55111) (BuildId: 28bb193e97f94af7bf5f4ef84d3f5f691ccd0b57)
    #5 0x7fbd00edbba1  (/opt/rocm/lib/asan/libamdhip64.so.6+0xce4ba1) (BuildId: 28bb193e97f94af7bf5f4ef84d3f5f691ccd0b57)
    #6 0x7fbd00e42da9  (/opt/rocm/lib/asan/libamdhip64.so.6+0xc4bda9) (BuildId: 28bb193e97f94af7bf5f4ef84d3f5f691ccd0b57)
    #7 0x7fbd00d9e612  (/opt/rocm/lib/asan/libamdhip64.so.6+0xba7612) (BuildId: 28bb193e97f94af7bf5f4ef84d3f5f691ccd0b57)
    #8 0x7fbd00ca6a44  (/opt/rocm/lib/asan/libamdhip64.so.6+0xaafa44) (BuildId: 28bb193e97f94af7bf5f4ef84d3f5f691ccd0b57)
    #9 0x7fbd00df7c91  (/opt/rocm/lib/asan/libamdhip64.so.6+0xc00c91) (BuildId: 28bb193e97f94af7bf5f4ef84d3f5f691ccd0b57)
    #10 0x7fbd006278a3  (/opt/rocm/lib/asan/libamdhip64.so.6+0x4308a3) (BuildId: 28bb193e97f94af7bf5f4ef84d3f5f691ccd0b57)
    #11 0x7fbd0063a3ad  (/opt/rocm/lib/asan/libamdhip64.so.6+0x4433ad) (BuildId: 28bb193e97f94af7bf5f4ef84d3f5f691ccd0b57)
    #12 0x7fbd0052ac5a  (/opt/rocm/lib/asan/libamdhip64.so.6+0x333c5a) (BuildId: 28bb193e97f94af7bf5f4ef84d3f5f691ccd0b57)
    #13 0x7fbd00a48546  (/opt/rocm/lib/asan/libamdhip64.so.6+0x851546) (BuildId: 28bb193e97f94af7bf5f4ef84d3f5f691ccd0b57)
    #14 0x7fbd009b388d  (/opt/rocm/lib/asan/libamdhip64.so.6+0x7bc88d) (BuildId: 28bb193e97f94af7bf5f4ef84d3f5f691ccd0b57)
    #15 0x7fbd009b44a3 in hipLaunchKernel (/opt/rocm/lib/asan/libamdhip64.so.6+0x7bd4a3) (BuildId: 28bb193e97f94af7bf5f4ef84d3f5f691ccd0b57)
    #16 0x21ec3f in main (/home/taccuser/asan/samples/2_Cookbook/5_2dshfl/build/2dshfl+0x21ec3f)
    #17 0x7fbcffcc6082 in __libc_start_main /build/glibc-BHL3KM/glibc-2.31/csu/../csu/libc-start.c:308:16

Direct leak of 72 byte(s) in 1 object(s) allocated from:
    #0 0x7fbd02812bf7 in operator new(unsigned long) /long_pathname_so_that_rpms_can_package_the_debug_info/src/external/llvm-project/compiler-rt/lib/asan/asan_new_delete.cpp:95:3
    #1 0x7fbcf53d147e  (/opt/rocm/lib/asan/libhsa-runtime64.so.1+0x17c47e) (BuildId: 43667e531140fcd7a8f8e300f20ebfe335d9271f)
    #2 0x7fbcf534d754  (/opt/rocm/lib/asan/libhsa-runtime64.so.1+0xf8754) (BuildId: 43667e531140fcd7a8f8e300f20ebfe335d9271f)
    #3 0x7fbcf53897ea  (/opt/rocm/lib/asan/libhsa-runtime64.so.1+0x1347ea) (BuildId: 43667e531140fcd7a8f8e300f20ebfe335d9271f)

Indirect leak of 5280 byte(s) in 66 object(s) allocated from:
    #0 0x7fbd02812bf7 in operator new(unsigned long) /long_pathname_so_that_rpms_can_package_the_debug_info/src/external/llvm-project/compiler-rt/lib/asan/asan_new_delete.cpp:95:3
    #1 0x7fbcff39f896  (/opt/rocm/lib/asan/libamd_comgr.so.2+0x9bf0896) (BuildId: 8b5fd780bc803bcb3cfa6978d03b2c4e81704d73)

Indirect leak of 1488 byte(s) in 31 object(s) allocated from:
    #0 0x7fbd0280249f in malloc /long_pathname_so_that_rpms_can_package_the_debug_info/src/external/llvm-project/compiler-rt/lib/asan/asan_malloc_linux.cpp:69:3
    #1 0x7fbcf55a4b78  (/opt/rocm/lib/asan/libhsa-runtime64.so.1+0x34fb78) (BuildId: 43667e531140fcd7a8f8e300f20ebfe335d9271f)
    #2 0x7fbcf53d9ddc  (/opt/rocm/lib/asan/libhsa-runtime64.so.1+0x184ddc) (BuildId: 43667e531140fcd7a8f8e300f20ebfe335d9271f)
    #3 0x7fbcf53da929  (/opt/rocm/lib/asan/libhsa-runtime64.so.1+0x185929) (BuildId: 43667e531140fcd7a8f8e300f20ebfe335d9271f)
    #4 0x7fbd00ed1f26  (/opt/rocm/lib/asan/libamdhip64.so.6+0xcdaf26) (BuildId: 28bb193e97f94af7bf5f4ef84d3f5f691ccd0b57)
    #5 0x7fbd00edc0a8  (/opt/rocm/lib/asan/libamdhip64.so.6+0xce50a8) (BuildId: 28bb193e97f94af7bf5f4ef84d3f5f691ccd0b57)
    #6 0x7fbd00e42da9  (/opt/rocm/lib/asan/libamdhip64.so.6+0xc4bda9) (BuildId: 28bb193e97f94af7bf5f4ef84d3f5f691ccd0b57)
    #7 0x7fbd00d9e612  (/opt/rocm/lib/asan/libamdhip64.so.6+0xba7612) (BuildId: 28bb193e97f94af7bf5f4ef84d3f5f691ccd0b57)
    #8 0x7fbd00a93096  (/opt/rocm/lib/asan/libamdhip64.so.6+0x89c096) (BuildId: 28bb193e97f94af7bf5f4ef84d3f5f691ccd0b57)
    #9 0x7fbd005b4c89  (/opt/rocm/lib/asan/libamdhip64.so.6+0x3bdc89) (BuildId: 28bb193e97f94af7bf5f4ef84d3f5f691ccd0b57)
    #10 0x7fbd007f83e3 in hipMemcpy (/opt/rocm/lib/asan/libamdhip64.so.6+0x6013e3) (BuildId: 28bb193e97f94af7bf5f4ef84d3f5f691ccd0b57)
    #11 0x21e9f3 in main (/home/taccuser/asan/samples/2_Cookbook/5_2dshfl/build/2dshfl+0x21e9f3)
    #12 0x7fbcffcc6082 in __libc_start_main /build/glibc-BHL3KM/glibc-2.31/csu/../csu/libc-start.c:308:16

Indirect leak of 1032 byte(s) in 3 object(s) allocated from:
    #0 0x7fbd02812eaf in operator new(unsigned long, std::nothrow_t const&) /long_pathname_so_that_rpms_can_package_the_debug_info/src/external/llvm-project/compiler-rt/lib/asan/asan_new_delete.cpp:101:3
    #1 0x7fbcf97f125f in amd_comgr_get_isa_metadata (/opt/rocm/lib/asan/libamd_comgr.so.2+0x404225f) (BuildId: 8b5fd780bc803bcb3cfa6978d03b2c4e81704d73)
    #2 0x7fbd00e3e3f1  (/opt/rocm/lib/asan/libamdhip64.so.6+0xc473f1) (BuildId: 28bb193e97f94af7bf5f4ef84d3f5f691ccd0b57)
    #3 0x7fbd00e38953  (/opt/rocm/lib/asan/libamdhip64.so.6+0xc41953) (BuildId: 28bb193e97f94af7bf5f4ef84d3f5f691ccd0b57)
    #4 0x7fbd00e3640b  (/opt/rocm/lib/asan/libamdhip64.so.6+0xc3f40b) (BuildId: 28bb193e97f94af7bf5f4ef84d3f5f691ccd0b57)
    #5 0x7fbd00c5ffe8  (/opt/rocm/lib/asan/libamdhip64.so.6+0xa68fe8) (BuildId: 28bb193e97f94af7bf5f4ef84d3f5f691ccd0b57)
    #6 0x7fbcffc8a4de in __pthread_once_slow /build/glibc-BHL3KM/glibc-2.31/nptl/pthread_once.c:116:7

Indirect leak of 768 byte(s) in 3 object(s) allocated from:
    #0 0x7fbd02812bf7 in operator new(unsigned long) /long_pathname_so_that_rpms_can_package_the_debug_info/src/external/llvm-project/compiler-rt/lib/asan/asan_new_delete.cpp:95:3
    #1 0x7fbcf986db92  (/opt/rocm/lib/asan/libamd_comgr.so.2+0x40beb92) (BuildId: 8b5fd780bc803bcb3cfa6978d03b2c4e81704d73)

Indirect leak of 736 byte(s) in 2 object(s) allocated from:
    #0 0x7fbd02812bf7 in operator new(unsigned long) /long_pathname_so_that_rpms_can_package_the_debug_info/src/external/llvm-project/compiler-rt/lib/asan/asan_new_delete.cpp:95:3
    #1 0x7fbd005b4ed2  (/opt/rocm/lib/asan/libamdhip64.so.6+0x3bded2) (BuildId: 28bb193e97f94af7bf5f4ef84d3f5f691ccd0b57)
    #2 0x7fbd0054161a  (/opt/rocm/lib/asan/libamdhip64.so.6+0x34a61a) (BuildId: 28bb193e97f94af7bf5f4ef84d3f5f691ccd0b57)
    #3 0x7fbcffc8a4de in __pthread_once_slow /build/glibc-BHL3KM/glibc-2.31/nptl/pthread_once.c:116:7

Indirect leak of 736 byte(s) in 2 object(s) allocated from:
    #0 0x7fbd02812bf7 in operator new(unsigned long) /long_pathname_so_that_rpms_can_package_the_debug_info/src/external/llvm-project/compiler-rt/lib/asan/asan_new_delete.cpp:95:3
    #1 0x7fbd005b4e94  (/opt/rocm/lib/asan/libamdhip64.so.6+0x3bde94) (BuildId: 28bb193e97f94af7bf5f4ef84d3f5f691ccd0b57)
    #2 0x7fbd0054161a  (/opt/rocm/lib/asan/libamdhip64.so.6+0x34a61a) (BuildId: 28bb193e97f94af7bf5f4ef84d3f5f691ccd0b57)
    #3 0x7fbcffc8a4de in __pthread_once_slow /build/glibc-BHL3KM/glibc-2.31/nptl/pthread_once.c:116:7

Indirect leak of 504 byte(s) in 1 object(s) allocated from:
    #0 0x7fbd02812bf7 in operator new(unsigned long) /long_pathname_so_that_rpms_can_package_the_debug_info/src/external/llvm-project/compiler-rt/lib/asan/asan_new_delete.cpp:95:3
    #1 0x7fbd00e473ca  (/opt/rocm/lib/asan/libamdhip64.so.6+0xc503ca) (BuildId: 28bb193e97f94af7bf5f4ef84d3f5f691ccd0b57)
    #2 0x7fbd00e4e5fb  (/opt/rocm/lib/asan/libamdhip64.so.6+0xc575fb) (BuildId: 28bb193e97f94af7bf5f4ef84d3f5f691ccd0b57)
    #3 0x7fbd00eeeac8  (/opt/rocm/lib/asan/libamdhip64.so.6+0xcf7ac8) (BuildId: 28bb193e97f94af7bf5f4ef84d3f5f691ccd0b57)
    #4 0x7fbd00d89f6a  (/opt/rocm/lib/asan/libamdhip64.so.6+0xb92f6a) (BuildId: 28bb193e97f94af7bf5f4ef84d3f5f691ccd0b57)
    #5 0x7fbd009a7055  (/opt/rocm/lib/asan/libamdhip64.so.6+0x7b0055) (BuildId: 28bb193e97f94af7bf5f4ef84d3f5f691ccd0b57)
    #6 0x7fbd00a48645  (/opt/rocm/lib/asan/libamdhip64.so.6+0x851645) (BuildId: 28bb193e97f94af7bf5f4ef84d3f5f691ccd0b57)
    #7 0x7fbd009b388d  (/opt/rocm/lib/asan/libamdhip64.so.6+0x7bc88d) (BuildId: 28bb193e97f94af7bf5f4ef84d3f5f691ccd0b57)
    #8 0x7fbd009b44a3 in hipLaunchKernel (/opt/rocm/lib/asan/libamdhip64.so.6+0x7bd4a3) (BuildId: 28bb193e97f94af7bf5f4ef84d3f5f691ccd0b57)
    #9 0x21ec3f in main (/home/taccuser/asan/samples/2_Cookbook/5_2dshfl/build/2dshfl+0x21ec3f)
    #10 0x7fbcffcc6082 in __libc_start_main /build/glibc-BHL3KM/glibc-2.31/csu/../csu/libc-start.c:308:16

Indirect leak of 504 byte(s) in 1 object(s) allocated from:
    #0 0x7fbd02812bf7 in operator new(unsigned long) /long_pathname_so_that_rpms_can_package_the_debug_info/src/external/llvm-project/compiler-rt/lib/asan/asan_new_delete.cpp:95:3
    #1 0x7fbd00e473ca  (/opt/rocm/lib/asan/libamdhip64.so.6+0xc503ca) (BuildId: 28bb193e97f94af7bf5f4ef84d3f5f691ccd0b57)
    #2 0x7fbd00ddee47  (/opt/rocm/lib/asan/libamdhip64.so.6+0xbe7e47) (BuildId: 28bb193e97f94af7bf5f4ef84d3f5f691ccd0b57)
    #3 0x7fbd00e3640b  (/opt/rocm/lib/asan/libamdhip64.so.6+0xc3f40b) (BuildId: 28bb193e97f94af7bf5f4ef84d3f5f691ccd0b57)
    #4 0x7fbd00c5ffe8  (/opt/rocm/lib/asan/libamdhip64.so.6+0xa68fe8) (BuildId: 28bb193e97f94af7bf5f4ef84d3f5f691ccd0b57)
    #5 0x7fbcffc8a4de in __pthread_once_slow /build/glibc-BHL3KM/glibc-2.31/nptl/pthread_once.c:116:7

Indirect leak of 480 byte(s) in 2 object(s) allocated from:
    #0 0x7fbd02812bf7 in operator new(unsigned long) /long_pathname_so_that_rpms_can_package_the_debug_info/src/external/llvm-project/compiler-rt/lib/asan/asan_new_delete.cpp:95:3
    #1 0x7fbd005413eb  (/opt/rocm/lib/asan/libamdhip64.so.6+0x34a3eb) (BuildId: 28bb193e97f94af7bf5f4ef84d3f5f691ccd0b57)
    #2 0x7fbcffc8a4de in __pthread_once_slow /build/glibc-BHL3KM/glibc-2.31/nptl/pthread_once.c:116:7

Indirect leak of 208 byte(s) in 2 object(s) allocated from:
    #0 0x7fbd02812bf7 in operator new(unsigned long) /long_pathname_so_that_rpms_can_package_the_debug_info/src/external/llvm-project/compiler-rt/lib/asan/asan_new_delete.cpp:95:3
    #1 0x7fbd00ddfe94  (/opt/rocm/lib/asan/libamdhip64.so.6+0xbe8e94) (BuildId: 28bb193e97f94af7bf5f4ef84d3f5f691ccd0b57)

Indirect leak of 176 byte(s) in 1 object(s) allocated from:
    #0 0x7fbd0280249f in malloc /long_pathname_so_that_rpms_can_package_the_debug_info/src/external/llvm-project/compiler-rt/lib/asan/asan_malloc_linux.cpp:69:3
    #1 0x7fbd00e4435f  (/opt/rocm/lib/asan/libamdhip64.so.6+0xc4d35f) (BuildId: 28bb193e97f94af7bf5f4ef84d3f5f691ccd0b57)
    #2 0x7fbd00dd66aa  (/opt/rocm/lib/asan/libamdhip64.so.6+0xbdf6aa) (BuildId: 28bb193e97f94af7bf5f4ef84d3f5f691ccd0b57)
    #3 0x7fbd00dd5c59  (/opt/rocm/lib/asan/libamdhip64.so.6+0xbdec59) (BuildId: 28bb193e97f94af7bf5f4ef84d3f5f691ccd0b57)

Indirect leak of 176 byte(s) in 1 object(s) allocated from:
    #0 0x7fbd0280249f in malloc /long_pathname_so_that_rpms_can_package_the_debug_info/src/external/llvm-project/compiler-rt/lib/asan/asan_malloc_linux.cpp:69:3
    #1 0x7fbd00e4435f  (/opt/rocm/lib/asan/libamdhip64.so.6+0xc4d35f) (BuildId: 28bb193e97f94af7bf5f4ef84d3f5f691ccd0b57)
    #2 0x7fbd00dd66aa  (/opt/rocm/lib/asan/libamdhip64.so.6+0xbdf6aa) (BuildId: 28bb193e97f94af7bf5f4ef84d3f5f691ccd0b57)
    #3 0x7fbd00dd6133  (/opt/rocm/lib/asan/libamdhip64.so.6+0xbdf133) (BuildId: 28bb193e97f94af7bf5f4ef84d3f5f691ccd0b57)
    #4 0x7fbd00ddee47  (/opt/rocm/lib/asan/libamdhip64.so.6+0xbe7e47) (BuildId: 28bb193e97f94af7bf5f4ef84d3f5f691ccd0b57)
    #5 0x7fbd00e3640b  (/opt/rocm/lib/asan/libamdhip64.so.6+0xc3f40b) (BuildId: 28bb193e97f94af7bf5f4ef84d3f5f691ccd0b57)
    #6 0x7fbd00c5ffe8  (/opt/rocm/lib/asan/libamdhip64.so.6+0xa68fe8) (BuildId: 28bb193e97f94af7bf5f4ef84d3f5f691ccd0b57)
    #7 0x7fbcffc8a4de in __pthread_once_slow /build/glibc-BHL3KM/glibc-2.31/nptl/pthread_once.c:116:7

Indirect leak of 160 byte(s) in 4 object(s) allocated from:
    #0 0x7fbd02812bf7 in operator new(unsigned long) /long_pathname_so_that_rpms_can_package_the_debug_info/src/external/llvm-project/compiler-rt/lib/asan/asan_new_delete.cpp:95:3
    #1 0x7fbd005b538a  (/opt/rocm/lib/asan/libamdhip64.so.6+0x3be38a) (BuildId: 28bb193e97f94af7bf5f4ef84d3f5f691ccd0b57)
    #2 0x7fbd005c41a3  (/opt/rocm/lib/asan/libamdhip64.so.6+0x3cd1a3) (BuildId: 28bb193e97f94af7bf5f4ef84d3f5f691ccd0b57)

Indirect leak of 144 byte(s) in 3 object(s) allocated from:
    #0 0x7fbd0280249f in malloc /long_pathname_so_that_rpms_can_package_the_debug_info/src/external/llvm-project/compiler-rt/lib/asan/asan_malloc_linux.cpp:69:3
    #1 0x7fbcf55a4b78  (/opt/rocm/lib/asan/libhsa-runtime64.so.1+0x34fb78) (BuildId: 43667e531140fcd7a8f8e300f20ebfe335d9271f)
    #2 0x7fbcf53d9ddc  (/opt/rocm/lib/asan/libhsa-runtime64.so.1+0x184ddc) (BuildId: 43667e531140fcd7a8f8e300f20ebfe335d9271f)
    #3 0x7fbcf53da929  (/opt/rocm/lib/asan/libhsa-runtime64.so.1+0x185929) (BuildId: 43667e531140fcd7a8f8e300f20ebfe335d9271f)
    #4 0x7fbd00e38cd5  (/opt/rocm/lib/asan/libamdhip64.so.6+0xc41cd5) (BuildId: 28bb193e97f94af7bf5f4ef84d3f5f691ccd0b57)
    #5 0x7fbd00e3640b  (/opt/rocm/lib/asan/libamdhip64.so.6+0xc3f40b) (BuildId: 28bb193e97f94af7bf5f4ef84d3f5f691ccd0b57)
    #6 0x7fbd00c5ffe8  (/opt/rocm/lib/asan/libamdhip64.so.6+0xa68fe8) (BuildId: 28bb193e97f94af7bf5f4ef84d3f5f691ccd0b57)
    #7 0x7fbcffc8a4de in __pthread_once_slow /build/glibc-BHL3KM/glibc-2.31/nptl/pthread_once.c:116:7

Indirect leak of 144 byte(s) in 3 object(s) allocated from:
    #0 0x7fbd02812bf7 in operator new(unsigned long) /long_pathname_so_that_rpms_can_package_the_debug_info/src/external/llvm-project/compiler-rt/lib/asan/asan_new_delete.cpp:95:3
    #1 0x7fbcf986ccfd  (/opt/rocm/lib/asan/libamd_comgr.so.2+0x40bdcfd) (BuildId: 8b5fd780bc803bcb3cfa6978d03b2c4e81704d73)
    #2 0x7fbcf986044f  (/opt/rocm/lib/asan/libamd_comgr.so.2+0x40b144f) (BuildId: 8b5fd780bc803bcb3cfa6978d03b2c4e81704d73)
    #3 0x7fbcf97f1602 in amd_comgr_get_isa_metadata (/opt/rocm/lib/asan/libamd_comgr.so.2+0x4042602) (BuildId: 8b5fd780bc803bcb3cfa6978d03b2c4e81704d73)
    #4 0x7fbd00e3e3f1  (/opt/rocm/lib/asan/libamdhip64.so.6+0xc473f1) (BuildId: 28bb193e97f94af7bf5f4ef84d3f5f691ccd0b57)
    #5 0x7fbd00e38953  (/opt/rocm/lib/asan/libamdhip64.so.6+0xc41953) (BuildId: 28bb193e97f94af7bf5f4ef84d3f5f691ccd0b57)
    #6 0x7fbd00e3640b  (/opt/rocm/lib/asan/libamdhip64.so.6+0xc3f40b) (BuildId: 28bb193e97f94af7bf5f4ef84d3f5f691ccd0b57)
    #7 0x7fbd00c5ffe8  (/opt/rocm/lib/asan/libamdhip64.so.6+0xa68fe8) (BuildId: 28bb193e97f94af7bf5f4ef84d3f5f691ccd0b57)
    #8 0x7fbcffc8a4de in __pthread_once_slow /build/glibc-BHL3KM/glibc-2.31/nptl/pthread_once.c:116:7

Indirect leak of 144 byte(s) in 3 object(s) allocated from:
    #0 0x7fbd02812bf7 in operator new(unsigned long) /long_pathname_so_that_rpms_can_package_the_debug_info/src/external/llvm-project/compiler-rt/lib/asan/asan_new_delete.cpp:95:3
    #1 0x7fbcff39bc70  (/opt/rocm/lib/asan/libamd_comgr.so.2+0x9becc70) (BuildId: 8b5fd780bc803bcb3cfa6978d03b2c4e81704d73)

Indirect leak of 123 byte(s) in 3 object(s) allocated from:
    #0 0x7fbd02812d57 in operator new[](unsigned long) /long_pathname_so_that_rpms_can_package_the_debug_info/src/external/llvm-project/compiler-rt/lib/asan/asan_new_delete.cpp:98:3
    #1 0x7fbcf986d789  (/opt/rocm/lib/asan/libamd_comgr.so.2+0x40be789) (BuildId: 8b5fd780bc803bcb3cfa6978d03b2c4e81704d73)
    #2 0x7fbcf985ffc8  (/opt/rocm/lib/asan/libamd_comgr.so.2+0x40b0fc8) (BuildId: 8b5fd780bc803bcb3cfa6978d03b2c4e81704d73)
    #3 0x7fbcf97f1602 in amd_comgr_get_isa_metadata (/opt/rocm/lib/asan/libamd_comgr.so.2+0x4042602) (BuildId: 8b5fd780bc803bcb3cfa6978d03b2c4e81704d73)
    #4 0x7fbd00e3e3f1  (/opt/rocm/lib/asan/libamdhip64.so.6+0xc473f1) (BuildId: 28bb193e97f94af7bf5f4ef84d3f5f691ccd0b57)
    #5 0x7fbd00e38953  (/opt/rocm/lib/asan/libamdhip64.so.6+0xc41953) (BuildId: 28bb193e97f94af7bf5f4ef84d3f5f691ccd0b57)
    #6 0x7fbd00e3640b  (/opt/rocm/lib/asan/libamdhip64.so.6+0xc3f40b) (BuildId: 28bb193e97f94af7bf5f4ef84d3f5f691ccd0b57)
    #7 0x7fbd00c5ffe8  (/opt/rocm/lib/asan/libamdhip64.so.6+0xa68fe8) (BuildId: 28bb193e97f94af7bf5f4ef84d3f5f691ccd0b57)
    #8 0x7fbcffc8a4de in __pthread_once_slow /build/glibc-BHL3KM/glibc-2.31/nptl/pthread_once.c:116:7

Indirect leak of 96 byte(s) in 4 object(s) allocated from:
    #0 0x7fbd02812bf7 in operator new(unsigned long) /long_pathname_so_that_rpms_can_package_the_debug_info/src/external/llvm-project/compiler-rt/lib/asan/asan_new_delete.cpp:95:3
    #1 0x7fbd00dd59f9  (/opt/rocm/lib/asan/libamdhip64.so.6+0xbde9f9) (BuildId: 28bb193e97f94af7bf5f4ef84d3f5f691ccd0b57)

Indirect leak of 72 byte(s) in 3 object(s) allocated from:
    #0 0x7fbd02812bf7 in operator new(unsigned long) /long_pathname_so_that_rpms_can_package_the_debug_info/src/external/llvm-project/compiler-rt/lib/asan/asan_new_delete.cpp:95:3
    #1 0x7fbcf98105f0  (/opt/rocm/lib/asan/libamd_comgr.so.2+0x40615f0) (BuildId: 8b5fd780bc803bcb3cfa6978d03b2c4e81704d73)
    #2 0x7fbcf97f1659 in amd_comgr_get_isa_metadata (/opt/rocm/lib/asan/libamd_comgr.so.2+0x4042659) (BuildId: 8b5fd780bc803bcb3cfa6978d03b2c4e81704d73)
    #3 0x7fbd00e3e3f1  (/opt/rocm/lib/asan/libamdhip64.so.6+0xc473f1) (BuildId: 28bb193e97f94af7bf5f4ef84d3f5f691ccd0b57)
    #4 0x7fbd00e38953  (/opt/rocm/lib/asan/libamdhip64.so.6+0xc41953) (BuildId: 28bb193e97f94af7bf5f4ef84d3f5f691ccd0b57)
    #5 0x7fbd00e3640b  (/opt/rocm/lib/asan/libamdhip64.so.6+0xc3f40b) (BuildId: 28bb193e97f94af7bf5f4ef84d3f5f691ccd0b57)
    #6 0x7fbd00c5ffe8  (/opt/rocm/lib/asan/libamdhip64.so.6+0xa68fe8) (BuildId: 28bb193e97f94af7bf5f4ef84d3f5f691ccd0b57)
    #7 0x7fbcffc8a4de in __pthread_once_slow /build/glibc-BHL3KM/glibc-2.31/nptl/pthread_once.c:116:7

Indirect leak of 48 byte(s) in 3 object(s) allocated from:
    #0 0x7fbd02812bf7 in operator new(unsigned long) /long_pathname_so_that_rpms_can_package_the_debug_info/src/external/llvm-project/compiler-rt/lib/asan/asan_new_delete.cpp:95:3
    #1 0x7fbcf986e01f  (/opt/rocm/lib/asan/libamd_comgr.so.2+0x40bf01f) (BuildId: 8b5fd780bc803bcb3cfa6978d03b2c4e81704d73)

Indirect leak of 48 byte(s) in 1 object(s) allocated from:
    #0 0x7fbd0280249f in malloc /long_pathname_so_that_rpms_can_package_the_debug_info/src/external/llvm-project/compiler-rt/lib/asan/asan_malloc_linux.cpp:69:3
    #1 0x7fbcf55a4b78  (/opt/rocm/lib/asan/libhsa-runtime64.so.1+0x34fb78) (BuildId: 43667e531140fcd7a8f8e300f20ebfe335d9271f)
    #2 0x7fbcf53d9ddc  (/opt/rocm/lib/asan/libhsa-runtime64.so.1+0x184ddc) (BuildId: 43667e531140fcd7a8f8e300f20ebfe335d9271f)
    #3 0x7fbcf53da929  (/opt/rocm/lib/asan/libhsa-runtime64.so.1+0x185929) (BuildId: 43667e531140fcd7a8f8e300f20ebfe335d9271f)
    #4 0x7fbd00ed1f26  (/opt/rocm/lib/asan/libamdhip64.so.6+0xcdaf26) (BuildId: 28bb193e97f94af7bf5f4ef84d3f5f691ccd0b57)
    #5 0x7fbd00edc0a8  (/opt/rocm/lib/asan/libamdhip64.so.6+0xce50a8) (BuildId: 28bb193e97f94af7bf5f4ef84d3f5f691ccd0b57)
    #6 0x7fbd00e42da9  (/opt/rocm/lib/asan/libamdhip64.so.6+0xc4bda9) (BuildId: 28bb193e97f94af7bf5f4ef84d3f5f691ccd0b57)
    #7 0x7fbd00d9e612  (/opt/rocm/lib/asan/libamdhip64.so.6+0xba7612) (BuildId: 28bb193e97f94af7bf5f4ef84d3f5f691ccd0b57)
    #8 0x7fbd00ca6a44  (/opt/rocm/lib/asan/libamdhip64.so.6+0xaafa44) (BuildId: 28bb193e97f94af7bf5f4ef84d3f5f691ccd0b57)
    #9 0x7fbd00df7c91  (/opt/rocm/lib/asan/libamdhip64.so.6+0xc00c91) (BuildId: 28bb193e97f94af7bf5f4ef84d3f5f691ccd0b57)
    #10 0x7fbd006278a3  (/opt/rocm/lib/asan/libamdhip64.so.6+0x4308a3) (BuildId: 28bb193e97f94af7bf5f4ef84d3f5f691ccd0b57)
    #11 0x7fbd0063a3ad  (/opt/rocm/lib/asan/libamdhip64.so.6+0x4433ad) (BuildId: 28bb193e97f94af7bf5f4ef84d3f5f691ccd0b57)
    #12 0x7fbd0052ac5a  (/opt/rocm/lib/asan/libamdhip64.so.6+0x333c5a) (BuildId: 28bb193e97f94af7bf5f4ef84d3f5f691ccd0b57)
    #13 0x7fbd00a48546  (/opt/rocm/lib/asan/libamdhip64.so.6+0x851546) (BuildId: 28bb193e97f94af7bf5f4ef84d3f5f691ccd0b57)
    #14 0x7fbd009b388d  (/opt/rocm/lib/asan/libamdhip64.so.6+0x7bc88d) (BuildId: 28bb193e97f94af7bf5f4ef84d3f5f691ccd0b57)
    #15 0x7fbd009b44a3 in hipLaunchKernel (/opt/rocm/lib/asan/libamdhip64.so.6+0x7bd4a3) (BuildId: 28bb193e97f94af7bf5f4ef84d3f5f691ccd0b57)
    #16 0x21ec3f in main (/home/taccuser/asan/samples/2_Cookbook/5_2dshfl/build/2dshfl+0x21ec3f)
    #17 0x7fbcffcc6082 in __libc_start_main /build/glibc-BHL3KM/glibc-2.31/csu/../csu/libc-start.c:308:16

Indirect leak of 48 byte(s) in 1 object(s) allocated from:
    #0 0x7fbd0280249f in malloc /long_pathname_so_that_rpms_can_package_the_debug_info/src/external/llvm-project/compiler-rt/lib/asan/asan_malloc_linux.cpp:69:3
    #1 0x7fbcf55a4b78  (/opt/rocm/lib/asan/libhsa-runtime64.so.1+0x34fb78) (BuildId: 43667e531140fcd7a8f8e300f20ebfe335d9271f)
    #2 0x7fbcf53d9ddc  (/opt/rocm/lib/asan/libhsa-runtime64.so.1+0x184ddc) (BuildId: 43667e531140fcd7a8f8e300f20ebfe335d9271f)
    #3 0x7fbcf53da929  (/opt/rocm/lib/asan/libhsa-runtime64.so.1+0x185929) (BuildId: 43667e531140fcd7a8f8e300f20ebfe335d9271f)
    #4 0x7fbcf539cfb3  (/opt/rocm/lib/asan/libhsa-runtime64.so.1+0x147fb3) (BuildId: 43667e531140fcd7a8f8e300f20ebfe335d9271f)
    #5 0x7fbcf5388627  (/opt/rocm/lib/asan/libhsa-runtime64.so.1+0x133627) (BuildId: 43667e531140fcd7a8f8e300f20ebfe335d9271f)
    #6 0x7fbcf53a2b0b  (/opt/rocm/lib/asan/libhsa-runtime64.so.1+0x14db0b) (BuildId: 43667e531140fcd7a8f8e300f20ebfe335d9271f)

Indirect leak of 48 byte(s) in 1 object(s) allocated from:
    #0 0x7fbd0280249f in malloc /long_pathname_so_that_rpms_can_package_the_debug_info/src/external/llvm-project/compiler-rt/lib/asan/asan_malloc_linux.cpp:69:3
    #1 0x7fbcf55a4b78  (/opt/rocm/lib/asan/libhsa-runtime64.so.1+0x34fb78) (BuildId: 43667e531140fcd7a8f8e300f20ebfe335d9271f)
    #2 0x7fbcf53d9ddc  (/opt/rocm/lib/asan/libhsa-runtime64.so.1+0x184ddc) (BuildId: 43667e531140fcd7a8f8e300f20ebfe335d9271f)
    #3 0x7fbcf53da929  (/opt/rocm/lib/asan/libhsa-runtime64.so.1+0x185929) (BuildId: 43667e531140fcd7a8f8e300f20ebfe335d9271f)
    #4 0x7fbcf534d754  (/opt/rocm/lib/asan/libhsa-runtime64.so.1+0xf8754) (BuildId: 43667e531140fcd7a8f8e300f20ebfe335d9271f)
    #5 0x7fbcf53897ea  (/opt/rocm/lib/asan/libhsa-runtime64.so.1+0x1347ea) (BuildId: 43667e531140fcd7a8f8e300f20ebfe335d9271f)

Indirect leak of 18 byte(s) in 3 object(s) allocated from:
    #0 0x7fbd02812d57 in operator new[](unsigned long) /long_pathname_so_that_rpms_can_package_the_debug_info/src/external/llvm-project/compiler-rt/lib/asan/asan_new_delete.cpp:98:3
    #1 0x7fbcf986d789  (/opt/rocm/lib/asan/libamd_comgr.so.2+0x40be789) (BuildId: 8b5fd780bc803bcb3cfa6978d03b2c4e81704d73)
    #2 0x7fbcf98601dc  (/opt/rocm/lib/asan/libamd_comgr.so.2+0x40b11dc) (BuildId: 8b5fd780bc803bcb3cfa6978d03b2c4e81704d73)
    #3 0x7fbcf97f1602 in amd_comgr_get_isa_metadata (/opt/rocm/lib/asan/libamd_comgr.so.2+0x4042602) (BuildId: 8b5fd780bc803bcb3cfa6978d03b2c4e81704d73)
    #4 0x7fbd00e3e3f1  (/opt/rocm/lib/asan/libamdhip64.so.6+0xc473f1) (BuildId: 28bb193e97f94af7bf5f4ef84d3f5f691ccd0b57)
    #5 0x7fbd00e38953  (/opt/rocm/lib/asan/libamdhip64.so.6+0xc41953) (BuildId: 28bb193e97f94af7bf5f4ef84d3f5f691ccd0b57)
    #6 0x7fbd00e3640b  (/opt/rocm/lib/asan/libamdhip64.so.6+0xc3f40b) (BuildId: 28bb193e97f94af7bf5f4ef84d3f5f691ccd0b57)
    #7 0x7fbd00c5ffe8  (/opt/rocm/lib/asan/libamdhip64.so.6+0xa68fe8) (BuildId: 28bb193e97f94af7bf5f4ef84d3f5f691ccd0b57)
    #8 0x7fbcffc8a4de in __pthread_once_slow /build/glibc-BHL3KM/glibc-2.31/nptl/pthread_once.c:116:7

Indirect leak of 18 byte(s) in 3 object(s) allocated from:
    #0 0x7fbd02812d57 in operator new[](unsigned long) /long_pathname_so_that_rpms_can_package_the_debug_info/src/external/llvm-project/compiler-rt/lib/asan/asan_new_delete.cpp:98:3
    #1 0x7fbcf986d789  (/opt/rocm/lib/asan/libamd_comgr.so.2+0x40be789) (BuildId: 8b5fd780bc803bcb3cfa6978d03b2c4e81704d73)
    #2 0x7fbcf986033a  (/opt/rocm/lib/asan/libamd_comgr.so.2+0x40b133a) (BuildId: 8b5fd780bc803bcb3cfa6978d03b2c4e81704d73)
    #3 0x7fbcf97f1602 in amd_comgr_get_isa_metadata (/opt/rocm/lib/asan/libamd_comgr.so.2+0x4042602) (BuildId: 8b5fd780bc803bcb3cfa6978d03b2c4e81704d73)
    #4 0x7fbd00e3e3f1  (/opt/rocm/lib/asan/libamdhip64.so.6+0xc473f1) (BuildId: 28bb193e97f94af7bf5f4ef84d3f5f691ccd0b57)
    #5 0x7fbd00e38953  (/opt/rocm/lib/asan/libamdhip64.so.6+0xc41953) (BuildId: 28bb193e97f94af7bf5f4ef84d3f5f691ccd0b57)
    #6 0x7fbd00e3640b  (/opt/rocm/lib/asan/libamdhip64.so.6+0xc3f40b) (BuildId: 28bb193e97f94af7bf5f4ef84d3f5f691ccd0b57)
    #7 0x7fbd00c5ffe8  (/opt/rocm/lib/asan/libamdhip64.so.6+0xa68fe8) (BuildId: 28bb193e97f94af7bf5f4ef84d3f5f691ccd0b57)
    #8 0x7fbcffc8a4de in __pthread_once_slow /build/glibc-BHL3KM/glibc-2.31/nptl/pthread_once.c:116:7

Indirect leak of 18 byte(s) in 3 object(s) allocated from:
    #0 0x7fbd02812d57 in operator new[](unsigned long) /long_pathname_so_that_rpms_can_package_the_debug_info/src/external/llvm-project/compiler-rt/lib/asan/asan_new_delete.cpp:98:3
    #1 0x7fbcf986d789  (/opt/rocm/lib/asan/libamd_comgr.so.2+0x40be789) (BuildId: 8b5fd780bc803bcb3cfa6978d03b2c4e81704d73)
    #2 0x7fbcf986007e  (/opt/rocm/lib/asan/libamd_comgr.so.2+0x40b107e) (BuildId: 8b5fd780bc803bcb3cfa6978d03b2c4e81704d73)
    #3 0x7fbcf97f1602 in amd_comgr_get_isa_metadata (/opt/rocm/lib/asan/libamd_comgr.so.2+0x4042602) (BuildId: 8b5fd780bc803bcb3cfa6978d03b2c4e81704d73)
    #4 0x7fbd00e3e3f1  (/opt/rocm/lib/asan/libamdhip64.so.6+0xc473f1) (BuildId: 28bb193e97f94af7bf5f4ef84d3f5f691ccd0b57)
    #5 0x7fbd00e38953  (/opt/rocm/lib/asan/libamdhip64.so.6+0xc41953) (BuildId: 28bb193e97f94af7bf5f4ef84d3f5f691ccd0b57)
    #6 0x7fbd00e3640b  (/opt/rocm/lib/asan/libamdhip64.so.6+0xc3f40b) (BuildId: 28bb193e97f94af7bf5f4ef84d3f5f691ccd0b57)
    #7 0x7fbd00c5ffe8  (/opt/rocm/lib/asan/libamdhip64.so.6+0xa68fe8) (BuildId: 28bb193e97f94af7bf5f4ef84d3f5f691ccd0b57)
    #8 0x7fbcffc8a4de in __pthread_once_slow /build/glibc-BHL3KM/glibc-2.31/nptl/pthread_once.c:116:7

Indirect leak of 15 byte(s) in 3 object(s) allocated from:
    #0 0x7fbd02812d57 in operator new[](unsigned long) /long_pathname_so_that_rpms_can_package_the_debug_info/src/external/llvm-project/compiler-rt/lib/asan/asan_new_delete.cpp:98:3
    #1 0x7fbcf986d789  (/opt/rocm/lib/asan/libamd_comgr.so.2+0x40be789) (BuildId: 8b5fd780bc803bcb3cfa6978d03b2c4e81704d73)
    #2 0x7fbcf9860c77  (/opt/rocm/lib/asan/libamd_comgr.so.2+0x40b1c77) (BuildId: 8b5fd780bc803bcb3cfa6978d03b2c4e81704d73)
    #3 0x7fbcf97f1602 in amd_comgr_get_isa_metadata (/opt/rocm/lib/asan/libamd_comgr.so.2+0x4042602) (BuildId: 8b5fd780bc803bcb3cfa6978d03b2c4e81704d73)
    #4 0x7fbd00e3e3f1  (/opt/rocm/lib/asan/libamdhip64.so.6+0xc473f1) (BuildId: 28bb193e97f94af7bf5f4ef84d3f5f691ccd0b57)
    #5 0x7fbd00e38953  (/opt/rocm/lib/asan/libamdhip64.so.6+0xc41953) (BuildId: 28bb193e97f94af7bf5f4ef84d3f5f691ccd0b57)
    #6 0x7fbd00e3640b  (/opt/rocm/lib/asan/libamdhip64.so.6+0xc3f40b) (BuildId: 28bb193e97f94af7bf5f4ef84d3f5f691ccd0b57)
    #7 0x7fbd00c5ffe8  (/opt/rocm/lib/asan/libamdhip64.so.6+0xa68fe8) (BuildId: 28bb193e97f94af7bf5f4ef84d3f5f691ccd0b57)
    #8 0x7fbcffc8a4de in __pthread_once_slow /build/glibc-BHL3KM/glibc-2.31/nptl/pthread_once.c:116:7

Indirect leak of 15 byte(s) in 3 object(s) allocated from:
    #0 0x7fbd02812d57 in operator new[](unsigned long) /long_pathname_so_that_rpms_can_package_the_debug_info/src/external/llvm-project/compiler-rt/lib/asan/asan_new_delete.cpp:98:3
    #1 0x7fbcf986d789  (/opt/rocm/lib/asan/libamd_comgr.so.2+0x40be789) (BuildId: 8b5fd780bc803bcb3cfa6978d03b2c4e81704d73)
    #2 0x7fbcf98603be  (/opt/rocm/lib/asan/libamd_comgr.so.2+0x40b13be) (BuildId: 8b5fd780bc803bcb3cfa6978d03b2c4e81704d73)
    #3 0x7fbcf97f1602 in amd_comgr_get_isa_metadata (/opt/rocm/lib/asan/libamd_comgr.so.2+0x4042602) (BuildId: 8b5fd780bc803bcb3cfa6978d03b2c4e81704d73)
    #4 0x7fbd00e3e3f1  (/opt/rocm/lib/asan/libamdhip64.so.6+0xc473f1) (BuildId: 28bb193e97f94af7bf5f4ef84d3f5f691ccd0b57)
    #5 0x7fbd00e38953  (/opt/rocm/lib/asan/libamdhip64.so.6+0xc41953) (BuildId: 28bb193e97f94af7bf5f4ef84d3f5f691ccd0b57)
    #6 0x7fbd00e3640b  (/opt/rocm/lib/asan/libamdhip64.so.6+0xc3f40b) (BuildId: 28bb193e97f94af7bf5f4ef84d3f5f691ccd0b57)
    #7 0x7fbd00c5ffe8  (/opt/rocm/lib/asan/libamdhip64.so.6+0xa68fe8) (BuildId: 28bb193e97f94af7bf5f4ef84d3f5f691ccd0b57)
    #8 0x7fbcffc8a4de in __pthread_once_slow /build/glibc-BHL3KM/glibc-2.31/nptl/pthread_once.c:116:7

Indirect leak of 12 byte(s) in 3 object(s) allocated from:
    #0 0x7fbd02812d57 in operator new[](unsigned long) /long_pathname_so_that_rpms_can_package_the_debug_info/src/external/llvm-project/compiler-rt/lib/asan/asan_new_delete.cpp:98:3
    #1 0x7fbcf986d789  (/opt/rocm/lib/asan/libamd_comgr.so.2+0x40be789) (BuildId: 8b5fd780bc803bcb3cfa6978d03b2c4e81704d73)
    #2 0x7fbcf9860f91  (/opt/rocm/lib/asan/libamd_comgr.so.2+0x40b1f91) (BuildId: 8b5fd780bc803bcb3cfa6978d03b2c4e81704d73)
    #3 0x7fbcf97f1602 in amd_comgr_get_isa_metadata (/opt/rocm/lib/asan/libamd_comgr.so.2+0x4042602) (BuildId: 8b5fd780bc803bcb3cfa6978d03b2c4e81704d73)
    #4 0x7fbd00e3e3f1  (/opt/rocm/lib/asan/libamdhip64.so.6+0xc473f1) (BuildId: 28bb193e97f94af7bf5f4ef84d3f5f691ccd0b57)
    #5 0x7fbd00e38953  (/opt/rocm/lib/asan/libamdhip64.so.6+0xc41953) (BuildId: 28bb193e97f94af7bf5f4ef84d3f5f691ccd0b57)
    #6 0x7fbd00e3640b  (/opt/rocm/lib/asan/libamdhip64.so.6+0xc3f40b) (BuildId: 28bb193e97f94af7bf5f4ef84d3f5f691ccd0b57)
    #7 0x7fbd00c5ffe8  (/opt/rocm/lib/asan/libamdhip64.so.6+0xa68fe8) (BuildId: 28bb193e97f94af7bf5f4ef84d3f5f691ccd0b57)
    #8 0x7fbcffc8a4de in __pthread_once_slow /build/glibc-BHL3KM/glibc-2.31/nptl/pthread_once.c:116:7

Indirect leak of 12 byte(s) in 6 object(s) allocated from:
    #0 0x7fbd02812d57 in operator new[](unsigned long) /long_pathname_so_that_rpms_can_package_the_debug_info/src/external/llvm-project/compiler-rt/lib/asan/asan_new_delete.cpp:98:3
    #1 0x7fbcf986d789  (/opt/rocm/lib/asan/libamd_comgr.so.2+0x40be789) (BuildId: 8b5fd780bc803bcb3cfa6978d03b2c4e81704d73)
    #2 0x7fbcf9860768  (/opt/rocm/lib/asan/libamd_comgr.so.2+0x40b1768) (BuildId: 8b5fd780bc803bcb3cfa6978d03b2c4e81704d73)
    #3 0x7fbcf97f1602 in amd_comgr_get_isa_metadata (/opt/rocm/lib/asan/libamd_comgr.so.2+0x4042602) (BuildId: 8b5fd780bc803bcb3cfa6978d03b2c4e81704d73)
    #4 0x7fbd00e3e3f1  (/opt/rocm/lib/asan/libamdhip64.so.6+0xc473f1) (BuildId: 28bb193e97f94af7bf5f4ef84d3f5f691ccd0b57)
    #5 0x7fbd00e38953  (/opt/rocm/lib/asan/libamdhip64.so.6+0xc41953) (BuildId: 28bb193e97f94af7bf5f4ef84d3f5f691ccd0b57)
    #6 0x7fbd00e3640b  (/opt/rocm/lib/asan/libamdhip64.so.6+0xc3f40b) (BuildId: 28bb193e97f94af7bf5f4ef84d3f5f691ccd0b57)
    #7 0x7fbd00c5ffe8  (/opt/rocm/lib/asan/libamdhip64.so.6+0xa68fe8) (BuildId: 28bb193e97f94af7bf5f4ef84d3f5f691ccd0b57)
    #8 0x7fbcffc8a4de in __pthread_once_slow /build/glibc-BHL3KM/glibc-2.31/nptl/pthread_once.c:116:7

Indirect leak of 9 byte(s) in 3 object(s) allocated from:
    #0 0x7fbd02812d57 in operator new[](unsigned long) /long_pathname_so_that_rpms_can_package_the_debug_info/src/external/llvm-project/compiler-rt/lib/asan/asan_new_delete.cpp:98:3
    #1 0x7fbcf986d789  (/opt/rocm/lib/asan/libamd_comgr.so.2+0x40be789) (BuildId: 8b5fd780bc803bcb3cfa6978d03b2c4e81704d73)
    #2 0x7fbcf986012d  (/opt/rocm/lib/asan/libamd_comgr.so.2+0x40b112d) (BuildId: 8b5fd780bc803bcb3cfa6978d03b2c4e81704d73)
    #3 0x7fbcf97f1602 in amd_comgr_get_isa_metadata (/opt/rocm/lib/asan/libamd_comgr.so.2+0x4042602) (BuildId: 8b5fd780bc803bcb3cfa6978d03b2c4e81704d73)
    #4 0x7fbd00e3e3f1  (/opt/rocm/lib/asan/libamdhip64.so.6+0xc473f1) (BuildId: 28bb193e97f94af7bf5f4ef84d3f5f691ccd0b57)
    #5 0x7fbd00e38953  (/opt/rocm/lib/asan/libamdhip64.so.6+0xc41953) (BuildId: 28bb193e97f94af7bf5f4ef84d3f5f691ccd0b57)
    #6 0x7fbd00e3640b  (/opt/rocm/lib/asan/libamdhip64.so.6+0xc3f40b) (BuildId: 28bb193e97f94af7bf5f4ef84d3f5f691ccd0b57)
    #7 0x7fbd00c5ffe8  (/opt/rocm/lib/asan/libamdhip64.so.6+0xa68fe8) (BuildId: 28bb193e97f94af7bf5f4ef84d3f5f691ccd0b57)
    #8 0x7fbcffc8a4de in __pthread_once_slow /build/glibc-BHL3KM/glibc-2.31/nptl/pthread_once.c:116:7

Indirect leak of 9 byte(s) in 3 object(s) allocated from:
    #0 0x7fbd02812d57 in operator new[](unsigned long) /long_pathname_so_that_rpms_can_package_the_debug_info/src/external/llvm-project/compiler-rt/lib/asan/asan_new_delete.cpp:98:3
    #1 0x7fbcf986d789  (/opt/rocm/lib/asan/libamd_comgr.so.2+0x40be789) (BuildId: 8b5fd780bc803bcb3cfa6978d03b2c4e81704d73)
    #2 0x7fbcf98615ca  (/opt/rocm/lib/asan/libamd_comgr.so.2+0x40b25ca) (BuildId: 8b5fd780bc803bcb3cfa6978d03b2c4e81704d73)
    #3 0x7fbcf97f1602 in amd_comgr_get_isa_metadata (/opt/rocm/lib/asan/libamd_comgr.so.2+0x4042602) (BuildId: 8b5fd780bc803bcb3cfa6978d03b2c4e81704d73)
    #4 0x7fbd00e3e3f1  (/opt/rocm/lib/asan/libamdhip64.so.6+0xc473f1) (BuildId: 28bb193e97f94af7bf5f4ef84d3f5f691ccd0b57)
    #5 0x7fbd00e38953  (/opt/rocm/lib/asan/libamdhip64.so.6+0xc41953) (BuildId: 28bb193e97f94af7bf5f4ef84d3f5f691ccd0b57)
    #6 0x7fbd00e3640b  (/opt/rocm/lib/asan/libamdhip64.so.6+0xc3f40b) (BuildId: 28bb193e97f94af7bf5f4ef84d3f5f691ccd0b57)
    #7 0x7fbd00c5ffe8  (/opt/rocm/lib/asan/libamdhip64.so.6+0xa68fe8) (BuildId: 28bb193e97f94af7bf5f4ef84d3f5f691ccd0b57)
    #8 0x7fbcffc8a4de in __pthread_once_slow /build/glibc-BHL3KM/glibc-2.31/nptl/pthread_once.c:116:7

Indirect leak of 9 byte(s) in 3 object(s) allocated from:
    #0 0x7fbd02812d57 in operator new[](unsigned long) /long_pathname_so_that_rpms_can_package_the_debug_info/src/external/llvm-project/compiler-rt/lib/asan/asan_new_delete.cpp:98:3
    #1 0x7fbcf986d789  (/opt/rocm/lib/asan/libamd_comgr.so.2+0x40be789) (BuildId: 8b5fd780bc803bcb3cfa6978d03b2c4e81704d73)
    #2 0x7fbcf98614c1  (/opt/rocm/lib/asan/libamd_comgr.so.2+0x40b24c1) (BuildId: 8b5fd780bc803bcb3cfa6978d03b2c4e81704d73)
    #3 0x7fbcf97f1602 in amd_comgr_get_isa_metadata (/opt/rocm/lib/asan/libamd_comgr.so.2+0x4042602) (BuildId: 8b5fd780bc803bcb3cfa6978d03b2c4e81704d73)
    #4 0x7fbd00e3e3f1  (/opt/rocm/lib/asan/libamdhip64.so.6+0xc473f1) (BuildId: 28bb193e97f94af7bf5f4ef84d3f5f691ccd0b57)
    #5 0x7fbd00e38953  (/opt/rocm/lib/asan/libamdhip64.so.6+0xc41953) (BuildId: 28bb193e97f94af7bf5f4ef84d3f5f691ccd0b57)
    #6 0x7fbd00e3640b  (/opt/rocm/lib/asan/libamdhip64.so.6+0xc3f40b) (BuildId: 28bb193e97f94af7bf5f4ef84d3f5f691ccd0b57)
    #7 0x7fbd00c5ffe8  (/opt/rocm/lib/asan/libamdhip64.so.6+0xa68fe8) (BuildId: 28bb193e97f94af7bf5f4ef84d3f5f691ccd0b57)
    #8 0x7fbcffc8a4de in __pthread_once_slow /build/glibc-BHL3KM/glibc-2.31/nptl/pthread_once.c:116:7

Indirect leak of 9 byte(s) in 3 object(s) allocated from:
    #0 0x7fbd02812d57 in operator new[](unsigned long) /long_pathname_so_that_rpms_can_package_the_debug_info/src/external/llvm-project/compiler-rt/lib/asan/asan_new_delete.cpp:98:3
    #1 0x7fbcf986d789  (/opt/rocm/lib/asan/libamd_comgr.so.2+0x40be789) (BuildId: 8b5fd780bc803bcb3cfa6978d03b2c4e81704d73)
    #2 0x7fbcf986055f  (/opt/rocm/lib/asan/libamd_comgr.so.2+0x40b155f) (BuildId: 8b5fd780bc803bcb3cfa6978d03b2c4e81704d73)
    #3 0x7fbcf97f1602 in amd_comgr_get_isa_metadata (/opt/rocm/lib/asan/libamd_comgr.so.2+0x4042602) (BuildId: 8b5fd780bc803bcb3cfa6978d03b2c4e81704d73)
    #4 0x7fbd00e3e3f1  (/opt/rocm/lib/asan/libamdhip64.so.6+0xc473f1) (BuildId: 28bb193e97f94af7bf5f4ef84d3f5f691ccd0b57)
    #5 0x7fbd00e38953  (/opt/rocm/lib/asan/libamdhip64.so.6+0xc41953) (BuildId: 28bb193e97f94af7bf5f4ef84d3f5f691ccd0b57)
    #6 0x7fbd00e3640b  (/opt/rocm/lib/asan/libamdhip64.so.6+0xc3f40b) (BuildId: 28bb193e97f94af7bf5f4ef84d3f5f691ccd0b57)
    #7 0x7fbd00c5ffe8  (/opt/rocm/lib/asan/libamdhip64.so.6+0xa68fe8) (BuildId: 28bb193e97f94af7bf5f4ef84d3f5f691ccd0b57)
    #8 0x7fbcffc8a4de in __pthread_once_slow /build/glibc-BHL3KM/glibc-2.31/nptl/pthread_once.c:116:7

Indirect leak of 9 byte(s) in 3 object(s) allocated from:
    #0 0x7fbd02812d57 in operator new[](unsigned long) /long_pathname_so_that_rpms_can_package_the_debug_info/src/external/llvm-project/compiler-rt/lib/asan/asan_new_delete.cpp:98:3
    #1 0x7fbcf986d789  (/opt/rocm/lib/asan/libamd_comgr.so.2+0x40be789) (BuildId: 8b5fd780bc803bcb3cfa6978d03b2c4e81704d73)
    #2 0x7fbcf98612ad  (/opt/rocm/lib/asan/libamd_comgr.so.2+0x40b22ad) (BuildId: 8b5fd780bc803bcb3cfa6978d03b2c4e81704d73)
    #3 0x7fbcf97f1602 in amd_comgr_get_isa_metadata (/opt/rocm/lib/asan/libamd_comgr.so.2+0x4042602) (BuildId: 8b5fd780bc803bcb3cfa6978d03b2c4e81704d73)
    #4 0x7fbd00e3e3f1  (/opt/rocm/lib/asan/libamdhip64.so.6+0xc473f1) (BuildId: 28bb193e97f94af7bf5f4ef84d3f5f691ccd0b57)
    #5 0x7fbd00e38953  (/opt/rocm/lib/asan/libamdhip64.so.6+0xc41953) (BuildId: 28bb193e97f94af7bf5f4ef84d3f5f691ccd0b57)
    #6 0x7fbd00e3640b  (/opt/rocm/lib/asan/libamdhip64.so.6+0xc3f40b) (BuildId: 28bb193e97f94af7bf5f4ef84d3f5f691ccd0b57)
    #7 0x7fbd00c5ffe8  (/opt/rocm/lib/asan/libamdhip64.so.6+0xa68fe8) (BuildId: 28bb193e97f94af7bf5f4ef84d3f5f691ccd0b57)
    #8 0x7fbcffc8a4de in __pthread_once_slow /build/glibc-BHL3KM/glibc-2.31/nptl/pthread_once.c:116:7

Indirect leak of 9 byte(s) in 3 object(s) allocated from:
    #0 0x7fbd02812d57 in operator new[](unsigned long) /long_pathname_so_that_rpms_can_package_the_debug_info/src/external/llvm-project/compiler-rt/lib/asan/asan_new_delete.cpp:98:3
    #1 0x7fbcf986d789  (/opt/rocm/lib/asan/libamd_comgr.so.2+0x40be789) (BuildId: 8b5fd780bc803bcb3cfa6978d03b2c4e81704d73)
    #2 0x7fbcf98611a2  (/opt/rocm/lib/asan/libamd_comgr.so.2+0x40b21a2) (BuildId: 8b5fd780bc803bcb3cfa6978d03b2c4e81704d73)
    #3 0x7fbcf97f1602 in amd_comgr_get_isa_metadata (/opt/rocm/lib/asan/libamd_comgr.so.2+0x4042602) (BuildId: 8b5fd780bc803bcb3cfa6978d03b2c4e81704d73)
    #4 0x7fbd00e3e3f1  (/opt/rocm/lib/asan/libamdhip64.so.6+0xc473f1) (BuildId: 28bb193e97f94af7bf5f4ef84d3f5f691ccd0b57)
    #5 0x7fbd00e38953  (/opt/rocm/lib/asan/libamdhip64.so.6+0xc41953) (BuildId: 28bb193e97f94af7bf5f4ef84d3f5f691ccd0b57)
    #6 0x7fbd00e3640b  (/opt/rocm/lib/asan/libamdhip64.so.6+0xc3f40b) (BuildId: 28bb193e97f94af7bf5f4ef84d3f5f691ccd0b57)
    #7 0x7fbd00c5ffe8  (/opt/rocm/lib/asan/libamdhip64.so.6+0xa68fe8) (BuildId: 28bb193e97f94af7bf5f4ef84d3f5f691ccd0b57)
    #8 0x7fbcffc8a4de in __pthread_once_slow /build/glibc-BHL3KM/glibc-2.31/nptl/pthread_once.c:116:7

Indirect leak of 9 byte(s) in 3 object(s) allocated from:
    #0 0x7fbd02812d57 in operator new[](unsigned long) /long_pathname_so_that_rpms_can_package_the_debug_info/src/external/llvm-project/compiler-rt/lib/asan/asan_new_delete.cpp:98:3
    #1 0x7fbcf986d789  (/opt/rocm/lib/asan/libamd_comgr.so.2+0x40be789) (BuildId: 8b5fd780bc803bcb3cfa6978d03b2c4e81704d73)
    #2 0x7fbcf98604b0  (/opt/rocm/lib/asan/libamd_comgr.so.2+0x40b14b0) (BuildId: 8b5fd780bc803bcb3cfa6978d03b2c4e81704d73)
    #3 0x7fbcf97f1602 in amd_comgr_get_isa_metadata (/opt/rocm/lib/asan/libamd_comgr.so.2+0x4042602) (BuildId: 8b5fd780bc803bcb3cfa6978d03b2c4e81704d73)
    #4 0x7fbd00e3e3f1  (/opt/rocm/lib/asan/libamdhip64.so.6+0xc473f1) (BuildId: 28bb193e97f94af7bf5f4ef84d3f5f691ccd0b57)
    #5 0x7fbd00e38953  (/opt/rocm/lib/asan/libamdhip64.so.6+0xc41953) (BuildId: 28bb193e97f94af7bf5f4ef84d3f5f691ccd0b57)
    #6 0x7fbd00e3640b  (/opt/rocm/lib/asan/libamdhip64.so.6+0xc3f40b) (BuildId: 28bb193e97f94af7bf5f4ef84d3f5f691ccd0b57)
    #7 0x7fbd00c5ffe8  (/opt/rocm/lib/asan/libamdhip64.so.6+0xa68fe8) (BuildId: 28bb193e97f94af7bf5f4ef84d3f5f691ccd0b57)
    #8 0x7fbcffc8a4de in __pthread_once_slow /build/glibc-BHL3KM/glibc-2.31/nptl/pthread_once.c:116:7

Indirect leak of 6 byte(s) in 3 object(s) allocated from:
    #0 0x7fbd02812d57 in operator new[](unsigned long) /long_pathname_so_that_rpms_can_package_the_debug_info/src/external/llvm-project/compiler-rt/lib/asan/asan_new_delete.cpp:98:3
    #1 0x7fbcf986d789  (/opt/rocm/lib/asan/libamd_comgr.so.2+0x40be789) (BuildId: 8b5fd780bc803bcb3cfa6978d03b2c4e81704d73)
    #2 0x7fbcf9860e88  (/opt/rocm/lib/asan/libamd_comgr.so.2+0x40b1e88) (BuildId: 8b5fd780bc803bcb3cfa6978d03b2c4e81704d73)
    #3 0x7fbcf97f1602 in amd_comgr_get_isa_metadata (/opt/rocm/lib/asan/libamd_comgr.so.2+0x4042602) (BuildId: 8b5fd780bc803bcb3cfa6978d03b2c4e81704d73)
    #4 0x7fbd00e3e3f1  (/opt/rocm/lib/asan/libamdhip64.so.6+0xc473f1) (BuildId: 28bb193e97f94af7bf5f4ef84d3f5f691ccd0b57)
    #5 0x7fbd00e38953  (/opt/rocm/lib/asan/libamdhip64.so.6+0xc41953) (BuildId: 28bb193e97f94af7bf5f4ef84d3f5f691ccd0b57)
    #6 0x7fbd00e3640b  (/opt/rocm/lib/asan/libamdhip64.so.6+0xc3f40b) (BuildId: 28bb193e97f94af7bf5f4ef84d3f5f691ccd0b57)
    #7 0x7fbd00c5ffe8  (/opt/rocm/lib/asan/libamdhip64.so.6+0xa68fe8) (BuildId: 28bb193e97f94af7bf5f4ef84d3f5f691ccd0b57)
    #8 0x7fbcffc8a4de in __pthread_once_slow /build/glibc-BHL3KM/glibc-2.31/nptl/pthread_once.c:116:7

Indirect leak of 6 byte(s) in 3 object(s) allocated from:
    #0 0x7fbd02812d57 in operator new[](unsigned long) /long_pathname_so_that_rpms_can_package_the_debug_info/src/external/llvm-project/compiler-rt/lib/asan/asan_new_delete.cpp:98:3
    #1 0x7fbcf986d789  (/opt/rocm/lib/asan/libamd_comgr.so.2+0x40be789) (BuildId: 8b5fd780bc803bcb3cfa6978d03b2c4e81704d73)
    #2 0x7fbcf98616d5  (/opt/rocm/lib/asan/libamd_comgr.so.2+0x40b26d5) (BuildId: 8b5fd780bc803bcb3cfa6978d03b2c4e81704d73)
    #3 0x7fbcf97f1602 in amd_comgr_get_isa_metadata (/opt/rocm/lib/asan/libamd_comgr.so.2+0x4042602) (BuildId: 8b5fd780bc803bcb3cfa6978d03b2c4e81704d73)
    #4 0x7fbd00e3e3f1  (/opt/rocm/lib/asan/libamdhip64.so.6+0xc473f1) (BuildId: 28bb193e97f94af7bf5f4ef84d3f5f691ccd0b57)
    #5 0x7fbd00e38953  (/opt/rocm/lib/asan/libamdhip64.so.6+0xc41953) (BuildId: 28bb193e97f94af7bf5f4ef84d3f5f691ccd0b57)
    #6 0x7fbd00e3640b  (/opt/rocm/lib/asan/libamdhip64.so.6+0xc3f40b) (BuildId: 28bb193e97f94af7bf5f4ef84d3f5f691ccd0b57)
    #7 0x7fbd00c5ffe8  (/opt/rocm/lib/asan/libamdhip64.so.6+0xa68fe8) (BuildId: 28bb193e97f94af7bf5f4ef84d3f5f691ccd0b57)
    #8 0x7fbcffc8a4de in __pthread_once_slow /build/glibc-BHL3KM/glibc-2.31/nptl/pthread_once.c:116:7

Indirect leak of 6 byte(s) in 3 object(s) allocated from:
    #0 0x7fbd02812d57 in operator new[](unsigned long) /long_pathname_so_that_rpms_can_package_the_debug_info/src/external/llvm-project/compiler-rt/lib/asan/asan_new_delete.cpp:98:3
    #1 0x7fbcf986d789  (/opt/rocm/lib/asan/libamd_comgr.so.2+0x40be789) (BuildId: 8b5fd780bc803bcb3cfa6978d03b2c4e81704d73)
    #2 0x7fbcf9861099  (/opt/rocm/lib/asan/libamd_comgr.so.2+0x40b2099) (BuildId: 8b5fd780bc803bcb3cfa6978d03b2c4e81704d73)
    #3 0x7fbcf97f1602 in amd_comgr_get_isa_metadata (/opt/rocm/lib/asan/libamd_comgr.so.2+0x4042602) (BuildId: 8b5fd780bc803bcb3cfa6978d03b2c4e81704d73)
    #4 0x7fbd00e3e3f1  (/opt/rocm/lib/asan/libamdhip64.so.6+0xc473f1) (BuildId: 28bb193e97f94af7bf5f4ef84d3f5f691ccd0b57)
    #5 0x7fbd00e38953  (/opt/rocm/lib/asan/libamdhip64.so.6+0xc41953) (BuildId: 28bb193e97f94af7bf5f4ef84d3f5f691ccd0b57)
    #6 0x7fbd00e3640b  (/opt/rocm/lib/asan/libamdhip64.so.6+0xc3f40b) (BuildId: 28bb193e97f94af7bf5f4ef84d3f5f691ccd0b57)
    #7 0x7fbd00c5ffe8  (/opt/rocm/lib/asan/libamdhip64.so.6+0xa68fe8) (BuildId: 28bb193e97f94af7bf5f4ef84d3f5f691ccd0b57)
    #8 0x7fbcffc8a4de in __pthread_once_slow /build/glibc-BHL3KM/glibc-2.31/nptl/pthread_once.c:116:7

Indirect leak of 3 byte(s) in 3 object(s) allocated from:
    #0 0x7fbd02812d57 in operator new[](unsigned long) /long_pathname_so_that_rpms_can_package_the_debug_info/src/external/llvm-project/compiler-rt/lib/asan/asan_new_delete.cpp:98:3
    #1 0x7fbcf986d789  (/opt/rocm/lib/asan/libamd_comgr.so.2+0x40be789) (BuildId: 8b5fd780bc803bcb3cfa6978d03b2c4e81704d73)
    #2 0x7fbcf9860d81  (/opt/rocm/lib/asan/libamd_comgr.so.2+0x40b1d81) (BuildId: 8b5fd780bc803bcb3cfa6978d03b2c4e81704d73)
    #3 0x7fbcf97f1602 in amd_comgr_get_isa_metadata (/opt/rocm/lib/asan/libamd_comgr.so.2+0x4042602) (BuildId: 8b5fd780bc803bcb3cfa6978d03b2c4e81704d73)
    #4 0x7fbd00e3e3f1  (/opt/rocm/lib/asan/libamdhip64.so.6+0xc473f1) (BuildId: 28bb193e97f94af7bf5f4ef84d3f5f691ccd0b57)
    #5 0x7fbd00e38953  (/opt/rocm/lib/asan/libamdhip64.so.6+0xc41953) (BuildId: 28bb193e97f94af7bf5f4ef84d3f5f691ccd0b57)
    #6 0x7fbd00e3640b  (/opt/rocm/lib/asan/libamdhip64.so.6+0xc3f40b) (BuildId: 28bb193e97f94af7bf5f4ef84d3f5f691ccd0b57)
    #7 0x7fbd00c5ffe8  (/opt/rocm/lib/asan/libamdhip64.so.6+0xa68fe8) (BuildId: 28bb193e97f94af7bf5f4ef84d3f5f691ccd0b57)
    #8 0x7fbcffc8a4de in __pthread_once_slow /build/glibc-BHL3KM/glibc-2.31/nptl/pthread_once.c:116:7

Indirect leak of 3 byte(s) in 3 object(s) allocated from:
    #0 0x7fbd02812d57 in operator new[](unsigned long) /long_pathname_so_that_rpms_can_package_the_debug_info/src/external/llvm-project/compiler-rt/lib/asan/asan_new_delete.cpp:98:3
    #1 0x7fbcf986d789  (/opt/rocm/lib/asan/libamd_comgr.so.2+0x40be789) (BuildId: 8b5fd780bc803bcb3cfa6978d03b2c4e81704d73)
    #2 0x7fbcf98613b9  (/opt/rocm/lib/asan/libamd_comgr.so.2+0x40b23b9) (BuildId: 8b5fd780bc803bcb3cfa6978d03b2c4e81704d73)
    #3 0x7fbcf97f1602 in amd_comgr_get_isa_metadata (/opt/rocm/lib/asan/libamd_comgr.so.2+0x4042602) (BuildId: 8b5fd780bc803bcb3cfa6978d03b2c4e81704d73)
    #4 0x7fbd00e3e3f1  (/opt/rocm/lib/asan/libamdhip64.so.6+0xc473f1) (BuildId: 28bb193e97f94af7bf5f4ef84d3f5f691ccd0b57)
    #5 0x7fbd00e38953  (/opt/rocm/lib/asan/libamdhip64.so.6+0xc41953) (BuildId: 28bb193e97f94af7bf5f4ef84d3f5f691ccd0b57)
    #6 0x7fbd00e3640b  (/opt/rocm/lib/asan/libamdhip64.so.6+0xc3f40b) (BuildId: 28bb193e97f94af7bf5f4ef84d3f5f691ccd0b57)
    #7 0x7fbd00c5ffe8  (/opt/rocm/lib/asan/libamdhip64.so.6+0xa68fe8) (BuildId: 28bb193e97f94af7bf5f4ef84d3f5f691ccd0b57)
    #8 0x7fbcffc8a4de in __pthread_once_slow /build/glibc-BHL3KM/glibc-2.31/nptl/pthread_once.c:116:7

Indirect leak of 3 byte(s) in 3 object(s) allocated from:
    #0 0x7fbd02812d57 in operator new[](unsigned long) /long_pathname_so_that_rpms_can_package_the_debug_info/src/external/llvm-project/compiler-rt/lib/asan/asan_new_delete.cpp:98:3
    #1 0x7fbcf986d789  (/opt/rocm/lib/asan/libamd_comgr.so.2+0x40be789) (BuildId: 8b5fd780bc803bcb3cfa6978d03b2c4e81704d73)
    #2 0x7fbcf9860b6e  (/opt/rocm/lib/asan/libamd_comgr.so.2+0x40b1b6e) (BuildId: 8b5fd780bc803bcb3cfa6978d03b2c4e81704d73)
    #3 0x7fbcf97f1602 in amd_comgr_get_isa_metadata (/opt/rocm/lib/asan/libamd_comgr.so.2+0x4042602) (BuildId: 8b5fd780bc803bcb3cfa6978d03b2c4e81704d73)
    #4 0x7fbd00e3e3f1  (/opt/rocm/lib/asan/libamdhip64.so.6+0xc473f1) (BuildId: 28bb193e97f94af7bf5f4ef84d3f5f691ccd0b57)
    #5 0x7fbd00e38953  (/opt/rocm/lib/asan/libamdhip64.so.6+0xc41953) (BuildId: 28bb193e97f94af7bf5f4ef84d3f5f691ccd0b57)
    #6 0x7fbd00e3640b  (/opt/rocm/lib/asan/libamdhip64.so.6+0xc3f40b) (BuildId: 28bb193e97f94af7bf5f4ef84d3f5f691ccd0b57)
    #7 0x7fbd00c5ffe8  (/opt/rocm/lib/asan/libamdhip64.so.6+0xa68fe8) (BuildId: 28bb193e97f94af7bf5f4ef84d3f5f691ccd0b57)
    #8 0x7fbcffc8a4de in __pthread_once_slow /build/glibc-BHL3KM/glibc-2.31/nptl/pthread_once.c:116:7

Indirect leak of 3 byte(s) in 3 object(s) allocated from:
    #0 0x7fbd02812d57 in operator new[](unsigned long) /long_pathname_so_that_rpms_can_package_the_debug_info/src/external/llvm-project/compiler-rt/lib/asan/asan_new_delete.cpp:98:3
    #1 0x7fbcf986d789  (/opt/rocm/lib/asan/libamd_comgr.so.2+0x40be789) (BuildId: 8b5fd780bc803bcb3cfa6978d03b2c4e81704d73)
    #2 0x7fbcf986028b  (/opt/rocm/lib/asan/libamd_comgr.so.2+0x40b128b) (BuildId: 8b5fd780bc803bcb3cfa6978d03b2c4e81704d73)
    #3 0x7fbcf97f1602 in amd_comgr_get_isa_metadata (/opt/rocm/lib/asan/libamd_comgr.so.2+0x4042602) (BuildId: 8b5fd780bc803bcb3cfa6978d03b2c4e81704d73)
    #4 0x7fbd00e3e3f1  (/opt/rocm/lib/asan/libamdhip64.so.6+0xc473f1) (BuildId: 28bb193e97f94af7bf5f4ef84d3f5f691ccd0b57)
    #5 0x7fbd00e38953  (/opt/rocm/lib/asan/libamdhip64.so.6+0xc41953) (BuildId: 28bb193e97f94af7bf5f4ef84d3f5f691ccd0b57)
    #6 0x7fbd00e3640b  (/opt/rocm/lib/asan/libamdhip64.so.6+0xc3f40b) (BuildId: 28bb193e97f94af7bf5f4ef84d3f5f691ccd0b57)
    #7 0x7fbd00c5ffe8  (/opt/rocm/lib/asan/libamdhip64.so.6+0xa68fe8) (BuildId: 28bb193e97f94af7bf5f4ef84d3f5f691ccd0b57)
    #8 0x7fbcffc8a4de in __pthread_once_slow /build/glibc-BHL3KM/glibc-2.31/nptl/pthread_once.c:116:7

SUMMARY: AddressSanitizer: 16900 byte(s) leaked in 264 allocation(s).
	linux-vdso.so.1 (0x00007ffff90ff000)
	libclang_rt.asan-x86_64.so => /opt/rocm/llvm/lib/clang/17.0.0/lib/linux/libclang_rt.asan-x86_64.so (0x00007f6157a6f000)
	libamdhip64.so.6 => /opt/rocm/lib/asan/libamdhip64.so.6 (0x00007f61555ad000)
	libstdc++.so.6 => /lib/x86_64-linux-gnu/libstdc++.so.6 (0x00007f61553b6000)
	libm.so.6 => /lib/x86_64-linux-gnu/libm.so.6 (0x00007f6155267000)
	libgcc_s.so.1 => /lib/x86_64-linux-gnu/libgcc_s.so.1 (0x00007f615524c000)
	libc.so.6 => /lib/x86_64-linux-gnu/libc.so.6 (0x00007f6155058000)
	libdl.so.2 => /lib/x86_64-linux-gnu/libdl.so.2 (0x00007f6155052000)
	libpthread.so.0 => /lib/x86_64-linux-gnu/libpthread.so.0 (0x00007f615502f000)
	librt.so.1 => /lib/x86_64-linux-gnu/librt.so.1 (0x00007f6155025000)
	libamd_comgr.so.2 => /opt/rocm/lib/asan/libamd_comgr.so.2 (0x00007f614ab65000)
	libhsa-runtime64.so.1 => /opt/rocm/lib/asan/libhsa-runtime64.so.1 (0x00007f614a60b000)
	libnuma.so.1 => /lib/x86_64-linux-gnu/libnuma.so.1 (0x00007f614a5fc000)
	/lib64/ld-linux-x86-64.so.2 (0x00007f61585e0000)
	libz.so.1 => /lib/x86_64-linux-gnu/libz.so.1 (0x00007f614a5e0000)
	libtinfo.so.6 => /lib/x86_64-linux-gnu/libtinfo.so.6 (0x00007f614a5b0000)
	libelf.so.1 => /lib/x86_64-linux-gnu/libelf.so.1 (0x00007f614a594000)
	libdrm.so.2 => /opt/amdgpu/lib/x86_64-linux-gnu/libdrm.so.2 (0x00007f614a57b000)
	libdrm_amdgpu.so.1 => /opt/amdgpu/lib/x86_64-linux-gnu/libdrm_amdgpu.so.1 (0x00007f614a56b000)
