==== 0_Intro/bit_extract ====
============0_Intro/module_api=============
================0_Intro/module_api_global===============
================0_Intro/square=============
=============1_Utils/hipDispatchLatency
=============1_Utils/hipInfo========
=============2_Cookbook/0_MatrixTranspose=============
=============2_Cookbook/1_hipEvent==============
===================2_Cookbook/7_streams================
=================2_Cookbook/8_peer2peer================
=====================2_Cookbook/9_unroll===============
=====================2_Cookbook/10_inline_asm============
===================2_Cookbook/11_texture_driver===============
==============2_Cookbook/12_cmake_hip_add_executable=================
================2_Cookbook/13_occupancy==============
================2_Cookbook/14_gpu_arch, Applicable for gfx908 only===================
====================2_Cookbook/15_static_library/device_functions==============
==================2_Cookbook/15_static_library/host_functions=============
===================2_Cookbook/16_assembly_to_executable====================
==============================2_Cookbook/17_llvm_ir_to_executable=============
=======================2_Cookbook/18_cmake_hip_device================
===================2_Cookbook/19_cmake_lang, need cmake >3.18===============
===================2_Cookbook/20_hip_vulkan,need VULKAN_PATH===============
=================2_Cookbook/21_cmake_hip_cxx_clang, need cmake >3.21===============
==================2_Cookbook/22_cmake_hip_lang, need cmake >3.21=======================
=================2_Cookbook/23_cmake_hiprtc===========
